#
# There is insufficient memory for the Java Runtime Environment to continue.
# Native memory allocation (malloc) failed to allocate 218256 bytes for Chunk::new
# Possible reasons:
#   The system is out of physical RAM or swap space
#   In 32 bit mode, the process size limit was hit
# Possible solutions:
#   Reduce memory load on the system
#   Increase physical memory or swap space
#   Check if swap backing store is full
#   Use 64 bit Java on a 64 bit OS
#   Decrease Java heap size (-Xmx/-Xms)
#   Decrease number of Java threads
#   Decrease Java thread stack sizes (-Xss)
#   Set larger code cache with -XX:ReservedCodeCacheSize=
# This output file may be truncated or incomplete.
#
#  Out of Memory Error (allocation.cpp:390), pid=10872, tid=0x00000000000009ac
#
# JRE version: OpenJDK Runtime Environment (8.0_152-b01) (build 1.8.0_152-release-1343-b01)
# Java VM: OpenJDK 64-Bit Server VM (25.152-b01 mixed mode windows-amd64 compressed oops)
# Failed to write core dump. Minidumps are not enabled by default on client versions of Windows
#

---------------  T H R E A D  ---------------

Current thread (0x0000000015b92000):  JavaThread "C2 CompilerThread1" daemon [_thread_in_native, id=2476, stack(0x00000000172f0000,0x00000000173f0000)]

Stack: [0x00000000172f0000,0x00000000173f0000]
[error occurred during error reporting (printing stack bounds), id 0xc0000005]

Native frames: (J=compiled Java code, j=interpreted, Vv=VM code, C=native code)


Current CompileTask:
C2:  39169 11178       4       org.objectweb.asm.Frame::execute (2273 bytes)


---------------  P R O C E S S  ---------------

Java Threads: ( => current thread )
  0x000000001ac74000 JavaThread "ForkJoinPool.commonPool-worker-3" daemon [_thread_in_native, id=7552, stack(0x0000000024360000,0x0000000024460000)]
  0x000000001ac73800 JavaThread "ForkJoinPool.commonPool-worker-2" daemon [_thread_in_native, id=6664, stack(0x0000000024260000,0x0000000024360000)]
  0x000000001ac75000 JavaThread "stdout" daemon [_thread_in_native, id=1936, stack(0x0000000023d60000,0x0000000023e60000)]
  0x000000001ac72800 JavaThread "stderr" daemon [_thread_in_native, id=1820, stack(0x0000000023c60000,0x0000000023d60000)]
  0x000000001ac77000 JavaThread "pool-2-thread-1" [_thread_blocked, id=9292, stack(0x0000000023a40000,0x0000000023b40000)]
  0x000000001ac79800 JavaThread "ForkJoinPool.commonPool-worker-1" daemon [_thread_in_native, id=2328, stack(0x0000000023940000,0x0000000023a40000)]
  0x000000001acd7000 JavaThread "Cache worker for Java compile cache (C:\Users\Diackson Marques\Desktop\BelezaOnline_2\.gradle\5.1.1\javaCompile)" [_thread_blocked, id=9184, stack(0x0000000023240000,0x0000000023340000)]
  0x000000001acd9800 JavaThread "Cache worker for Java compile cache (C:\Users\Diackson Marques\.gradle\caches\5.1.1\javaCompile)" [_thread_blocked, id=4240, stack(0x0000000023140000,0x0000000023240000)]
  0x000000001acd8000 JavaThread "Cache worker for execution history cache (C:\Users\Diackson Marques\Desktop\BelezaOnline_2\.gradle\5.1.1\executionHistory)" [_thread_blocked, id=2296, stack(0x0000000023040000,0x0000000023140000)]
  0x000000001acd5800 JavaThread "Execution worker for ':' Thread 3" [_thread_blocked, id=9912, stack(0x0000000022d40000,0x0000000022e40000)]
  0x000000001acd6800 JavaThread "Execution worker for ':' Thread 2" [_thread_blocked, id=832, stack(0x0000000022c40000,0x0000000022d40000)]
  0x000000001acd8800 JavaThread "Execution worker for ':'" [_thread_blocked, id=1996, stack(0x0000000022b40000,0x0000000022c40000)]
  0x000000001acce000 JavaThread "Cache worker for file content cache (C:\Users\Diackson Marques\Desktop\BelezaOnline_2\.gradle\5.1.1\fileContent)" [_thread_blocked, id=4192, stack(0x0000000022a40000,0x0000000022b40000)]
  0x000000001acd5000 JavaThread "Cache worker for file content cache (C:\Users\Diackson Marques\.gradle\caches\5.1.1\fileContent)" [_thread_blocked, id=604, stack(0x0000000022940000,0x0000000022a40000)]
  0x000000001accf000 JavaThread "Memory manager" [_thread_blocked, id=10476, stack(0x0000000022640000,0x0000000022740000)]
  0x000000001accf800 JavaThread "Cache worker for Build Output Cleanup Cache (C:\Users\Diackson Marques\Desktop\BelezaOnline_2\.gradle\buildOutputCleanup)" [_thread_blocked, id=7628, stack(0x000000001fd50000,0x000000001fe50000)]
  0x000000001acd4000 JavaThread "Build operations Thread 4" [_thread_blocked, id=9020, stack(0x0000000020170000,0x0000000020270000)]
  0x000000001acd1000 JavaThread "Build operations Thread 3" [_thread_blocked, id=11184, stack(0x0000000020070000,0x0000000020170000)]
  0x000000001acd2000 JavaThread "Build operations Thread 2" [_thread_blocked, id=9356, stack(0x000000001ff70000,0x0000000020070000)]
  0x000000001927d800 JavaThread "Build operations" [_thread_blocked, id=9280, stack(0x000000001fe70000,0x000000001ff70000)]
  0x000000001927d000 JavaThread "Cache worker for execution history cache (C:\Users\Diackson Marques\.gradle\caches\5.1.1\executionHistory)" [_thread_blocked, id=4444, stack(0x000000001f3e0000,0x000000001f4e0000)]
  0x0000000019279800 JavaThread "Cache worker for cache directory md-rule (C:\Users\Diackson Marques\.gradle\caches\5.1.1\md-rule)" [_thread_blocked, id=10784, stack(0x000000001f2e0000,0x000000001f3e0000)]
  0x000000001927c000 JavaThread "Cache worker for cache directory md-supplier (C:\Users\Diackson Marques\.gradle\caches\5.1.1\md-supplier)" [_thread_blocked, id=8572, stack(0x000000001f1e0000,0x000000001f2e0000)]
  0x0000000019277800 JavaThread "Cache worker for file hash cache (C:\Users\Diackson Marques\Desktop\BelezaOnline_2\.gradle\5.1.1\fileHashes)" [_thread_blocked, id=7088, stack(0x000000001c900000,0x000000001ca00000)]
  0x0000000019276800 JavaThread "Cache worker for journal cache (C:\Users\Diackson Marques\.gradle\caches\journal-1)" [_thread_blocked, id=5884, stack(0x000000001b630000,0x000000001b730000)]
  0x0000000019271000 JavaThread "File lock request listener" [_thread_in_native, id=10632, stack(0x000000001b530000,0x000000001b630000)]
  0x0000000019270000 JavaThread "Cache worker for file hash cache (C:\Users\Diackson Marques\.gradle\caches\5.1.1\fileHashes)" [_thread_blocked, id=10616, stack(0x000000001b430000,0x000000001b530000)]
  0x0000000018eae000 JavaThread "Thread-8" [_thread_blocked, id=4248, stack(0x000000001a360000,0x000000001a460000)]
  0x0000000018ecc000 JavaThread "Stdin handler" [_thread_blocked, id=5520, stack(0x000000001a260000,0x000000001a360000)]
  0x0000000018ea9800 JavaThread "Asynchronous log dispatcher for DefaultDaemonConnection: socket connection from /127.0.0.1:54380 to /127.0.0.1:54381" [_thread_blocked, id=5648, stack(0x000000001a160000,0x000000001a260000)]
  0x0000000018c56000 JavaThread "Daemon worker" [_thread_blocked, id=7192, stack(0x000000001a060000,0x000000001a160000)]
  0x0000000018c55000 JavaThread "Cancel handler" [_thread_blocked, id=3160, stack(0x0000000019f60000,0x000000001a060000)]
  0x0000000018a35000 JavaThread "Handler for socket connection from /127.0.0.1:54380 to /127.0.0.1:54381" [_thread_in_native, id=6004, stack(0x0000000019c60000,0x0000000019d60000)]
  0x0000000018bab800 JavaThread "Daemon" [_thread_blocked, id=828, stack(0x0000000019b60000,0x0000000019c60000)]
  0x0000000018294800 JavaThread "Daemon periodic checks" [_thread_blocked, id=9620, stack(0x0000000019a60000,0x0000000019b60000)]
  0x0000000018db8000 JavaThread "Incoming local TCP Connector on port 54380" [_thread_in_native, id=6172, stack(0x0000000019800000,0x0000000019900000)]
  0x0000000015bee800 JavaThread "Service Thread" daemon [_thread_blocked, id=2636, stack(0x00000000178f0000,0x00000000179f0000)]
  0x0000000015b9b800 JavaThread "C1 CompilerThread2" daemon [_thread_in_native, id=5860, stack(0x00000000173f0000,0x00000000174f0000)]
=>0x0000000015b92000 JavaThread "C2 CompilerThread1" daemon [_thread_in_native, id=2476, stack(0x00000000172f0000,0x00000000173f0000)]
  0x0000000015b8f000 JavaThread "C2 CompilerThread0" daemon [_thread_in_native, id=5760, stack(0x00000000171f0000,0x00000000172f0000)]
  0x0000000015b8e000 JavaThread "Attach Listener" daemon [_thread_blocked, id=10768, stack(0x00000000170f0000,0x00000000171f0000)]
  0x0000000015b8a800 JavaThread "Signal Dispatcher" daemon [_thread_blocked, id=5724, stack(0x0000000016ff0000,0x00000000170f0000)]
  0x000000000221c000 JavaThread "Finalizer" daemon [_thread_blocked, id=5016, stack(0x0000000016de0000,0x0000000016ee0000)]
  0x0000000015b58000 JavaThread "Reference Handler" daemon [_thread_blocked, id=5976, stack(0x0000000016ce0000,0x0000000016de0000)]
  0x000000000066e800 JavaThread "main" [_thread_blocked, id=11044, stack(0x0000000002020000,0x0000000002120000)]

Other Threads:
  0x0000000015b56000 VMThread [stack: 0x0000000016be0000,0x0000000016ce0000] [id=2364]
  0x0000000017510800 WatcherThread [stack: 0x00000000179f0000,0x0000000017af0000] [id=10428]

VM state:not at safepoint (normal execution)

VM Mutex/Monitor currently owned by a thread: None

Heap:
 PSYoungGen      total 260096K, used 160148K [0x00000000e0000000, 0x00000000f1300000, 0x0000000100000000)
  eden space 244736K, 61% used [0x00000000e0000000,0x00000000e928ffc8,0x00000000eef00000)
  from space 15360K, 65% used [0x00000000f0400000,0x00000000f0dd5078,0x00000000f1300000)
  to   space 18432K, 0% used [0x00000000eef00000,0x00000000eef00000,0x00000000f0100000)
 ParOldGen       total 82944K, used 46675K [0x00000000a0000000, 0x00000000a5100000, 0x00000000e0000000)
  object space 82944K, 56% used [0x00000000a0000000,0x00000000a2d94d60,0x00000000a5100000)
 Metaspace       used 71473K, capacity 73754K, committed 73880K, reserved 1114112K
  class space    used 9361K, capacity 9843K, committed 9904K, reserved 1048576K

Card table byte_map: [0x00000000115e0000,0x00000000118f0000] byte_map_base: 0x00000000110e0000

Marking Bits: (ParMarkBitMap*) 0x0000000074c25aa0
 Begin Bits: [0x0000000011ef0000, 0x00000000136f0000)
 End Bits:   [0x00000000136f0000, 0x0000000014ef0000)

Polling page: 0x0000000000610000

CodeCache: size=245760Kb used=31759Kb max_used=31759Kb free=214001Kb
 bounds [0x0000000002220000, 0x0000000004150000, 0x0000000011220000]
 total_blobs=10336 nmethods=9499 adapters=749
 compilation: enabled

Compilation events (10 events):
Event: 39.108 Thread 0x0000000015b9b800 11352       2       com.android.build.gradle.internal.incremental.IncrementalSupportVisitor$$Lambda$449/48259213::apply (20 bytes)
Event: 39.108 Thread 0x0000000015b9b800 nmethod 11352 0x00000000041363d0 code [0x0000000004136540, 0x0000000004136708]
Event: 39.114 Thread 0x0000000015b9b800 11355 %     3       org.objectweb.asm.MethodWriter::visitMaxs @ 298 (1150 bytes)
Event: 39.119 Thread 0x0000000015b9b800 nmethod 11355% 0x0000000004136810 code [0x0000000004136c20, 0x0000000004138f88]
Event: 39.125 Thread 0x0000000015b9b800 11356       2       java.util.zip.ZipUtils::unixTimeToFileTime (8 bytes)
Event: 39.125 Thread 0x0000000015b9b800 nmethod 11356 0x000000000413a910 code [0x000000000413aa60, 0x000000000413ac10]
Event: 39.134 Thread 0x0000000015b9b800 11357       2       org.objectweb.asm.ClassVisitor::visitInnerClass (20 bytes)
Event: 39.135 Thread 0x0000000015b9b800 nmethod 11357 0x000000000413acd0 code [0x000000000413ae40, 0x000000000413afc8]
Event: 39.135 Thread 0x0000000015b9b800 11358       2       com.google.common.collect.ObjectArrays::checkElementsNotNull (7 bytes)
Event: 39.136 Thread 0x0000000015b9b800 nmethod 11358 0x000000000413b090 code [0x000000000413b200, 0x000000000413b3e8]

GC Heap History (10 events):
Event: 12.827 GC heap before
{Heap before GC invocations=13 (full 2):
 PSYoungGen      total 161792K, used 148992K [0x00000000e0000000, 0x00000000ecb00000, 0x0000000100000000)
  eden space 148992K, 100% used [0x00000000e0000000,0x00000000e9180000,0x00000000e9180000)
  from space 12800K, 0% used [0x00000000e9d80000,0x00000000e9d80000,0x00000000eaa00000)
  to   space 12288K, 0% used [0x00000000e9180000,0x00000000e9180000,0x00000000e9d80000)
 ParOldGen       total 51200K, used 15503K [0x00000000a0000000, 0x00000000a3200000, 0x00000000e0000000)
  object space 51200K, 30% used [0x00000000a0000000,0x00000000a0f23fe0,0x00000000a3200000)
 Metaspace       used 50083K, capacity 51144K, committed 51368K, reserved 1093632K
  class space    used 6729K, capacity 7011K, committed 7088K, reserved 1048576K
Event: 12.890 GC heap after
Heap after GC invocations=13 (full 2):
 PSYoungGen      total 161280K, used 12283K [0x00000000e0000000, 0x00000000ee400000, 0x0000000100000000)
  eden space 148992K, 0% used [0x00000000e0000000,0x00000000e0000000,0x00000000e9180000)
  from space 12288K, 99% used [0x00000000e9180000,0x00000000e9d7ee10,0x00000000e9d80000)
  to   space 15872K, 0% used [0x00000000ed480000,0x00000000ed480000,0x00000000ee400000)
 ParOldGen       total 51200K, used 21332K [0x00000000a0000000, 0x00000000a3200000, 0x00000000e0000000)
  object space 51200K, 41% used [0x00000000a0000000,0x00000000a14d5100,0x00000000a3200000)
 Metaspace       used 50083K, capacity 51144K, committed 51368K, reserved 1093632K
  class space    used 6729K, capacity 7011K, committed 7088K, reserved 1048576K
}
Event: 16.752 GC heap before
{Heap before GC invocations=14 (full 2):
 PSYoungGen      total 161280K, used 123031K [0x00000000e0000000, 0x00000000ee400000, 0x0000000100000000)
  eden space 148992K, 74% used [0x00000000e0000000,0x00000000e6c26ec0,0x00000000e9180000)
  from space 12288K, 99% used [0x00000000e9180000,0x00000000e9d7ee10,0x00000000e9d80000)
  to   space 15872K, 0% used [0x00000000ed480000,0x00000000ed480000,0x00000000ee400000)
 ParOldGen       total 51200K, used 21332K [0x00000000a0000000, 0x00000000a3200000, 0x00000000e0000000)
  object space 51200K, 41% used [0x00000000a0000000,0x00000000a14d5100,0x00000000a3200000)
 Metaspace       used 57511K, capacity 59014K, committed 59160K, reserved 1099776K
  class space    used 7755K, capacity 8122K, committed 8240K, reserved 1048576K
Event: 16.771 GC heap after
Heap after GC invocations=14 (full 2):
 PSYoungGen      total 208384K, used 11269K [0x00000000e0000000, 0x00000000ee000000, 0x0000000100000000)
  eden space 196608K, 0% used [0x00000000e0000000,0x00000000e0000000,0x00000000ec000000)
  from space 11776K, 95% used [0x00000000ed480000,0x00000000edf81750,0x00000000ee000000)
  to   space 16384K, 0% used [0x00000000ec000000,0x00000000ec000000,0x00000000ed000000)
 ParOldGen       total 51200K, used 29811K [0x00000000a0000000, 0x00000000a3200000, 0x00000000e0000000)
  object space 51200K, 58% used [0x00000000a0000000,0x00000000a1d1ce50,0x00000000a3200000)
 Metaspace       used 57511K, capacity 59014K, committed 59160K, reserved 1099776K
  class space    used 7755K, capacity 8122K, committed 8240K, reserved 1048576K
}
Event: 16.771 GC heap before
{Heap before GC invocations=15 (full 3):
 PSYoungGen      total 208384K, used 11269K [0x00000000e0000000, 0x00000000ee000000, 0x0000000100000000)
  eden space 196608K, 0% used [0x00000000e0000000,0x00000000e0000000,0x00000000ec000000)
  from space 11776K, 95% used [0x00000000ed480000,0x00000000edf81750,0x00000000ee000000)
  to   space 16384K, 0% used [0x00000000ec000000,0x00000000ec000000,0x00000000ed000000)
 ParOldGen       total 51200K, used 29811K [0x00000000a0000000, 0x00000000a3200000, 0x00000000e0000000)
  object space 51200K, 58% used [0x00000000a0000000,0x00000000a1d1ce50,0x00000000a3200000)
 Metaspace       used 57511K, capacity 59014K, committed 59160K, reserved 1099776K
  class space    used 7755K, capacity 8122K, committed 8240K, reserved 1048576K
Event: 17.045 GC heap after
Heap after GC invocations=15 (full 3):
 PSYoungGen      total 208384K, used 0K [0x00000000e0000000, 0x00000000ee000000, 0x0000000100000000)
  eden space 196608K, 0% used [0x00000000e0000000,0x00000000e0000000,0x00000000ec000000)
  from space 11776K, 0% used [0x00000000ed480000,0x00000000ed480000,0x00000000ee000000)
  to   space 16384K, 0% used [0x00000000ec000000,0x00000000ec000000,0x00000000ed000000)
 ParOldGen       total 82944K, used 33571K [0x00000000a0000000, 0x00000000a5100000, 0x00000000e0000000)
  object space 82944K, 40% used [0x00000000a0000000,0x00000000a20c8e18,0x00000000a5100000)
 Metaspace       used 57511K, capacity 59014K, committed 59160K, reserved 1099776K
  class space    used 7755K, capacity 8122K, committed 8240K, reserved 1048576K
}
Event: 22.717 GC heap before
{Heap before GC invocations=16 (full 3):
 PSYoungGen      total 208384K, used 196608K [0x00000000e0000000, 0x00000000ee000000, 0x0000000100000000)
  eden space 196608K, 100% used [0x00000000e0000000,0x00000000ec000000,0x00000000ec000000)
  from space 11776K, 0% used [0x00000000ed480000,0x00000000ed480000,0x00000000ee000000)
  to   space 16384K, 0% used [0x00000000ec000000,0x00000000ec000000,0x00000000ed000000)
 ParOldGen       total 82944K, used 33571K [0x00000000a0000000, 0x00000000a5100000, 0x00000000e0000000)
  object space 82944K, 40% used [0x00000000a0000000,0x00000000a20c8e18,0x00000000a5100000)
 Metaspace       used 64765K, capacity 66726K, committed 66840K, reserved 1107968K
  class space    used 8763K, capacity 9204K, committed 9264K, reserved 1048576K
Event: 22.740 GC heap after
Heap after GC invocations=16 (full 3):
 PSYoungGen      total 212992K, used 16370K [0x00000000e0000000, 0x00000000f1680000, 0x0000000100000000)
  eden space 196608K, 0% used [0x00000000e0000000,0x00000000e0000000,0x00000000ec000000)
  from space 16384K, 99% used [0x00000000ec000000,0x00000000ecffcbb0,0x00000000ed000000)
  to   space 18944K, 0% used [0x00000000f0400000,0x00000000f0400000,0x00000000f1680000)
 ParOldGen       total 82944K, used 33696K [0x00000000a0000000, 0x00000000a5100000, 0x00000000e0000000)
  object space 82944K, 40% used [0x00000000a0000000,0x00000000a20e8230,0x00000000a5100000)
 Metaspace       used 64765K, capacity 66726K, committed 66840K, reserved 1107968K
  class space    used 8763K, capacity 9204K, committed 9264K, reserved 1048576K
}
Event: 33.339 GC heap before
{Heap before GC invocations=17 (full 3):
 PSYoungGen      total 212992K, used 212978K [0x00000000e0000000, 0x00000000f1680000, 0x0000000100000000)
  eden space 196608K, 100% used [0x00000000e0000000,0x00000000ec000000,0x00000000ec000000)
  from space 16384K, 99% used [0x00000000ec000000,0x00000000ecffcbb0,0x00000000ed000000)
  to   space 18944K, 0% used [0x00000000f0400000,0x00000000f0400000,0x00000000f1680000)
 ParOldGen       total 82944K, used 33696K [0x00000000a0000000, 0x00000000a5100000, 0x00000000e0000000)
  object space 82944K, 40% used [0x00000000a0000000,0x00000000a20e8230,0x00000000a5100000)
 Metaspace       used 69361K, capacity 71420K, committed 71576K, reserved 1112064K
  class space    used 9129K, capacity 9583K, committed 9648K, reserved 1048576K
Event: 33.461 GC heap after
Heap after GC invocations=17 (full 3):
 PSYoungGen      total 260096K, used 10068K [0x00000000e0000000, 0x00000000f1300000, 0x0000000100000000)
  eden space 244736K, 0% used [0x00000000e0000000,0x00000000e0000000,0x00000000eef00000)
  from space 15360K, 65% used [0x00000000f0400000,0x00000000f0dd5078,0x00000000f1300000)
  to   space 18432K, 0% used [0x00000000eef00000,0x00000000eef00000,0x00000000f0100000)
 ParOldGen       total 82944K, used 46675K [0x00000000a0000000, 0x00000000a5100000, 0x00000000e0000000)
  object space 82944K, 56% used [0x00000000a0000000,0x00000000a2d94d60,0x00000000a5100000)
 Metaspace       used 69361K, capacity 71420K, committed 71576K, reserved 1112064K
  class space    used 9129K, capacity 9583K, committed 9648K, reserved 1048576K
}

Deoptimization events (10 events):
Event: 37.295 Thread 0x000000001acd8800 Uncommon trap: reason=class_check action=maybe_recompile pc=0x0000000002bb0fc4 method=org.gradle.internal.snapshot.impl.DirectorySnapshotter$1.isAllowed(Ljava/nio/file/Path;Ljava/lang/String;ZLjava/nio/file/attribute/BasicFileAttributes;Ljava/lang/Iterabl
Event: 37.295 Thread 0x000000001acd8800 Uncommon trap: reason=unstable_if action=reinterpret pc=0x00000000039f44b8 method=org.gradle.internal.snapshot.impl.DirectorySnapshotter$1.visitFile(Ljava/nio/file/Path;Ljava/nio/file/attribute/BasicFileAttributes;)Ljava/nio/file/FileVisitResult; @ 37
Event: 37.295 Thread 0x000000001acd8800 Uncommon trap: reason=class_check action=maybe_recompile pc=0x0000000002bb0fc4 method=org.gradle.internal.snapshot.impl.DirectorySnapshotter$1.isAllowed(Ljava/nio/file/Path;Ljava/lang/String;ZLjava/nio/file/attribute/BasicFileAttributes;Ljava/lang/Iterabl
Event: 38.107 Thread 0x000000001acd8800 Uncommon trap: reason=class_check action=maybe_recompile pc=0x00000000032b29b0 method=java.lang.StringCoding.encode(Ljava/nio/charset/Charset;[CII)[B @ 1
Event: 38.336 Thread 0x000000001ac79800 Uncommon trap: reason=unstable_if action=reinterpret pc=0x0000000002ef8f60 method=java.util.zip.InflaterInputStream.read()I @ 15
Event: 38.336 Thread 0x000000001ac73800 Uncommon trap: reason=unstable_if action=reinterpret pc=0x0000000002ef8f60 method=java.util.zip.InflaterInputStream.read()I @ 15
Event: 38.502 Thread 0x000000001ac73800 Uncommon trap: reason=unstable_if action=reinterpret pc=0x0000000002f9c9f4 method=java.util.regex.Matcher.appendReplacement(Ljava/lang/StringBuffer;Ljava/lang/String;)Ljava/util/regex/Matcher; @ 47
Event: 38.502 Thread 0x000000001ac79800 Uncommon trap: reason=unstable_if action=reinterpret pc=0x0000000002f9c9f4 method=java.util.regex.Matcher.appendReplacement(Ljava/lang/StringBuffer;Ljava/lang/String;)Ljava/util/regex/Matcher; @ 47
Event: 38.502 Thread 0x000000001ac74000 Uncommon trap: reason=unstable_if action=reinterpret pc=0x0000000002f9c9f4 method=java.util.regex.Matcher.appendReplacement(Ljava/lang/StringBuffer;Ljava/lang/String;)Ljava/util/regex/Matcher; @ 47
Event: 38.527 Thread 0x000000001ac74000 Uncommon trap: reason=unstable_if action=reinterpret pc=0x0000000003389748 method=java.lang.Integer.equals(Ljava/lang/Object;)Z @ 18

Classes redefined (0 events):
No events

Internal exceptions (10 events):
Event: 19.658 Thread 0x0000000018eae000 Exception <a 'java/lang/NoSuchMethodError': <clinit>> (0x00000000e736ae18) thrown at [D:\src\AOSP-openjdk-cygwin\jdk8u\hotspot\src\share\vm\prims\jni.cpp, line 1613]
Event: 20.202 Thread 0x000000001acd8800 Exception <a 'java/lang/NoSuchMethodError': <clinit>> (0x00000000e887cbd8) thrown at [D:\src\AOSP-openjdk-cygwin\jdk8u\hotspot\src\share\vm\prims\jni.cpp, line 1613]
Event: 28.992 Thread 0x0000000018eae000 Exception <a 'java/lang/NoSuchMethodError': <clinit>> (0x00000000e99a58e0) thrown at [D:\src\AOSP-openjdk-cygwin\jdk8u\hotspot\src\share\vm\prims\jni.cpp, line 1613]
Event: 29.353 Thread 0x000000001ac79800 Exception <a 'java/lang/NoSuchMethodError': java.lang.Object.lambda$negate$1(Ljava/lang/Object;)Z> (0x00000000eae0e338) thrown at [D:\src\AOSP-openjdk-cygwin\jdk8u\hotspot\src\share\vm\interpreter\linkResolver.cpp, line 584]
Event: 32.550 Thread 0x000000001acd5800 Exception <a 'java/lang/ClassNotFoundException': org/gradle/api/plugins/internal/DefaultJavaPluginConventionBeanInfo> (0x00000000eb650158) thrown at [D:\src\AOSP-openjdk-cygwin\jdk8u\hotspot\src\share\vm\classfile\systemDictionary.cpp, line 210]
Event: 32.551 Thread 0x000000001acd5800 Exception <a 'java/lang/ClassNotFoundException': org/gradle/api/plugins/JavaPluginConventionBeanInfo> (0x00000000eb690bb0) thrown at [D:\src\AOSP-openjdk-cygwin\jdk8u\hotspot\src\share\vm\classfile\systemDictionary.cpp, line 210]
Event: 32.552 Thread 0x000000001acd5800 Exception <a 'java/lang/ClassNotFoundException': org/gradle/api/plugins/JavaPluginConventionCustomizer> (0x00000000eb6d27b8) thrown at [D:\src\AOSP-openjdk-cygwin\jdk8u\hotspot\src\share\vm\classfile\systemDictionary.cpp, line 210]
Event: 32.554 Thread 0x000000001acd5800 Exception <a 'java/lang/ClassNotFoundException': org/gradle/api/plugins/internal/DefaultJavaPluginConventionCustomizer> (0x00000000eb73dd88) thrown at [D:\src\AOSP-openjdk-cygwin\jdk8u\hotspot\src\share\vm\classfile\systemDictionary.cpp, line 210]
Event: 32.613 Thread 0x000000001ac79800 Exception <a 'java/lang/NoSuchMethodError': java.lang.Object.newSystemTemporaryDirectory()Lcom/android/tools/build/apkzlib/bytestorage/TemporaryDirectory;> (0x00000000eb7adf30) thrown at [D:\src\AOSP-openjdk-cygwin\jdk8u\hotspot\src\share\vm\interpreter\l
Event: 34.033 Thread 0x000000001ac79800 Implicit null exception at 0x000000000241cf70 to 0x000000000241cf80

Events (10 events):
Event: 39.014 Executing VM operation: RevokeBias
Event: 39.015 Executing VM operation: RevokeBias done
Event: 39.015 Executing VM operation: RevokeBias
Event: 39.015 Executing VM operation: RevokeBias done
Event: 39.069 loading class org/json/JSONException
Event: 39.069 loading class org/json/JSONException done
Event: 39.069 Executing VM operation: RevokeBias
Event: 39.069 Executing VM operation: RevokeBias done
Event: 39.070 loading class org/json/JSONObject
Event: 39.070 loading class org/json/JSONObject done


Dynamic libraries:
0x00007ff685440000 - 0x00007ff685471000 	C:\Program Files\Android\Android Studio1\jre\bin\java.exe
0x00007ffb2b2a0000 - 0x00007ffb2b490000 	C:\WINDOWS\SYSTEM32\ntdll.dll
0x00007ffb02570000 - 0x00007ffb02584000 	C:\Program Files\AVG\Antivirus\aswhook.dll
0x00007ffb2b1a0000 - 0x00007ffb2b252000 	C:\WINDOWS\System32\KERNEL32.DLL
0x00007ffb28ed0000 - 0x00007ffb29173000 	C:\WINDOWS\System32\KERNELBASE.dll
0x00007ffb294d0000 - 0x00007ffb29573000 	C:\WINDOWS\System32\ADVAPI32.dll
0x00007ffb299d0000 - 0x00007ffb29a6e000 	C:\WINDOWS\System32\msvcrt.dll
0x00007ffb29b40000 - 0x00007ffb29bd7000 	C:\WINDOWS\System32\sechost.dll
0x00007ffb29f40000 - 0x00007ffb2a060000 	C:\WINDOWS\System32\RPCRT4.dll
0x00007ffb2a060000 - 0x00007ffb2a1f4000 	C:\WINDOWS\System32\USER32.dll
0x00007ffb28b10000 - 0x00007ffb28b31000 	C:\WINDOWS\System32\win32u.dll
0x00007ffb29a70000 - 0x00007ffb29a96000 	C:\WINDOWS\System32\GDI32.dll
0x00007ffb28b40000 - 0x00007ffb28cd4000 	C:\WINDOWS\System32\gdi32full.dll
0x00007ffb28e30000 - 0x00007ffb28ece000 	C:\WINDOWS\System32\msvcp_win.dll
0x00007ffb291a0000 - 0x00007ffb2929a000 	C:\WINDOWS\System32\ucrtbase.dll
0x00007ffb10d10000 - 0x00007ffb10f95000 	C:\WINDOWS\WinSxS\amd64_microsoft.windows.common-controls_6595b64144ccf1df_6.0.18362.418_none_e6c6b287130d565d\COMCTL32.dll
0x00007ffb29690000 - 0x00007ffb299c6000 	C:\WINDOWS\System32\combase.dll
0x00007ffb28310000 - 0x00007ffb28390000 	C:\WINDOWS\System32\bcryptPrimitives.dll
0x00007ffb29aa0000 - 0x00007ffb29ace000 	C:\WINDOWS\System32\IMM32.DLL
0x00000000742a0000 - 0x0000000074372000 	C:\Program Files\Android\Android Studio1\jre\jre\bin\msvcr100.dll
0x0000000074460000 - 0x0000000074ca1000 	C:\Program Files\Android\Android Studio1\jre\jre\bin\server\jvm.dll
0x00007ffb29ce0000 - 0x00007ffb29ce8000 	C:\WINDOWS\System32\PSAPI.DLL
0x00007ffb1a7c0000 - 0x00007ffb1a7c9000 	C:\WINDOWS\SYSTEM32\WSOCK32.dll
0x00007ffb29ed0000 - 0x00007ffb29f3f000 	C:\WINDOWS\System32\WS2_32.dll
0x00007ffb23770000 - 0x00007ffb23794000 	C:\WINDOWS\SYSTEM32\WINMM.dll
0x00007ffb23bf0000 - 0x00007ffb23bfa000 	C:\WINDOWS\SYSTEM32\VERSION.dll
0x00007ffb23740000 - 0x00007ffb2376d000 	C:\WINDOWS\System32\KERNEL32.DLL
0x00007ffb28230000 - 0x00007ffb2827a000 	C:\WINDOWS\System32\msvcrt.dll
0x00007ffb22c50000 - 0x00007ffb22c5f000 	C:\WINDOWS\System32\RPCRT4.dll
0x00007ffb10910000 - 0x00007ffb10939000 	C:\Program Files\Android\Android Studio1\jre\jre\bin\java.dll
0x00007ffb108f0000 - 0x00007ffb10906000 	C:\Program Files\Android\Android Studio1\jre\jre\bin\zip.dll
0x00007ffb2a7b0000 - 0x00007ffb2ae95000 	C:\WINDOWS\System32\ucrtbase.dll
0x00007ffb29580000 - 0x00007ffb29629000 	C:\WINDOWS\System32\combase.dll
0x00007ffb28390000 - 0x00007ffb28b0f000 	C:\WINDOWS\System32\windows.storage.dll
0x00007ffb281a0000 - 0x00007ffb281bf000 	C:\Program Files\Android\Android Studio1\jre\jre\bin\msvcr100.dll
0x00007ffb281e0000 - 0x00007ffb2822a000 	C:\WINDOWS\System32\powrprof.dll
0x00007ffb28170000 - 0x00007ffb28180000 	C:\WINDOWS\SYSTEM32\WSOCK32.dll
0x00007ffb29ae0000 - 0x00007ffb29b32000 	C:\WINDOWS\System32\WS2_32.dll
0x00007ffb281c0000 - 0x00007ffb281d1000 	C:\WINDOWS\System32\kernel.appcore.dll
0x00007ffb29180000 - 0x00007ffb29197000 	C:\WINDOWS\SYSTEM32\WINMMBASE.dll
0x00007ffb10220000 - 0x00007ffb1023a000 	C:\WINDOWS\System32\cfgmgr32.dll
0x00007ffb27980000 - 0x00007ffb279e7000 	C:\Program Files\Android\Android Studio1\jre\jre\bin\verify.dll
0x00007ffb10200000 - 0x00007ffb10211000 	C:\Program Files\Android\Android Studio1\jre\jre\bin\zip.dll
0x00007ffb0bf10000 - 0x00007ffb0bf2e000 	C:\Users\Diackson Marques\.gradle\native\25\windows-amd64\native-platform.dll
0x00007ffb10960000 - 0x00007ffb1096d000 	C:\WINDOWS\System32\KERNELBASE.dll
0x00007ffb274f0000 - 0x00007ffb27523000 	C:\WINDOWS\System32\USER32.dll
0x00007ffb282e0000 - 0x00007ffb28306000 	C:\WINDOWS\System32\gdi32full.dll
0x00007ffb28090000 - 0x00007ffb280b5000 	C:\WINDOWS\WinSxS\amd64_microsoft.windows.common-controls_6595b64144ccf1df_6.0.18362.418_none_e6c6b287130d565d\COMCTL32.dll
0x00007ffb27b50000 - 0x00007ffb27b5c000 	C:\WINDOWS\System32\IMM32.DLL
0x00007ffb27690000 - 0x00007ffb276ca000 	C:\Program Files\Android\Android Studio1\jre\jre\bin\server\jvm.dll
0x00007ffb29ad0000 - 0x00007ffb29ad8000 	C:\WINDOWS\SYSTEM32\WSOCK32.dll
0x00007ffb1faf0000 - 0x00007ffb1fb06000 	C:\WINDOWS\SYSTEM32\dhcpcsvc6.DLL
0x00007ffb1fbc0000 - 0x00007ffb1fbdc000 	C:\WINDOWS\SYSTEM32\VERSION.dll
0x00007ffb276d0000 - 0x00007ffb2779a000 	C:\WINDOWS\System32\cfgmgr32.dll

VM Arguments:
jvm_args: -Xmx1536m -Dfile.encoding=windows-1252 -Duser.country=BR -Duser.language=pt -Duser.variant 
java_command: org.gradle.launcher.daemon.bootstrap.GradleDaemon 5.1.1
java_class_path (initial): C:\Users\Diackson Marques\.gradle\wrapper\dists\gradle-5.1.1-all\97z1ksx6lirer3kbvdnh7jtjg\gradle-5.1.1\lib\gradle-launcher-5.1.1.jar
Launcher Type: SUN_STANDARD

Environment Variables:
PATH=C:\Program Files (x86)\Common Files\Oracle\Java\javapath;C:\ProgramData\Oracle\Java\javapath;C:\Program Files (x86)\Intel\iCLS Client\;C:\Program Files\Intel\iCLS Client\;C:\WINDOWS\system32;C:\WINDOWS;C:\WINDOWS\System32\Wbem;C:\WINDOWS\System32\WindowsPowerShell\v1.0\;C:\Program Files (x86)\Intel\Intel(R) Management Engine Components\DAL;C:\Program Files\Intel\Intel(R) Management Engine Components\DAL;C:\Program Files (x86)\Intel\Intel(R) Management Engine Components\IPT;C:\Program Files\Intel\Intel(R) Management Engine Components\IPT;C:\WINDOWS\System32\OpenSSH\;C:\Program Files\Git\cmd;C:\Users\Diackson Marques\AppData\Local\Microsoft\WindowsApps;C:\Users\Diackson Marques\AppData\Local\Programs\MiKTeX 2.9\miktex\bin\x64\;
USERNAME=Diackson Marques
OS=Windows_NT
PROCESSOR_IDENTIFIER=Intel64 Family 6 Model 142 Stepping 9, GenuineIntel



---------------  S Y S T E M  ---------------

OS: Windows 10.0 , 64 bit Build 18362 (10.0.18362.329)

CPU:total 4 (initial active 4) (2 cores per cpu, 2 threads per core) family 6 model 142 stepping 9, cmov, cx8, fxsr, mmx, sse, sse2, sse3, ssse3, sse4.1, sse4.2, popcnt, avx, avx2, aes, clmul, erms, 3dnowpref, lzcnt, ht, tsc, tscinvbit, bmi1, bmi2, adx

Memory: 4k page, physical 4066916k(343300k free), swap 4271716k(5148k free)

vm_info: OpenJDK 64-Bit Server VM (25.152-b01) for windows-amd64 JRE (1.8.0_152-release-1343-b01), built by "builder" with MS VC++ 10.0 (VS2010)

time: Tue Oct 29 19:41:01 2019
elapsed time: 39 seconds (0d 0h 0m 39s)

