#
# There is insufficient memory for the Java Runtime Environment to continue.
# Native memory allocation (malloc) failed to allocate 1487376 bytes for Chunk::new
# Possible reasons:
#   The system is out of physical RAM or swap space
#   In 32 bit mode, the process size limit was hit
# Possible solutions:
#   Reduce memory load on the system
#   Increase physical memory or swap space
#   Check if swap backing store is full
#   Use 64 bit Java on a 64 bit OS
#   Decrease Java heap size (-Xmx/-Xms)
#   Decrease number of Java threads
#   Decrease Java thread stack sizes (-Xss)
#   Set larger code cache with -XX:ReservedCodeCacheSize=
# This output file may be truncated or incomplete.
#
#  Out of Memory Error (allocation.cpp:390), pid=11668, tid=0x0000000000002280
#
# JRE version: OpenJDK Runtime Environment (8.0_152-b01) (build 1.8.0_152-release-1343-b01)
# Java VM: OpenJDK 64-Bit Server VM (25.152-b01 mixed mode windows-amd64 compressed oops)
# Failed to write core dump. Minidumps are not enabled by default on client versions of Windows
#

---------------  T H R E A D  ---------------

Current thread (0x0000000015f60800):  JavaThread "C2 CompilerThread1" daemon [_thread_in_native, id=8832, stack(0x00000000176c0000,0x00000000177c0000)]

Stack: [0x00000000176c0000,0x00000000177c0000]
[error occurred during error reporting (printing stack bounds), id 0xc0000005]

Native frames: (J=compiled Java code, j=interpreted, Vv=VM code, C=native code)


Current CompileTask:
C2:  15626 7911       4       com.sun.tools.javac.parser.JavacParser::term3 (2502 bytes)


---------------  P R O C E S S  ---------------

Java Threads: ( => current thread )
  0x0000000018285000 JavaThread "Cache worker for Java compile cache (C:\Users\Diackson Marques\Desktop\BelezaOnline_2\.gradle\5.1.1\javaCompile)" [_thread_blocked, id=6524, stack(0x00000000237d0000,0x00000000238d0000)]
  0x000000001827d800 JavaThread "Cache worker for Java compile cache (C:\Users\Diackson Marques\.gradle\caches\5.1.1\javaCompile)" [_thread_blocked, id=3324, stack(0x00000000236d0000,0x00000000237d0000)]
  0x0000000018280000 JavaThread "Cache worker for execution history cache (C:\Users\Diackson Marques\Desktop\BelezaOnline_2\.gradle\5.1.1\executionHistory)" [_thread_blocked, id=4124, stack(0x00000000233d0000,0x00000000234d0000)]
  0x000000001827f000 JavaThread "Execution worker for ':' Thread 3" [_thread_blocked, id=1772, stack(0x00000000232d0000,0x00000000233d0000)]
  0x000000001827d000 JavaThread "Execution worker for ':' Thread 2" [_thread_in_Java, id=1724, stack(0x00000000231d0000,0x00000000232d0000)]
  0x000000001827e800 JavaThread "Execution worker for ':'" [_thread_blocked, id=11968, stack(0x00000000230d0000,0x00000000231d0000)]
  0x000000001d9f4800 JavaThread "Cache worker for file content cache (C:\Users\Diackson Marques\Desktop\BelezaOnline_2\.gradle\5.1.1\fileContent)" [_thread_blocked, id=1664, stack(0x0000000022fd0000,0x00000000230d0000)]
  0x000000001d9eb800 JavaThread "Cache worker for file content cache (C:\Users\Diackson Marques\.gradle\caches\5.1.1\fileContent)" [_thread_blocked, id=6000, stack(0x0000000022ed0000,0x0000000022fd0000)]
  0x000000001d9ed000 JavaThread "Memory manager" [_thread_blocked, id=5128, stack(0x0000000022390000,0x0000000022490000)]
  0x000000001d9ef800 JavaThread "Cache worker for Build Output Cleanup Cache (C:\Users\Diackson Marques\Desktop\BelezaOnline_2\.gradle\buildOutputCleanup)" [_thread_blocked, id=9856, stack(0x0000000021270000,0x0000000021370000)]
  0x000000001d9e9800 JavaThread "Build operations Thread 4" [_thread_blocked, id=9004, stack(0x0000000021690000,0x0000000021790000)]
  0x000000001d9e8800 JavaThread "Build operations Thread 3" [_thread_blocked, id=9688, stack(0x0000000021590000,0x0000000021690000)]
  0x000000001d9e7000 JavaThread "Build operations Thread 2" [_thread_blocked, id=2764, stack(0x0000000021490000,0x0000000021590000)]
  0x000000001d9ee000 JavaThread "Build operations" [_thread_blocked, id=11556, stack(0x0000000021390000,0x0000000021490000)]
  0x000000001d9e6800 JavaThread "Cache worker for execution history cache (C:\Users\Diackson Marques\.gradle\caches\5.1.1\executionHistory)" [_thread_blocked, id=8740, stack(0x0000000020b90000,0x0000000020c90000)]
  0x0000000018a88000 JavaThread "Cache worker for cache directory md-rule (C:\Users\Diackson Marques\.gradle\caches\5.1.1\md-rule)" [_thread_blocked, id=11508, stack(0x0000000020d70000,0x0000000020e70000)]
  0x0000000018a8d800 JavaThread "Cache worker for cache directory md-supplier (C:\Users\Diackson Marques\.gradle\caches\5.1.1\md-supplier)" [_thread_blocked, id=5468, stack(0x000000001f400000,0x000000001f500000)]
  0x0000000018a8a800 JavaThread "Cache worker for file hash cache (C:\Users\Diackson Marques\Desktop\BelezaOnline_2\.gradle\5.1.1\fileHashes)" [_thread_blocked, id=11996, stack(0x000000001ccd0000,0x000000001cdd0000)]
  0x0000000018a8b000 JavaThread "Cache worker for journal cache (C:\Users\Diackson Marques\.gradle\caches\journal-1)" [_thread_blocked, id=9752, stack(0x000000001aa30000,0x000000001ab30000)]
  0x0000000019400800 JavaThread "File lock request listener" [_thread_in_native, id=7600, stack(0x000000001a930000,0x000000001aa30000)]
  0x0000000019278800 JavaThread "Cache worker for file hash cache (C:\Users\Diackson Marques\.gradle\caches\5.1.1\fileHashes)" [_thread_blocked, id=2820, stack(0x000000001a830000,0x000000001a930000)]
  0x0000000019150800 JavaThread "Thread-8" [_thread_blocked, id=9204, stack(0x000000001a730000,0x000000001a830000)]
  0x000000001914f800 JavaThread "Stdin handler" [_thread_blocked, id=11608, stack(0x000000001a630000,0x000000001a730000)]
  0x000000001914e000 JavaThread "Asynchronous log dispatcher for DefaultDaemonConnection: socket connection from /127.0.0.1:55912 to /127.0.0.1:55913" [_thread_blocked, id=5164, stack(0x000000001a530000,0x000000001a630000)]
  0x000000001914d000 JavaThread "Daemon worker" [_thread_blocked, id=2280, stack(0x000000001a430000,0x000000001a530000)]
  0x000000001914a000 JavaThread "Cancel handler" [_thread_blocked, id=5924, stack(0x000000001a330000,0x000000001a430000)]
  0x0000000018995800 JavaThread "Handler for socket connection from /127.0.0.1:55912 to /127.0.0.1:55913" [_thread_in_native, id=1100, stack(0x000000001a030000,0x000000001a130000)]
  0x0000000019117800 JavaThread "Daemon" [_thread_blocked, id=5844, stack(0x0000000019f30000,0x000000001a030000)]
  0x000000001911a800 JavaThread "Daemon periodic checks" [_thread_blocked, id=4912, stack(0x0000000019e30000,0x0000000019f30000)]
  0x0000000018b8c000 JavaThread "Incoming local TCP Connector on port 55912" [_thread_in_native, id=11924, stack(0x0000000019bd0000,0x0000000019cd0000)]
  0x00000000178e8800 JavaThread "Service Thread" daemon [_thread_blocked, id=7504, stack(0x0000000017cc0000,0x0000000017dc0000)]
  0x0000000015f6a000 JavaThread "C1 CompilerThread2" daemon [_thread_blocked, id=11108, stack(0x00000000177c0000,0x00000000178c0000)]
=>0x0000000015f60800 JavaThread "C2 CompilerThread1" daemon [_thread_in_native, id=8832, stack(0x00000000176c0000,0x00000000177c0000)]
  0x0000000015f5d800 JavaThread "C2 CompilerThread0" daemon [_thread_in_native, id=4328, stack(0x00000000175c0000,0x00000000176c0000)]
  0x0000000015f5c000 JavaThread "Attach Listener" daemon [_thread_blocked, id=8736, stack(0x00000000174c0000,0x00000000175c0000)]
  0x0000000015f5b000 JavaThread "Signal Dispatcher" daemon [_thread_blocked, id=3540, stack(0x00000000173c0000,0x00000000174c0000)]
  0x00000000025eb800 JavaThread "Finalizer" daemon [_thread_blocked, id=5552, stack(0x00000000171b0000,0x00000000172b0000)]
  0x0000000015f28000 JavaThread "Reference Handler" daemon [_thread_blocked, id=1256, stack(0x00000000170b0000,0x00000000171b0000)]
  0x00000000024ee800 JavaThread "main" [_thread_blocked, id=5656, stack(0x0000000002330000,0x0000000002430000)]

Other Threads:
  0x0000000015f26000 VMThread [stack: 0x0000000016fb0000,0x00000000170b0000] [id=10280]
  0x00000000178e9800 WatcherThread [stack: 0x0000000017dc0000,0x0000000017ec0000] [id=8720]

VM state:not at safepoint (normal execution)

VM Mutex/Monitor currently owned by a thread: None

Heap:
 PSYoungGen      total 210432K, used 96547K [0x00000000e0000000, 0x00000000f0a00000, 0x0000000100000000)
  eden space 194048K, 41% used [0x00000000e0000000,0x00000000e4e8e828,0x00000000ebd80000)
  from space 16384K, 98% used [0x00000000ebd80000,0x00000000ecd3a3d8,0x00000000ecd80000)
  to   space 18944K, 0% used [0x00000000ef780000,0x00000000ef780000,0x00000000f0a00000)
 ParOldGen       total 86016K, used 33655K [0x00000000a0000000, 0x00000000a5400000, 0x00000000e0000000)
  object space 86016K, 39% used [0x00000000a0000000,0x00000000a20ddc58,0x00000000a5400000)
 Metaspace       used 66040K, capacity 67862K, committed 68120K, reserved 1107968K
  class space    used 8824K, capacity 9254K, committed 9264K, reserved 1048576K

Card table byte_map: [0x00000000119b0000,0x0000000011cc0000] byte_map_base: 0x00000000114b0000

Marking Bits: (ParMarkBitMap*) 0x00000000774e5aa0
 Begin Bits: [0x00000000122c0000, 0x0000000013ac0000)
 End Bits:   [0x0000000013ac0000, 0x00000000152c0000)

Polling page: 0x0000000002430000

CodeCache: size=245760Kb used=23505Kb max_used=23505Kb free=222254Kb
 bounds [0x00000000025f0000, 0x0000000003d00000, 0x00000000115f0000]
 total_blobs=8369 nmethods=7554 adapters=728
 compilation: enabled

Compilation events (10 events):
Event: 15.620 Thread 0x0000000015f6a000 nmethod 8285 0x0000000003cf25d0 code [0x0000000003cf2720, 0x0000000003cf28f0]
Event: 15.620 Thread 0x0000000015f6a000 8286       2       com.sun.tools.javac.tree.JCTree$JCBlock::<init> (20 bytes)
Event: 15.620 Thread 0x0000000015f6a000 nmethod 8286 0x0000000003cf2990 code [0x0000000003cf2ae0, 0x0000000003cf2c50]
Event: 15.620 Thread 0x0000000015f6a000 8287       2       com.sun.tools.javac.comp.MemberEnter::visitImport (170 bytes)
Event: 15.622 Thread 0x0000000015f6a000 nmethod 8287 0x0000000003cf2cd0 code [0x0000000003cf2f80, 0x0000000003cf3ae8]
Event: 15.622 Thread 0x0000000015f6a000 8288       2       com.sun.tools.javac.tree.JCTree$JCImport::getTag (4 bytes)
Event: 15.622 Thread 0x0000000015f6a000 nmethod 8288 0x0000000003cf4810 code [0x0000000003cf4960, 0x0000000003cf4ab0]
Event: 15.622 Thread 0x0000000015f6a000 8289       2       com.sun.tools.javac.comp.Check::checkUniqueImport (9 bytes)
Event: 15.622 Thread 0x0000000015f6a000 nmethod 8289 0x0000000003cf4b50 code [0x0000000003cf4cc0, 0x0000000003cf4e28]
Event: 15.623 Thread 0x0000000015f6a000 8290       2       com.sun.tools.javac.comp.Check::checkUnique (290 bytes)

GC Heap History (10 events):
Event: 6.957 GC heap before
{Heap before GC invocations=12 (full 2):
 PSYoungGen      total 159744K, used 5313K [0x00000000e0000000, 0x00000000ec880000, 0x0000000100000000)
  eden space 146944K, 0% used [0x00000000e0000000,0x00000000e0000000,0x00000000e8f80000)
  from space 12800K, 41% used [0x00000000e9b80000,0x00000000ea0b0520,0x00000000ea800000)
  to   space 12288K, 0% used [0x00000000e8f80000,0x00000000e8f80000,0x00000000e9b80000)
 ParOldGen       total 37376K, used 16441K [0x00000000a0000000, 0x00000000a2480000, 0x00000000e0000000)
  object space 37376K, 43% used [0x00000000a0000000,0x00000000a100e6f0,0x00000000a2480000)
 Metaspace       used 34773K, capacity 35442K, committed 35496K, reserved 1079296K
  class space    used 4792K, capacity 4998K, committed 5040K, reserved 1048576K
Event: 7.028 GC heap after
Heap after GC invocations=12 (full 2):
 PSYoungGen      total 159744K, used 0K [0x00000000e0000000, 0x00000000ec880000, 0x0000000100000000)
  eden space 146944K, 0% used [0x00000000e0000000,0x00000000e0000000,0x00000000e8f80000)
  from space 12800K, 0% used [0x00000000e9b80000,0x00000000e9b80000,0x00000000ea800000)
  to   space 12288K, 0% used [0x00000000e8f80000,0x00000000e8f80000,0x00000000e9b80000)
 ParOldGen       total 52224K, used 15535K [0x00000000a0000000, 0x00000000a3300000, 0x00000000e0000000)
  object space 52224K, 29% used [0x00000000a0000000,0x00000000a0f2bf30,0x00000000a3300000)
 Metaspace       used 34767K, capacity 35424K, committed 35496K, reserved 1079296K
  class space    used 4791K, capacity 4995K, committed 5040K, reserved 1048576K
}
Event: 9.114 GC heap before
{Heap before GC invocations=13 (full 2):
 PSYoungGen      total 159744K, used 146944K [0x00000000e0000000, 0x00000000ec880000, 0x0000000100000000)
  eden space 146944K, 100% used [0x00000000e0000000,0x00000000e8f80000,0x00000000e8f80000)
  from space 12800K, 0% used [0x00000000e9b80000,0x00000000e9b80000,0x00000000ea800000)
  to   space 12288K, 0% used [0x00000000e8f80000,0x00000000e8f80000,0x00000000e9b80000)
 ParOldGen       total 52224K, used 15535K [0x00000000a0000000, 0x00000000a3300000, 0x00000000e0000000)
  object space 52224K, 29% used [0x00000000a0000000,0x00000000a0f2bf30,0x00000000a3300000)
 Metaspace       used 50056K, capacity 51080K, committed 51368K, reserved 1093632K
  class space    used 6729K, capacity 7011K, committed 7088K, reserved 1048576K
Event: 9.135 GC heap after
Heap after GC invocations=13 (full 2):
 PSYoungGen      total 159232K, used 12270K [0x00000000e0000000, 0x00000000edd00000, 0x0000000100000000)
  eden space 146944K, 0% used [0x00000000e0000000,0x00000000e0000000,0x00000000e8f80000)
  from space 12288K, 99% used [0x00000000e8f80000,0x00000000e9b7ba38,0x00000000e9b80000)
  to   space 15872K, 0% used [0x00000000ecd80000,0x00000000ecd80000,0x00000000edd00000)
 ParOldGen       total 52224K, used 20969K [0x00000000a0000000, 0x00000000a3300000, 0x00000000e0000000)
  object space 52224K, 40% used [0x00000000a0000000,0x00000000a147a450,0x00000000a3300000)
 Metaspace       used 50056K, capacity 51080K, committed 51368K, reserved 1093632K
  class space    used 6729K, capacity 7011K, committed 7088K, reserved 1048576K
}
Event: 10.433 GC heap before
{Heap before GC invocations=14 (full 2):
 PSYoungGen      total 159232K, used 122006K [0x00000000e0000000, 0x00000000edd00000, 0x0000000100000000)
  eden space 146944K, 74% used [0x00000000e0000000,0x00000000e6b29ed8,0x00000000e8f80000)
  from space 12288K, 99% used [0x00000000e8f80000,0x00000000e9b7ba38,0x00000000e9b80000)
  to   space 15872K, 0% used [0x00000000ecd80000,0x00000000ecd80000,0x00000000edd00000)
 ParOldGen       total 52224K, used 20969K [0x00000000a0000000, 0x00000000a3300000, 0x00000000e0000000)
  object space 52224K, 40% used [0x00000000a0000000,0x00000000a147a450,0x00000000a3300000)
 Metaspace       used 57459K, capacity 59010K, committed 59160K, reserved 1099776K
  class space    used 7744K, capacity 8122K, committed 8240K, reserved 1048576K
Event: 10.463 GC heap after
Heap after GC invocations=14 (full 2):
 PSYoungGen      total 209920K, used 11298K [0x00000000e0000000, 0x00000000ede00000, 0x0000000100000000)
  eden space 194048K, 0% used [0x00000000e0000000,0x00000000e0000000,0x00000000ebd80000)
  from space 15872K, 71% used [0x00000000ecd80000,0x00000000ed888a60,0x00000000edd00000)
  to   space 16384K, 0% used [0x00000000ebd80000,0x00000000ebd80000,0x00000000ecd80000)
 ParOldGen       total 52224K, used 29384K [0x00000000a0000000, 0x00000000a3300000, 0x00000000e0000000)
  object space 52224K, 56% used [0x00000000a0000000,0x00000000a1cb2190,0x00000000a3300000)
 Metaspace       used 57459K, capacity 59010K, committed 59160K, reserved 1099776K
  class space    used 7744K, capacity 8122K, committed 8240K, reserved 1048576K
}
Event: 10.463 GC heap before
{Heap before GC invocations=15 (full 3):
 PSYoungGen      total 209920K, used 11298K [0x00000000e0000000, 0x00000000ede00000, 0x0000000100000000)
  eden space 194048K, 0% used [0x00000000e0000000,0x00000000e0000000,0x00000000ebd80000)
  from space 15872K, 71% used [0x00000000ecd80000,0x00000000ed888a60,0x00000000edd00000)
  to   space 16384K, 0% used [0x00000000ebd80000,0x00000000ebd80000,0x00000000ecd80000)
 ParOldGen       total 52224K, used 29384K [0x00000000a0000000, 0x00000000a3300000, 0x00000000e0000000)
  object space 52224K, 56% used [0x00000000a0000000,0x00000000a1cb2190,0x00000000a3300000)
 Metaspace       used 57459K, capacity 59010K, committed 59160K, reserved 1099776K
  class space    used 7744K, capacity 8122K, committed 8240K, reserved 1048576K
Event: 10.704 GC heap after
Heap after GC invocations=15 (full 3):
 PSYoungGen      total 209920K, used 0K [0x00000000e0000000, 0x00000000ede00000, 0x0000000100000000)
  eden space 194048K, 0% used [0x00000000e0000000,0x00000000e0000000,0x00000000ebd80000)
  from space 15872K, 0% used [0x00000000ecd80000,0x00000000ecd80000,0x00000000edd00000)
  to   space 16384K, 0% used [0x00000000ebd80000,0x00000000ebd80000,0x00000000ecd80000)
 ParOldGen       total 86016K, used 33647K [0x00000000a0000000, 0x00000000a5400000, 0x00000000e0000000)
  object space 86016K, 39% used [0x00000000a0000000,0x00000000a20dbc58,0x00000000a5400000)
 Metaspace       used 57459K, capacity 59010K, committed 59160K, reserved 1099776K
  class space    used 7744K, capacity 8122K, committed 8240K, reserved 1048576K
}
Event: 13.539 GC heap before
{Heap before GC invocations=16 (full 3):
 PSYoungGen      total 209920K, used 194048K [0x00000000e0000000, 0x00000000ede00000, 0x0000000100000000)
  eden space 194048K, 100% used [0x00000000e0000000,0x00000000ebd80000,0x00000000ebd80000)
  from space 15872K, 0% used [0x00000000ecd80000,0x00000000ecd80000,0x00000000edd00000)
  to   space 16384K, 0% used [0x00000000ebd80000,0x00000000ebd80000,0x00000000ecd80000)
 ParOldGen       total 86016K, used 33647K [0x00000000a0000000, 0x00000000a5400000, 0x00000000e0000000)
  object space 86016K, 39% used [0x00000000a0000000,0x00000000a20dbc58,0x00000000a5400000)
 Metaspace       used 61727K, capacity 63602K, committed 63896K, reserved 1103872K
  class space    used 8330K, capacity 8770K, committed 8880K, reserved 1048576K
Event: 13.559 GC heap after
Heap after GC invocations=16 (full 3):
 PSYoungGen      total 210432K, used 16104K [0x00000000e0000000, 0x00000000f0a00000, 0x0000000100000000)
  eden space 194048K, 0% used [0x00000000e0000000,0x00000000e0000000,0x00000000ebd80000)
  from space 16384K, 98% used [0x00000000ebd80000,0x00000000ecd3a3d8,0x00000000ecd80000)
  to   space 18944K, 0% used [0x00000000ef780000,0x00000000ef780000,0x00000000f0a00000)
 ParOldGen       total 86016K, used 33655K [0x00000000a0000000, 0x00000000a5400000, 0x00000000e0000000)
  object space 86016K, 39% used [0x00000000a0000000,0x00000000a20ddc58,0x00000000a5400000)
 Metaspace       used 61727K, capacity 63602K, committed 63896K, reserved 1103872K
  class space    used 8330K, capacity 8770K, committed 8880K, reserved 1048576K
}

Deoptimization events (10 events):
Event: 14.797 Thread 0x000000001827d000 Uncommon trap: reason=null_assert action=make_not_entrant pc=0x000000000287b47c method=java.util.zip.ZipEntry.<init>(Ljava/util/zip/ZipEntry;)V @ 70
Event: 14.873 Thread 0x000000001827d000 Uncommon trap: reason=unstable_if action=reinterpret pc=0x000000000312de14 method=java.lang.StringCoding$StringDecoder.decode([BII)[C @ 20
Event: 14.896 Thread 0x000000001827d000 Uncommon trap: reason=unstable_if action=reinterpret pc=0x0000000002b7ec9c method=sun.nio.cs.UTF_8$Decoder.decodeArrayLoop(Ljava/nio/ByteBuffer;Ljava/nio/CharBuffer;)Ljava/nio/charset/CoderResult; @ 84
Event: 14.911 Thread 0x000000001827d000 Uncommon trap: reason=unstable_if action=reinterpret pc=0x0000000003aeb808 method=com.sun.tools.javac.parser.UnicodeReader.scanChar()V @ 37
Event: 14.938 Thread 0x000000001827d000 Uncommon trap: reason=unstable_if action=reinterpret pc=0x0000000003ae9a18 method=com.sun.tools.javac.parser.UnicodeReader.scanChar()V @ 37
Event: 14.957 Thread 0x000000001827d000 Uncommon trap: reason=unstable_if action=reinterpret pc=0x0000000003ae9f14 method=com.sun.tools.javac.parser.UnicodeReader.scanChar()V @ 37
Event: 15.152 Thread 0x000000001827d000 Uncommon trap: reason=unstable_if action=reinterpret pc=0x0000000003ba00dc method=sun.nio.cs.UTF_8$Decoder.decodeArrayLoop(Ljava/nio/ByteBuffer;Ljava/nio/CharBuffer;)Ljava/nio/charset/CoderResult; @ 167
Event: 15.188 Thread 0x000000001827d000 Uncommon trap: reason=unstable_if action=reinterpret pc=0x0000000003b7b29c method=com.sun.tools.javac.parser.JavaTokenizer.scanIdent()V @ 617
Event: 15.188 Thread 0x000000001827d000 Uncommon trap: reason=unstable_if action=reinterpret pc=0x0000000003b158dc method=com.sun.tools.javac.util.Convert.chars2utf([CI[BII)I @ 35
Event: 15.420 Thread 0x000000001827d000 Uncommon trap: reason=predicate action=maybe_recompile pc=0x0000000003884208 method=java.util.Collections.indexedBinarySearch(Ljava/util/List;Ljava/lang/Object;)I @ 16

Classes redefined (0 events):
No events

Internal exceptions (10 events):
Event: 10.799 Thread 0x000000001914d000 Exception <a 'java/lang/NoSuchMethodError': java.lang.Object.lambda$static$2(Ljava/util/Set;Ljava/util/Set;)Z> (0x00000000e0674100) thrown at [D:\src\AOSP-openjdk-cygwin\jdk8u\hotspot\src\share\vm\interpreter\linkResolver.cpp, line 584]
Event: 10.799 Thread 0x000000001914d000 Exception <a 'java/lang/NoSuchMethodError': java.lang.Object.lambda$static$3(Ljava/util/Set;Ljava/util/Set;)Z> (0x00000000e0676a58) thrown at [D:\src\AOSP-openjdk-cygwin\jdk8u\hotspot\src\share\vm\interpreter\linkResolver.cpp, line 584]
Event: 11.429 Thread 0x0000000019150800 Exception <a 'java/lang/NoSuchMethodError': <clinit>> (0x00000000e29d3218) thrown at [D:\src\AOSP-openjdk-cygwin\jdk8u\hotspot\src\share\vm\prims\jni.cpp, line 1613]
Event: 11.430 Thread 0x0000000019150800 Exception <a 'java/lang/NoSuchMethodError': <clinit>> (0x00000000e29dee90) thrown at [D:\src\AOSP-openjdk-cygwin\jdk8u\hotspot\src\share\vm\prims\jni.cpp, line 1613]
Event: 11.435 Thread 0x0000000019150800 Exception <a 'java/lang/NoSuchMethodError': <clinit>> (0x00000000e29eb378) thrown at [D:\src\AOSP-openjdk-cygwin\jdk8u\hotspot\src\share\vm\prims\jni.cpp, line 1613]
Event: 11.491 Thread 0x0000000019150800 Exception <a 'java/lang/NoSuchMethodError': <clinit>> (0x00000000e32cc4a8) thrown at [D:\src\AOSP-openjdk-cygwin\jdk8u\hotspot\src\share\vm\prims\jni.cpp, line 1613]
Event: 11.493 Thread 0x0000000019150800 Exception <a 'java/lang/NoSuchMethodError': <clinit>> (0x00000000e32dd4d8) thrown at [D:\src\AOSP-openjdk-cygwin\jdk8u\hotspot\src\share\vm\prims\jni.cpp, line 1613]
Event: 11.493 Thread 0x0000000019150800 Exception <a 'java/lang/NoSuchMethodError': <clinit>> (0x00000000e32deff0) thrown at [D:\src\AOSP-openjdk-cygwin\jdk8u\hotspot\src\share\vm\prims\jni.cpp, line 1613]
Event: 12.616 Thread 0x0000000019150800 Exception <a 'java/lang/NoSuchMethodError': <clinit>> (0x00000000e7c702e8) thrown at [D:\src\AOSP-openjdk-cygwin\jdk8u\hotspot\src\share\vm\prims\jni.cpp, line 1613]
Event: 12.928 Thread 0x000000001827d000 Exception <a 'java/lang/NoSuchMethodError': <clinit>> (0x00000000e901c4a8) thrown at [D:\src\AOSP-openjdk-cygwin\jdk8u\hotspot\src\share\vm\prims\jni.cpp, line 1613]

Events (10 events):
Event: 15.526 loading class com/sun/tools/javac/comp/Check$CycleChecker
Event: 15.526 loading class com/sun/tools/javac/comp/Check$CycleChecker done
Event: 15.528 loading class com/sun/tools/javac/code/SymbolMetadata
Event: 15.528 loading class com/sun/tools/javac/code/SymbolMetadata done
Event: 15.530 loading class com/sun/tools/javac/comp/MemberEnter$5
Event: 15.530 loading class com/sun/tools/javac/comp/MemberEnter$5 done
Event: 15.530 loading class com/sun/tools/javac/comp/MemberEnter$6
Event: 15.530 loading class com/sun/tools/javac/comp/MemberEnter$6 done
Event: 15.600 loading class com/sun/tools/javac/code/Symbol$VarSymbol$2
Event: 15.600 loading class com/sun/tools/javac/code/Symbol$VarSymbol$2 done


Dynamic libraries:
0x00007ff7db830000 - 0x00007ff7db861000 	C:\Program Files\Android\Android Studio1\jre\bin\java.exe
0x00007ffbb9b20000 - 0x00007ffbb9d10000 	C:\WINDOWS\SYSTEM32\ntdll.dll
0x00007ffb9f130000 - 0x00007ffb9f144000 	C:\Program Files\AVG\Antivirus\aswhook.dll
0x00007ffbb96a0000 - 0x00007ffbb9752000 	C:\WINDOWS\System32\KERNEL32.DLL
0x00007ffbb6ef0000 - 0x00007ffbb7193000 	C:\WINDOWS\System32\KERNELBASE.dll
0x00007ffbb9a30000 - 0x00007ffbb9ad3000 	C:\WINDOWS\System32\ADVAPI32.dll
0x00007ffbb8890000 - 0x00007ffbb892e000 	C:\WINDOWS\System32\msvcrt.dll
0x00007ffbb8bc0000 - 0x00007ffbb8c57000 	C:\WINDOWS\System32\sechost.dll
0x00007ffbb84d0000 - 0x00007ffbb85f0000 	C:\WINDOWS\System32\RPCRT4.dll
0x00007ffbb8670000 - 0x00007ffbb8804000 	C:\WINDOWS\System32\USER32.dll
0x00007ffbb6ec0000 - 0x00007ffbb6ee1000 	C:\WINDOWS\System32\win32u.dll
0x00007ffbb9760000 - 0x00007ffbb9786000 	C:\WINDOWS\System32\GDI32.dll
0x00007ffbb6b50000 - 0x00007ffbb6ce4000 	C:\WINDOWS\System32\gdi32full.dll
0x00007ffbb6ab0000 - 0x00007ffbb6b4e000 	C:\WINDOWS\System32\msvcp_win.dll
0x00007ffbb6cf0000 - 0x00007ffbb6dea000 	C:\WINDOWS\System32\ucrtbase.dll
0x00007ffba40d0000 - 0x00007ffba4355000 	C:\WINDOWS\WinSxS\amd64_microsoft.windows.common-controls_6595b64144ccf1df_6.0.18362.418_none_e6c6b287130d565d\COMCTL32.dll
0x00007ffbb7bd0000 - 0x00007ffbb7f06000 	C:\WINDOWS\System32\combase.dll
0x00007ffbb7970000 - 0x00007ffbb79f0000 	C:\WINDOWS\System32\bcryptPrimitives.dll
0x00007ffbb8b10000 - 0x00007ffbb8b3e000 	C:\WINDOWS\System32\IMM32.DLL
0x00000000503c0000 - 0x0000000050492000 	C:\Program Files\Android\Android Studio1\jre\jre\bin\msvcr100.dll
0x0000000076d20000 - 0x0000000077561000 	C:\Program Files\Android\Android Studio1\jre\jre\bin\server\jvm.dll
0x00007ffbb9790000 - 0x00007ffbb9798000 	C:\WINDOWS\System32\PSAPI.DLL
0x00007ffbad140000 - 0x00007ffbad149000 	C:\WINDOWS\SYSTEM32\WSOCK32.dll
0x00007ffbb97a0000 - 0x00007ffbb980f000 	C:\WINDOWS\System32\WS2_32.dll
0x00007ffbb0730000 - 0x00007ffbb0754000 	C:\WINDOWS\SYSTEM32\WINMM.dll
0x00007ffbb0d60000 - 0x00007ffbb0d6a000 	C:\WINDOWS\SYSTEM32\VERSION.dll
0x00007ffbac1c0000 - 0x00007ffbac1ed000 	C:\WINDOWS\SYSTEM32\WINMMBASE.dll
0x00007ffbb71a0000 - 0x00007ffbb71ea000 	C:\WINDOWS\System32\cfgmgr32.dll
0x00007ffbb0d70000 - 0x00007ffbb0d7f000 	C:\Program Files\Android\Android Studio1\jre\jre\bin\verify.dll
0x00007ffbaa090000 - 0x00007ffbaa0b9000 	C:\Program Files\Android\Android Studio1\jre\jre\bin\java.dll
0x00007ffbac870000 - 0x00007ffbac886000 	C:\Program Files\Android\Android Studio1\jre\jre\bin\zip.dll
0x00007ffbb8cc0000 - 0x00007ffbb93a5000 	C:\WINDOWS\System32\SHELL32.dll
0x00007ffbb8930000 - 0x00007ffbb89d9000 	C:\WINDOWS\System32\shcore.dll
0x00007ffbb71f0000 - 0x00007ffbb796f000 	C:\WINDOWS\System32\windows.storage.dll
0x00007ffbb6a90000 - 0x00007ffbb6aaf000 	C:\WINDOWS\System32\profapi.dll
0x00007ffbb6a20000 - 0x00007ffbb6a6a000 	C:\WINDOWS\System32\powrprof.dll
0x00007ffbb69f0000 - 0x00007ffbb6a00000 	C:\WINDOWS\System32\UMPDC.dll
0x00007ffbb8c60000 - 0x00007ffbb8cb2000 	C:\WINDOWS\System32\shlwapi.dll
0x00007ffbb6a00000 - 0x00007ffbb6a11000 	C:\WINDOWS\System32\kernel.appcore.dll
0x00007ffbb6ea0000 - 0x00007ffbb6eb7000 	C:\WINDOWS\System32\cryptsp.dll
0x00007ffbaa310000 - 0x00007ffbaa32a000 	C:\Program Files\Android\Android Studio1\jre\jre\bin\net.dll
0x00007ffbb6200000 - 0x00007ffbb6267000 	C:\WINDOWS\system32\mswsock.dll
0x00007ffba95b0000 - 0x00007ffba95c1000 	C:\Program Files\Android\Android Studio1\jre\jre\bin\nio.dll
0x00007ffba9200000 - 0x00007ffba921e000 	C:\Users\Diackson Marques\.gradle\native\25\windows-amd64\native-platform.dll
0x00007ffbafdb0000 - 0x00007ffbafdbd000 	C:\Program Files\Android\Android Studio1\jre\jre\bin\management.dll
0x00007ffbb5d70000 - 0x00007ffbb5da3000 	C:\WINDOWS\system32\rsaenh.dll
0x00007ffbb7b40000 - 0x00007ffbb7b66000 	C:\WINDOWS\System32\bcrypt.dll
0x00007ffbb68e0000 - 0x00007ffbb6905000 	C:\WINDOWS\SYSTEM32\USERENV.dll
0x00007ffbb63d0000 - 0x00007ffbb63dc000 	C:\WINDOWS\SYSTEM32\CRYPTBASE.dll
0x00007ffbb5f10000 - 0x00007ffbb5f4a000 	C:\WINDOWS\SYSTEM32\IPHLPAPI.DLL
0x00007ffbb9a20000 - 0x00007ffbb9a28000 	C:\WINDOWS\System32\NSI.dll
0x00007ffbb11e0000 - 0x00007ffbb11f6000 	C:\WINDOWS\SYSTEM32\dhcpcsvc6.DLL
0x00007ffbb22c0000 - 0x00007ffbb22dc000 	C:\WINDOWS\SYSTEM32\dhcpcsvc.DLL
0x00007ffbb5f50000 - 0x00007ffbb601a000 	C:\WINDOWS\SYSTEM32\DNSAPI.dll

VM Arguments:
jvm_args: -Xmx1536m -Dfile.encoding=windows-1252 -Duser.country=BR -Duser.language=pt -Duser.variant 
java_command: org.gradle.launcher.daemon.bootstrap.GradleDaemon 5.1.1
java_class_path (initial): C:\Users\Diackson Marques\.gradle\wrapper\dists\gradle-5.1.1-all\97z1ksx6lirer3kbvdnh7jtjg\gradle-5.1.1\lib\gradle-launcher-5.1.1.jar
Launcher Type: SUN_STANDARD

Environment Variables:
PATH=C:\Program Files (x86)\Common Files\Oracle\Java\javapath;C:\ProgramData\Oracle\Java\javapath;C:\Program Files (x86)\Intel\iCLS Client\;C:\Program Files\Intel\iCLS Client\;C:\WINDOWS\system32;C:\WINDOWS;C:\WINDOWS\System32\Wbem;C:\WINDOWS\System32\WindowsPowerShell\v1.0\;C:\Program Files (x86)\Intel\Intel(R) Management Engine Components\DAL;C:\Program Files\Intel\Intel(R) Management Engine Components\DAL;C:\Program Files (x86)\Intel\Intel(R) Management Engine Components\IPT;C:\Program Files\Intel\Intel(R) Management Engine Components\IPT;C:\WINDOWS\System32\OpenSSH\;C:\Program Files\Git\cmd;C:\Users\Diackson Marques\AppData\Local\Microsoft\WindowsApps;C:\Users\Diackson Marques\AppData\Local\Programs\MiKTeX 2.9\miktex\bin\x64\;
USERNAME=Diackson Marques
OS=Windows_NT
PROCESSOR_IDENTIFIER=Intel64 Family 6 Model 142 Stepping 9, GenuineIntel



---------------  S Y S T E M  ---------------

OS: Windows 10.0 , 64 bit Build 18362 (10.0.18362.329)

CPU:total 4 (initial active 4) (2 cores per cpu, 2 threads per core) family 6 model 142 stepping 9, cmov, cx8, fxsr, mmx, sse, sse2, sse3, ssse3, sse4.1, sse4.2, popcnt, avx, avx2, aes, clmul, erms, 3dnowpref, lzcnt, ht, tsc, tscinvbit, bmi1, bmi2, adx

Memory: 4k page, physical 4066916k(453596k free), swap 4271716k(5168k free)

vm_info: OpenJDK 64-Bit Server VM (25.152-b01) for windows-amd64 JRE (1.8.0_152-release-1343-b01), built by "builder" with MS VC++ 10.0 (VS2010)

time: Mon Nov 04 17:39:42 2019
elapsed time: 15 seconds (0d 0h 0m 15s)

