#
# There is insufficient memory for the Java Runtime Environment to continue.
# Native memory allocation (malloc) failed to allocate 1563376 bytes for Chunk::new
# Possible reasons:
#   The system is out of physical RAM or swap space
#   In 32 bit mode, the process size limit was hit
# Possible solutions:
#   Reduce memory load on the system
#   Increase physical memory or swap space
#   Check if swap backing store is full
#   Use 64 bit Java on a 64 bit OS
#   Decrease Java heap size (-Xmx/-Xms)
#   Decrease number of Java threads
#   Decrease Java thread stack sizes (-Xss)
#   Set larger code cache with -XX:ReservedCodeCacheSize=
# This output file may be truncated or incomplete.
#
#  Out of Memory Error (allocation.cpp:390), pid=11020, tid=0x0000000000002340
#
# JRE version: OpenJDK Runtime Environment (8.0_152-b01) (build 1.8.0_152-release-1343-b01)
# Java VM: OpenJDK 64-Bit Server VM (25.152-b01 mixed mode windows-amd64 compressed oops)
# Failed to write core dump. Minidumps are not enabled by default on client versions of Windows
#

---------------  T H R E A D  ---------------

Current thread (0x0000000015beb800):  JavaThread "C2 CompilerThread1" daemon [_thread_in_native, id=9024, stack(0x0000000017350000,0x0000000017450000)]

Stack: [0x0000000017350000,0x0000000017450000]
[error occurred during error reporting (printing stack bounds), id 0xc0000005]

Native frames: (J=compiled Java code, j=interpreted, Vv=VM code, C=native code)


Current CompileTask:
C2:10353619 21501       4       com.sun.imageio.plugins.png.PNGImageWriter::encodePass (1063 bytes)


---------------  P R O C E S S  ---------------

Java Threads: ( => current thread )
  0x0000000017795000 JavaThread "pool-19-thread-1" [_thread_blocked, id=10164, stack(0x00000000304f0000,0x00000000305f0000)]
  0x000000001c974000 JavaThread "MarlinRenderer Disposer" daemon [_thread_blocked, id=6328, stack(0x00000000303f0000,0x00000000304f0000)]
  0x000000001c96c000 JavaThread "Java2D Disposer" daemon [_thread_blocked, id=7552, stack(0x00000000302f0000,0x00000000303f0000)]
  0x000000001c96e800 JavaThread "ForkJoinPool.commonPool-worker-0" daemon [_thread_in_Java, id=5300, stack(0x00000000301f0000,0x00000000302f0000)]
  0x000000001c96f000 JavaThread "ForkJoinPool.commonPool-worker-3" daemon [_thread_in_Java, id=2784, stack(0x00000000300f0000,0x00000000301f0000)]
  0x000000001c972000 JavaThread "ForkJoinPool.commonPool-worker-2" daemon [_thread_in_Java, id=7512, stack(0x000000002fff0000,0x00000000300f0000)]
  0x000000001c970800 JavaThread "Cache worker for execution history cache (C:\Users\Diackson Marques\Desktop\BelezaOnline_2\.gradle\5.1.1\executionHistory)" [_thread_blocked, id=9304, stack(0x000000002fef0000,0x000000002fff0000)]
  0x000000001c964800 JavaThread "Execution worker for ':' Thread 3" [_thread_blocked, id=10792, stack(0x000000002fdf0000,0x000000002fef0000)]
  0x000000001c967800 JavaThread "Execution worker for ':' Thread 2" [_thread_blocked, id=680, stack(0x000000002fcf0000,0x000000002fdf0000)]
  0x000000001c96a000 JavaThread "Execution worker for ':'" [_thread_blocked, id=7268, stack(0x000000002fbf0000,0x000000002fcf0000)]
  0x000000001c965800 JavaThread "Cache worker for file content cache (C:\Users\Diackson Marques\Desktop\BelezaOnline_2\.gradle\5.1.1\fileContent)" [_thread_blocked, id=5660, stack(0x000000002faf0000,0x000000002fbf0000)]
  0x000000001c967000 JavaThread "Cache worker for Build Output Cleanup Cache (C:\Users\Diackson Marques\Desktop\BelezaOnline_2\.gradle\buildOutputCleanup)" [_thread_blocked, id=9652, stack(0x000000002f9f0000,0x000000002faf0000)]
  0x000000001c966000 JavaThread "Build operations Thread 4" [_thread_blocked, id=3196, stack(0x000000002f8f0000,0x000000002f9f0000)]
  0x0000000017f78800 JavaThread "Build operations Thread 3" [_thread_blocked, id=6700, stack(0x000000002f7f0000,0x000000002f8f0000)]
  0x0000000017f7a000 JavaThread "Build operations Thread 2" [_thread_blocked, id=11096, stack(0x000000002f6f0000,0x000000002f7f0000)]
  0x0000000017f77800 JavaThread "Build operations" [_thread_blocked, id=8124, stack(0x000000002f5f0000,0x000000002f6f0000)]
  0x0000000017f7b800 JavaThread "Cache worker for cache directory md-rule (C:\Users\Diackson Marques\.gradle\caches\5.1.1\md-rule)" [_thread_blocked, id=10944, stack(0x000000002f4f0000,0x000000002f5f0000)]
  0x0000000017f75800 JavaThread "Cache worker for cache directory md-supplier (C:\Users\Diackson Marques\.gradle\caches\5.1.1\md-supplier)" [_thread_blocked, id=7792, stack(0x000000002f3f0000,0x000000002f4f0000)]
  0x0000000017f77000 JavaThread "Cache worker for file hash cache (C:\Users\Diackson Marques\Desktop\BelezaOnline_2\.gradle\5.1.1\fileHashes)" [_thread_blocked, id=1728, stack(0x000000002f2f0000,0x000000002f3f0000)]
  0x0000000017f74000 JavaThread "Thread-155" [_thread_blocked, id=8024, stack(0x000000002f1f0000,0x000000002f2f0000)]
  0x0000000017f6c800 JavaThread "Stdin handler" [_thread_blocked, id=7816, stack(0x000000002f0f0000,0x000000002f1f0000)]
  0x0000000017f6e800 JavaThread "Asynchronous log dispatcher for DefaultDaemonConnection: socket connection from /127.0.0.1:52435 to /127.0.0.1:53385" [_thread_blocked, id=6740, stack(0x000000002eff0000,0x000000002f0f0000)]
  0x0000000017f73000 JavaThread "Daemon worker Thread 6" [_thread_blocked, id=3760, stack(0x000000002eef0000,0x000000002eff0000)]
  0x0000000017f6e000 JavaThread "Cancel handler" [_thread_blocked, id=10760, stack(0x000000002edf0000,0x000000002eef0000)]
  0x0000000017f70000 JavaThread "Handler for socket connection from /127.0.0.1:52435 to /127.0.0.1:53385" [_thread_in_native, id=7948, stack(0x000000002ecf0000,0x000000002edf0000)]
  0x0000000017f6d000 JavaThread "Daemon Thread 6" [_thread_blocked, id=10900, stack(0x000000002ebf0000,0x000000002ecf0000)]
  0x0000000017f71800 JavaThread "Cache worker for Java compile cache (C:\Users\Diackson Marques\.gradle\caches\5.1.1\javaCompile)" [_thread_blocked, id=7848, stack(0x0000000024560000,0x0000000024660000)]
  0x000000001c970000 JavaThread "Cache worker for file content cache (C:\Users\Diackson Marques\.gradle\caches\5.1.1\fileContent)" [_thread_blocked, id=10572, stack(0x0000000023760000,0x0000000023860000)]
  0x000000001c96b800 JavaThread "Memory manager" [_thread_blocked, id=7828, stack(0x0000000021ba0000,0x0000000021ca0000)]
  0x0000000017796800 JavaThread "Cache worker for execution history cache (C:\Users\Diackson Marques\.gradle\caches\5.1.1\executionHistory)" [_thread_blocked, id=6872, stack(0x000000001e8d0000,0x000000001e9d0000)]
  0x0000000017792000 JavaThread "Cache worker for journal cache (C:\Users\Diackson Marques\.gradle\caches\journal-1)" [_thread_blocked, id=7000, stack(0x000000001a6b0000,0x000000001a7b0000)]
  0x0000000017797800 JavaThread "File lock request listener" [_thread_in_native, id=8628, stack(0x000000001a5b0000,0x000000001a6b0000)]
  0x0000000017727800 JavaThread "Cache worker for file hash cache (C:\Users\Diackson Marques\.gradle\caches\5.1.1\fileHashes)" [_thread_blocked, id=8992, stack(0x000000001a4b0000,0x000000001a5b0000)]
  0x00000000182bf000 JavaThread "Daemon periodic checks" [_thread_blocked, id=1792, stack(0x0000000019ab0000,0x0000000019bb0000)]
  0x0000000018181000 JavaThread "Incoming local TCP Connector on port 52435" [_thread_in_native, id=6944, stack(0x0000000019860000,0x0000000019960000)]
  0x0000000017570800 JavaThread "Service Thread" daemon [_thread_blocked, id=11200, stack(0x0000000017950000,0x0000000017a50000)]
  0x0000000015bf9800 JavaThread "C1 CompilerThread2" daemon [_thread_blocked, id=2736, stack(0x0000000017450000,0x0000000017550000)]
=>0x0000000015beb800 JavaThread "C2 CompilerThread1" daemon [_thread_in_native, id=9024, stack(0x0000000017350000,0x0000000017450000)]
  0x0000000015bf8800 JavaThread "C2 CompilerThread0" daemon [_thread_in_native, id=7484, stack(0x0000000017250000,0x0000000017350000)]
  0x0000000015bf7000 JavaThread "Attach Listener" daemon [_thread_blocked, id=200, stack(0x0000000017150000,0x0000000017250000)]
  0x0000000015bf5800 JavaThread "Signal Dispatcher" daemon [_thread_blocked, id=8016, stack(0x0000000017050000,0x0000000017150000)]
  0x000000000227b800 JavaThread "Finalizer" daemon [_thread_blocked, id=6684, stack(0x0000000016e40000,0x0000000016f40000)]
  0x0000000015bb8000 JavaThread "Reference Handler" daemon [_thread_blocked, id=11128, stack(0x0000000016d40000,0x0000000016e40000)]
  0x00000000006be000 JavaThread "main" [_thread_blocked, id=4484, stack(0x0000000002080000,0x0000000002180000)]

Other Threads:
  0x0000000015bb6000 VMThread [stack: 0x0000000016c40000,0x0000000016d40000] [id=2276]
  0x0000000015c4d800 WatcherThread [stack: 0x0000000017a50000,0x0000000017b50000] [id=4712]

VM state:not at safepoint (normal execution)

VM Mutex/Monitor currently owned by a thread: None

Heap:
 PSYoungGen      total 145408K, used 38964K [0x00000000e0000000, 0x00000000ea080000, 0x0000000100000000)
  eden space 126464K, 15% used [0x00000000e0000000,0x00000000e1393a38,0x00000000e7b80000)
  from space 18944K, 99% used [0x00000000e7b80000,0x00000000e8df9610,0x00000000e8e00000)
  to   space 13824K, 0% used [0x00000000e9300000,0x00000000e9300000,0x00000000ea080000)
 ParOldGen       total 158208K, used 109884K [0x00000000a0000000, 0x00000000a9a80000, 0x00000000e0000000)
  object space 158208K, 69% used [0x00000000a0000000,0x00000000a6b4f188,0x00000000a9a80000)
 Metaspace       used 103249K, capacity 108634K, committed 108824K, reserved 1144832K
  class space    used 13072K, capacity 14063K, committed 14104K, reserved 1048576K

Card table byte_map: [0x0000000011640000,0x0000000011950000] byte_map_base: 0x0000000011140000

Marking Bits: (ParMarkBitMap*) 0x0000000076ed5aa0
 Begin Bits: [0x0000000011f50000, 0x0000000013750000)
 End Bits:   [0x0000000013750000, 0x0000000014f50000)

Polling page: 0x0000000000650000

CodeCache: size=245760Kb used=58652Kb max_used=58666Kb free=187107Kb
 bounds [0x0000000002280000, 0x0000000005c30000, 0x0000000011280000]
 total_blobs=18580 nmethods=17555 adapters=936
 compilation: enabled

Compilation events (10 events):
Event: 10351.642 Thread 0x0000000015bf9800 21599       3       com.sun.org.apache.xerces.internal.dom.ElementImpl::getAttributeNode (32 bytes)
Event: 10351.643 Thread 0x0000000015bf9800 nmethod 21599 0x0000000002cab150 code [0x0000000002cab320, 0x0000000002cabbc8]
Event: 10351.643 Thread 0x0000000015bf9800 21600       3       com.sun.org.apache.xerces.internal.dom.AttrImpl::setNodeValue (6 bytes)
Event: 10351.643 Thread 0x0000000015bf9800 nmethod 21600 0x000000000371a750 code [0x000000000371a8c0, 0x000000000371aac8]
Event: 10351.643 Thread 0x0000000015bf9800 21601       3       com.sun.org.apache.xerces.internal.dom.ElementImpl::setAttribute (116 bytes)
Event: 10351.644 Thread 0x0000000015bf9800 nmethod 21601 0x00000000036a4d90 code [0x00000000036a5000, 0x00000000036a6148]
Event: 10351.665 Thread 0x0000000015bf8800 nmethod 21588 0x0000000005c23c50 code [0x0000000005c24100, 0x0000000005c27d30]
Event: 10351.665 Thread 0x0000000015bf8800 21594       4       com.sun.org.apache.xerces.internal.dom.ParentNode::internalInsertBefore (661 bytes)
Event: 10351.678 Thread 0x0000000015bf8800 nmethod 21594 0x00000000054385d0 code [0x0000000005438780, 0x0000000005439098]
Event: 10351.678 Thread 0x0000000015bf8800 21602       4       com.android.ide.common.resources.NodeUtils::duplicateNode (315 bytes)

GC Heap History (10 events):
Event: 3361.833 GC heap before
{Heap before GC invocations=41 (full 4):
 PSYoungGen      total 145920K, used 135788K [0x00000000e0000000, 0x00000000ea700000, 0x0000000100000000)
  eden space 125952K, 100% used [0x00000000e0000000,0x00000000e7b00000,0x00000000e7b00000)
  from space 19968K, 49% used [0x00000000e9380000,0x00000000e9d1b290,0x00000000ea700000)
  to   space 22528K, 0% used [0x00000000e7b00000,0x00000000e7b00000,0x00000000e9100000)
 ParOldGen       total 158208K, used 99481K [0x00000000a0000000, 0x00000000a9a80000, 0x00000000e0000000)
  object space 158208K, 62% used [0x00000000a0000000,0x00000000a61267c8,0x00000000a9a80000)
 Metaspace       used 99708K, capacity 104522K, committed 104856K, reserved 1140736K
  class space    used 12711K, capacity 13633K, committed 13720K, reserved 1048576K
Event: 3361.912 GC heap after
Heap after GC invocations=41 (full 4):
 PSYoungGen      total 148480K, used 11097K [0x00000000e0000000, 0x00000000eb080000, 0x0000000100000000)
  eden space 125952K, 0% used [0x00000000e0000000,0x00000000e0000000,0x00000000e7b00000)
  from space 22528K, 49% used [0x00000000e7b00000,0x00000000e85d64a0,0x00000000e9100000)
  to   space 22016K, 0% used [0x00000000e9b00000,0x00000000e9b00000,0x00000000eb080000)
 ParOldGen       total 158208K, used 99489K [0x00000000a0000000, 0x00000000a9a80000, 0x00000000e0000000)
  object space 158208K, 62% used [0x00000000a0000000,0x00000000a61287c8,0x00000000a9a80000)
 Metaspace       used 99708K, capacity 104522K, committed 104856K, reserved 1140736K
  class space    used 12711K, capacity 13633K, committed 13720K, reserved 1048576K
}
Event: 3457.034 GC heap before
{Heap before GC invocations=42 (full 4):
 PSYoungGen      total 148480K, used 137049K [0x00000000e0000000, 0x00000000eb080000, 0x0000000100000000)
  eden space 125952K, 100% used [0x00000000e0000000,0x00000000e7b00000,0x00000000e7b00000)
  from space 22528K, 49% used [0x00000000e7b00000,0x00000000e85d64a0,0x00000000e9100000)
  to   space 22016K, 0% used [0x00000000e9b00000,0x00000000e9b00000,0x00000000eb080000)
 ParOldGen       total 158208K, used 99489K [0x00000000a0000000, 0x00000000a9a80000, 0x00000000e0000000)
  object space 158208K, 62% used [0x00000000a0000000,0x00000000a61287c8,0x00000000a9a80000)
 Metaspace       used 100111K, capacity 105040K, committed 105112K, reserved 1140736K
  class space    used 12757K, capacity 13667K, committed 13720K, reserved 1048576K
Event: 3457.147 GC heap after
Heap after GC invocations=42 (full 4):
 PSYoungGen      total 153600K, used 7019K [0x00000000e0000000, 0x00000000ead00000, 0x0000000100000000)
  eden space 135168K, 0% used [0x00000000e0000000,0x00000000e0000000,0x00000000e8400000)
  from space 18432K, 38% used [0x00000000e9b00000,0x00000000ea1dae10,0x00000000ead00000)
  to   space 20992K, 0% used [0x00000000e8400000,0x00000000e8400000,0x00000000e9880000)
 ParOldGen       total 158208K, used 99497K [0x00000000a0000000, 0x00000000a9a80000, 0x00000000e0000000)
  object space 158208K, 62% used [0x00000000a0000000,0x00000000a612a7c8,0x00000000a9a80000)
 Metaspace       used 100111K, capacity 105040K, committed 105112K, reserved 1140736K
  class space    used 12757K, capacity 13667K, committed 13720K, reserved 1048576K
}
Event: 10088.625 GC heap before
{Heap before GC invocations=43 (full 4):
 PSYoungGen      total 153600K, used 142187K [0x00000000e0000000, 0x00000000ead00000, 0x0000000100000000)
  eden space 135168K, 100% used [0x00000000e0000000,0x00000000e8400000,0x00000000e8400000)
  from space 18432K, 38% used [0x00000000e9b00000,0x00000000ea1dae10,0x00000000ead00000)
  to   space 20992K, 0% used [0x00000000e8400000,0x00000000e8400000,0x00000000e9880000)
 ParOldGen       total 158208K, used 99497K [0x00000000a0000000, 0x00000000a9a80000, 0x00000000e0000000)
  object space 158208K, 62% used [0x00000000a0000000,0x00000000a612a7c8,0x00000000a9a80000)
 Metaspace       used 100624K, capacity 106014K, committed 106264K, reserved 1142784K
  class space    used 12830K, capacity 13785K, committed 13848K, reserved 1048576K
Event: 10089.107 GC heap after
Heap after GC invocations=43 (full 4):
 PSYoungGen      total 137728K, used 7064K [0x00000000e0000000, 0x00000000ea680000, 0x0000000100000000)
  eden space 130560K, 0% used [0x00000000e0000000,0x00000000e0000000,0x00000000e7f80000)
  from space 7168K, 98% used [0x00000000e8400000,0x00000000e8ae60e0,0x00000000e8b00000)
  to   space 19968K, 0% used [0x00000000e9300000,0x00000000e9300000,0x00000000ea680000)
 ParOldGen       total 158208K, used 99505K [0x00000000a0000000, 0x00000000a9a80000, 0x00000000e0000000)
  object space 158208K, 62% used [0x00000000a0000000,0x00000000a612c7c8,0x00000000a9a80000)
 Metaspace       used 100624K, capacity 106014K, committed 106264K, reserved 1142784K
  class space    used 12830K, capacity 13785K, committed 13848K, reserved 1048576K
}
Event: 10337.538 GC heap before
{Heap before GC invocations=44 (full 4):
 PSYoungGen      total 137728K, used 137624K [0x00000000e0000000, 0x00000000ea680000, 0x0000000100000000)
  eden space 130560K, 100% used [0x00000000e0000000,0x00000000e7f80000,0x00000000e7f80000)
  from space 7168K, 98% used [0x00000000e8400000,0x00000000e8ae60e0,0x00000000e8b00000)
  to   space 19968K, 0% used [0x00000000e9300000,0x00000000e9300000,0x00000000ea680000)
 ParOldGen       total 158208K, used 99505K [0x00000000a0000000, 0x00000000a9a80000, 0x00000000e0000000)
  object space 158208K, 62% used [0x00000000a0000000,0x00000000a612c7c8,0x00000000a9a80000)
 Metaspace       used 100741K, capacity 106110K, committed 106264K, reserved 1142784K
  class space    used 12840K, capacity 13801K, committed 13848K, reserved 1048576K
Event: 10337.601 GC heap after
Heap after GC invocations=44 (full 4):
 PSYoungGen      total 140288K, used 9064K [0x00000000e0000000, 0x00000000ea080000, 0x0000000100000000)
  eden space 126464K, 0% used [0x00000000e0000000,0x00000000e0000000,0x00000000e7b80000)
  from space 13824K, 65% used [0x00000000e9300000,0x00000000e9bda0f0,0x00000000ea080000)
  to   space 18944K, 0% used [0x00000000e7b80000,0x00000000e7b80000,0x00000000e8e00000)
 ParOldGen       total 158208K, used 99513K [0x00000000a0000000, 0x00000000a9a80000, 0x00000000e0000000)
  object space 158208K, 62% used [0x00000000a0000000,0x00000000a612e7c8,0x00000000a9a80000)
 Metaspace       used 100741K, capacity 106110K, committed 106264K, reserved 1142784K
  class space    used 12840K, capacity 13801K, committed 13848K, reserved 1048576K
}
Event: 10350.907 GC heap before
{Heap before GC invocations=45 (full 4):
 PSYoungGen      total 140288K, used 135528K [0x00000000e0000000, 0x00000000ea080000, 0x0000000100000000)
  eden space 126464K, 100% used [0x00000000e0000000,0x00000000e7b80000,0x00000000e7b80000)
  from space 13824K, 65% used [0x00000000e9300000,0x00000000e9bda0f0,0x00000000ea080000)
  to   space 18944K, 0% used [0x00000000e7b80000,0x00000000e7b80000,0x00000000e8e00000)
 ParOldGen       total 158208K, used 99513K [0x00000000a0000000, 0x00000000a9a80000, 0x00000000e0000000)
  object space 158208K, 62% used [0x00000000a0000000,0x00000000a612e7c8,0x00000000a9a80000)
 Metaspace       used 103240K, capacity 108634K, committed 108824K, reserved 1144832K
  class space    used 13072K, capacity 14063K, committed 14104K, reserved 1048576K
Event: 10351.236 GC heap after
Heap after GC invocations=45 (full 4):
 PSYoungGen      total 145408K, used 18917K [0x00000000e0000000, 0x00000000ea080000, 0x0000000100000000)
  eden space 126464K, 0% used [0x00000000e0000000,0x00000000e0000000,0x00000000e7b80000)
  from space 18944K, 99% used [0x00000000e7b80000,0x00000000e8df9610,0x00000000e8e00000)
  to   space 13824K, 0% used [0x00000000e9300000,0x00000000e9300000,0x00000000ea080000)
 ParOldGen       total 158208K, used 109884K [0x00000000a0000000, 0x00000000a9a80000, 0x00000000e0000000)
  object space 158208K, 69% used [0x00000000a0000000,0x00000000a6b4f188,0x00000000a9a80000)
 Metaspace       used 103240K, capacity 108634K, committed 108824K, reserved 1144832K
  class space    used 13072K, capacity 14063K, committed 14104K, reserved 1048576K
}

Deoptimization events (10 events):
Event: 10346.650 Thread 0x000000001c967800 Uncommon trap: reason=unstable_if action=reinterpret pc=0x0000000005abd924 method=com.sun.org.apache.xerces.internal.dom.CoreDocumentImpl.setUserData(Lorg/w3c/dom/Node;Ljava/lang/String;Ljava/lang/Object;Lorg/w3c/dom/UserDataHandler;)Ljava/lang/Object; @ 
Event: 10346.957 Thread 0x000000001c967800 Uncommon trap: reason=null_check action=make_not_entrant pc=0x0000000005b2d62c method=com.android.ide.common.resources.NodeUtils.processSingleNodeNamespace(Lorg/w3c/dom/Node;Lorg/w3c/dom/Document;)Z @ 8
Event: 10347.244 Thread 0x000000001c967800 Uncommon trap: reason=unstable_if action=reinterpret pc=0x0000000002db7338 method=java.util.HashMap.putVal(ILjava/lang/Object;Ljava/lang/Object;ZZ)Ljava/lang/Object; @ 162
Event: 10349.624 Thread 0x000000001c972000 Uncommon trap: reason=array_check action=maybe_recompile pc=0x0000000004743d30 method=java.util.TimSort.mergeHi(IIII)V @ 101
Event: 10349.624 Thread 0x000000001c972000 Uncommon trap: reason=array_check action=maybe_recompile pc=0x0000000004743d30 method=java.util.TimSort.mergeHi(IIII)V @ 101
Event: 10349.624 Thread 0x000000001c972000 Uncommon trap: reason=array_check action=maybe_recompile pc=0x0000000004743d30 method=java.util.TimSort.mergeHi(IIII)V @ 101
Event: 10349.625 Thread 0x000000001c972000 Uncommon trap: reason=array_check action=maybe_recompile pc=0x0000000004743d30 method=java.util.TimSort.mergeHi(IIII)V @ 101
Event: 10349.625 Thread 0x000000001c972000 Uncommon trap: reason=array_check action=maybe_recompile pc=0x0000000003ff3ce4 method=java.util.TimSort.mergeHi(IIII)V @ 250
Event: 10350.402 Thread 0x000000001c972000 Uncommon trap: reason=unstable_if action=reinterpret pc=0x00000000045c601c method=java.lang.StrictMath.floorOrCeil(DDDD)D @ 115
Event: 10351.621 Thread 0x000000001c967800 Uncommon trap: reason=unstable_if action=reinterpret pc=0x0000000005a6df34 method=com.sun.org.apache.xerces.internal.dom.ParentNode.checkNormalizationAfterInsert(Lcom/sun/org/apache/xerces/internal/dom/ChildNode;)V @ 27

Classes redefined (0 events):
No events

Internal exceptions (10 events):
Event: 10338.465 Thread 0x000000001c967800 Exception <a 'sun/nio/fs/WindowsException'> (0x00000000e0851cd0) thrown at [D:\src\AOSP-openjdk-cygwin\jdk8u\hotspot\src\share\vm\prims\jni.cpp, line 709]
Event: 10338.501 Thread 0x0000000017f73000 Exception <a 'sun/nio/fs/WindowsException'> (0x00000000e07cb548) thrown at [D:\src\AOSP-openjdk-cygwin\jdk8u\hotspot\src\share\vm\prims\jni.cpp, line 709]
Event: 10338.502 Thread 0x000000001c96a000 Exception <a 'sun/nio/fs/WindowsException'> (0x00000000e08ad3a8) thrown at [D:\src\AOSP-openjdk-cygwin\jdk8u\hotspot\src\share\vm\prims\jni.cpp, line 709]
Event: 10338.512 Thread 0x0000000017f73000 Exception <a 'sun/nio/fs/WindowsException'> (0x00000000e0809c30) thrown at [D:\src\AOSP-openjdk-cygwin\jdk8u\hotspot\src\share\vm\prims\jni.cpp, line 709]
Event: 10343.734 Thread 0x000000001c967800 Implicit null exception at 0x0000000005960424 to 0x0000000005960a6b
Event: 10343.734 Thread 0x000000001c967800 Implicit null exception at 0x000000000595a137 to 0x000000000595a657
Event: 10344.709 Thread 0x000000001c967800 Implicit null exception at 0x00000000059c8668 to 0x00000000059c8ab5
Event: 10346.957 Thread 0x000000001c967800 Implicit null exception at 0x0000000005b2bc33 to 0x0000000005b2d609
Event: 10348.470 Thread 0x000000001c96f000 Exception <a 'java/io/FileNotFoundException'> (0x00000000e6592cc0) thrown at [D:\src\AOSP-openjdk-cygwin\jdk8u\hotspot\src\share\vm\prims\jni.cpp, line 709]
Event: 10349.349 Thread 0x000000001c96e800 Exception <a 'java/io/FileNotFoundException'> (0x00000000e628f3c8) thrown at [D:\src\AOSP-openjdk-cygwin\jdk8u\hotspot\src\share\vm\prims\jni.cpp, line 709]

Events (10 events):
Event: 10351.619 Thread 0x000000001c967800 DEOPT UNPACKING pc=0x00000000022c75d0 sp=0x000000002fdebaa8 mode 0
Event: 10351.619 Thread 0x000000001c967800 DEOPT PACKING pc=0x0000000003d2c0e4 sp=0x000000002fdebae0
Event: 10351.619 Thread 0x000000001c967800 DEOPT UNPACKING pc=0x00000000022c75d0 sp=0x000000002fdebaa8 mode 0
Event: 10351.620 Thread 0x000000001c967800 DEOPT PACKING pc=0x0000000003d2c0e4 sp=0x000000002fdebae0
Event: 10351.620 Thread 0x000000001c967800 DEOPT UNPACKING pc=0x00000000022c75d0 sp=0x000000002fdebaa8 mode 0
Event: 10351.621 Thread 0x000000001c967800 Uncommon trap: trap_request=0xffffff65 fr.pc=0x0000000005a6df34
Event: 10351.621 Thread 0x000000001c967800 DEOPT PACKING pc=0x0000000005a6df34 sp=0x000000002fdebd00
Event: 10351.621 Thread 0x000000001c967800 DEOPT UNPACKING pc=0x00000000022c557b sp=0x000000002fdebc18 mode 2
Event: 10351.702 Executing VM operation: RevokeBias
Event: 10351.735 Executing VM operation: RevokeBias done


Dynamic libraries:
0x00007ff630260000 - 0x00007ff630291000 	C:\Program Files\Android\Android Studio1\jre\bin\java.exe
0x00007fffbcb50000 - 0x00007fffbcd31000 	C:\WINDOWS\SYSTEM32\ntdll.dll
0x00007fffb0cf0000 - 0x00007fffb0d02000 	C:\Program Files\AVG\Antivirus\aswhook.dll
0x00007fffbb890000 - 0x00007fffbb941000 	C:\WINDOWS\System32\KERNEL32.DLL
0x00007fffb9340000 - 0x00007fffb95b3000 	C:\WINDOWS\System32\KERNELBASE.dll
0x00007fffbb430000 - 0x00007fffbb4d1000 	C:\WINDOWS\System32\ADVAPI32.dll
0x00007fffbb7f0000 - 0x00007fffbb88e000 	C:\WINDOWS\System32\msvcrt.dll
0x00007fffbc4e0000 - 0x00007fffbc53b000 	C:\WINDOWS\System32\sechost.dll
0x00007fffbc1c0000 - 0x00007fffbc2e4000 	C:\WINDOWS\System32\RPCRT4.dll
0x00007fffbc2f0000 - 0x00007fffbc480000 	C:\WINDOWS\System32\USER32.dll
0x00007fffb95c0000 - 0x00007fffb95e0000 	C:\WINDOWS\System32\win32u.dll
0x00007fffbb640000 - 0x00007fffbb668000 	C:\WINDOWS\System32\GDI32.dll
0x00007fffb9e40000 - 0x00007fffb9fd1000 	C:\WINDOWS\System32\gdi32full.dll
0x00007fffb8f20000 - 0x00007fffb8fbf000 	C:\WINDOWS\System32\msvcp_win.dll
0x00007fffb9d40000 - 0x00007fffb9e38000 	C:\WINDOWS\System32\ucrtbase.dll
0x00007fffa86d0000 - 0x00007fffa8939000 	C:\WINDOWS\WinSxS\amd64_microsoft.windows.common-controls_6595b64144ccf1df_6.0.17134.885_none_fb42a3473065565f\COMCTL32.dll
0x00007fffbbc80000 - 0x00007fffbbfa2000 	C:\WINDOWS\System32\combase.dll
0x00007fffb92c0000 - 0x00007fffb9339000 	C:\WINDOWS\System32\bcryptPrimitives.dll
0x00007fffbc540000 - 0x00007fffbc56d000 	C:\WINDOWS\System32\IMM32.DLL
0x00000000773b0000 - 0x0000000077482000 	C:\Program Files\Android\Android Studio1\jre\jre\bin\msvcr100.dll
0x0000000076710000 - 0x0000000076f51000 	C:\Program Files\Android\Android Studio1\jre\jre\bin\server\jvm.dll
0x00007fffbbaf0000 - 0x00007fffbbaf8000 	C:\WINDOWS\System32\PSAPI.DLL
0x00007fffafb80000 - 0x00007fffafb89000 	C:\WINDOWS\SYSTEM32\WSOCK32.dll
0x00007fffbc150000 - 0x00007fffbc1bc000 	C:\WINDOWS\System32\WS2_32.dll
0x00007fffa8a60000 - 0x00007fffa8a83000 	C:\WINDOWS\SYSTEM32\WINMM.dll
0x00007fffaee90000 - 0x00007fffaee9a000 	C:\WINDOWS\SYSTEM32\VERSION.dll
0x00007fffa6b60000 - 0x00007fffa6b8a000 	C:\WINDOWS\SYSTEM32\WINMMBASE.dll
0x00007fffb95e0000 - 0x00007fffb9629000 	C:\WINDOWS\System32\cfgmgr32.dll
0x00007fffaab70000 - 0x00007fffaab7f000 	C:\Program Files\Android\Android Studio1\jre\jre\bin\verify.dll
0x00007fffa6830000 - 0x00007fffa6859000 	C:\Program Files\Android\Android Studio1\jre\jre\bin\java.dll
0x00007fffa6810000 - 0x00007fffa6826000 	C:\Program Files\Android\Android Studio1\jre\jre\bin\zip.dll
0x00007fffb9fe0000 - 0x00007fffbb420000 	C:\WINDOWS\System32\SHELL32.dll
0x00007fffbbfb0000 - 0x00007fffbc059000 	C:\WINDOWS\System32\shcore.dll
0x00007fffb9630000 - 0x00007fffb9d3d000 	C:\WINDOWS\System32\windows.storage.dll
0x00007fffbc480000 - 0x00007fffbc4d1000 	C:\WINDOWS\System32\shlwapi.dll
0x00007fffb8f00000 - 0x00007fffb8f11000 	C:\WINDOWS\System32\kernel.appcore.dll
0x00007fffb8e90000 - 0x00007fffb8eaf000 	C:\WINDOWS\System32\profapi.dll
0x00007fffb8eb0000 - 0x00007fffb8efc000 	C:\WINDOWS\System32\powrprof.dll
0x00007fffb8e60000 - 0x00007fffb8e6a000 	C:\WINDOWS\System32\FLTLIB.DLL
0x00007fff9f150000 - 0x00007fff9f16a000 	C:\Program Files\Android\Android Studio1\jre\jre\bin\net.dll
0x00007fffb8680000 - 0x00007fffb86e6000 	C:\WINDOWS\system32\mswsock.dll
0x00007fff998d0000 - 0x00007fff998e1000 	C:\Program Files\Android\Android Studio1\jre\jre\bin\nio.dll
0x00007fff9ac50000 - 0x00007fff9ac6e000 	C:\Users\Diackson Marques\.gradle\native\25\windows-amd64\native-platform.dll
0x00007fffaa880000 - 0x00007fffaa88d000 	C:\Program Files\Android\Android Studio1\jre\jre\bin\management.dll
0x00007fffb8840000 - 0x00007fffb8857000 	C:\WINDOWS\SYSTEM32\CRYPTSP.dll
0x00007fffb8270000 - 0x00007fffb82a3000 	C:\WINDOWS\system32\rsaenh.dll
0x00007fffb8960000 - 0x00007fffb8985000 	C:\WINDOWS\SYSTEM32\bcrypt.dll
0x00007fffb8d90000 - 0x00007fffb8db8000 	C:\WINDOWS\SYSTEM32\USERENV.dll
0x00007fffb8830000 - 0x00007fffb883b000 	C:\WINDOWS\SYSTEM32\CRYPTBASE.dll
0x00007fffb8410000 - 0x00007fffb8448000 	C:\WINDOWS\SYSTEM32\IPHLPAPI.DLL
0x00007fffbb420000 - 0x00007fffbb428000 	C:\WINDOWS\System32\NSI.dll
0x00007fffb1c80000 - 0x00007fffb1c96000 	C:\WINDOWS\SYSTEM32\dhcpcsvc6.DLL
0x00007fffb1ed0000 - 0x00007fffb1eea000 	C:\WINDOWS\SYSTEM32\dhcpcsvc.DLL
0x00007fffa6170000 - 0x00007fffa6194000 	C:\Program Files\Android\Android Studio1\jre\jre\bin\sunec.dll
0x00007fffb8450000 - 0x00007fffb850e000 	C:\WINDOWS\SYSTEM32\DNSAPI.dll
0x00007fffb12b0000 - 0x00007fffb12ba000 	C:\Windows\System32\rasadhlp.dll
0x00007fffb0d40000 - 0x00007fffb0db2000 	C:\WINDOWS\System32\fwpuclnt.dll
0x00007fffb23f0000 - 0x00007fffb23fb000 	C:\Program Files\Android\Android Studio1\jre\jre\bin\sunmscapi.dll
0x00007fffb8fc0000 - 0x00007fffb91a2000 	C:\WINDOWS\System32\CRYPT32.dll
0x00007fffb8e70000 - 0x00007fffb8e82000 	C:\WINDOWS\System32\MSASN1.dll
0x00007fff94db0000 - 0x00007fff94f48000 	C:\Program Files\Android\Android Studio1\jre\jre\bin\awt.dll
0x00007fffbc060000 - 0x00007fffbc122000 	C:\WINDOWS\System32\OLEAUT32.dll
0x00007fffb6540000 - 0x00007fffb6b07000 	C:\WINDOWS\SYSTEM32\d2d1.dll
0x00007fffb7290000 - 0x00007fffb731b000 	C:\WINDOWS\SYSTEM32\apphelp.dll
0x00007fffb7840000 - 0x00007fffb7869000 	C:\WINDOWS\system32\DWMAPI.DLL
0x00007fffb7500000 - 0x00007fffb7598000 	C:\WINDOWS\system32\uxtheme.dll

VM Arguments:
jvm_args: -Xmx1536m -Dfile.encoding=windows-1252 -Duser.country=BR -Duser.language=pt -Duser.variant 
java_command: org.gradle.launcher.daemon.bootstrap.GradleDaemon 5.1.1
java_class_path (initial): C:\Users\Diackson Marques\.gradle\wrapper\dists\gradle-5.1.1-all\97z1ksx6lirer3kbvdnh7jtjg\gradle-5.1.1\lib\gradle-launcher-5.1.1.jar
Launcher Type: SUN_STANDARD

Environment Variables:
PATH=C:\Program Files (x86)\Common Files\Oracle\Java\javapath;C:\ProgramData\Oracle\Java\javapath;C:\Program Files (x86)\Intel\iCLS Client\;C:\Program Files\Intel\iCLS Client\;C:\WINDOWS\system32;C:\WINDOWS;C:\WINDOWS\System32\Wbem;C:\WINDOWS\System32\WindowsPowerShell\v1.0\;C:\Program Files (x86)\Intel\Intel(R) Management Engine Components\DAL;C:\Program Files\Intel\Intel(R) Management Engine Components\DAL;C:\Program Files (x86)\Intel\Intel(R) Management Engine Components\IPT;C:\Program Files\Intel\Intel(R) Management Engine Components\IPT;C:\WINDOWS\System32\OpenSSH\;C:\Users\Diackson Marques\AppData\Local\Microsoft\WindowsApps;C:\Users\Diackson Marques\AppData\Local\Programs\MiKTeX 2.9\miktex\bin\x64\
USERNAME=Diackson Marques
OS=Windows_NT
PROCESSOR_IDENTIFIER=Intel64 Family 6 Model 142 Stepping 9, GenuineIntel



---------------  S Y S T E M  ---------------

OS: Windows 10.0 , 64 bit Build 17134 (10.0.17134.753)

CPU:total 4 (initial active 4) (2 cores per cpu, 2 threads per core) family 6 model 142 stepping 9, cmov, cx8, fxsr, mmx, sse, sse2, sse3, ssse3, sse4.1, sse4.2, popcnt, avx, avx2, aes, clmul, erms, 3dnowpref, lzcnt, ht, tsc, tscinvbit, bmi1, bmi2, adx

Memory: 4k page, physical 4066916k(67396k free), swap 4271716k(4588k free)

vm_info: OpenJDK 64-Bit Server VM (25.152-b01) for windows-amd64 JRE (1.8.0_152-release-1343-b01), built by "builder" with MS VC++ 10.0 (VS2010)

time: Fri Aug 09 22:48:56 2019
elapsed time: 10351 seconds (0d 2h 52m 31s)

