#
# There is insufficient memory for the Java Runtime Environment to continue.
# Native memory allocation (malloc) failed to allocate 460656 bytes for Chunk::new
# Possible reasons:
#   The system is out of physical RAM or swap space
#   In 32 bit mode, the process size limit was hit
# Possible solutions:
#   Reduce memory load on the system
#   Increase physical memory or swap space
#   Check if swap backing store is full
#   Use 64 bit Java on a 64 bit OS
#   Decrease Java heap size (-Xmx/-Xms)
#   Decrease number of Java threads
#   Decrease Java thread stack sizes (-Xss)
#   Set larger code cache with -XX:ReservedCodeCacheSize=
# This output file may be truncated or incomplete.
#
#  Out of Memory Error (allocation.cpp:390), pid=2508, tid=0x0000000000000d10
#
# JRE version: OpenJDK Runtime Environment (8.0_152-b01) (build 1.8.0_152-release-1343-b01)
# Java VM: OpenJDK 64-Bit Server VM (25.152-b01 mixed mode windows-amd64 compressed oops)
# Failed to write core dump. Minidumps are not enabled by default on client versions of Windows
#

---------------  T H R E A D  ---------------

Current thread (0x00000000169ad000):  JavaThread "C2 CompilerThread0" daemon [_thread_in_native, id=3344, stack(0x0000000018030000,0x0000000018130000)]

Stack: [0x0000000018030000,0x0000000018130000]
[error occurred during error reporting (printing stack bounds), id 0xc0000005]

Native frames: (J=compiled Java code, j=interpreted, Vv=VM code, C=native code)


Current CompileTask:
C2: 693241 12142   !   4       org.gradle.launcher.daemon.server.exec.DaemonConnectionBackedEventConsumer$ForwardEvents::getNextEvent (27 bytes)


---------------  P R O C E S S  ---------------

Java Threads: ( => current thread )
  0x000000001ca6f800 JavaThread "stdout" [_thread_in_native, id=1972, stack(0x0000000024bb0000,0x0000000024cb0000)]
  0x000000001ca75000 JavaThread "stderr" [_thread_in_native, id=6184, stack(0x0000000024ab0000,0x0000000024bb0000)]
  0x000000001ca70800 JavaThread "pool-4-thread-1" [_thread_blocked, id=2792, stack(0x00000000249b0000,0x0000000024ab0000)]
  0x000000001ca6f000 JavaThread "ForkJoinPool.commonPool-worker-1" daemon [_thread_blocked, id=3888, stack(0x00000000248b0000,0x00000000249b0000)]
  0x000000001ca6b000 JavaThread "Cache worker for execution history cache (C:\Users\Diackson Marques\Desktop\BelezaOnline_2\.gradle\5.1.1\executionHistory)" [_thread_blocked, id=6836, stack(0x00000000245b0000,0x00000000246b0000)]
  0x000000001ca6d800 JavaThread "Execution worker for ':' Thread 3" [_thread_blocked, id=6844, stack(0x00000000243b0000,0x00000000244b0000)]
  0x000000001ca6a800 JavaThread "Execution worker for ':' Thread 2" [_thread_blocked, id=4576, stack(0x0000000023fb0000,0x00000000240b0000)]
  0x000000001ca69000 JavaThread "Execution worker for ':'" [_thread_blocked, id=7180, stack(0x0000000023cb0000,0x0000000023db0000)]
  0x000000001ceb2000 JavaThread "Cache worker for file content cache (C:\Users\Diackson Marques\Desktop\BelezaOnline_2\.gradle\5.1.1\fileContent)" [_thread_blocked, id=4864, stack(0x0000000023bb0000,0x0000000023cb0000)]
  0x000000001ceaf000 JavaThread "Cache worker for Build Output Cleanup Cache (C:\Users\Diackson Marques\Desktop\BelezaOnline_2\.gradle\buildOutputCleanup)" [_thread_blocked, id=9556, stack(0x0000000023ab0000,0x0000000023bb0000)]
  0x000000001ceb0000 JavaThread "Build operations Thread 4" [_thread_blocked, id=4600, stack(0x00000000239b0000,0x0000000023ab0000)]
  0x000000001ceac000 JavaThread "Build operations Thread 3" [_thread_blocked, id=1468, stack(0x00000000211c0000,0x00000000212c0000)]
  0x000000001ceb0800 JavaThread "Build operations Thread 2" [_thread_blocked, id=9948, stack(0x0000000020cc0000,0x0000000020dc0000)]
  0x000000001ceae800 JavaThread "Build operations" [_thread_blocked, id=1132, stack(0x0000000020bc0000,0x0000000020cc0000)]
  0x000000001ceb1800 JavaThread "Cache worker for cache directory md-rule (C:\Users\Diackson Marques\.gradle\caches\5.1.1\md-rule)" [_thread_blocked, id=5692, stack(0x0000000020ac0000,0x0000000020bc0000)]
  0x000000001ceab800 JavaThread "Cache worker for cache directory md-supplier (C:\Users\Diackson Marques\.gradle\caches\5.1.1\md-supplier)" [_thread_blocked, id=9996, stack(0x0000000020670000,0x0000000020770000)]
  0x000000001cead800 JavaThread "Cache worker for file hash cache (C:\Users\Diackson Marques\Desktop\BelezaOnline_2\.gradle\5.1.1\fileHashes)" [_thread_blocked, id=5012, stack(0x0000000020570000,0x0000000020670000)]
  0x000000001cea3800 JavaThread "Thread-35" [_thread_blocked, id=9408, stack(0x000000001d840000,0x000000001d940000)]
  0x000000001cea8800 JavaThread "Stdin handler" [_thread_blocked, id=9360, stack(0x000000001d740000,0x000000001d840000)]
  0x000000001cea7800 JavaThread "Asynchronous log dispatcher for DefaultDaemonConnection: socket connection from /127.0.0.1:53206 to /127.0.0.1:53218" [_thread_blocked, id=6432, stack(0x000000001b1a0000,0x000000001b2a0000)]
  0x000000001cea3000 JavaThread "Daemon worker Thread 2" [_thread_blocked, id=4912, stack(0x000000001aea0000,0x000000001afa0000)]
  0x000000001cea7000 JavaThread "Cancel handler" [_thread_blocked, id=2136, stack(0x000000001ada0000,0x000000001aea0000)]
  0x000000001cea6000 JavaThread "Handler for socket connection from /127.0.0.1:53206 to /127.0.0.1:53218" [_thread_in_native, id=9596, stack(0x000000001aaa0000,0x000000001aba0000)]
  0x000000001ceaa000 JavaThread "Daemon Thread 2" [_thread_blocked, id=9512, stack(0x000000001a9a0000,0x000000001aaa0000)]
  0x000000001cea4800 JavaThread "Cache worker for Java compile cache (C:\Users\Diackson Marques\.gradle\caches\5.1.1\javaCompile)" [_thread_blocked, id=2964, stack(0x00000000242b0000,0x00000000243b0000)]
  0x000000001ca68000 JavaThread "Cache worker for file content cache (C:\Users\Diackson Marques\.gradle\caches\5.1.1\fileContent)" [_thread_blocked, id=3936, stack(0x00000000238b0000,0x00000000239b0000)]
  0x000000001ca67800 JavaThread "Memory manager" [_thread_blocked, id=6072, stack(0x0000000023350000,0x0000000023450000)]
  0x0000000019b30800 JavaThread "Cache worker for execution history cache (C:\Users\Diackson Marques\.gradle\caches\5.1.1\executionHistory)" [_thread_blocked, id=8700, stack(0x00000000207c0000,0x00000000208c0000)]
  0x0000000019b33800 JavaThread "Cache worker for journal cache (C:\Users\Diackson Marques\.gradle\caches\journal-1)" [_thread_blocked, id=5708, stack(0x000000001b4a0000,0x000000001b5a0000)]
  0x0000000019ad2000 JavaThread "File lock request listener" [_thread_in_native, id=7128, stack(0x000000001b3a0000,0x000000001b4a0000)]
  0x0000000019b52800 JavaThread "Cache worker for file hash cache (C:\Users\Diackson Marques\.gradle\caches\5.1.1\fileHashes)" [_thread_blocked, id=3372, stack(0x000000001b2a0000,0x000000001b3a0000)]
  0x0000000019174800 JavaThread "Daemon periodic checks" [_thread_blocked, id=5896, stack(0x000000001a8a0000,0x000000001a9a0000)]
  0x0000000019a40800 JavaThread "Incoming local TCP Connector on port 53206" [_thread_in_native, id=7948, stack(0x000000001a640000,0x000000001a740000)]
  0x0000000018359800 JavaThread "Service Thread" daemon [_thread_blocked, id=4804, stack(0x0000000018730000,0x0000000018830000)]
  0x00000000169c2000 JavaThread "C1 CompilerThread2" daemon [_thread_blocked, id=9152, stack(0x0000000018230000,0x0000000018330000)]
  0x00000000169af000 JavaThread "C2 CompilerThread1" daemon [_thread_blocked, id=7864, stack(0x0000000018130000,0x0000000018230000)]
=>0x00000000169ad000 JavaThread "C2 CompilerThread0" daemon [_thread_in_native, id=3344, stack(0x0000000018030000,0x0000000018130000)]
  0x00000000169ab800 JavaThread "Attach Listener" daemon [_thread_blocked, id=9740, stack(0x0000000017f30000,0x0000000018030000)]
  0x00000000169aa000 JavaThread "Signal Dispatcher" daemon [_thread_blocked, id=4076, stack(0x0000000017e30000,0x0000000017f30000)]
  0x000000000303c000 JavaThread "Finalizer" daemon [_thread_blocked, id=9364, stack(0x0000000017c20000,0x0000000017d20000)]
  0x0000000003030800 JavaThread "Reference Handler" daemon [_thread_blocked, id=6944, stack(0x0000000017b20000,0x0000000017c20000)]
  0x00000000013de800 JavaThread "main" [_thread_blocked, id=8388, stack(0x0000000002e30000,0x0000000002f30000)]

Other Threads:
  0x0000000016976800 VMThread [stack: 0x0000000017a20000,0x0000000017b20000] [id=10028]
  0x0000000016a0c000 WatcherThread [stack: 0x0000000018830000,0x0000000018930000] [id=5172]

VM state:not at safepoint (normal execution)

VM Mutex/Monitor currently owned by a thread: None

Heap:
 PSYoungGen      total 216576K, used 132266K [0x00000000e0000000, 0x00000000ee900000, 0x0000000100000000)
  eden space 197632K, 57% used [0x00000000e0000000,0x00000000e6ead678,0x00000000ec100000)
  from space 18944K, 99% used [0x00000000ed680000,0x00000000ee8fd528,0x00000000ee900000)
  to   space 20480K, 0% used [0x00000000ec100000,0x00000000ec100000,0x00000000ed500000)
 ParOldGen       total 86528K, used 50418K [0x00000000a0000000, 0x00000000a5480000, 0x00000000e0000000)
  object space 86528K, 58% used [0x00000000a0000000,0x00000000a313c940,0x00000000a5480000)
 Metaspace       used 73752K, capacity 75850K, committed 76056K, reserved 1116160K
  class space    used 9458K, capacity 9936K, committed 10032K, reserved 1048576K

Card table byte_map: [0x0000000012400000,0x0000000012710000] byte_map_base: 0x0000000011f00000

Marking Bits: (ParMarkBitMap*) 0x0000000050fe5aa0
 Begin Bits: [0x0000000012d10000, 0x0000000014510000)
 End Bits:   [0x0000000014510000, 0x0000000015d10000)

Polling page: 0x00000000013e0000

CodeCache: size=245760Kb used=33757Kb max_used=33777Kb free=212002Kb
 bounds [0x0000000003040000, 0x0000000005170000, 0x0000000012040000]
 total_blobs=11007 nmethods=10171 adapters=748
 compilation: enabled

Compilation events (10 events):
Event: 689.959 Thread 0x00000000169c2000 nmethod 12137 0x0000000005154390 code [0x00000000051544e0, 0x00000000051546b0]
Event: 689.979 Thread 0x00000000169c2000 12138       3       java.util.stream.ReferencePipeline::iterator (8 bytes)
Event: 689.979 Thread 0x00000000169c2000 nmethod 12138 0x000000000515d0d0 code [0x000000000515d280, 0x000000000515d758]
Event: 689.979 Thread 0x00000000169c2000 12139       3       java.util.stream.AbstractPipeline::spliterator (116 bytes)
Event: 689.980 Thread 0x00000000169c2000 nmethod 12139 0x000000000515c4d0 code [0x000000000515c6a0, 0x000000000515ce68]
Event: 692.937 Thread 0x00000000169af000 12140   !   4       java.util.concurrent.LinkedBlockingQueue::poll (134 bytes)
Event: 692.960 Thread 0x00000000169ad000 12141       4       org.gradle.launcher.daemon.server.exec.DaemonConnectionBackedEventConsumer$ForwardEvents::moreMessagesToSend (35 bytes)
Event: 692.965 Thread 0x00000000169ad000 nmethod 12141 0x0000000005157a50 code [0x0000000005157ba0, 0x0000000005157ca8]
Event: 692.978 Thread 0x00000000169ad000 12142   !   4       org.gradle.launcher.daemon.server.exec.DaemonConnectionBackedEventConsumer$ForwardEvents::getNextEvent (27 bytes)
Event: 693.127 Thread 0x00000000169af000 nmethod 12140 0x0000000005165650 code [0x0000000005165980, 0x0000000005167cf8]

GC Heap History (10 events):
Event: 18.156 GC heap before
{Heap before GC invocations=15 (full 2):
 PSYoungGen      total 166912K, used 27002K [0x00000000e0000000, 0x00000000eb900000, 0x0000000100000000)
  eden space 151552K, 7% used [0x00000000e0000000,0x00000000e0b63228,0x00000000e9400000)
  from space 15360K, 99% used [0x00000000ea680000,0x00000000eb57b6e8,0x00000000eb580000)
  to   space 18944K, 0% used [0x00000000e9400000,0x00000000e9400000,0x00000000ea680000)
 ParOldGen       total 62464K, used 23739K [0x00000000a0000000, 0x00000000a3d00000, 0x00000000e0000000)
  object space 62464K, 38% used [0x00000000a0000000,0x00000000a172efe8,0x00000000a3d00000)
 Metaspace       used 57474K, capacity 59014K, committed 59160K, reserved 1099776K
  class space    used 7745K, capacity 8122K, committed 8240K, reserved 1048576K
Event: 18.174 GC heap after
Heap after GC invocations=15 (full 2):
 PSYoungGen      total 170496K, used 12441K [0x00000000e0000000, 0x00000000ee980000, 0x0000000100000000)
  eden space 151552K, 0% used [0x00000000e0000000,0x00000000e0000000,0x00000000e9400000)
  from space 18944K, 65% used [0x00000000e9400000,0x00000000ea0264a8,0x00000000ea680000)
  to   space 19456K, 0% used [0x00000000ed680000,0x00000000ed680000,0x00000000ee980000)
 ParOldGen       total 62464K, used 23747K [0x00000000a0000000, 0x00000000a3d00000, 0x00000000e0000000)
  object space 62464K, 38% used [0x00000000a0000000,0x00000000a1730fe8,0x00000000a3d00000)
 Metaspace       used 57474K, capacity 59014K, committed 59160K, reserved 1099776K
  class space    used 7745K, capacity 8122K, committed 8240K, reserved 1048576K
}
Event: 18.174 GC heap before
{Heap before GC invocations=16 (full 3):
 PSYoungGen      total 170496K, used 12441K [0x00000000e0000000, 0x00000000ee980000, 0x0000000100000000)
  eden space 151552K, 0% used [0x00000000e0000000,0x00000000e0000000,0x00000000e9400000)
  from space 18944K, 65% used [0x00000000e9400000,0x00000000ea0264a8,0x00000000ea680000)
  to   space 19456K, 0% used [0x00000000ed680000,0x00000000ed680000,0x00000000ee980000)
 ParOldGen       total 62464K, used 23747K [0x00000000a0000000, 0x00000000a3d00000, 0x00000000e0000000)
  object space 62464K, 38% used [0x00000000a0000000,0x00000000a1730fe8,0x00000000a3d00000)
 Metaspace       used 57474K, capacity 59014K, committed 59160K, reserved 1099776K
  class space    used 7745K, capacity 8122K, committed 8240K, reserved 1048576K
Event: 18.380 GC heap after
Heap after GC invocations=16 (full 3):
 PSYoungGen      total 170496K, used 0K [0x00000000e0000000, 0x00000000ee980000, 0x0000000100000000)
  eden space 151552K, 0% used [0x00000000e0000000,0x00000000e0000000,0x00000000e9400000)
  from space 18944K, 0% used [0x00000000e9400000,0x00000000e9400000,0x00000000ea680000)
  to   space 19456K, 0% used [0x00000000ed680000,0x00000000ed680000,0x00000000ee980000)
 ParOldGen       total 86528K, used 26933K [0x00000000a0000000, 0x00000000a5480000, 0x00000000e0000000)
  object space 86528K, 31% used [0x00000000a0000000,0x00000000a1a4d6b0,0x00000000a5480000)
 Metaspace       used 57474K, capacity 59014K, committed 59160K, reserved 1099776K
  class space    used 7745K, capacity 8122K, committed 8240K, reserved 1048576K
}
Event: 22.565 GC heap before
{Heap before GC invocations=17 (full 3):
 PSYoungGen      total 170496K, used 151552K [0x00000000e0000000, 0x00000000ee980000, 0x0000000100000000)
  eden space 151552K, 100% used [0x00000000e0000000,0x00000000e9400000,0x00000000e9400000)
  from space 18944K, 0% used [0x00000000e9400000,0x00000000e9400000,0x00000000ea680000)
  to   space 19456K, 0% used [0x00000000ed680000,0x00000000ed680000,0x00000000ee980000)
 ParOldGen       total 86528K, used 26933K [0x00000000a0000000, 0x00000000a5480000, 0x00000000e0000000)
  object space 86528K, 31% used [0x00000000a0000000,0x00000000a1a4d6b0,0x00000000a5480000)
 Metaspace       used 61474K, capacity 63436K, committed 63512K, reserved 1103872K
  class space    used 8287K, capacity 8735K, committed 8752K, reserved 1048576K
Event: 22.620 GC heap after
Heap after GC invocations=17 (full 3):
 PSYoungGen      total 216576K, used 13723K [0x00000000e0000000, 0x00000000ee900000, 0x0000000100000000)
  eden space 197632K, 0% used [0x00000000e0000000,0x00000000e0000000,0x00000000ec100000)
  from space 18944K, 72% used [0x00000000ed680000,0x00000000ee3e6fd8,0x00000000ee900000)
  to   space 20480K, 0% used [0x00000000ec100000,0x00000000ec100000,0x00000000ed500000)
 ParOldGen       total 86528K, used 26941K [0x00000000a0000000, 0x00000000a5480000, 0x00000000e0000000)
  object space 86528K, 31% used [0x00000000a0000000,0x00000000a1a4f6b0,0x00000000a5480000)
 Metaspace       used 61474K, capacity 63436K, committed 63512K, reserved 1103872K
  class space    used 8287K, capacity 8735K, committed 8752K, reserved 1048576K
}
Event: 49.981 GC heap before
{Heap before GC invocations=18 (full 3):
 PSYoungGen      total 216576K, used 211014K [0x00000000e0000000, 0x00000000ee900000, 0x0000000100000000)
  eden space 197632K, 99% used [0x00000000e0000000,0x00000000ec0aa890,0x00000000ec100000)
  from space 18944K, 72% used [0x00000000ed680000,0x00000000ee3e6fd8,0x00000000ee900000)
  to   space 20480K, 0% used [0x00000000ec100000,0x00000000ec100000,0x00000000ed500000)
 ParOldGen       total 86528K, used 26941K [0x00000000a0000000, 0x00000000a5480000, 0x00000000e0000000)
  object space 86528K, 31% used [0x00000000a0000000,0x00000000a1a4f6b0,0x00000000a5480000)
 Metaspace       used 68144K, capacity 70170K, committed 70296K, reserved 1110016K
  class space    used 9085K, capacity 9564K, committed 9648K, reserved 1048576K
Event: 50.014 GC heap after
Heap after GC invocations=18 (full 3):
 PSYoungGen      total 218112K, used 20477K [0x00000000e0000000, 0x00000000ee900000, 0x0000000100000000)
  eden space 197632K, 0% used [0x00000000e0000000,0x00000000e0000000,0x00000000ec100000)
  from space 20480K, 99% used [0x00000000ec100000,0x00000000ed4ff4a8,0x00000000ed500000)
  to   space 18944K, 0% used [0x00000000ed680000,0x00000000ed680000,0x00000000ee900000)
 ParOldGen       total 86528K, used 32236K [0x00000000a0000000, 0x00000000a5480000, 0x00000000e0000000)
  object space 86528K, 37% used [0x00000000a0000000,0x00000000a1f7b0b0,0x00000000a5480000)
 Metaspace       used 68144K, capacity 70170K, committed 70296K, reserved 1110016K
  class space    used 9085K, capacity 9564K, committed 9648K, reserved 1048576K
}
Event: 685.008 GC heap before
{Heap before GC invocations=19 (full 3):
 PSYoungGen      total 218112K, used 218109K [0x00000000e0000000, 0x00000000ee900000, 0x0000000100000000)
  eden space 197632K, 100% used [0x00000000e0000000,0x00000000ec100000,0x00000000ec100000)
  from space 20480K, 99% used [0x00000000ec100000,0x00000000ed4ff4a8,0x00000000ed500000)
  to   space 18944K, 0% used [0x00000000ed680000,0x00000000ed680000,0x00000000ee900000)
 ParOldGen       total 86528K, used 32236K [0x00000000a0000000, 0x00000000a5480000, 0x00000000e0000000)
  object space 86528K, 37% used [0x00000000a0000000,0x00000000a1f7b0b0,0x00000000a5480000)
 Metaspace       used 73025K, capacity 75088K, committed 75160K, reserved 1114112K
  class space    used 9387K, capacity 9835K, committed 9904K, reserved 1048576K
Event: 685.088 GC heap after
Heap after GC invocations=19 (full 3):
 PSYoungGen      total 216576K, used 18933K [0x00000000e0000000, 0x00000000ee900000, 0x0000000100000000)
  eden space 197632K, 0% used [0x00000000e0000000,0x00000000e0000000,0x00000000ec100000)
  from space 18944K, 99% used [0x00000000ed680000,0x00000000ee8fd528,0x00000000ee900000)
  to   space 20480K, 0% used [0x00000000ec100000,0x00000000ec100000,0x00000000ed500000)
 ParOldGen       total 86528K, used 50418K [0x00000000a0000000, 0x00000000a5480000, 0x00000000e0000000)
  object space 86528K, 58% used [0x00000000a0000000,0x00000000a313c940,0x00000000a5480000)
 Metaspace       used 73025K, capacity 75088K, committed 75160K, reserved 1114112K
  class space    used 9387K, capacity 9835K, committed 9904K, reserved 1048576K
}

Deoptimization events (10 events):
Event: 688.480 Thread 0x000000001ca6d800 Uncommon trap: reason=class_check action=maybe_recompile pc=0x000000000484da10 method=com.google.common.collect.StandardTable$RowMap.get(Ljava/lang/Object;)Ljava/util/Map; @ 16
Event: 688.480 Thread 0x000000001ca6d800 Uncommon trap: reason=class_check action=maybe_recompile pc=0x000000000484da10 method=com.google.common.collect.StandardTable$RowMap.get(Ljava/lang/Object;)Ljava/util/Map; @ 16
Event: 688.682 Thread 0x000000001ca6d800 Uncommon trap: reason=unstable_if action=reinterpret pc=0x0000000003f543b8 method=java.util.concurrent.ConcurrentHashMap.replaceNode(Ljava/lang/Object;Ljava/lang/Object;Ljava/lang/Object;)Ljava/lang/Object; @ 136
Event: 688.830 Thread 0x000000001ca6d800 Uncommon trap: reason=unstable_if action=reinterpret pc=0x00000000046ddd70 method=java.lang.Integer.parseInt(Ljava/lang/String;I)I @ 122
Event: 688.830 Thread 0x000000001ca6d800 Uncommon trap: reason=unstable_if action=reinterpret pc=0x0000000003dcfb00 method=java.lang.Integer.parseInt(Ljava/lang/String;I)I @ 122
Event: 688.831 Thread 0x000000001ca6d800 Uncommon trap: reason=unstable_if action=reinterpret pc=0x00000000046f284c method=com.android.ide.common.blame.MergingLogPersistUtil.extractSourcePosition(Ljava/util/Map;I)Lcom/android/ide/common/blame/SourcePosition; @ 141
Event: 688.983 Thread 0x000000001ca6d800 Uncommon trap: reason=bimorphic action=maybe_recompile pc=0x00000000047ac56c method=com.android.utils.XmlUtils.append(Lcom/android/utils/XmlUtils$PositionAwareStringBuilder;Lorg/w3c/dom/Node;Ljava/util/Map;)V @ 311
Event: 688.983 Thread 0x000000001ca6d800 Uncommon trap: reason=bimorphic action=maybe_recompile pc=0x00000000047ac56c method=com.android.utils.XmlUtils.append(Lcom/android/utils/XmlUtils$PositionAwareStringBuilder;Lorg/w3c/dom/Node;Ljava/util/Map;)V @ 311
Event: 688.983 Thread 0x000000001ca6d800 Uncommon trap: reason=bimorphic action=maybe_recompile pc=0x00000000047ac56c method=com.android.utils.XmlUtils.append(Lcom/android/utils/XmlUtils$PositionAwareStringBuilder;Lorg/w3c/dom/Node;Ljava/util/Map;)V @ 311
Event: 688.983 Thread 0x000000001ca6d800 Uncommon trap: reason=bimorphic action=maybe_recompile pc=0x00000000047ac56c method=com.android.utils.XmlUtils.append(Lcom/android/utils/XmlUtils$PositionAwareStringBuilder;Lorg/w3c/dom/Node;Ljava/util/Map;)V @ 311

Classes redefined (0 events):
No events

Internal exceptions (10 events):
Event: 52.537 Thread 0x0000000019dfe800 Exception <a 'java/lang/NoSuchMethodError': <clinit>> (0x00000000e7bdb640) thrown at [D:\src\AOSP-openjdk-cygwin\jdk8u\hotspot\src\share\vm\prims\jni.cpp, line 1613]
Event: 52.539 Thread 0x0000000019dfe800 Exception <a 'java/lang/NoSuchMethodError': <clinit>> (0x00000000e7be5c10) thrown at [D:\src\AOSP-openjdk-cygwin\jdk8u\hotspot\src\share\vm\prims\jni.cpp, line 1613]
Event: 682.029 Thread 0x000000001cea3000 Implicit null exception at 0x000000000321bf74 to 0x000000000321c201
Event: 682.029 Thread 0x000000001cea3000 Implicit null exception at 0x00000000047d6136 to 0x00000000047d66d9
Event: 682.029 Thread 0x000000001cea3000 Implicit null exception at 0x000000000346c9d4 to 0x000000000346cbe1
Event: 682.030 Thread 0x000000001cea3000 Implicit null exception at 0x00000000031b08af to 0x00000000031b0936
Event: 682.768 Thread 0x000000001cea3000 Exception <a 'sun/nio/fs/WindowsException'> (0x00000000e98cd380) thrown at [D:\src\AOSP-openjdk-cygwin\jdk8u\hotspot\src\share\vm\prims\jni.cpp, line 709]
Event: 685.239 Thread 0x000000001cea3000 Implicit null exception at 0x00000000032a1c44 to 0x00000000032a3c8d
Event: 686.763 Thread 0x000000001ca6d800 Implicit null exception at 0x000000000500da99 to 0x000000000500de61
Event: 688.831 Thread 0x000000001ca6d800 Implicit null exception at 0x00000000046f1893 to 0x00000000046f2819

Events (10 events):
Event: 688.983 Thread 0x000000001ca6d800 DEOPT UNPACKING pc=0x000000000308557b sp=0x00000000244abca0 mode 2
Event: 688.983 Thread 0x000000001ca6d800 Uncommon trap: trap_request=0xffffffc6 fr.pc=0x00000000047ac56c
Event: 688.983 Thread 0x000000001ca6d800 DEOPT PACKING pc=0x00000000047ac56c sp=0x00000000244abcd0
Event: 688.983 Thread 0x000000001ca6d800 DEOPT UNPACKING pc=0x000000000308557b sp=0x00000000244abca0 mode 2
Event: 689.003 Thread 0x000000001ca6f000 Thread added: 0x000000001ca6f000
Event: 689.003 Thread 0x000000001ca70800 Thread added: 0x000000001ca70800
Event: 689.105 Thread 0x000000001ca75000 Thread added: 0x000000001ca75000
Event: 689.105 Thread 0x000000001ca6f800 Thread added: 0x000000001ca6f800
Event: 689.604 Executing VM operation: RevokeBias
Event: 689.604 Executing VM operation: RevokeBias done


Dynamic libraries:
0x00007ff709580000 - 0x00007ff7095b1000 	C:\Program Files\Android\Android Studio1\jre\bin\java.exe
0x00007ffebc020000 - 0x00007ffebc210000 	C:\WINDOWS\SYSTEM32\ntdll.dll
0x00007ffea2eb0000 - 0x00007ffea2ec4000 	C:\Program Files\AVG\Antivirus\aswhook.dll
0x00007ffeba270000 - 0x00007ffeba322000 	C:\WINDOWS\System32\KERNEL32.DLL
0x00007ffeb98d0000 - 0x00007ffeb9b73000 	C:\WINDOWS\System32\KERNELBASE.dll
0x00007ffebacf0000 - 0x00007ffebad93000 	C:\WINDOWS\System32\ADVAPI32.dll
0x00007ffebadd0000 - 0x00007ffebae6e000 	C:\WINDOWS\System32\msvcrt.dll
0x00007ffebae70000 - 0x00007ffebaf07000 	C:\WINDOWS\System32\sechost.dll
0x00007ffeba330000 - 0x00007ffeba450000 	C:\WINDOWS\System32\RPCRT4.dll
0x00007ffebb7b0000 - 0x00007ffebb944000 	C:\WINDOWS\System32\USER32.dll
0x00007ffeba080000 - 0x00007ffeba0a1000 	C:\WINDOWS\System32\win32u.dll
0x00007ffebada0000 - 0x00007ffebadc6000 	C:\WINDOWS\System32\GDI32.dll
0x00007ffeb9ee0000 - 0x00007ffeba074000 	C:\WINDOWS\System32\gdi32full.dll
0x00007ffeb90b0000 - 0x00007ffeb914e000 	C:\WINDOWS\System32\msvcp_win.dll
0x00007ffeb8fb0000 - 0x00007ffeb90aa000 	C:\WINDOWS\System32\ucrtbase.dll
0x00007ffe9cb80000 - 0x00007ffe9ce05000 	C:\WINDOWS\WinSxS\amd64_microsoft.windows.common-controls_6595b64144ccf1df_6.0.18362.418_none_e6c6b287130d565d\COMCTL32.dll
0x00007ffebb1f0000 - 0x00007ffebb526000 	C:\WINDOWS\System32\combase.dll
0x00007ffeb9cd0000 - 0x00007ffeb9d50000 	C:\WINDOWS\System32\bcryptPrimitives.dll
0x00007ffeba100000 - 0x00007ffeba12e000 	C:\WINDOWS\System32\IMM32.DLL
0x0000000051a60000 - 0x0000000051b32000 	C:\Program Files\Android\Android Studio1\jre\jre\bin\msvcr100.dll
0x0000000050820000 - 0x0000000051061000 	C:\Program Files\Android\Android Studio1\jre\jre\bin\server\jvm.dll
0x00007ffeba0f0000 - 0x00007ffeba0f8000 	C:\WINDOWS\System32\PSAPI.DLL
0x00007ffeaf930000 - 0x00007ffeaf939000 	C:\WINDOWS\SYSTEM32\WSOCK32.dll
0x00007ffebac80000 - 0x00007ffebacef000 	C:\WINDOWS\System32\WS2_32.dll
0x00007ffeb2430000 - 0x00007ffeb2454000 	C:\WINDOWS\SYSTEM32\WINMM.dll
0x00007ffeb39b0000 - 0x00007ffeb39ba000 	C:\WINDOWS\SYSTEM32\VERSION.dll
0x00007ffeb2400000 - 0x00007ffeb242d000 	C:\WINDOWS\SYSTEM32\WINMMBASE.dll
0x00007ffeb9e90000 - 0x00007ffeb9eda000 	C:\WINDOWS\System32\cfgmgr32.dll
0x00007ffeb53a0000 - 0x00007ffeb53af000 	C:\Program Files\Android\Android Studio1\jre\jre\bin\verify.dll
0x00007ffeb2160000 - 0x00007ffeb2189000 	C:\Program Files\Android\Android Studio1\jre\jre\bin\java.dll
0x00007ffeb20e0000 - 0x00007ffeb20f6000 	C:\Program Files\Android\Android Studio1\jre\jre\bin\zip.dll
0x00007ffeba590000 - 0x00007ffebac75000 	C:\WINDOWS\System32\SHELL32.dll
0x00007ffebb530000 - 0x00007ffebb5d9000 	C:\WINDOWS\System32\shcore.dll
0x00007ffeb9150000 - 0x00007ffeb98cf000 	C:\WINDOWS\System32\windows.storage.dll
0x00007ffeb8f00000 - 0x00007ffeb8f1f000 	C:\WINDOWS\System32\profapi.dll
0x00007ffeb8f40000 - 0x00007ffeb8f8a000 	C:\WINDOWS\System32\powrprof.dll
0x00007ffeb8ef0000 - 0x00007ffeb8f00000 	C:\WINDOWS\System32\UMPDC.dll
0x00007ffeba190000 - 0x00007ffeba1e2000 	C:\WINDOWS\System32\shlwapi.dll
0x00007ffeb8f90000 - 0x00007ffeb8fa1000 	C:\WINDOWS\System32\kernel.appcore.dll
0x00007ffeba0b0000 - 0x00007ffeba0c7000 	C:\WINDOWS\System32\cryptsp.dll
0x00007ffeb1ae0000 - 0x00007ffeb1afa000 	C:\Program Files\Android\Android Studio1\jre\jre\bin\net.dll
0x00007ffeb8700000 - 0x00007ffeb8767000 	C:\WINDOWS\system32\mswsock.dll
0x00007ffeb1740000 - 0x00007ffeb1751000 	C:\Program Files\Android\Android Studio1\jre\jre\bin\nio.dll
0x00007ffeadc90000 - 0x00007ffeadcae000 	C:\Users\Diackson Marques\.gradle\native\25\windows-amd64\native-platform.dll
0x00007ffeb3dc0000 - 0x00007ffeb3dcd000 	C:\Program Files\Android\Android Studio1\jre\jre\bin\management.dll
0x00007ffeb8270000 - 0x00007ffeb82a3000 	C:\WINDOWS\system32\rsaenh.dll
0x00007ffeb9d50000 - 0x00007ffeb9d76000 	C:\WINDOWS\System32\bcrypt.dll
0x00007ffeb8e10000 - 0x00007ffeb8e35000 	C:\WINDOWS\SYSTEM32\USERENV.dll
0x00007ffeb8930000 - 0x00007ffeb893c000 	C:\WINDOWS\SYSTEM32\CRYPTBASE.dll
0x00007ffeb8410000 - 0x00007ffeb844a000 	C:\WINDOWS\SYSTEM32\IPHLPAPI.DLL
0x00007ffebb5f0000 - 0x00007ffebb5f8000 	C:\WINDOWS\System32\NSI.dll
0x00007ffeb2d80000 - 0x00007ffeb2d96000 	C:\WINDOWS\SYSTEM32\dhcpcsvc6.DLL
0x00007ffeb2e50000 - 0x00007ffeb2e6c000 	C:\WINDOWS\SYSTEM32\dhcpcsvc.DLL
0x00007ffeb8450000 - 0x00007ffeb851a000 	C:\WINDOWS\SYSTEM32\DNSAPI.dll

VM Arguments:
jvm_args: -Xmx1536m -Dfile.encoding=windows-1252 -Duser.country=BR -Duser.language=pt -Duser.variant 
java_command: org.gradle.launcher.daemon.bootstrap.GradleDaemon 5.1.1
java_class_path (initial): C:\Users\Diackson Marques\.gradle\wrapper\dists\gradle-5.1.1-all\97z1ksx6lirer3kbvdnh7jtjg\gradle-5.1.1\lib\gradle-launcher-5.1.1.jar
Launcher Type: SUN_STANDARD

Environment Variables:
PATH=C:\Program Files (x86)\Common Files\Oracle\Java\javapath;C:\ProgramData\Oracle\Java\javapath;C:\Program Files (x86)\Intel\iCLS Client\;C:\Program Files\Intel\iCLS Client\;C:\WINDOWS\system32;C:\WINDOWS;C:\WINDOWS\System32\Wbem;C:\WINDOWS\System32\WindowsPowerShell\v1.0\;C:\Program Files (x86)\Intel\Intel(R) Management Engine Components\DAL;C:\Program Files\Intel\Intel(R) Management Engine Components\DAL;C:\Program Files (x86)\Intel\Intel(R) Management Engine Components\IPT;C:\Program Files\Intel\Intel(R) Management Engine Components\IPT;C:\WINDOWS\System32\OpenSSH\;C:\Program Files\Git\cmd;C:\Users\Diackson Marques\AppData\Local\Microsoft\WindowsApps;C:\Users\Diackson Marques\AppData\Local\Programs\MiKTeX 2.9\miktex\bin\x64\;
USERNAME=Diackson Marques
OS=Windows_NT
PROCESSOR_IDENTIFIER=Intel64 Family 6 Model 142 Stepping 9, GenuineIntel



---------------  S Y S T E M  ---------------

OS: Windows 10.0 , 64 bit Build 18362 (10.0.18362.329)

CPU:total 4 (initial active 4) (2 cores per cpu, 2 threads per core) family 6 model 142 stepping 9, cmov, cx8, fxsr, mmx, sse, sse2, sse3, ssse3, sse4.1, sse4.2, popcnt, avx, avx2, aes, clmul, erms, 3dnowpref, lzcnt, ht, tsc, tscinvbit, bmi1, bmi2, adx

Memory: 4k page, physical 4066916k(355192k free), swap 4271716k(692k free)

vm_info: OpenJDK 64-Bit Server VM (25.152-b01) for windows-amd64 JRE (1.8.0_152-release-1343-b01), built by "builder" with MS VC++ 10.0 (VS2010)

time: Mon Oct 28 21:20:10 2019
elapsed time: 693 seconds (0d 0h 11m 33s)

