#
# There is insufficient memory for the Java Runtime Environment to continue.
# Native memory allocation (malloc) failed to allocate 32744 bytes for ChunkPool::allocate
# Possible reasons:
#   The system is out of physical RAM or swap space
#   In 32 bit mode, the process size limit was hit
# Possible solutions:
#   Reduce memory load on the system
#   Increase physical memory or swap space
#   Check if swap backing store is full
#   Use 64 bit Java on a 64 bit OS
#   Decrease Java heap size (-Xmx/-Xms)
#   Decrease number of Java threads
#   Decrease Java thread stack sizes (-Xss)
#   Set larger code cache with -XX:ReservedCodeCacheSize=
# This output file may be truncated or incomplete.
#
#  Out of Memory Error (allocation.cpp:273), pid=4212, tid=0x0000000000002700
#
# JRE version: OpenJDK Runtime Environment (8.0_152-b01) (build 1.8.0_152-release-1343-b01)
# Java VM: OpenJDK 64-Bit Server VM (25.152-b01 mixed mode windows-amd64 compressed oops)
# Failed to write core dump. Minidumps are not enabled by default on client versions of Windows
#

---------------  T H R E A D  ---------------

Current thread (0x0000000016b6f000):  JavaThread "C2 CompilerThread0" daemon [_thread_in_native, id=9984, stack(0x00000000181d0000,0x00000000182d0000)]

Stack: [0x00000000181d0000,0x00000000182d0000]
[error occurred during error reporting (printing stack bounds), id 0xc0000005]

Native frames: (J=compiled Java code, j=interpreted, Vv=VM code, C=native code)


Current CompileTask:
C2:1077728 16378       4       com.android.tools.r8.ir.optimize.CodeRewriter::rewriteMoveResult (444 bytes)


---------------  P R O C E S S  ---------------

Java Threads: ( => current thread )
  0x000000001e927800 JavaThread "Cache worker for Java compile cache (C:\Users\Diackson Marques\Desktop\BelezaOnline_2\.gradle\5.1.1\javaCompile)" [_thread_blocked, id=11652, stack(0x0000000027660000,0x0000000027760000)]
  0x000000001bd88000 JavaThread "stdout" [_thread_in_native, id=680, stack(0x0000000027560000,0x0000000027660000)]
  0x000000001bd87000 JavaThread "stderr" [_thread_in_native, id=10384, stack(0x0000000027460000,0x0000000027560000)]
  0x000000001bd86800 JavaThread "pool-4-thread-1" [_thread_blocked, id=980, stack(0x0000000027360000,0x0000000027460000)]
  0x000000001bd85800 JavaThread "Cache worker for execution history cache (C:\Users\Diackson Marques\Desktop\BelezaOnline_2\.gradle\5.1.1\executionHistory)" [_thread_blocked, id=10428, stack(0x0000000027260000,0x0000000027360000)]
  0x000000001bd7f000 JavaThread "Execution worker for ':' Thread 3" [_thread_in_Java, id=8788, stack(0x0000000026190000,0x0000000026290000)]
  0x000000001bd82000 JavaThread "Execution worker for ':' Thread 2" [_thread_in_Java, id=8820, stack(0x0000000026090000,0x0000000026190000)]
  0x000000001bd7f800 JavaThread "Execution worker for ':'" [_thread_in_Java, id=10024, stack(0x0000000025f90000,0x0000000026090000)]
  0x000000001bd7e000 JavaThread "Cache worker for file content cache (C:\Users\Diackson Marques\Desktop\BelezaOnline_2\.gradle\5.1.1\fileContent)" [_thread_blocked, id=9704, stack(0x0000000025e90000,0x0000000025f90000)]
  0x000000001bd83800 JavaThread "Cache worker for Build Output Cleanup Cache (C:\Users\Diackson Marques\Desktop\BelezaOnline_2\.gradle\buildOutputCleanup)" [_thread_blocked, id=5552, stack(0x0000000025d90000,0x0000000025e90000)]
  0x000000001c15a000 JavaThread "Build operations Thread 4" [_thread_blocked, id=11628, stack(0x0000000025c90000,0x0000000025d90000)]
  0x000000001c159800 JavaThread "Build operations Thread 3" [_thread_blocked, id=7832, stack(0x0000000025b90000,0x0000000025c90000)]
  0x000000001c158800 JavaThread "Build operations Thread 2" [_thread_blocked, id=9592, stack(0x0000000025a90000,0x0000000025b90000)]
  0x000000001c157000 JavaThread "Build operations" [_thread_blocked, id=10944, stack(0x0000000025990000,0x0000000025a90000)]
  0x000000001c156800 JavaThread "Cache worker for cache directory md-rule (C:\Users\Diackson Marques\.gradle\caches\5.1.1\md-rule)" [_thread_blocked, id=7584, stack(0x0000000025890000,0x0000000025990000)]
  0x000000001c14f000 JavaThread "Cache worker for cache directory md-supplier (C:\Users\Diackson Marques\.gradle\caches\5.1.1\md-supplier)" [_thread_blocked, id=7968, stack(0x0000000025790000,0x0000000025890000)]
  0x000000001c152000 JavaThread "Cache worker for file hash cache (C:\Users\Diackson Marques\Desktop\BelezaOnline_2\.gradle\5.1.1\fileHashes)" [_thread_blocked, id=9600, stack(0x0000000025690000,0x0000000025790000)]
  0x000000001c151000 JavaThread "Thread-35" [_thread_blocked, id=11740, stack(0x0000000025590000,0x0000000025690000)]
  0x000000001c155800 JavaThread "Stdin handler" [_thread_blocked, id=11916, stack(0x0000000025490000,0x0000000025590000)]
  0x000000001c155000 JavaThread "Asynchronous log dispatcher for DefaultDaemonConnection: socket connection from /127.0.0.1:63512 to /127.0.0.1:63800" [_thread_blocked, id=3456, stack(0x0000000025390000,0x0000000025490000)]
  0x000000001c14c000 JavaThread "Daemon worker Thread 2" [_thread_in_Java, id=5428, stack(0x0000000025290000,0x0000000025390000)]
  0x000000001c150800 JavaThread "Cancel handler" [_thread_blocked, id=3576, stack(0x0000000025190000,0x0000000025290000)]
  0x000000001c14e000 JavaThread "Handler for socket connection from /127.0.0.1:63512 to /127.0.0.1:63800" [_thread_in_native, id=11300, stack(0x0000000025090000,0x0000000025190000)]
  0x000000001c14f800 JavaThread "Daemon Thread 2" [_thread_blocked, id=9412, stack(0x0000000024f90000,0x0000000025090000)]
  0x000000001c14c800 JavaThread "Cache worker for Java compile cache (C:\Users\Diackson Marques\.gradle\caches\5.1.1\javaCompile)" [_thread_blocked, id=4344, stack(0x0000000023480000,0x0000000023580000)]
  0x000000001bd89800 JavaThread "Cache worker for file content cache (C:\Users\Diackson Marques\.gradle\caches\5.1.1\fileContent)" [_thread_blocked, id=9240, stack(0x0000000022b80000,0x0000000022c80000)]
  0x000000001bd88800 JavaThread "Memory manager" [_thread_blocked, id=7032, stack(0x0000000022a80000,0x0000000022b80000)]
  0x000000001bd82800 JavaThread "Cache worker for execution history cache (C:\Users\Diackson Marques\.gradle\caches\5.1.1\executionHistory)" [_thread_blocked, id=11836, stack(0x0000000020e80000,0x0000000020f80000)]
  0x0000000019623800 JavaThread "Cache worker for journal cache (C:\Users\Diackson Marques\.gradle\caches\journal-1)" [_thread_blocked, id=10916, stack(0x000000001b630000,0x000000001b730000)]
  0x0000000019623000 JavaThread "File lock request listener" [_thread_in_native, id=11480, stack(0x000000001b530000,0x000000001b630000)]
  0x0000000019ba7800 JavaThread "Cache worker for file hash cache (C:\Users\Diackson Marques\.gradle\caches\5.1.1\fileHashes)" [_thread_blocked, id=10836, stack(0x000000001b430000,0x000000001b530000)]
  0x0000000019306800 JavaThread "Daemon periodic checks" [_thread_blocked, id=10500, stack(0x000000001aa30000,0x000000001ab30000)]
  0x0000000019305000 JavaThread "Incoming local TCP Connector on port 63512" [_thread_in_native, id=8456, stack(0x000000001a7e0000,0x000000001a8e0000)]
  0x00000000184f9800 JavaThread "Service Thread" daemon [_thread_blocked, id=7536, stack(0x00000000188d0000,0x00000000189d0000)]
  0x0000000016b81800 JavaThread "C1 CompilerThread2" daemon [_thread_in_vm, id=5176, stack(0x00000000183d0000,0x00000000184d0000)]
  0x0000000016b72000 JavaThread "C2 CompilerThread1" daemon [_thread_in_native, id=732, stack(0x00000000182d0000,0x00000000183d0000)]
=>0x0000000016b6f000 JavaThread "C2 CompilerThread0" daemon [_thread_in_native, id=9984, stack(0x00000000181d0000,0x00000000182d0000)]
  0x0000000016b6d800 JavaThread "Attach Listener" daemon [_thread_blocked, id=2772, stack(0x00000000180d0000,0x00000000181d0000)]
  0x0000000016b6c800 JavaThread "Signal Dispatcher" daemon [_thread_blocked, id=10804, stack(0x0000000017fd0000,0x00000000180d0000)]
  0x00000000031fc800 JavaThread "Finalizer" daemon [_thread_blocked, id=4784, stack(0x0000000017dc0000,0x0000000017ec0000)]
  0x00000000031f0000 JavaThread "Reference Handler" daemon [_thread_blocked, id=2460, stack(0x0000000017cc0000,0x0000000017dc0000)]
  0x0000000002efe800 JavaThread "main" [_thread_blocked, id=11884, stack(0x0000000003000000,0x0000000003100000)]

Other Threads:
  0x0000000016b36000 VMThread [stack: 0x0000000017bc0000,0x0000000017cc0000] [id=6952]
  0x00000000184fa000 WatcherThread [stack: 0x00000000189d0000,0x0000000018ad0000] [id=10580]

VM state:not at safepoint (normal execution)

VM Mutex/Monitor currently owned by a thread: None

Heap:
 PSYoungGen      total 304128K, used 152593K [0x00000000e0000000, 0x00000000f8880000, 0x0000000100000000)
  eden space 266240K, 52% used [0x00000000e0000000,0x00000000e89074a8,0x00000000f0400000)
  from space 37888K, 32% used [0x00000000f0400000,0x00000000f0ffcfd0,0x00000000f2900000)
  to   space 36352K, 0% used [0x00000000f6500000,0x00000000f6500000,0x00000000f8880000)
 ParOldGen       total 92160K, used 69144K [0x00000000a0000000, 0x00000000a5a00000, 0x00000000e0000000)
  object space 92160K, 75% used [0x00000000a0000000,0x00000000a4386210,0x00000000a5a00000)
 Metaspace       used 88842K, capacity 92258K, committed 92440K, reserved 1130496K
  class space    used 11358K, capacity 12038K, committed 12064K, reserved 1048576K

Card table byte_map: [0x00000000125c0000,0x00000000128d0000] byte_map_base: 0x00000000120c0000

Marking Bits: (ParMarkBitMap*) 0x0000000071665aa0
 Begin Bits: [0x0000000012ed0000, 0x00000000146d0000)
 End Bits:   [0x00000000146d0000, 0x0000000015ed0000)

Polling page: 0x0000000001570000

CodeCache: size=245760Kb used=46197Kb max_used=46219Kb free=199562Kb
 bounds [0x0000000003200000, 0x0000000005f60000, 0x0000000012200000]
 total_blobs=15223 nmethods=14344 adapters=789
 compilation: enabled

Compilation events (10 events):
Event: 1077.490 Thread 0x0000000016b81800 16489       1       com.android.tools.r8.org.objectweb.asm.tree.MethodNode::visitMaxs (11 bytes)
Event: 1077.490 Thread 0x0000000016b81800 nmethod 16489 0x0000000005f11f50 code [0x0000000005f120a0, 0x0000000005f121b0]
Event: 1077.490 Thread 0x0000000016b81800 16490       1       com.android.tools.r8.org.objectweb.asm.tree.MethodNode::visitEnd (1 bytes)
Event: 1077.490 Thread 0x0000000016b81800 nmethod 16490 0x0000000005f11c90 code [0x0000000005f11de0, 0x0000000005f11ef0]
Event: 1077.500 Thread 0x0000000016b81800 16491       1       com.android.tools.r8.ir.code.InvokeDirect::asInvokeDirect (2 bytes)
Event: 1077.500 Thread 0x0000000016b81800 nmethod 16491 0x0000000005f119d0 code [0x0000000005f11b20, 0x0000000005f11c30]
Event: 1077.501 Thread 0x0000000016b81800 16492       2       com.android.tools.r8.ir.optimize.CodeRewriter::insertConstantInBlock (57 bytes)
Event: 1077.502 Thread 0x0000000016b81800 nmethod 16492 0x0000000005f30710 code [0x0000000005f308e0, 0x0000000005f30d88]
Event: 1077.504 Thread 0x0000000016b81800 16493       2       com.android.tools.r8.ir.analysis.type.ReferenceTypeLatticeElement::linkDualLattice (39 bytes)
Event: 1077.504 Thread 0x0000000016b81800 nmethod 16493 0x0000000005f31210 code [0x0000000005f31360, 0x0000000005f314d0]

GC Heap History (10 events):
Event: 38.993 GC heap before
{Heap before GC invocations=14 (full 3):
 PSYoungGen      total 254464K, used 236032K [0x00000000e0000000, 0x00000000f1680000, 0x0000000100000000)
  eden space 236032K, 100% used [0x00000000e0000000,0x00000000ee680000,0x00000000ee680000)
  from space 18432K, 0% used [0x00000000efb00000,0x00000000efb00000,0x00000000f0d00000)
  to   space 20992K, 0% used [0x00000000ee680000,0x00000000ee680000,0x00000000efb00000)
 ParOldGen       total 92160K, used 31962K [0x00000000a0000000, 0x00000000a5a00000, 0x00000000e0000000)
  object space 92160K, 34% used [0x00000000a0000000,0x00000000a1f36ba0,0x00000000a5a00000)
 Metaspace       used 66398K, capacity 68328K, committed 68632K, reserved 1107968K
  class space    used 8914K, capacity 9393K, committed 9504K, reserved 1048576K
Event: 39.026 GC heap after
Heap after GC invocations=14 (full 3):
 PSYoungGen      total 257024K, used 20961K [0x00000000e0000000, 0x00000000f4200000, 0x0000000100000000)
  eden space 236032K, 0% used [0x00000000e0000000,0x00000000e0000000,0x00000000ee680000)
  from space 20992K, 99% used [0x00000000ee680000,0x00000000efaf85b8,0x00000000efb00000)
  to   space 25600K, 0% used [0x00000000f2900000,0x00000000f2900000,0x00000000f4200000)
 ParOldGen       total 92160K, used 35872K [0x00000000a0000000, 0x00000000a5a00000, 0x00000000e0000000)
  object space 92160K, 38% used [0x00000000a0000000,0x00000000a2308180,0x00000000a5a00000)
 Metaspace       used 66398K, capacity 68328K, committed 68632K, reserved 1107968K
  class space    used 8914K, capacity 9393K, committed 9504K, reserved 1048576K
}
Event: 52.310 GC heap before
{Heap before GC invocations=15 (full 3):
 PSYoungGen      total 257024K, used 256993K [0x00000000e0000000, 0x00000000f4200000, 0x0000000100000000)
  eden space 236032K, 100% used [0x00000000e0000000,0x00000000ee680000,0x00000000ee680000)
  from space 20992K, 99% used [0x00000000ee680000,0x00000000efaf85b8,0x00000000efb00000)
  to   space 25600K, 0% used [0x00000000f2900000,0x00000000f2900000,0x00000000f4200000)
 ParOldGen       total 92160K, used 35872K [0x00000000a0000000, 0x00000000a5a00000, 0x00000000e0000000)
  object space 92160K, 38% used [0x00000000a0000000,0x00000000a2308180,0x00000000a5a00000)
 Metaspace       used 79890K, capacity 82764K, committed 82968K, reserved 1120256K
  class space    used 10596K, capacity 11179K, committed 11296K, reserved 1048576K
Event: 52.347 GC heap after
Heap after GC invocations=15 (full 3):
 PSYoungGen      total 296960K, used 25570K [0x00000000e0000000, 0x00000000f4b00000, 0x0000000100000000)
  eden space 271360K, 0% used [0x00000000e0000000,0x00000000e0000000,0x00000000f0900000)
  from space 25600K, 99% used [0x00000000f2900000,0x00000000f41f8a90,0x00000000f4200000)
  to   space 32768K, 0% used [0x00000000f0900000,0x00000000f0900000,0x00000000f2900000)
 ParOldGen       total 92160K, used 44286K [0x00000000a0000000, 0x00000000a5a00000, 0x00000000e0000000)
  object space 92160K, 48% used [0x00000000a0000000,0x00000000a2b3f968,0x00000000a5a00000)
 Metaspace       used 79890K, capacity 82764K, committed 82968K, reserved 1120256K
  class space    used 10596K, capacity 11179K, committed 11296K, reserved 1048576K
}
Event: 1071.242 GC heap before
{Heap before GC invocations=16 (full 3):
 PSYoungGen      total 296960K, used 296930K [0x00000000e0000000, 0x00000000f4b00000, 0x0000000100000000)
  eden space 271360K, 100% used [0x00000000e0000000,0x00000000f0900000,0x00000000f0900000)
  from space 25600K, 99% used [0x00000000f2900000,0x00000000f41f8a90,0x00000000f4200000)
  to   space 32768K, 0% used [0x00000000f0900000,0x00000000f0900000,0x00000000f2900000)
 ParOldGen       total 92160K, used 44286K [0x00000000a0000000, 0x00000000a5a00000, 0x00000000e0000000)
  object space 92160K, 48% used [0x00000000a0000000,0x00000000a2b3f968,0x00000000a5a00000)
 Metaspace       used 87156K, capacity 90506K, committed 90648K, reserved 1128448K
  class space    used 11303K, capacity 11984K, committed 12064K, reserved 1048576K
Event: 1071.347 GC heap after
Heap after GC invocations=16 (full 3):
 PSYoungGen      total 292864K, used 32765K [0x00000000e0000000, 0x00000000f4c00000, 0x0000000100000000)
  eden space 260096K, 0% used [0x00000000e0000000,0x00000000e0000000,0x00000000efe00000)
  from space 32768K, 99% used [0x00000000f0900000,0x00000000f28ff778,0x00000000f2900000)
  to   space 35840K, 0% used [0x00000000f2900000,0x00000000f2900000,0x00000000f4c00000)
 ParOldGen       total 92160K, used 49275K [0x00000000a0000000, 0x00000000a5a00000, 0x00000000e0000000)
  object space 92160K, 53% used [0x00000000a0000000,0x00000000a301ee70,0x00000000a5a00000)
 Metaspace       used 87156K, capacity 90506K, committed 90648K, reserved 1128448K
  class space    used 11303K, capacity 11984K, committed 12064K, reserved 1048576K
}
Event: 1074.353 GC heap before
{Heap before GC invocations=17 (full 3):
 PSYoungGen      total 292864K, used 292861K [0x00000000e0000000, 0x00000000f4c00000, 0x0000000100000000)
  eden space 260096K, 100% used [0x00000000e0000000,0x00000000efe00000,0x00000000efe00000)
  from space 32768K, 99% used [0x00000000f0900000,0x00000000f28ff778,0x00000000f2900000)
  to   space 35840K, 0% used [0x00000000f2900000,0x00000000f2900000,0x00000000f4c00000)
 ParOldGen       total 92160K, used 49275K [0x00000000a0000000, 0x00000000a5a00000, 0x00000000e0000000)
  object space 92160K, 53% used [0x00000000a0000000,0x00000000a301ee70,0x00000000a5a00000)
 Metaspace       used 88450K, capacity 91910K, committed 92184K, reserved 1130496K
  class space    used 11352K, capacity 12036K, committed 12064K, reserved 1048576K
Event: 1074.460 GC heap after
Heap after GC invocations=17 (full 3):
 PSYoungGen      total 302080K, used 12958K [0x00000000e0000000, 0x00000000f7c80000, 0x0000000100000000)
  eden space 266240K, 0% used [0x00000000e0000000,0x00000000e0000000,0x00000000f0400000)
  from space 35840K, 36% used [0x00000000f2900000,0x00000000f35a7a60,0x00000000f4c00000)
  to   space 37888K, 0% used [0x00000000f0400000,0x00000000f0400000,0x00000000f2900000)
 ParOldGen       total 92160K, used 69136K [0x00000000a0000000, 0x00000000a5a00000, 0x00000000e0000000)
  object space 92160K, 75% used [0x00000000a0000000,0x00000000a4384210,0x00000000a5a00000)
 Metaspace       used 88450K, capacity 91910K, committed 92184K, reserved 1130496K
  class space    used 11352K, capacity 12036K, committed 12064K, reserved 1048576K
}
Event: 1076.544 GC heap before
{Heap before GC invocations=18 (full 3):
 PSYoungGen      total 302080K, used 279198K [0x00000000e0000000, 0x00000000f7c80000, 0x0000000100000000)
  eden space 266240K, 100% used [0x00000000e0000000,0x00000000f0400000,0x00000000f0400000)
  from space 35840K, 36% used [0x00000000f2900000,0x00000000f35a7a60,0x00000000f4c00000)
  to   space 37888K, 0% used [0x00000000f0400000,0x00000000f0400000,0x00000000f2900000)
 ParOldGen       total 92160K, used 69136K [0x00000000a0000000, 0x00000000a5a00000, 0x00000000e0000000)
  object space 92160K, 75% used [0x00000000a0000000,0x00000000a4384210,0x00000000a5a00000)
 Metaspace       used 88677K, capacity 92106K, committed 92184K, reserved 1130496K
  class space    used 11353K, capacity 12036K, committed 12064K, reserved 1048576K
Event: 1076.582 GC heap after
Heap after GC invocations=18 (full 3):
 PSYoungGen      total 304128K, used 12275K [0x00000000e0000000, 0x00000000f8880000, 0x0000000100000000)
  eden space 266240K, 0% used [0x00000000e0000000,0x00000000e0000000,0x00000000f0400000)
  from space 37888K, 32% used [0x00000000f0400000,0x00000000f0ffcfd0,0x00000000f2900000)
  to   space 36352K, 0% used [0x00000000f6500000,0x00000000f6500000,0x00000000f8880000)
 ParOldGen       total 92160K, used 69144K [0x00000000a0000000, 0x00000000a5a00000, 0x00000000e0000000)
  object space 92160K, 75% used [0x00000000a0000000,0x00000000a4386210,0x00000000a5a00000)
 Metaspace       used 88677K, capacity 92106K, committed 92184K, reserved 1130496K
  class space    used 11353K, capacity 12036K, committed 12064K, reserved 1048576K
}

Deoptimization events (10 events):
Event: 1076.717 Thread 0x000000001bd7f800 Uncommon trap: reason=unstable_if action=reinterpret pc=0x0000000005a114b4 method=java.util.regex.Pattern$BitClass.add(II)Ljava/util/regex/Pattern$BitClass; @ 28
Event: 1076.722 Thread 0x000000001bd7f800 Uncommon trap: reason=class_check action=maybe_recompile pc=0x0000000003c98710 method=java.util.regex.Pattern$CharProperty$1.isSatisfiedBy(I)Z @ 5
Event: 1076.722 Thread 0x000000001bd7f800 Uncommon trap: reason=class_check action=maybe_recompile pc=0x0000000003c98710 method=java.util.regex.Pattern$CharProperty$1.isSatisfiedBy(I)Z @ 5
Event: 1076.722 Thread 0x000000001bd7f800 Uncommon trap: reason=class_check action=maybe_recompile pc=0x0000000003c98710 method=java.util.regex.Pattern$CharProperty$1.isSatisfiedBy(I)Z @ 5
Event: 1076.722 Thread 0x000000001bd7f800 Uncommon trap: reason=class_check action=maybe_recompile pc=0x0000000003c98710 method=java.util.regex.Pattern$CharProperty$1.isSatisfiedBy(I)Z @ 5
Event: 1076.724 Thread 0x000000001bd82000 Uncommon trap: reason=unstable_if action=reinterpret pc=0x0000000005d6ffd8 method=java.util.TimSort.countRunAndMakeAscending([Ljava/lang/Object;IILjava/util/Comparator;)I @ 27
Event: 1076.816 Thread 0x000000001bd7f000 Uncommon trap: reason=unstable_if action=reinterpret pc=0x0000000005c9bc7c method=com.android.tools.r8.ir.conversion.JarSourceCode.buildBlockTransfer(Lcom/android/tools/r8/ir/conversion/IRBuilder;IIZ)V @ 196
Event: 1076.941 Thread 0x000000001bd7f800 Uncommon trap: reason=unstable_if action=reinterpret pc=0x0000000004598d28 method=java.io.BufferedOutputStream.write(I)V @ 9
Event: 1077.390 Thread 0x000000001bd7f000 Uncommon trap: reason=unstable_if action=reinterpret pc=0x0000000005cd284c method=com.android.tools.r8.it.unimi.dsi.fastutil.ints.Int2ReferenceOpenHashMap$MapEntrySet.contains(Ljava/lang/Object;)Z @ 131
Event: 1077.470 Thread 0x000000001bd7f000 Uncommon trap: reason=unstable_if action=reinterpret pc=0x0000000005e1f438 method=com.android.tools.r8.ir.code.Phi.recomputeNeverNull()V @ 4

Classes redefined (0 events):
No events

Internal exceptions (10 events):
Event: 1076.723 Thread 0x000000001bd7f800 Exception <a 'sun/nio/fs/WindowsException'> (0x00000000e14a95e0) thrown at [D:\src\AOSP-openjdk-cygwin\jdk8u\hotspot\src\share\vm\prims\jni.cpp, line 709]
Event: 1076.752 Thread 0x000000001bd82000 Exception <a 'sun/nio/fs/WindowsException'> (0x00000000e0729af8) thrown at [D:\src\AOSP-openjdk-cygwin\jdk8u\hotspot\src\share\vm\prims\jni.cpp, line 709]
Event: 1076.753 Thread 0x000000001bd7f800 Exception <a 'sun/nio/fs/WindowsException'> (0x00000000e14aaa80) thrown at [D:\src\AOSP-openjdk-cygwin\jdk8u\hotspot\src\share\vm\prims\jni.cpp, line 709]
Event: 1076.753 Thread 0x000000001bd7f800 Exception <a 'sun/nio/fs/WindowsException'> (0x00000000e14ab8e8) thrown at [D:\src\AOSP-openjdk-cygwin\jdk8u\hotspot\src\share\vm\prims\jni.cpp, line 709]
Event: 1076.809 Thread 0x000000001bd7f000 Exception <a 'sun/nio/fs/WindowsException'> (0x00000000e194b610) thrown at [D:\src\AOSP-openjdk-cygwin\jdk8u\hotspot\src\share\vm\prims\jni.cpp, line 709]
Event: 1076.840 Thread 0x000000001bd7f000 Exception <a 'sun/nio/fs/WindowsException'> (0x00000000e1c101a0) thrown at [D:\src\AOSP-openjdk-cygwin\jdk8u\hotspot\src\share\vm\prims\jni.cpp, line 709]
Event: 1077.075 Thread 0x000000001c14c000 Exception <a 'sun/nio/fs/WindowsException'> (0x00000000e17f5320) thrown at [D:\src\AOSP-openjdk-cygwin\jdk8u\hotspot\src\share\vm\prims\jni.cpp, line 709]
Event: 1077.170 Thread 0x000000001bd7f000 Exception <a 'sun/nio/fs/WindowsException'> (0x00000000e2b801c0) thrown at [D:\src\AOSP-openjdk-cygwin\jdk8u\hotspot\src\share\vm\prims\jni.cpp, line 709]
Event: 1077.256 Thread 0x000000001bd82000 Exception <a 'sun/nio/fs/WindowsException'> (0x00000000e398aa00) thrown at [D:\src\AOSP-openjdk-cygwin\jdk8u\hotspot\src\share\vm\prims\jni.cpp, line 709]
Event: 1077.299 Thread 0x000000001bd7f800 Exception <a 'sun/nio/fs/WindowsException'> (0x00000000e45305f0) thrown at [D:\src\AOSP-openjdk-cygwin\jdk8u\hotspot\src\share\vm\prims\jni.cpp, line 709]

Events (10 events):
Event: 1077.503 Thread 0x000000001bd7f800 DEOPT PACKING pc=0x0000000004e0d037 sp=0x000000002608bd40
Event: 1077.503 Thread 0x000000001bd7f800 DEOPT UNPACKING pc=0x00000000032475d0 sp=0x000000002608ba68 mode 0
Event: 1077.505 Thread 0x000000001bd7f800 DEOPT PACKING pc=0x0000000004e0d037 sp=0x000000002608bd40
Event: 1077.505 Thread 0x000000001bd7f800 DEOPT UNPACKING pc=0x00000000032475d0 sp=0x000000002608ba68 mode 0
Event: 1077.506 Thread 0x000000001bd7f800 DEOPT PACKING pc=0x0000000004e0d037 sp=0x000000002608bd40
Event: 1077.506 Thread 0x000000001bd7f800 DEOPT UNPACKING pc=0x00000000032475d0 sp=0x000000002608ba68 mode 0
Event: 1077.507 Thread 0x000000001bd7f800 DEOPT PACKING pc=0x0000000004e0d037 sp=0x000000002608bd40
Event: 1077.507 Thread 0x000000001bd7f800 DEOPT UNPACKING pc=0x00000000032475d0 sp=0x000000002608ba68 mode 0
Event: 1077.517 Thread 0x000000001bd7f800 DEOPT PACKING pc=0x0000000004e0d037 sp=0x000000002608bd40
Event: 1077.517 Thread 0x000000001bd7f800 DEOPT UNPACKING pc=0x00000000032475d0 sp=0x000000002608ba68 mode 0


Dynamic libraries:
0x00007ff691830000 - 0x00007ff691861000 	C:\Program Files\Android\Android Studio1\jre\bin\java.exe
0x00007ff8ab300000 - 0x00007ff8ab4e1000 	C:\WINDOWS\SYSTEM32\ntdll.dll
0x00007ff87d4e0000 - 0x00007ff87d4f2000 	C:\Program Files\AVG\Antivirus\aswhook.dll
0x00007ff8a8790000 - 0x00007ff8a8841000 	C:\WINDOWS\System32\KERNEL32.DLL
0x00007ff8a7a40000 - 0x00007ff8a7cb3000 	C:\WINDOWS\System32\KERNELBASE.dll
0x00007ff8aaac0000 - 0x00007ff8aab61000 	C:\WINDOWS\System32\ADVAPI32.dll
0x00007ff8aaf10000 - 0x00007ff8aafae000 	C:\WINDOWS\System32\msvcrt.dll
0x00007ff8ab270000 - 0x00007ff8ab2cb000 	C:\WINDOWS\System32\sechost.dll
0x00007ff8aa910000 - 0x00007ff8aaa34000 	C:\WINDOWS\System32\RPCRT4.dll
0x00007ff8aafb0000 - 0x00007ff8ab140000 	C:\WINDOWS\System32\USER32.dll
0x00007ff8a8060000 - 0x00007ff8a8080000 	C:\WINDOWS\System32\win32u.dll
0x00007ff8aad50000 - 0x00007ff8aad78000 	C:\WINDOWS\System32\GDI32.dll
0x00007ff8a78a0000 - 0x00007ff8a7a31000 	C:\WINDOWS\System32\gdi32full.dll
0x00007ff8a76d0000 - 0x00007ff8a776f000 	C:\WINDOWS\System32\msvcp_win.dll
0x00007ff8a7cc0000 - 0x00007ff8a7db8000 	C:\WINDOWS\System32\ucrtbase.dll
0x00007ff88fe00000 - 0x00007ff890069000 	C:\WINDOWS\WinSxS\amd64_microsoft.windows.common-controls_6595b64144ccf1df_6.0.17134.885_none_fb42a3473065565f\COMCTL32.dll
0x00007ff8aa140000 - 0x00007ff8aa462000 	C:\WINDOWS\System32\combase.dll
0x00007ff8a7820000 - 0x00007ff8a7899000 	C:\WINDOWS\System32\bcryptPrimitives.dll
0x00007ff8aa110000 - 0x00007ff8aa13d000 	C:\WINDOWS\System32\IMM32.DLL
0x0000000071f30000 - 0x0000000072002000 	C:\Program Files\Android\Android Studio1\jre\jre\bin\msvcr100.dll
0x0000000070ea0000 - 0x00000000716e1000 	C:\Program Files\Android\Android Studio1\jre\jre\bin\server\jvm.dll
0x00007ff8aa900000 - 0x00007ff8aa908000 	C:\WINDOWS\System32\PSAPI.DLL
0x00007ff89d390000 - 0x00007ff89d399000 	C:\WINDOWS\SYSTEM32\WSOCK32.dll
0x00007ff8aaa40000 - 0x00007ff8aaaac000 	C:\WINDOWS\System32\WS2_32.dll
0x00007ff89d8f0000 - 0x00007ff89d913000 	C:\WINDOWS\SYSTEM32\WINMM.dll
0x00007ff8a2730000 - 0x00007ff8a273a000 	C:\WINDOWS\SYSTEM32\VERSION.dll
0x00007ff89d620000 - 0x00007ff89d64a000 	C:\WINDOWS\SYSTEM32\WINMMBASE.dll
0x00007ff8a77d0000 - 0x00007ff8a7819000 	C:\WINDOWS\System32\cfgmgr32.dll
0x00007ff8a3930000 - 0x00007ff8a393f000 	C:\Program Files\Android\Android Studio1\jre\jre\bin\verify.dll
0x00007ff89e810000 - 0x00007ff89e839000 	C:\Program Files\Android\Android Studio1\jre\jre\bin\java.dll
0x00007ff89b970000 - 0x00007ff89b986000 	C:\Program Files\Android\Android Studio1\jre\jre\bin\zip.dll
0x00007ff8a8870000 - 0x00007ff8a9cb0000 	C:\WINDOWS\System32\SHELL32.dll
0x00007ff8ab140000 - 0x00007ff8ab1e9000 	C:\WINDOWS\System32\shcore.dll
0x00007ff8a8080000 - 0x00007ff8a878d000 	C:\WINDOWS\System32\windows.storage.dll
0x00007ff8aaeb0000 - 0x00007ff8aaf01000 	C:\WINDOWS\System32\shlwapi.dll
0x00007ff8a76b0000 - 0x00007ff8a76c1000 	C:\WINDOWS\System32\kernel.appcore.dll
0x00007ff8a7610000 - 0x00007ff8a762f000 	C:\WINDOWS\System32\profapi.dll
0x00007ff8a7650000 - 0x00007ff8a769c000 	C:\WINDOWS\System32\powrprof.dll
0x00007ff8a76a0000 - 0x00007ff8a76aa000 	C:\WINDOWS\System32\FLTLIB.DLL
0x00007ff89b8c0000 - 0x00007ff89b8da000 	C:\Program Files\Android\Android Studio1\jre\jre\bin\net.dll
0x00007ff8a6e30000 - 0x00007ff8a6e96000 	C:\WINDOWS\system32\mswsock.dll
0x00007ff89b8a0000 - 0x00007ff89b8b1000 	C:\Program Files\Android\Android Studio1\jre\jre\bin\nio.dll
0x00007ff896480000 - 0x00007ff89649e000 	C:\Users\Diackson Marques\.gradle\native\25\windows-amd64\native-platform.dll
0x00007ff89b960000 - 0x00007ff89b96d000 	C:\Program Files\Android\Android Studio1\jre\jre\bin\management.dll
0x00007ff8a6fe0000 - 0x00007ff8a6ff7000 	C:\WINDOWS\SYSTEM32\CRYPTSP.dll
0x00007ff8a6a20000 - 0x00007ff8a6a53000 	C:\WINDOWS\system32\rsaenh.dll
0x00007ff8a7110000 - 0x00007ff8a7135000 	C:\WINDOWS\SYSTEM32\bcrypt.dll
0x00007ff8a7540000 - 0x00007ff8a7568000 	C:\WINDOWS\SYSTEM32\USERENV.dll
0x00007ff8a7000000 - 0x00007ff8a700b000 	C:\WINDOWS\SYSTEM32\CRYPTBASE.dll
0x00007ff8a6bc0000 - 0x00007ff8a6bf8000 	C:\WINDOWS\SYSTEM32\IPHLPAPI.DLL
0x00007ff8aaab0000 - 0x00007ff8aaab8000 	C:\WINDOWS\System32\NSI.dll
0x00007ff8a08c0000 - 0x00007ff8a08d6000 	C:\WINDOWS\SYSTEM32\dhcpcsvc6.DLL
0x00007ff8a2140000 - 0x00007ff8a215a000 	C:\WINDOWS\SYSTEM32\dhcpcsvc.DLL

VM Arguments:
jvm_args: -Xmx1536m -Dfile.encoding=windows-1252 -Duser.country=BR -Duser.language=pt -Duser.variant 
java_command: org.gradle.launcher.daemon.bootstrap.GradleDaemon 5.1.1
java_class_path (initial): C:\Users\Diackson Marques\.gradle\wrapper\dists\gradle-5.1.1-all\97z1ksx6lirer3kbvdnh7jtjg\gradle-5.1.1\lib\gradle-launcher-5.1.1.jar
Launcher Type: SUN_STANDARD

Environment Variables:
PATH=C:\Program Files (x86)\Common Files\Oracle\Java\javapath;C:\ProgramData\Oracle\Java\javapath;C:\Program Files (x86)\Intel\iCLS Client\;C:\Program Files\Intel\iCLS Client\;C:\WINDOWS\system32;C:\WINDOWS;C:\WINDOWS\System32\Wbem;C:\WINDOWS\System32\WindowsPowerShell\v1.0\;C:\Program Files (x86)\Intel\Intel(R) Management Engine Components\DAL;C:\Program Files\Intel\Intel(R) Management Engine Components\DAL;C:\Program Files (x86)\Intel\Intel(R) Management Engine Components\IPT;C:\Program Files\Intel\Intel(R) Management Engine Components\IPT;C:\WINDOWS\System32\OpenSSH\;C:\Program Files\Git\cmd;C:\Users\Diackson Marques\AppData\Local\Microsoft\WindowsApps;C:\Users\Diackson Marques\AppData\Local\Programs\MiKTeX 2.9\miktex\bin\x64\
USERNAME=Diackson Marques
OS=Windows_NT
PROCESSOR_IDENTIFIER=Intel64 Family 6 Model 142 Stepping 9, GenuineIntel



---------------  S Y S T E M  ---------------

OS: Windows 10.0 , 64 bit Build 17134 (10.0.17134.753)

CPU:total 4 (initial active 4) (2 cores per cpu, 2 threads per core) family 6 model 142 stepping 9, cmov, cx8, fxsr, mmx, sse, sse2, sse3, ssse3, sse4.1, sse4.2, popcnt, avx, avx2, aes, clmul, erms, 3dnowpref, lzcnt, ht, tsc, tscinvbit, bmi1, bmi2, adx

Memory: 4k page, physical 4066916k(126208k free), swap 4271716k(6204k free)

vm_info: OpenJDK 64-Bit Server VM (25.152-b01) for windows-amd64 JRE (1.8.0_152-release-1343-b01), built by "builder" with MS VC++ 10.0 (VS2010)

time: Fri Sep 20 14:04:28 2019
elapsed time: 1077 seconds (0d 0h 17m 57s)

