#
# There is insufficient memory for the Java Runtime Environment to continue.
# Native memory allocation (malloc) failed to allocate 1146096 bytes for Chunk::new
# Possible reasons:
#   The system is out of physical RAM or swap space
#   In 32 bit mode, the process size limit was hit
# Possible solutions:
#   Reduce memory load on the system
#   Increase physical memory or swap space
#   Check if swap backing store is full
#   Use 64 bit Java on a 64 bit OS
#   Decrease Java heap size (-Xmx/-Xms)
#   Decrease number of Java threads
#   Decrease Java thread stack sizes (-Xss)
#   Set larger code cache with -XX:ReservedCodeCacheSize=
# This output file may be truncated or incomplete.
#
#  Out of Memory Error (allocation.cpp:390), pid=10416, tid=0x0000000000001770
#
# JRE version: OpenJDK Runtime Environment (8.0_152-b01) (build 1.8.0_152-release-1343-b01)
# Java VM: OpenJDK 64-Bit Server VM (25.152-b01 mixed mode windows-amd64 compressed oops)
# Failed to write core dump. Minidumps are not enabled by default on client versions of Windows
#

---------------  T H R E A D  ---------------

Current thread (0x000000001642c800):  JavaThread "C2 CompilerThread0" daemon [_thread_in_native, id=6000, stack(0x0000000017ab0000,0x0000000017bb0000)]

Stack: [0x0000000017ab0000,0x0000000017bb0000]
[error occurred during error reporting (printing stack bounds), id 0xc0000005]

Native frames: (J=compiled Java code, j=interpreted, Vv=VM code, C=native code)


Current CompileTask:
C2:   2440 1461   !   4       java.net.URLClassLoader$1::run (63 bytes)


---------------  P R O C E S S  ---------------

Java Threads: ( => current thread )
  0x000000001994b000 JavaThread "Cache worker for file hash cache (C:\Users\Diackson Marques\Desktop\BelezaOnline_2\.gradle\5.1.1\fileHashes)" [_thread_blocked, id=9348, stack(0x000000001d2b0000,0x000000001d3b0000)]
  0x000000001994d000 JavaThread "Cache worker for journal cache (C:\Users\Diackson Marques\.gradle\caches\journal-1)" [_thread_blocked, id=7560, stack(0x000000001bee0000,0x000000001bfe0000)]
  0x000000001994c800 JavaThread "File lock request listener" [_thread_in_native, id=10496, stack(0x000000001bde0000,0x000000001bee0000)]
  0x0000000019917800 JavaThread "Cache worker for file hash cache (C:\Users\Diackson Marques\.gradle\caches\5.1.1\fileHashes)" [_thread_blocked, id=5332, stack(0x000000001bce0000,0x000000001bde0000)]
  0x0000000019639800 JavaThread "Thread-8" [_thread_blocked, id=6104, stack(0x000000001ac10000,0x000000001ad10000)]
  0x0000000018cc0800 JavaThread "Stdin handler" [_thread_blocked, id=10232, stack(0x000000001ab10000,0x000000001ac10000)]
  0x0000000018cbf800 JavaThread "Asynchronous log dispatcher for DefaultDaemonConnection: socket connection from /127.0.0.1:59593 to /127.0.0.1:59594" [_thread_blocked, id=10980, stack(0x000000001aa10000,0x000000001ab10000)]
  0x0000000018ce3000 JavaThread "Daemon worker" [_thread_in_native, id=11116, stack(0x000000001a910000,0x000000001aa10000)]
  0x0000000018ce2800 JavaThread "Cancel handler" [_thread_blocked, id=10436, stack(0x000000001a810000,0x000000001a910000)]
  0x00000000189fb800 JavaThread "Handler for socket connection from /127.0.0.1:59593 to /127.0.0.1:59594" [_thread_in_native, id=4964, stack(0x000000001a510000,0x000000001a610000)]
  0x0000000018a00000 JavaThread "Daemon" [_thread_blocked, id=6556, stack(0x000000001a410000,0x000000001a510000)]
  0x0000000019894000 JavaThread "Daemon periodic checks" [_thread_blocked, id=10160, stack(0x000000001a310000,0x000000001a410000)]
  0x00000000194bf800 JavaThread "Incoming local TCP Connector on port 59593" [_thread_in_native, id=11012, stack(0x000000001a0c0000,0x000000001a1c0000)]
  0x000000001648d800 JavaThread "Service Thread" daemon [_thread_blocked, id=5564, stack(0x00000000181b0000,0x00000000182b0000)]
  0x0000000016439800 JavaThread "C1 CompilerThread2" daemon [_thread_blocked, id=11132, stack(0x0000000017cb0000,0x0000000017db0000)]
  0x0000000016430000 JavaThread "C2 CompilerThread1" daemon [_thread_in_native, id=2856, stack(0x0000000017bb0000,0x0000000017cb0000)]
=>0x000000001642c800 JavaThread "C2 CompilerThread0" daemon [_thread_in_native, id=6000, stack(0x0000000017ab0000,0x0000000017bb0000)]
  0x000000001642b000 JavaThread "Attach Listener" daemon [_thread_blocked, id=2100, stack(0x00000000179b0000,0x0000000017ab0000)]
  0x000000001642a000 JavaThread "Signal Dispatcher" daemon [_thread_blocked, id=10040, stack(0x00000000178b0000,0x00000000179b0000)]
  0x0000000002a8b000 JavaThread "Finalizer" daemon [_thread_blocked, id=3160, stack(0x0000000017690000,0x0000000017790000)]
  0x0000000002a81000 JavaThread "Reference Handler" daemon [_thread_blocked, id=8508, stack(0x0000000017590000,0x0000000017690000)]
  0x000000000282e800 JavaThread "main" [_thread_blocked, id=8032, stack(0x0000000002880000,0x0000000002980000)]

Other Threads:
  0x00000000163f6000 VMThread [stack: 0x0000000017490000,0x0000000017590000] [id=11008]
  0x000000001648e000 WatcherThread [stack: 0x00000000182b0000,0x00000000183b0000] [id=3576]

VM state:not at safepoint (normal execution)

VM Mutex/Monitor currently owned by a thread: None

Heap:
 PSYoungGen      total 70656K, used 12241K [0x00000000e0000000, 0x00000000e4e00000, 0x0000000100000000)
  eden space 64512K, 9% used [0x00000000e0000000,0x00000000e05f89d8,0x00000000e3f00000)
  from space 6144K, 99% used [0x00000000e4600000,0x00000000e4bfbaa0,0x00000000e4c00000)
  to   space 7168K, 0% used [0x00000000e3f00000,0x00000000e3f00000,0x00000000e4600000)
 ParOldGen       total 44032K, used 6060K [0x00000000a0000000, 0x00000000a2b00000, 0x00000000e0000000)
  object space 44032K, 13% used [0x00000000a0000000,0x00000000a05eb2a0,0x00000000a2b00000)
 Metaspace       used 16251K, capacity 16632K, committed 16896K, reserved 1062912K
  class space    used 2320K, capacity 2460K, committed 2560K, reserved 1048576K

Card table byte_map: [0x0000000011e60000,0x0000000012170000] byte_map_base: 0x0000000011960000

Marking Bits: (ParMarkBitMap*) 0x000000006e2b5aa0
 Begin Bits: [0x0000000012770000, 0x0000000013f70000)
 End Bits:   [0x0000000013f70000, 0x0000000015770000)

Polling page: 0x0000000002810000

CodeCache: size=245760Kb used=5307Kb max_used=5307Kb free=240452Kb
 bounds [0x0000000002aa0000, 0x0000000002fe0000, 0x0000000011aa0000]
 total_blobs=1924 nmethods=1531 adapters=306
 compilation: enabled

Compilation events (10 events):
Event: 2.369 Thread 0x0000000016439800 1533       3       org.gradle.internal.service.DefaultServiceRegistry$SingletonService::getService (18 bytes)
Event: 2.369 Thread 0x0000000016439800 nmethod 1533 0x0000000002fcb890 code [0x0000000002fcba20, 0x0000000002fcbc98]
Event: 2.407 Thread 0x0000000016439800 1534       3       sun.misc.ProxyGenerator::codeLocalLoadStore (90 bytes)
Event: 2.408 Thread 0x0000000016439800 nmethod 1534 0x0000000002fcc190 code [0x0000000002fcc3e0, 0x0000000002fcd508]
Event: 2.408 Thread 0x0000000016439800 1535       3       sun.misc.ProxyGenerator$ConstantPool::getMethodRef (33 bytes)
Event: 2.409 Thread 0x0000000016439800 nmethod 1535 0x0000000002fcdb90 code [0x0000000002fcde20, 0x0000000002fcebc8]
Event: 2.409 Thread 0x0000000016439800 1536       3       sun.misc.ProxyGenerator::access$900 (5 bytes)
Event: 2.410 Thread 0x0000000016439800 nmethod 1536 0x0000000002fcf6d0 code [0x0000000002fcf840, 0x0000000002fcfaa8]
Event: 2.410 Thread 0x0000000016439800 1537       3       java.io.ByteArrayOutputStream::<init> (43 bytes)
Event: 2.410 Thread 0x0000000016439800 nmethod 1537 0x0000000002fcfb90 code [0x0000000002fcfd80, 0x0000000002fd06f8]

GC Heap History (10 events):
Event: 0.699 GC heap before
{Heap before GC invocations=2 (full 0):
 PSYoungGen      total 18944K, used 18935K [0x00000000e0000000, 0x00000000e1500000, 0x0000000100000000)
  eden space 16384K, 100% used [0x00000000e0000000,0x00000000e1000000,0x00000000e1000000)
  from space 2560K, 99% used [0x00000000e1000000,0x00000000e127de78,0x00000000e1280000)
  to   space 2560K, 0% used [0x00000000e1280000,0x00000000e1280000,0x00000000e1500000)
 ParOldGen       total 44032K, used 209K [0x00000000a0000000, 0x00000000a2b00000, 0x00000000e0000000)
  object space 44032K, 0% used [0x00000000a0000000,0x00000000a00344a8,0x00000000a2b00000)
 Metaspace       used 6957K, capacity 7158K, committed 7296K, reserved 1056768K
  class space    used 845K, capacity 879K, committed 896K, reserved 1048576K
Event: 0.702 GC heap after
Heap after GC invocations=2 (full 0):
 PSYoungGen      total 18944K, used 2532K [0x00000000e0000000, 0x00000000e2500000, 0x0000000100000000)
  eden space 16384K, 0% used [0x00000000e0000000,0x00000000e0000000,0x00000000e1000000)
  from space 2560K, 98% used [0x00000000e1280000,0x00000000e14f9090,0x00000000e1500000)
  to   space 2560K, 0% used [0x00000000e1000000,0x00000000e1000000,0x00000000e1280000)
 ParOldGen       total 44032K, used 576K [0x00000000a0000000, 0x00000000a2b00000, 0x00000000e0000000)
  object space 44032K, 1% used [0x00000000a0000000,0x00000000a00903c8,0x00000000a2b00000)
 Metaspace       used 6957K, capacity 7158K, committed 7296K, reserved 1056768K
  class space    used 845K, capacity 879K, committed 896K, reserved 1048576K
}
Event: 0.936 GC heap before
{Heap before GC invocations=3 (full 0):
 PSYoungGen      total 18944K, used 18916K [0x00000000e0000000, 0x00000000e2500000, 0x0000000100000000)
  eden space 16384K, 100% used [0x00000000e0000000,0x00000000e1000000,0x00000000e1000000)
  from space 2560K, 98% used [0x00000000e1280000,0x00000000e14f9090,0x00000000e1500000)
  to   space 2560K, 0% used [0x00000000e1000000,0x00000000e1000000,0x00000000e1280000)
 ParOldGen       total 44032K, used 576K [0x00000000a0000000, 0x00000000a2b00000, 0x00000000e0000000)
  object space 44032K, 1% used [0x00000000a0000000,0x00000000a00903c8,0x00000000a2b00000)
 Metaspace       used 7114K, capacity 7330K, committed 7680K, reserved 1056768K
  class space    used 860K, capacity 915K, committed 1024K, reserved 1048576K
Event: 0.940 GC heap after
Heap after GC invocations=3 (full 0):
 PSYoungGen      total 18944K, used 2553K [0x00000000e0000000, 0x00000000e2500000, 0x0000000100000000)
  eden space 16384K, 0% used [0x00000000e0000000,0x00000000e0000000,0x00000000e1000000)
  from space 2560K, 99% used [0x00000000e1000000,0x00000000e127e460,0x00000000e1280000)
  to   space 2560K, 0% used [0x00000000e2280000,0x00000000e2280000,0x00000000e2500000)
 ParOldGen       total 44032K, used 806K [0x00000000a0000000, 0x00000000a2b00000, 0x00000000e0000000)
  object space 44032K, 1% used [0x00000000a0000000,0x00000000a00c9820,0x00000000a2b00000)
 Metaspace       used 7114K, capacity 7330K, committed 7680K, reserved 1056768K
  class space    used 860K, capacity 915K, committed 1024K, reserved 1048576K
}
Event: 1.118 GC heap before
{Heap before GC invocations=4 (full 0):
 PSYoungGen      total 18944K, used 18937K [0x00000000e0000000, 0x00000000e2500000, 0x0000000100000000)
  eden space 16384K, 100% used [0x00000000e0000000,0x00000000e1000000,0x00000000e1000000)
  from space 2560K, 99% used [0x00000000e1000000,0x00000000e127e460,0x00000000e1280000)
  to   space 2560K, 0% used [0x00000000e2280000,0x00000000e2280000,0x00000000e2500000)
 ParOldGen       total 44032K, used 806K [0x00000000a0000000, 0x00000000a2b00000, 0x00000000e0000000)
  object space 44032K, 1% used [0x00000000a0000000,0x00000000a00c9820,0x00000000a2b00000)
 Metaspace       used 8193K, capacity 8432K, committed 8576K, reserved 1056768K
  class space    used 1037K, capacity 1112K, committed 1152K, reserved 1048576K
Event: 1.122 GC heap after
Heap after GC invocations=4 (full 0):
 PSYoungGen      total 35328K, used 2528K [0x00000000e0000000, 0x00000000e2500000, 0x0000000100000000)
  eden space 32768K, 0% used [0x00000000e0000000,0x00000000e0000000,0x00000000e2000000)
  from space 2560K, 98% used [0x00000000e2280000,0x00000000e24f8020,0x00000000e2500000)
  to   space 2560K, 0% used [0x00000000e2000000,0x00000000e2000000,0x00000000e2280000)
 ParOldGen       total 44032K, used 1893K [0x00000000a0000000, 0x00000000a2b00000, 0x00000000e0000000)
  object space 44032K, 4% used [0x00000000a0000000,0x00000000a01d9660,0x00000000a2b00000)
 Metaspace       used 8193K, capacity 8432K, committed 8576K, reserved 1056768K
  class space    used 1037K, capacity 1112K, committed 1152K, reserved 1048576K
}
Event: 1.970 GC heap before
{Heap before GC invocations=5 (full 0):
 PSYoungGen      total 35328K, used 35296K [0x00000000e0000000, 0x00000000e2500000, 0x0000000100000000)
  eden space 32768K, 100% used [0x00000000e0000000,0x00000000e2000000,0x00000000e2000000)
  from space 2560K, 98% used [0x00000000e2280000,0x00000000e24f8020,0x00000000e2500000)
  to   space 2560K, 0% used [0x00000000e2000000,0x00000000e2000000,0x00000000e2280000)
 ParOldGen       total 44032K, used 1893K [0x00000000a0000000, 0x00000000a2b00000, 0x00000000e0000000)
  object space 44032K, 4% used [0x00000000a0000000,0x00000000a01d9660,0x00000000a2b00000)
 Metaspace       used 12777K, capacity 13154K, committed 13440K, reserved 1060864K
  class space    used 1750K, capacity 1871K, committed 1920K, reserved 1048576K
Event: 1.978 GC heap after
Heap after GC invocations=5 (full 0):
 PSYoungGen      total 35328K, used 2543K [0x00000000e0000000, 0x00000000e4c00000, 0x0000000100000000)
  eden space 32768K, 0% used [0x00000000e0000000,0x00000000e0000000,0x00000000e2000000)
  from space 2560K, 99% used [0x00000000e2000000,0x00000000e227bf58,0x00000000e2280000)
  to   space 6144K, 0% used [0x00000000e4600000,0x00000000e4600000,0x00000000e4c00000)
 ParOldGen       total 44032K, used 5609K [0x00000000a0000000, 0x00000000a2b00000, 0x00000000e0000000)
  object space 44032K, 12% used [0x00000000a0000000,0x00000000a057a650,0x00000000a2b00000)
 Metaspace       used 12777K, capacity 13154K, committed 13440K, reserved 1060864K
  class space    used 1750K, capacity 1871K, committed 1920K, reserved 1048576K
}
Event: 2.329 GC heap before
{Heap before GC invocations=6 (full 0):
 PSYoungGen      total 35328K, used 35311K [0x00000000e0000000, 0x00000000e4c00000, 0x0000000100000000)
  eden space 32768K, 100% used [0x00000000e0000000,0x00000000e2000000,0x00000000e2000000)
  from space 2560K, 99% used [0x00000000e2000000,0x00000000e227bf58,0x00000000e2280000)
  to   space 6144K, 0% used [0x00000000e4600000,0x00000000e4600000,0x00000000e4c00000)
 ParOldGen       total 44032K, used 5609K [0x00000000a0000000, 0x00000000a2b00000, 0x00000000e0000000)
  object space 44032K, 12% used [0x00000000a0000000,0x00000000a057a650,0x00000000a2b00000)
 Metaspace       used 15586K, capacity 16024K, committed 16256K, reserved 1062912K
  class space    used 2216K, capacity 2364K, committed 2432K, reserved 1048576K
Event: 2.343 GC heap after
Heap after GC invocations=6 (full 0):
 PSYoungGen      total 70656K, used 6126K [0x00000000e0000000, 0x00000000e4e00000, 0x0000000100000000)
  eden space 64512K, 0% used [0x00000000e0000000,0x00000000e0000000,0x00000000e3f00000)
  from space 6144K, 99% used [0x00000000e4600000,0x00000000e4bfbaa0,0x00000000e4c00000)
  to   space 7168K, 0% used [0x00000000e3f00000,0x00000000e3f00000,0x00000000e4600000)
 ParOldGen       total 44032K, used 6060K [0x00000000a0000000, 0x00000000a2b00000, 0x00000000e0000000)
  object space 44032K, 13% used [0x00000000a0000000,0x00000000a05eb2a0,0x00000000a2b00000)
 Metaspace       used 15586K, capacity 16024K, committed 16256K, reserved 1062912K
  class space    used 2216K, capacity 2364K, committed 2432K, reserved 1048576K
}

Deoptimization events (10 events):
Event: 1.383 Thread 0x000000000282e800 Uncommon trap: reason=unstable_if action=reinterpret pc=0x0000000002dfc0d8 method=java.io.WinNTFileSystem.normalize(Ljava/lang/String;II)Ljava/lang/String; @ 90
Event: 1.787 Thread 0x00000000189fb800 Uncommon trap: reason=unstable_if action=reinterpret pc=0x0000000002e624b0 method=java.util.concurrent.ConcurrentHashMap.putVal(Ljava/lang/Object;Ljava/lang/Object;Z)Ljava/lang/Object; @ 206
Event: 1.840 Thread 0x0000000018ce3000 Uncommon trap: reason=bimorphic action=maybe_recompile pc=0x0000000002d557a0 method=java.util.HashMap.putVal(ILjava/lang/Object;Ljava/lang/Object;ZZ)Ljava/lang/Object; @ 253
Event: 1.840 Thread 0x0000000018ce3000 Uncommon trap: reason=bimorphic action=maybe_recompile pc=0x0000000002d557a0 method=java.util.HashMap.putVal(ILjava/lang/Object;Ljava/lang/Object;ZZ)Ljava/lang/Object; @ 253
Event: 1.841 Thread 0x0000000018ce3000 Uncommon trap: reason=bimorphic action=maybe_recompile pc=0x0000000002d557a0 method=java.util.HashMap.putVal(ILjava/lang/Object;Ljava/lang/Object;ZZ)Ljava/lang/Object; @ 253
Event: 2.009 Thread 0x0000000018ce3000 Uncommon trap: reason=class_check action=maybe_recompile pc=0x0000000002d81b98 method=java.util.regex.Matcher.match(II)Z @ 86
Event: 2.020 Thread 0x0000000018ce3000 Uncommon trap: reason=class_check action=maybe_recompile pc=0x0000000002d81b98 method=java.util.regex.Matcher.match(II)Z @ 86
Event: 2.020 Thread 0x0000000018ce3000 Uncommon trap: reason=class_check action=maybe_recompile pc=0x0000000002d81b98 method=java.util.regex.Matcher.match(II)Z @ 86
Event: 2.020 Thread 0x0000000018ce3000 Uncommon trap: reason=class_check action=maybe_recompile pc=0x0000000002d50f9c method=java.util.regex.Matcher.match(II)Z @ 86
Event: 2.243 Thread 0x0000000018ce3000 Uncommon trap: reason=unstable_if action=reinterpret pc=0x0000000002eca5b4 method=java.lang.String.lastIndexOf([CII[CIII)I @ 66

Classes redefined (0 events):
No events

Internal exceptions (10 events):
Event: 1.790 Thread 0x00000000189fb800 Exception <a 'java/lang/NoSuchMethodError': <clinit>> (0x00000000e0d5f1a0) thrown at [D:\src\AOSP-openjdk-cygwin\jdk8u\hotspot\src\share\vm\prims\jni.cpp, line 1613]
Event: 1.793 Thread 0x00000000189fb800 Exception <a 'java/lang/NoSuchMethodError': <clinit>> (0x00000000e0d72220) thrown at [D:\src\AOSP-openjdk-cygwin\jdk8u\hotspot\src\share\vm\prims\jni.cpp, line 1613]
Event: 1.795 Thread 0x00000000189fb800 Exception <a 'java/lang/NoSuchMethodError': <clinit>> (0x00000000e0d990e8) thrown at [D:\src\AOSP-openjdk-cygwin\jdk8u\hotspot\src\share\vm\prims\jni.cpp, line 1613]
Event: 1.797 Thread 0x00000000189fb800 Exception <a 'java/lang/NoSuchMethodError': <clinit>> (0x00000000e0db0db8) thrown at [D:\src\AOSP-openjdk-cygwin\jdk8u\hotspot\src\share\vm\prims\jni.cpp, line 1613]
Event: 1.797 Thread 0x00000000189fb800 Exception <a 'java/lang/NoSuchMethodError': <clinit>> (0x00000000e0db9880) thrown at [D:\src\AOSP-openjdk-cygwin\jdk8u\hotspot\src\share\vm\prims\jni.cpp, line 1613]
Event: 1.799 Thread 0x00000000189fb800 Exception <a 'java/lang/NoSuchMethodError': <clinit>> (0x00000000e0dcfaf8) thrown at [D:\src\AOSP-openjdk-cygwin\jdk8u\hotspot\src\share\vm\prims\jni.cpp, line 1613]
Event: 1.809 Thread 0x00000000189fb800 Exception <a 'java/lang/NoSuchMethodError': <clinit>> (0x00000000e0e2d668) thrown at [D:\src\AOSP-openjdk-cygwin\jdk8u\hotspot\src\share\vm\prims\jni.cpp, line 1613]
Event: 1.813 Thread 0x00000000189fb800 Exception <a 'java/lang/NoSuchMethodError': <clinit>> (0x00000000e0e59ac0) thrown at [D:\src\AOSP-openjdk-cygwin\jdk8u\hotspot\src\share\vm\prims\jni.cpp, line 1613]
Event: 1.818 Thread 0x00000000189fb800 Exception <a 'java/lang/NoSuchMethodError': <clinit>> (0x00000000e0e87d48) thrown at [D:\src\AOSP-openjdk-cygwin\jdk8u\hotspot\src\share\vm\prims\jni.cpp, line 1613]
Event: 1.818 Thread 0x00000000189fb800 Exception <a 'java/lang/NoSuchMethodError': <clinit>> (0x00000000e0e930e8) thrown at [D:\src\AOSP-openjdk-cygwin\jdk8u\hotspot\src\share\vm\prims\jni.cpp, line 1613]

Events (10 events):
Event: 2.421 loading class org/gradle/api/internal/AsmBackedClassGenerator$ClassBuilderImpl
Event: 2.421 loading class org/gradle/api/internal/AsmBackedClassGenerator$ClassBuilderImpl done
Event: 2.423 loading class org/gradle/api/internal/AsmBackedClassGenerator$MethodCodeBody
Event: 2.423 loading class org/gradle/api/internal/AsmBackedClassGenerator$MethodCodeBody done
Event: 2.424 loading class org/gradle/api/internal/ConventionMapping
Event: 2.424 loading class org/gradle/api/internal/ConventionMapping done
Event: 2.424 loading class org/gradle/api/internal/GeneratedSubclass
Event: 2.424 loading class org/gradle/api/internal/GeneratedSubclass done
Event: 2.424 loading class org/gradle/api/internal/IConventionAware
Event: 2.424 loading class org/gradle/api/internal/IConventionAware done


Dynamic libraries:
0x00007ff7efdf0000 - 0x00007ff7efe21000 	C:\Program Files\Android\Android Studio1\jre\bin\java.exe
0x00007fff9bb50000 - 0x00007fff9bd31000 	C:\WINDOWS\SYSTEM32\ntdll.dll
0x00007fff8ae60000 - 0x00007fff8ae72000 	C:\Program Files\AVG\Antivirus\aswhook.dll
0x00007fff99180000 - 0x00007fff99231000 	C:\WINDOWS\System32\KERNEL32.DLL
0x00007fff98920000 - 0x00007fff98b93000 	C:\WINDOWS\System32\KERNELBASE.dll
0x00007fff9aa40000 - 0x00007fff9aae1000 	C:\WINDOWS\System32\ADVAPI32.dll
0x00007fff99000000 - 0x00007fff9909e000 	C:\WINDOWS\System32\msvcrt.dll
0x00007fff9a8a0000 - 0x00007fff9a8fb000 	C:\WINDOWS\System32\sechost.dll
0x00007fff9b4d0000 - 0x00007fff9b5f4000 	C:\WINDOWS\System32\RPCRT4.dll
0x00007fff9b990000 - 0x00007fff9bb20000 	C:\WINDOWS\System32\USER32.dll
0x00007fff98c20000 - 0x00007fff98c40000 	C:\WINDOWS\System32\win32u.dll
0x00007fff9aaf0000 - 0x00007fff9ab18000 	C:\WINDOWS\System32\GDI32.dll
0x00007fff98de0000 - 0x00007fff98f71000 	C:\WINDOWS\System32\gdi32full.dll
0x00007fff98cf0000 - 0x00007fff98d8f000 	C:\WINDOWS\System32\msvcp_win.dll
0x00007fff98630000 - 0x00007fff98728000 	C:\WINDOWS\System32\ucrtbase.dll
0x00007fff84fc0000 - 0x00007fff85229000 	C:\WINDOWS\WinSxS\amd64_microsoft.windows.common-controls_6595b64144ccf1df_6.0.17134.885_none_fb42a3473065565f\COMCTL32.dll
0x00007fff9b660000 - 0x00007fff9b982000 	C:\WINDOWS\System32\combase.dll
0x00007fff98ba0000 - 0x00007fff98c19000 	C:\WINDOWS\System32\bcryptPrimitives.dll
0x00007fff9b370000 - 0x00007fff9b39d000 	C:\WINDOWS\System32\IMM32.DLL
0x000000006d930000 - 0x000000006da02000 	C:\Program Files\Android\Android Studio1\jre\jre\bin\msvcr100.dll
0x000000006daf0000 - 0x000000006e331000 	C:\Program Files\Android\Android Studio1\jre\jre\bin\server\jvm.dll
0x00007fff9b270000 - 0x00007fff9b278000 	C:\WINDOWS\System32\PSAPI.DLL
0x00007fff8ebe0000 - 0x00007fff8ebe9000 	C:\WINDOWS\SYSTEM32\WSOCK32.dll
0x00007fff9a910000 - 0x00007fff9a97c000 	C:\WINDOWS\System32\WS2_32.dll
0x00007fff84c20000 - 0x00007fff84c43000 	C:\WINDOWS\SYSTEM32\WINMM.dll
0x00007fff931d0000 - 0x00007fff931da000 	C:\WINDOWS\SYSTEM32\VERSION.dll
0x00007fff84bf0000 - 0x00007fff84c1a000 	C:\WINDOWS\SYSTEM32\WINMMBASE.dll
0x00007fff98d90000 - 0x00007fff98dd9000 	C:\WINDOWS\System32\cfgmgr32.dll
0x00007fff895d0000 - 0x00007fff895df000 	C:\Program Files\Android\Android Studio1\jre\jre\bin\verify.dll
0x00007fff78db0000 - 0x00007fff78dd9000 	C:\Program Files\Android\Android Studio1\jre\jre\bin\java.dll
0x00007fff86440000 - 0x00007fff86456000 	C:\Program Files\Android\Android Studio1\jre\jre\bin\zip.dll
0x00007fff99240000 - 0x00007fff9a680000 	C:\WINDOWS\System32\SHELL32.dll
0x00007fff9b420000 - 0x00007fff9b4c9000 	C:\WINDOWS\System32\shcore.dll
0x00007fff97f20000 - 0x00007fff9862d000 	C:\WINDOWS\System32\windows.storage.dll
0x00007fff9a980000 - 0x00007fff9a9d1000 	C:\WINDOWS\System32\shlwapi.dll
0x00007fff97e90000 - 0x00007fff97ea1000 	C:\WINDOWS\System32\kernel.appcore.dll
0x00007fff97e70000 - 0x00007fff97e8f000 	C:\WINDOWS\System32\profapi.dll
0x00007fff97ed0000 - 0x00007fff97f1c000 	C:\WINDOWS\System32\powrprof.dll
0x00007fff97e60000 - 0x00007fff97e6a000 	C:\WINDOWS\System32\FLTLIB.DLL
0x00007fff85830000 - 0x00007fff8584a000 	C:\Program Files\Android\Android Studio1\jre\jre\bin\net.dll
0x00007fff97680000 - 0x00007fff976e6000 	C:\WINDOWS\system32\mswsock.dll
0x00007fff7d510000 - 0x00007fff7d521000 	C:\Program Files\Android\Android Studio1\jre\jre\bin\nio.dll
0x00007fff874c0000 - 0x00007fff874de000 	C:\Users\Diackson Marques\.gradle\native\25\windows-amd64\native-platform.dll
0x00007fff89590000 - 0x00007fff8959d000 	C:\Program Files\Android\Android Studio1\jre\jre\bin\management.dll
0x00007fff97830000 - 0x00007fff97847000 	C:\WINDOWS\SYSTEM32\CRYPTSP.dll
0x00007fff97270000 - 0x00007fff972a3000 	C:\WINDOWS\system32\rsaenh.dll
0x00007fff97960000 - 0x00007fff97985000 	C:\WINDOWS\SYSTEM32\bcrypt.dll
0x00007fff97d60000 - 0x00007fff97d88000 	C:\WINDOWS\SYSTEM32\USERENV.dll
0x00007fff97850000 - 0x00007fff9785b000 	C:\WINDOWS\SYSTEM32\CRYPTBASE.dll
0x00007fff97410000 - 0x00007fff97448000 	C:\WINDOWS\SYSTEM32\IPHLPAPI.DLL
0x00007fff9a900000 - 0x00007fff9a908000 	C:\WINDOWS\System32\NSI.dll
0x00007fff91020000 - 0x00007fff91036000 	C:\WINDOWS\SYSTEM32\dhcpcsvc6.DLL
0x00007fff91250000 - 0x00007fff9126a000 	C:\WINDOWS\SYSTEM32\dhcpcsvc.DLL

VM Arguments:
jvm_args: -Xmx1536m -Dfile.encoding=windows-1252 -Duser.country=BR -Duser.language=pt -Duser.variant 
java_command: org.gradle.launcher.daemon.bootstrap.GradleDaemon 5.1.1
java_class_path (initial): C:\Users\Diackson Marques\.gradle\wrapper\dists\gradle-5.1.1-all\97z1ksx6lirer3kbvdnh7jtjg\gradle-5.1.1\lib\gradle-launcher-5.1.1.jar
Launcher Type: SUN_STANDARD

Environment Variables:
PATH=C:\Program Files (x86)\Common Files\Oracle\Java\javapath;C:\ProgramData\Oracle\Java\javapath;C:\Program Files (x86)\Intel\iCLS Client\;C:\Program Files\Intel\iCLS Client\;C:\WINDOWS\system32;C:\WINDOWS;C:\WINDOWS\System32\Wbem;C:\WINDOWS\System32\WindowsPowerShell\v1.0\;C:\Program Files (x86)\Intel\Intel(R) Management Engine Components\DAL;C:\Program Files\Intel\Intel(R) Management Engine Components\DAL;C:\Program Files (x86)\Intel\Intel(R) Management Engine Components\IPT;C:\Program Files\Intel\Intel(R) Management Engine Components\IPT;C:\WINDOWS\System32\OpenSSH\;C:\Program Files\Git\cmd;C:\Users\Diackson Marques\AppData\Local\Microsoft\WindowsApps;C:\Users\Diackson Marques\AppData\Local\Programs\MiKTeX 2.9\miktex\bin\x64\
USERNAME=Diackson Marques
OS=Windows_NT
PROCESSOR_IDENTIFIER=Intel64 Family 6 Model 142 Stepping 9, GenuineIntel



---------------  S Y S T E M  ---------------

OS: Windows 10.0 , 64 bit Build 17134 (10.0.17134.753)

CPU:total 4 (initial active 4) (2 cores per cpu, 2 threads per core) family 6 model 142 stepping 9, cmov, cx8, fxsr, mmx, sse, sse2, sse3, ssse3, sse4.1, sse4.2, popcnt, avx, avx2, aes, clmul, erms, 3dnowpref, lzcnt, ht, tsc, tscinvbit, bmi1, bmi2, adx

Memory: 4k page, physical 4066916k(109028k free), swap 4271716k(5528k free)

vm_info: OpenJDK 64-Bit Server VM (25.152-b01) for windows-amd64 JRE (1.8.0_152-release-1343-b01), built by "builder" with MS VC++ 10.0 (VS2010)

time: Wed Sep 11 21:32:31 2019
elapsed time: 2 seconds (0d 0h 0m 2s)

