#
# There is insufficient memory for the Java Runtime Environment to continue.
# Native memory allocation (malloc) failed to allocate 1227536 bytes for Chunk::new
# Possible reasons:
#   The system is out of physical RAM or swap space
#   In 32 bit mode, the process size limit was hit
# Possible solutions:
#   Reduce memory load on the system
#   Increase physical memory or swap space
#   Check if swap backing store is full
#   Use 64 bit Java on a 64 bit OS
#   Decrease Java heap size (-Xmx/-Xms)
#   Decrease number of Java threads
#   Decrease Java thread stack sizes (-Xss)
#   Set larger code cache with -XX:ReservedCodeCacheSize=
# This output file may be truncated or incomplete.
#
#  Out of Memory Error (allocation.cpp:390), pid=9968, tid=0x0000000000001790
#
# JRE version: OpenJDK Runtime Environment (8.0_152-b01) (build 1.8.0_152-release-1343-b01)
# Java VM: OpenJDK 64-Bit Server VM (25.152-b01 mixed mode windows-amd64 compressed oops)
# Failed to write core dump. Minidumps are not enabled by default on client versions of Windows
#

---------------  T H R E A D  ---------------

Current thread (0x0000000015bff800):  JavaThread "C2 CompilerThread0" daemon [_thread_in_native, id=6032, stack(0x0000000017290000,0x0000000017390000)]

Stack: [0x0000000017290000,0x0000000017390000]
[error occurred during error reporting (printing stack bounds), id 0xc0000005]

Native frames: (J=compiled Java code, j=interpreted, Vv=VM code, C=native code)


Current CompileTask:
C2:  19874 10027       4       com.sun.tools.javac.jvm.ClassWriter::writeCode (922 bytes)


---------------  P R O C E S S  ---------------

Java Threads: ( => current thread )
  0x0000000017795000 JavaThread "Cache worker for Java compile cache (C:\Users\Diackson Marques\Desktop\BelezaOnline_2\.gradle\5.1.1\javaCompile)" [_thread_blocked, id=10708, stack(0x0000000023570000,0x0000000023670000)]
  0x0000000017795800 JavaThread "Cache worker for Java compile cache (C:\Users\Diackson Marques\.gradle\caches\5.1.1\javaCompile)" [_thread_blocked, id=9616, stack(0x0000000023470000,0x0000000023570000)]
  0x000000001b49c800 JavaThread "Cache worker for execution history cache (C:\Users\Diackson Marques\Desktop\BelezaOnline_2\.gradle\5.1.1\executionHistory)" [_thread_blocked, id=8700, stack(0x0000000023170000,0x0000000023270000)]
  0x000000001b49c000 JavaThread "Execution worker for ':' Thread 3" [_thread_blocked, id=5404, stack(0x0000000023070000,0x0000000023170000)]
  0x000000001b499800 JavaThread "Execution worker for ':' Thread 2" [_thread_blocked, id=9040, stack(0x0000000022f70000,0x0000000023070000)]
  0x000000001b49e000 JavaThread "Execution worker for ':'" [_thread_in_Java, id=10352, stack(0x0000000022e70000,0x0000000022f70000)]
  0x000000001b498000 JavaThread "Cache worker for file content cache (C:\Users\Diackson Marques\Desktop\BelezaOnline_2\.gradle\5.1.1\fileContent)" [_thread_blocked, id=10200, stack(0x0000000022d70000,0x0000000022e70000)]
  0x000000001b496800 JavaThread "Cache worker for file content cache (C:\Users\Diackson Marques\.gradle\caches\5.1.1\fileContent)" [_thread_blocked, id=11144, stack(0x0000000022040000,0x0000000022140000)]
  0x000000001b49b000 JavaThread "Memory manager" [_thread_blocked, id=7376, stack(0x0000000021870000,0x0000000021970000)]
  0x000000001b490800 JavaThread "Cache worker for Build Output Cleanup Cache (C:\Users\Diackson Marques\Desktop\BelezaOnline_2\.gradle\buildOutputCleanup)" [_thread_blocked, id=1236, stack(0x000000001ff90000,0x0000000020090000)]
  0x000000001b493000 JavaThread "Build operations Thread 4" [_thread_blocked, id=3792, stack(0x00000000203a0000,0x00000000204a0000)]
  0x000000001b496000 JavaThread "Build operations Thread 3" [_thread_blocked, id=1092, stack(0x00000000202a0000,0x00000000203a0000)]
  0x000000001b495000 JavaThread "Build operations Thread 2" [_thread_blocked, id=7932, stack(0x00000000201a0000,0x00000000202a0000)]
  0x000000001b492000 JavaThread "Build operations" [_thread_blocked, id=5972, stack(0x00000000200a0000,0x00000000201a0000)]
  0x000000001b493800 JavaThread "Cache worker for execution history cache (C:\Users\Diackson Marques\.gradle\caches\5.1.1\executionHistory)" [_thread_blocked, id=12264, stack(0x000000001f7a0000,0x000000001f8a0000)]
  0x000000001b48f000 JavaThread "Cache worker for cache directory md-rule (C:\Users\Diackson Marques\.gradle\caches\5.1.1\md-rule)" [_thread_blocked, id=4084, stack(0x000000001f3f0000,0x000000001f4f0000)]
  0x000000001b494800 JavaThread "Cache worker for cache directory md-supplier (C:\Users\Diackson Marques\.gradle\caches\5.1.1\md-supplier)" [_thread_blocked, id=5320, stack(0x000000001e070000,0x000000001e170000)]
  0x0000000018f1e000 JavaThread "Cache worker for file hash cache (C:\Users\Diackson Marques\Desktop\BelezaOnline_2\.gradle\5.1.1\fileHashes)" [_thread_blocked, id=2640, stack(0x000000001b9d0000,0x000000001bad0000)]
  0x0000000018f1c800 JavaThread "Cache worker for journal cache (C:\Users\Diackson Marques\.gradle\caches\journal-1)" [_thread_blocked, id=6948, stack(0x000000001a700000,0x000000001a800000)]
  0x0000000018e84800 JavaThread "File lock request listener" [_thread_in_native, id=10848, stack(0x000000001a600000,0x000000001a700000)]
  0x0000000018e84000 JavaThread "Cache worker for file hash cache (C:\Users\Diackson Marques\.gradle\caches\5.1.1\fileHashes)" [_thread_blocked, id=12272, stack(0x000000001a500000,0x000000001a600000)]
  0x00000000190ae000 JavaThread "Thread-8" [_thread_blocked, id=11744, stack(0x000000001a400000,0x000000001a500000)]
  0x0000000018d0f800 JavaThread "Stdin handler" [_thread_blocked, id=3276, stack(0x000000001a300000,0x000000001a400000)]
  0x00000000190ab000 JavaThread "Asynchronous log dispatcher for DefaultDaemonConnection: socket connection from /127.0.0.1:55856 to /127.0.0.1:55857" [_thread_blocked, id=10588, stack(0x000000001a200000,0x000000001a300000)]
  0x000000001923b800 JavaThread "Daemon worker" [_thread_blocked, id=8308, stack(0x000000001a100000,0x000000001a200000)]
  0x0000000018b5c000 JavaThread "Cancel handler" [_thread_blocked, id=5948, stack(0x000000001a000000,0x000000001a100000)]
  0x00000000182d1800 JavaThread "Handler for socket connection from /127.0.0.1:55856 to /127.0.0.1:55857" [_thread_in_native, id=9220, stack(0x0000000019d00000,0x0000000019e00000)]
  0x00000000182d0800 JavaThread "Daemon" [_thread_blocked, id=3108, stack(0x0000000019c00000,0x0000000019d00000)]
  0x0000000018bbc000 JavaThread "Daemon periodic checks" [_thread_blocked, id=1908, stack(0x0000000019b00000,0x0000000019c00000)]
  0x0000000018695800 JavaThread "Incoming local TCP Connector on port 55856" [_thread_in_native, id=11548, stack(0x00000000198a0000,0x00000000199a0000)]
  0x00000000175b8800 JavaThread "Service Thread" daemon [_thread_blocked, id=11288, stack(0x0000000017990000,0x0000000017a90000)]
  0x0000000015c0b000 JavaThread "C1 CompilerThread2" daemon [_thread_blocked, id=2968, stack(0x0000000017490000,0x0000000017590000)]
  0x0000000015c02800 JavaThread "C2 CompilerThread1" daemon [_thread_in_native, id=9500, stack(0x0000000017390000,0x0000000017490000)]
=>0x0000000015bff800 JavaThread "C2 CompilerThread0" daemon [_thread_in_native, id=6032, stack(0x0000000017290000,0x0000000017390000)]
  0x0000000015bfe800 JavaThread "Attach Listener" daemon [_thread_blocked, id=11560, stack(0x0000000017190000,0x0000000017290000)]
  0x0000000015bfb800 JavaThread "Signal Dispatcher" daemon [_thread_blocked, id=4820, stack(0x0000000017090000,0x0000000017190000)]
  0x000000000226c000 JavaThread "Finalizer" daemon [_thread_blocked, id=4640, stack(0x0000000016e70000,0x0000000016f70000)]
  0x0000000015bc8000 JavaThread "Reference Handler" daemon [_thread_blocked, id=9924, stack(0x0000000016d70000,0x0000000016e70000)]
  0x000000000088e800 JavaThread "main" [_thread_blocked, id=10608, stack(0x0000000002070000,0x0000000002170000)]

Other Threads:
  0x0000000015bc6000 VMThread [stack: 0x0000000016c70000,0x0000000016d70000] [id=4920]
  0x00000000175bb000 WatcherThread [stack: 0x0000000017a90000,0x0000000017b90000] [id=9800]

VM state:not at safepoint (normal execution)

VM Mutex/Monitor currently owned by a thread: None

Heap:
 PSYoungGen      total 195584K, used 57236K [0x00000000e0000000, 0x00000000ef480000, 0x0000000100000000)
  eden space 178688K, 22% used [0x00000000e0000000,0x00000000e2765618,0x00000000eae80000)
  from space 16896K, 99% used [0x00000000eca80000,0x00000000edaffdb8,0x00000000edb00000)
  to   space 28672K, 0% used [0x00000000eae80000,0x00000000eae80000,0x00000000eca80000)
 ParOldGen       total 88064K, used 59584K [0x00000000a0000000, 0x00000000a5600000, 0x00000000e0000000)
  object space 88064K, 67% used [0x00000000a0000000,0x00000000a3a30240,0x00000000a5600000)
 Metaspace       used 67800K, capacity 69786K, committed 70040K, reserved 1110016K
  class space    used 8917K, capacity 9330K, committed 9392K, reserved 1048576K

Card table byte_map: [0x0000000011630000,0x0000000011940000] byte_map_base: 0x0000000011130000

Marking Bits: (ParMarkBitMap*) 0x00000000774e5aa0
 Begin Bits: [0x0000000011f40000, 0x0000000013740000)
 End Bits:   [0x0000000013740000, 0x0000000014f40000)

Polling page: 0x0000000000890000

CodeCache: size=245760Kb used=30319Kb max_used=30319Kb free=215440Kb
 bounds [0x0000000002270000, 0x0000000004030000, 0x0000000011270000]
 total_blobs=9816 nmethods=8997 adapters=731
 compilation: enabled

Compilation events (10 events):
Event: 19.825 Thread 0x0000000015c0b000 nmethod 10094 0x0000000004016690 code [0x0000000004016820, 0x0000000004016af8]
Event: 19.826 Thread 0x0000000015c0b000 10095       3       com.sun.tools.javac.jvm.Gen::loadIntConst (23 bytes)
Event: 19.826 Thread 0x0000000015c02800 10098       4       com.sun.tools.javac.jvm.Code::emitop2 (683 bytes)
Event: 19.826 Thread 0x0000000015c0b000 nmethod 10095 0x000000000401a810 code [0x000000000401a9e0, 0x000000000401b098]
Event: 19.827 Thread 0x0000000015c0b000 10096       3       com.sun.tools.javac.jvm.Gen::visitNewArray (194 bytes)
Event: 19.828 Thread 0x0000000015c0b000 nmethod 10096 0x00000000040243d0 code [0x0000000004024760, 0x00000000040261c8]
Event: 19.828 Thread 0x0000000015c0b000 10097       3       com.sun.tools.javac.jvm.Gen::makeNewArray (132 bytes)
Event: 19.830 Thread 0x0000000015c0b000 nmethod 10097 0x0000000004027190 code [0x0000000004027420, 0x00000000040281d8]
Event: 19.830 Thread 0x0000000015c0b000 10099       3       com.sun.tools.javac.jvm.Items$StackItem::duplicate (26 bytes)
Event: 19.831 Thread 0x0000000015c0b000 nmethod 10099 0x0000000004014a10 code [0x0000000004014ba0, 0x0000000004014e58]

GC Heap History (10 events):
Event: 9.529 GC heap before
{Heap before GC invocations=15 (full 2):
 PSYoungGen      total 143360K, used 134656K [0x00000000e0000000, 0x00000000ea100000, 0x0000000100000000)
  eden space 134656K, 100% used [0x00000000e0000000,0x00000000e8380000,0x00000000e8380000)
  from space 8704K, 0% used [0x00000000e8c00000,0x00000000e8c00000,0x00000000e9480000)
  to   space 8704K, 0% used [0x00000000e8380000,0x00000000e8380000,0x00000000e8c00000)
 ParOldGen       total 51712K, used 15973K [0x00000000a0000000, 0x00000000a3280000, 0x00000000e0000000)
  object space 51712K, 30% used [0x00000000a0000000,0x00000000a0f99450,0x00000000a3280000)
 Metaspace       used 47047K, capacity 48098K, committed 48168K, reserved 1091584K
  class space    used 6385K, capacity 6684K, committed 6704K, reserved 1048576K
Event: 9.545 GC heap after
Heap after GC invocations=15 (full 2):
 PSYoungGen      total 143360K, used 8684K [0x00000000e0000000, 0x00000000ebb00000, 0x0000000100000000)
  eden space 134656K, 0% used [0x00000000e0000000,0x00000000e0000000,0x00000000e8380000)
  from space 8704K, 99% used [0x00000000e8380000,0x00000000e8bfb2c8,0x00000000e8c00000)
  to   space 12800K, 0% used [0x00000000eae80000,0x00000000eae80000,0x00000000ebb00000)
 ParOldGen       total 51712K, used 23901K [0x00000000a0000000, 0x00000000a3280000, 0x00000000e0000000)
  object space 51712K, 46% used [0x00000000a0000000,0x00000000a1757780,0x00000000a3280000)
 Metaspace       used 47047K, capacity 48098K, committed 48168K, reserved 1091584K
  class space    used 6385K, capacity 6684K, committed 6704K, reserved 1048576K
}
Event: 10.958 GC heap before
{Heap before GC invocations=16 (full 2):
 PSYoungGen      total 143360K, used 137721K [0x00000000e0000000, 0x00000000ebb00000, 0x0000000100000000)
  eden space 134656K, 95% used [0x00000000e0000000,0x00000000e7e03440,0x00000000e8380000)
  from space 8704K, 99% used [0x00000000e8380000,0x00000000e8bfb2c8,0x00000000e8c00000)
  to   space 12800K, 0% used [0x00000000eae80000,0x00000000eae80000,0x00000000ebb00000)
 ParOldGen       total 51712K, used 23901K [0x00000000a0000000, 0x00000000a3280000, 0x00000000e0000000)
  object space 51712K, 46% used [0x00000000a0000000,0x00000000a1757780,0x00000000a3280000)
 Metaspace       used 57509K, capacity 59016K, committed 59160K, reserved 1099776K
  class space    used 7753K, capacity 8125K, committed 8240K, reserved 1048576K
Event: 10.980 GC heap after
Heap after GC invocations=16 (full 2):
 PSYoungGen      total 176640K, used 12545K [0x00000000e0000000, 0x00000000ebe00000, 0x0000000100000000)
  eden space 163840K, 0% used [0x00000000e0000000,0x00000000e0000000,0x00000000ea000000)
  from space 12800K, 98% used [0x00000000eae80000,0x00000000ebac0680,0x00000000ebb00000)
  to   space 14848K, 0% used [0x00000000ea000000,0x00000000ea000000,0x00000000eae80000)
 ParOldGen       total 51712K, used 31839K [0x00000000a0000000, 0x00000000a3280000, 0x00000000e0000000)
  object space 51712K, 61% used [0x00000000a0000000,0x00000000a1f17db8,0x00000000a3280000)
 Metaspace       used 57509K, capacity 59016K, committed 59160K, reserved 1099776K
  class space    used 7753K, capacity 8125K, committed 8240K, reserved 1048576K
}
Event: 10.980 GC heap before
{Heap before GC invocations=17 (full 3):
 PSYoungGen      total 176640K, used 12545K [0x00000000e0000000, 0x00000000ebe00000, 0x0000000100000000)
  eden space 163840K, 0% used [0x00000000e0000000,0x00000000e0000000,0x00000000ea000000)
  from space 12800K, 98% used [0x00000000eae80000,0x00000000ebac0680,0x00000000ebb00000)
  to   space 14848K, 0% used [0x00000000ea000000,0x00000000ea000000,0x00000000eae80000)
 ParOldGen       total 51712K, used 31839K [0x00000000a0000000, 0x00000000a3280000, 0x00000000e0000000)
  object space 51712K, 61% used [0x00000000a0000000,0x00000000a1f17db8,0x00000000a3280000)
 Metaspace       used 57509K, capacity 59016K, committed 59160K, reserved 1099776K
  class space    used 7753K, capacity 8125K, committed 8240K, reserved 1048576K
Event: 11.221 GC heap after
Heap after GC invocations=17 (full 3):
 PSYoungGen      total 176640K, used 0K [0x00000000e0000000, 0x00000000ebe00000, 0x0000000100000000)
  eden space 163840K, 0% used [0x00000000e0000000,0x00000000e0000000,0x00000000ea000000)
  from space 12800K, 0% used [0x00000000eae80000,0x00000000eae80000,0x00000000ebb00000)
  to   space 14848K, 0% used [0x00000000ea000000,0x00000000ea000000,0x00000000eae80000)
 ParOldGen       total 88064K, used 34294K [0x00000000a0000000, 0x00000000a5600000, 0x00000000e0000000)
  object space 88064K, 38% used [0x00000000a0000000,0x00000000a217dab8,0x00000000a5600000)
 Metaspace       used 57509K, capacity 59016K, committed 59160K, reserved 1099776K
  class space    used 7753K, capacity 8125K, committed 8240K, reserved 1048576K
}
Event: 13.752 GC heap before
{Heap before GC invocations=18 (full 3):
 PSYoungGen      total 176640K, used 163840K [0x00000000e0000000, 0x00000000ebe00000, 0x0000000100000000)
  eden space 163840K, 100% used [0x00000000e0000000,0x00000000ea000000,0x00000000ea000000)
  from space 12800K, 0% used [0x00000000eae80000,0x00000000eae80000,0x00000000ebb00000)
  to   space 14848K, 0% used [0x00000000ea000000,0x00000000ea000000,0x00000000eae80000)
 ParOldGen       total 88064K, used 34294K [0x00000000a0000000, 0x00000000a5600000, 0x00000000e0000000)
  object space 88064K, 38% used [0x00000000a0000000,0x00000000a217dab8,0x00000000a5600000)
 Metaspace       used 61479K, capacity 63384K, committed 63512K, reserved 1103872K
  class space    used 8286K, capacity 8711K, committed 8752K, reserved 1048576K
Event: 13.775 GC heap after
Heap after GC invocations=18 (full 3):
 PSYoungGen      total 178688K, used 14616K [0x00000000e0000000, 0x00000000edb00000, 0x0000000100000000)
  eden space 163840K, 0% used [0x00000000e0000000,0x00000000e0000000,0x00000000ea000000)
  from space 14848K, 98% used [0x00000000ea000000,0x00000000eae461b8,0x00000000eae80000)
  to   space 16896K, 0% used [0x00000000eca80000,0x00000000eca80000,0x00000000edb00000)
 ParOldGen       total 88064K, used 34302K [0x00000000a0000000, 0x00000000a5600000, 0x00000000e0000000)
  object space 88064K, 38% used [0x00000000a0000000,0x00000000a217fab8,0x00000000a5600000)
 Metaspace       used 61479K, capacity 63384K, committed 63512K, reserved 1103872K
  class space    used 8286K, capacity 8711K, committed 8752K, reserved 1048576K
}
Event: 17.034 GC heap before
{Heap before GC invocations=19 (full 3):
 PSYoungGen      total 178688K, used 178456K [0x00000000e0000000, 0x00000000edb00000, 0x0000000100000000)
  eden space 163840K, 100% used [0x00000000e0000000,0x00000000ea000000,0x00000000ea000000)
  from space 14848K, 98% used [0x00000000ea000000,0x00000000eae461b8,0x00000000eae80000)
  to   space 16896K, 0% used [0x00000000eca80000,0x00000000eca80000,0x00000000edb00000)
 ParOldGen       total 88064K, used 34302K [0x00000000a0000000, 0x00000000a5600000, 0x00000000e0000000)
  object space 88064K, 38% used [0x00000000a0000000,0x00000000a217fab8,0x00000000a5600000)
 Metaspace       used 67488K, capacity 69402K, committed 69528K, reserved 1110016K
  class space    used 8914K, capacity 9330K, committed 9392K, reserved 1048576K
Event: 17.123 GC heap after
Heap after GC invocations=19 (full 3):
 PSYoungGen      total 195584K, used 16895K [0x00000000e0000000, 0x00000000ef480000, 0x0000000100000000)
  eden space 178688K, 0% used [0x00000000e0000000,0x00000000e0000000,0x00000000eae80000)
  from space 16896K, 99% used [0x00000000eca80000,0x00000000edaffdb8,0x00000000edb00000)
  to   space 28672K, 0% used [0x00000000eae80000,0x00000000eae80000,0x00000000eca80000)
 ParOldGen       total 88064K, used 59584K [0x00000000a0000000, 0x00000000a5600000, 0x00000000e0000000)
  object space 88064K, 67% used [0x00000000a0000000,0x00000000a3a30240,0x00000000a5600000)
 Metaspace       used 67488K, capacity 69402K, committed 69528K, reserved 1110016K
  class space    used 8914K, capacity 9330K, committed 9392K, reserved 1048576K
}

Deoptimization events (10 events):
Event: 17.380 Thread 0x000000001b49e000 Uncommon trap: reason=bimorphic action=maybe_recompile pc=0x00000000028936c8 method=com.sun.tools.javac.comp.Resolve$LookupFilter.accepts(Lcom/sun/tools/javac/code/Symbol;)Z @ 1
Event: 17.380 Thread 0x000000001b49e000 Uncommon trap: reason=unstable_if action=reinterpret pc=0x0000000003d55404 method=com.sun.tools.javac.code.Scope$Entry.next(Lcom/sun/tools/javac/util/Filter;)Lcom/sun/tools/javac/code/Scope$Entry; @ 23
Event: 17.380 Thread 0x000000001b49e000 Uncommon trap: reason=bimorphic action=maybe_recompile pc=0x00000000028936c8 method=com.sun.tools.javac.comp.Resolve$LookupFilter.accepts(Lcom/sun/tools/javac/code/Symbol;)Z @ 1
Event: 17.380 Thread 0x000000001b49e000 Uncommon trap: reason=unstable_if action=reinterpret pc=0x0000000003d25bdc method=com.sun.tools.javac.code.Scope$Entry.next(Lcom/sun/tools/javac/util/Filter;)Lcom/sun/tools/javac/code/Scope$Entry; @ 23
Event: 17.380 Thread 0x000000001b49e000 Uncommon trap: reason=bimorphic action=maybe_recompile pc=0x00000000028936c8 method=com.sun.tools.javac.comp.Resolve$LookupFilter.accepts(Lcom/sun/tools/javac/code/Symbol;)Z @ 1
Event: 17.380 Thread 0x000000001b49e000 Uncommon trap: reason=bimorphic action=maybe_recompile pc=0x00000000028936c8 method=com.sun.tools.javac.comp.Resolve$LookupFilter.accepts(Lcom/sun/tools/javac/code/Symbol;)Z @ 1
Event: 17.380 Thread 0x000000001b49e000 Uncommon trap: reason=bimorphic action=maybe_recompile pc=0x00000000024cc6d4 method=com.sun.tools.javac.comp.Resolve$LookupFilter.accepts(Lcom/sun/tools/javac/code/Symbol;)Z @ 1
Event: 17.691 Thread 0x000000001b49e000 Uncommon trap: reason=unstable_if action=reinterpret pc=0x0000000003e41abc method=com.sun.tools.javac.code.Scope$Entry.next(Lcom/sun/tools/javac/util/Filter;)Lcom/sun/tools/javac/code/Scope$Entry; @ 23
Event: 17.766 Thread 0x000000001b49e000 Uncommon trap: reason=unstable_if action=reinterpret pc=0x0000000003b1692c method=com.sun.tools.javac.code.Types$18.visitClassType(Lcom/sun/tools/javac/code/Type$ClassType;Ljava/lang/Void;)Lcom/sun/tools/javac/code/Type; @ 75
Event: 19.752 Thread 0x000000001b49e000 Uncommon trap: reason=unstable_if action=reinterpret pc=0x0000000003effad0 method=com.sun.tools.javac.code.Symbol.isDeprecated()Z @ 10

Classes redefined (0 events):
No events

Internal exceptions (10 events):
Event: 11.279 Thread 0x000000001923b800 Exception <a 'java/lang/NoSuchMethodError': java.lang.Object.lambda$static$2(Ljava/util/Set;Ljava/util/Set;)Z> (0x00000000e04d6980) thrown at [D:\src\AOSP-openjdk-cygwin\jdk8u\hotspot\src\share\vm\interpreter\linkResolver.cpp, line 584]
Event: 11.280 Thread 0x000000001923b800 Exception <a 'java/lang/NoSuchMethodError': java.lang.Object.lambda$static$3(Ljava/util/Set;Ljava/util/Set;)Z> (0x00000000e04d92d8) thrown at [D:\src\AOSP-openjdk-cygwin\jdk8u\hotspot\src\share\vm\interpreter\linkResolver.cpp, line 584]
Event: 11.969 Thread 0x00000000190ae000 Exception <a 'java/lang/NoSuchMethodError': <clinit>> (0x00000000e264c838) thrown at [D:\src\AOSP-openjdk-cygwin\jdk8u\hotspot\src\share\vm\prims\jni.cpp, line 1613]
Event: 11.970 Thread 0x00000000190ae000 Exception <a 'java/lang/NoSuchMethodError': <clinit>> (0x00000000e2dcb900) thrown at [D:\src\AOSP-openjdk-cygwin\jdk8u\hotspot\src\share\vm\prims\jni.cpp, line 1613]
Event: 11.971 Thread 0x00000000190ae000 Exception <a 'java/lang/NoSuchMethodError': <clinit>> (0x00000000e2dd7de8) thrown at [D:\src\AOSP-openjdk-cygwin\jdk8u\hotspot\src\share\vm\prims\jni.cpp, line 1613]
Event: 12.020 Thread 0x00000000190ae000 Exception <a 'java/lang/NoSuchMethodError': <clinit>> (0x00000000e2de3cc8) thrown at [D:\src\AOSP-openjdk-cygwin\jdk8u\hotspot\src\share\vm\prims\jni.cpp, line 1613]
Event: 12.022 Thread 0x00000000190ae000 Exception <a 'java/lang/NoSuchMethodError': <clinit>> (0x00000000e3084600) thrown at [D:\src\AOSP-openjdk-cygwin\jdk8u\hotspot\src\share\vm\prims\jni.cpp, line 1613]
Event: 12.022 Thread 0x00000000190ae000 Exception <a 'java/lang/NoSuchMethodError': <clinit>> (0x00000000e3086118) thrown at [D:\src\AOSP-openjdk-cygwin\jdk8u\hotspot\src\share\vm\prims\jni.cpp, line 1613]
Event: 13.077 Thread 0x00000000190ae000 Exception <a 'java/lang/NoSuchMethodError': <clinit>> (0x00000000e7576708) thrown at [D:\src\AOSP-openjdk-cygwin\jdk8u\hotspot\src\share\vm\prims\jni.cpp, line 1613]
Event: 13.806 Thread 0x000000001b49e000 Exception <a 'java/lang/NoSuchMethodError': <clinit>> (0x00000000e032b438) thrown at [D:\src\AOSP-openjdk-cygwin\jdk8u\hotspot\src\share\vm\prims\jni.cpp, line 1613]

Events (10 events):
Event: 18.962 Thread 0x000000001b49e000 DEOPT UNPACKING pc=0x00000000022b75d0 sp=0x0000000022f6ade8 mode 0
Event: 19.068 Thread 0x000000001b49e000 DEOPT PACKING pc=0x00000000024c42e8 sp=0x0000000022f6ac00
Event: 19.068 Thread 0x000000001b49e000 DEOPT UNPACKING pc=0x00000000022b75d0 sp=0x0000000022f6aa50 mode 0
Event: 19.242 Thread 0x000000001b49e000 DEOPT PACKING pc=0x00000000024bf12b sp=0x0000000022f6b0b0
Event: 19.242 Thread 0x000000001b49e000 DEOPT UNPACKING pc=0x00000000022b75d0 sp=0x0000000022f6af38 mode 0
Event: 19.752 Thread 0x000000001b49e000 Uncommon trap: trap_request=0xffffff65 fr.pc=0x0000000003effad0
Event: 19.752 Thread 0x000000001b49e000 DEOPT PACKING pc=0x0000000003effad0 sp=0x0000000022f6ad50
Event: 19.752 Thread 0x000000001b49e000 DEOPT UNPACKING pc=0x00000000022b557b sp=0x0000000022f6acb8 mode 2
Event: 19.762 Thread 0x000000001b49e000 DEOPT PACKING pc=0x0000000003dfd55b sp=0x0000000022f6b2d0
Event: 19.762 Thread 0x000000001b49e000 DEOPT UNPACKING pc=0x00000000022b75d0 sp=0x0000000022f6b088 mode 0


Dynamic libraries:
0x00007ff7db830000 - 0x00007ff7db861000 	C:\Program Files\Android\Android Studio1\jre\bin\java.exe
0x00007ffbb9b20000 - 0x00007ffbb9d10000 	C:\WINDOWS\SYSTEM32\ntdll.dll
0x00007ffb9f130000 - 0x00007ffb9f144000 	C:\Program Files\AVG\Antivirus\aswhook.dll
0x00007ffbb96a0000 - 0x00007ffbb9752000 	C:\WINDOWS\System32\KERNEL32.DLL
0x00007ffbb6ef0000 - 0x00007ffbb7193000 	C:\WINDOWS\System32\KERNELBASE.dll
0x00007ffbb9a30000 - 0x00007ffbb9ad3000 	C:\WINDOWS\System32\ADVAPI32.dll
0x00007ffbb8890000 - 0x00007ffbb892e000 	C:\WINDOWS\System32\msvcrt.dll
0x00007ffbb8bc0000 - 0x00007ffbb8c57000 	C:\WINDOWS\System32\sechost.dll
0x00007ffbb84d0000 - 0x00007ffbb85f0000 	C:\WINDOWS\System32\RPCRT4.dll
0x00007ffbb8670000 - 0x00007ffbb8804000 	C:\WINDOWS\System32\USER32.dll
0x00007ffbb6ec0000 - 0x00007ffbb6ee1000 	C:\WINDOWS\System32\win32u.dll
0x00007ffbb9760000 - 0x00007ffbb9786000 	C:\WINDOWS\System32\GDI32.dll
0x00007ffbb6b50000 - 0x00007ffbb6ce4000 	C:\WINDOWS\System32\gdi32full.dll
0x00007ffbb6ab0000 - 0x00007ffbb6b4e000 	C:\WINDOWS\System32\msvcp_win.dll
0x00007ffbb6cf0000 - 0x00007ffbb6dea000 	C:\WINDOWS\System32\ucrtbase.dll
0x00007ffba40d0000 - 0x00007ffba4355000 	C:\WINDOWS\WinSxS\amd64_microsoft.windows.common-controls_6595b64144ccf1df_6.0.18362.418_none_e6c6b287130d565d\COMCTL32.dll
0x00007ffbb7bd0000 - 0x00007ffbb7f06000 	C:\WINDOWS\System32\combase.dll
0x00007ffbb7970000 - 0x00007ffbb79f0000 	C:\WINDOWS\System32\bcryptPrimitives.dll
0x00007ffbb8b10000 - 0x00007ffbb8b3e000 	C:\WINDOWS\System32\IMM32.DLL
0x00000000503c0000 - 0x0000000050492000 	C:\Program Files\Android\Android Studio1\jre\jre\bin\msvcr100.dll
0x0000000076d20000 - 0x0000000077561000 	C:\Program Files\Android\Android Studio1\jre\jre\bin\server\jvm.dll
0x00007ffbb9790000 - 0x00007ffbb9798000 	C:\WINDOWS\System32\PSAPI.DLL
0x00007ffbad140000 - 0x00007ffbad149000 	C:\WINDOWS\SYSTEM32\WSOCK32.dll
0x00007ffbb97a0000 - 0x00007ffbb980f000 	C:\WINDOWS\System32\WS2_32.dll
0x00007ffbb0730000 - 0x00007ffbb0754000 	C:\WINDOWS\SYSTEM32\WINMM.dll
0x00007ffbb0d60000 - 0x00007ffbb0d6a000 	C:\WINDOWS\SYSTEM32\VERSION.dll
0x00007ffbac1c0000 - 0x00007ffbac1ed000 	C:\WINDOWS\SYSTEM32\WINMMBASE.dll
0x00007ffbb71a0000 - 0x00007ffbb71ea000 	C:\WINDOWS\System32\cfgmgr32.dll
0x00007ffbb0d70000 - 0x00007ffbb0d7f000 	C:\Program Files\Android\Android Studio1\jre\jre\bin\verify.dll
0x00007ffbaa090000 - 0x00007ffbaa0b9000 	C:\Program Files\Android\Android Studio1\jre\jre\bin\java.dll
0x00007ffbac870000 - 0x00007ffbac886000 	C:\Program Files\Android\Android Studio1\jre\jre\bin\zip.dll
0x00007ffbb8cc0000 - 0x00007ffbb93a5000 	C:\WINDOWS\System32\SHELL32.dll
0x00007ffbb8930000 - 0x00007ffbb89d9000 	C:\WINDOWS\System32\shcore.dll
0x00007ffbb71f0000 - 0x00007ffbb796f000 	C:\WINDOWS\System32\windows.storage.dll
0x00007ffbb6a90000 - 0x00007ffbb6aaf000 	C:\WINDOWS\System32\profapi.dll
0x00007ffbb6a20000 - 0x00007ffbb6a6a000 	C:\WINDOWS\System32\powrprof.dll
0x00007ffbb69f0000 - 0x00007ffbb6a00000 	C:\WINDOWS\System32\UMPDC.dll
0x00007ffbb8c60000 - 0x00007ffbb8cb2000 	C:\WINDOWS\System32\shlwapi.dll
0x00007ffbb6a00000 - 0x00007ffbb6a11000 	C:\WINDOWS\System32\kernel.appcore.dll
0x00007ffbb6ea0000 - 0x00007ffbb6eb7000 	C:\WINDOWS\System32\cryptsp.dll
0x00007ffbaa310000 - 0x00007ffbaa32a000 	C:\Program Files\Android\Android Studio1\jre\jre\bin\net.dll
0x00007ffbb6200000 - 0x00007ffbb6267000 	C:\WINDOWS\system32\mswsock.dll
0x00007ffba95b0000 - 0x00007ffba95c1000 	C:\Program Files\Android\Android Studio1\jre\jre\bin\nio.dll
0x00007ffba9200000 - 0x00007ffba921e000 	C:\Users\Diackson Marques\.gradle\native\25\windows-amd64\native-platform.dll
0x00007ffbafdb0000 - 0x00007ffbafdbd000 	C:\Program Files\Android\Android Studio1\jre\jre\bin\management.dll
0x00007ffbb5d70000 - 0x00007ffbb5da3000 	C:\WINDOWS\system32\rsaenh.dll
0x00007ffbb7b40000 - 0x00007ffbb7b66000 	C:\WINDOWS\System32\bcrypt.dll
0x00007ffbb68e0000 - 0x00007ffbb6905000 	C:\WINDOWS\SYSTEM32\USERENV.dll
0x00007ffbb63d0000 - 0x00007ffbb63dc000 	C:\WINDOWS\SYSTEM32\CRYPTBASE.dll
0x00007ffbb5f10000 - 0x00007ffbb5f4a000 	C:\WINDOWS\SYSTEM32\IPHLPAPI.DLL
0x00007ffbb9a20000 - 0x00007ffbb9a28000 	C:\WINDOWS\System32\NSI.dll
0x00007ffbb11e0000 - 0x00007ffbb11f6000 	C:\WINDOWS\SYSTEM32\dhcpcsvc6.DLL
0x00007ffbb22c0000 - 0x00007ffbb22dc000 	C:\WINDOWS\SYSTEM32\dhcpcsvc.DLL
0x00007ffbb5f50000 - 0x00007ffbb601a000 	C:\WINDOWS\SYSTEM32\DNSAPI.dll

VM Arguments:
jvm_args: -Xmx1536m -Dfile.encoding=windows-1252 -Duser.country=BR -Duser.language=pt -Duser.variant 
java_command: org.gradle.launcher.daemon.bootstrap.GradleDaemon 5.1.1
java_class_path (initial): C:\Users\Diackson Marques\.gradle\wrapper\dists\gradle-5.1.1-all\97z1ksx6lirer3kbvdnh7jtjg\gradle-5.1.1\lib\gradle-launcher-5.1.1.jar
Launcher Type: SUN_STANDARD

Environment Variables:
PATH=C:\Program Files (x86)\Common Files\Oracle\Java\javapath;C:\ProgramData\Oracle\Java\javapath;C:\Program Files (x86)\Intel\iCLS Client\;C:\Program Files\Intel\iCLS Client\;C:\WINDOWS\system32;C:\WINDOWS;C:\WINDOWS\System32\Wbem;C:\WINDOWS\System32\WindowsPowerShell\v1.0\;C:\Program Files (x86)\Intel\Intel(R) Management Engine Components\DAL;C:\Program Files\Intel\Intel(R) Management Engine Components\DAL;C:\Program Files (x86)\Intel\Intel(R) Management Engine Components\IPT;C:\Program Files\Intel\Intel(R) Management Engine Components\IPT;C:\WINDOWS\System32\OpenSSH\;C:\Program Files\Git\cmd;C:\Users\Diackson Marques\AppData\Local\Microsoft\WindowsApps;C:\Users\Diackson Marques\AppData\Local\Programs\MiKTeX 2.9\miktex\bin\x64\;
USERNAME=Diackson Marques
OS=Windows_NT
PROCESSOR_IDENTIFIER=Intel64 Family 6 Model 142 Stepping 9, GenuineIntel



---------------  S Y S T E M  ---------------

OS: Windows 10.0 , 64 bit Build 18362 (10.0.18362.329)

CPU:total 4 (initial active 4) (2 cores per cpu, 2 threads per core) family 6 model 142 stepping 9, cmov, cx8, fxsr, mmx, sse, sse2, sse3, ssse3, sse4.1, sse4.2, popcnt, avx, avx2, aes, clmul, erms, 3dnowpref, lzcnt, ht, tsc, tscinvbit, bmi1, bmi2, adx

Memory: 4k page, physical 4066916k(399772k free), swap 4271716k(6316k free)

vm_info: OpenJDK 64-Bit Server VM (25.152-b01) for windows-amd64 JRE (1.8.0_152-release-1343-b01), built by "builder" with MS VC++ 10.0 (VS2010)

time: Mon Nov 04 17:33:53 2019
elapsed time: 19 seconds (0d 0h 0m 19s)

