#
# There is insufficient memory for the Java Runtime Environment to continue.
# Native memory allocation (malloc) failed to allocate 32744 bytes for ChunkPool::allocate
# Possible reasons:
#   The system is out of physical RAM or swap space
#   In 32 bit mode, the process size limit was hit
# Possible solutions:
#   Reduce memory load on the system
#   Increase physical memory or swap space
#   Check if swap backing store is full
#   Use 64 bit Java on a 64 bit OS
#   Decrease Java heap size (-Xmx/-Xms)
#   Decrease number of Java threads
#   Decrease Java thread stack sizes (-Xss)
#   Set larger code cache with -XX:ReservedCodeCacheSize=
# This output file may be truncated or incomplete.
#
#  Out of Memory Error (allocation.cpp:273), pid=2152, tid=0x0000000000001934
#
# JRE version: OpenJDK Runtime Environment (8.0_152-b01) (build 1.8.0_152-release-1343-b01)
# Java VM: OpenJDK 64-Bit Server VM (25.152-b01 mixed mode windows-amd64 compressed oops)
# Failed to write core dump. Minidumps are not enabled by default on client versions of Windows
#

---------------  T H R E A D  ---------------

Current thread (0x000000001675d800):  JavaThread "C2 CompilerThread0" daemon [_thread_in_native, id=6452, stack(0x0000000017dc0000,0x0000000017ec0000)]

Stack: [0x0000000017dc0000,0x0000000017ec0000]
[error occurred during error reporting (printing stack bounds), id 0xc0000005]

Native frames: (J=compiled Java code, j=interpreted, Vv=VM code, C=native code)


Current CompileTask:
C2:1434347 23177       4       com.android.tools.r8.code.BaseInstructionFactory::create (3362 bytes)


---------------  P R O C E S S  ---------------

Java Threads: ( => current thread )
  0x0000000024bef800 JavaThread "ForkJoinPool-4-worker-12" daemon [_thread_blocked, id=8204, stack(0x000000002cad0000,0x000000002cbd0000)]
  0x0000000024bed000 JavaThread "ForkJoinPool-4-worker-10" daemon [_thread_in_Java, id=11548, stack(0x000000002c9d0000,0x000000002cad0000)]
  0x0000000024beb000 JavaThread "ForkJoinPool-4-worker-11" daemon [_thread_blocked, id=6652, stack(0x000000002c8d0000,0x000000002c9d0000)]
  0x0000000024bee000 JavaThread "ForkJoinPool-4-worker-5" daemon [_thread_blocked, id=11784, stack(0x000000002c7d0000,0x000000002c8d0000)]
  0x0000000024bec800 JavaThread "ForkJoinPool-4-worker-7" daemon [_thread_blocked, id=11272, stack(0x000000002c6d0000,0x000000002c7d0000)]
  0x0000000024bf0800 JavaThread "ForkJoinPool-4-worker-6" daemon [_thread_blocked, id=9024, stack(0x000000002c5d0000,0x000000002c6d0000)]
  0x0000000024be9800 JavaThread "ForkJoinPool-4-worker-4" daemon [_thread_blocked, id=6756, stack(0x000000002c4d0000,0x000000002c5d0000)]
  0x0000000024beb800 JavaThread "ForkJoinPool-4-worker-0" daemon [_thread_blocked, id=4932, stack(0x000000002c3d0000,0x000000002c4d0000)]
  0x0000000024be2000 JavaThread "ForkJoinPool-4-worker-3" daemon [_thread_blocked, id=8432, stack(0x000000002c2d0000,0x000000002c3d0000)]
  0x0000000024be3800 JavaThread "ForkJoinPool-4-worker-2" daemon [_thread_blocked, id=11960, stack(0x000000002c1d0000,0x000000002c2d0000)]
  0x0000000024be8800 JavaThread "ForkJoinPool-4-worker-1" daemon [_thread_blocked, id=3832, stack(0x000000002c0d0000,0x000000002c1d0000)]
  0x0000000019a5d800 JavaThread "ForkJoinPool.commonPool-worker-2" daemon [_thread_blocked, id=6064, stack(0x000000002bad0000,0x000000002bbd0000)]
  0x0000000020148800 JavaThread "Cache worker for Java compile cache (C:\Users\Diackson Marques\Desktop\BelezaOnline_2\.gradle\5.1.1\javaCompile)" [_thread_blocked, id=8732, stack(0x000000002b5d0000,0x000000002b6d0000)]
  0x0000000019a62000 JavaThread "stdout" daemon [_thread_in_native, id=2292, stack(0x000000002b4d0000,0x000000002b5d0000)]
  0x0000000019a5f800 JavaThread "stderr" daemon [_thread_in_native, id=10512, stack(0x000000002b3d0000,0x000000002b4d0000)]
  0x0000000019a60800 JavaThread "stdout" daemon [_thread_in_native, id=6664, stack(0x000000002b2d0000,0x000000002b3d0000)]
  0x0000000019a5f000 JavaThread "stderr" daemon [_thread_in_native, id=7060, stack(0x000000002b1d0000,0x000000002b2d0000)]
  0x0000000020147800 JavaThread "stdout" daemon [_thread_in_native, id=3324, stack(0x000000002b0d0000,0x000000002b1d0000)]
  0x000000002014e800 JavaThread "stderr" daemon [_thread_in_native, id=1656, stack(0x000000002afd0000,0x000000002b0d0000)]
  0x000000002014d000 JavaThread "pool-10-thread-1" [_thread_blocked, id=3868, stack(0x000000002aed0000,0x000000002afd0000)]
  0x0000000020145800 JavaThread "Cache worker for execution history cache (C:\Users\Diackson Marques\Desktop\BelezaOnline_2\.gradle\5.1.1\executionHistory)" [_thread_blocked, id=392, stack(0x000000002aad0000,0x000000002abd0000)]
  0x0000000020146000 JavaThread "Execution worker for ':' Thread 3" [_thread_blocked, id=4276, stack(0x000000002a9d0000,0x000000002aad0000)]
  0x0000000020143000 JavaThread "Execution worker for ':' Thread 2" [_thread_blocked, id=11344, stack(0x000000002a8d0000,0x000000002a9d0000)]
  0x0000000020142800 JavaThread "Execution worker for ':'" [_thread_blocked, id=1348, stack(0x000000002a7d0000,0x000000002a8d0000)]
  0x0000000020141800 JavaThread "Cache worker for file content cache (C:\Users\Diackson Marques\Desktop\BelezaOnline_2\.gradle\5.1.1\fileContent)" [_thread_blocked, id=872, stack(0x000000002a6d0000,0x000000002a7d0000)]
  0x0000000020141000 JavaThread "Cache worker for Build Output Cleanup Cache (C:\Users\Diackson Marques\Desktop\BelezaOnline_2\.gradle\buildOutputCleanup)" [_thread_blocked, id=10440, stack(0x000000002a5d0000,0x000000002a6d0000)]
  0x000000001c3f0000 JavaThread "Build operations Thread 4" [_thread_blocked, id=10580, stack(0x000000002a4d0000,0x000000002a5d0000)]
  0x000000001c3ef000 JavaThread "Build operations Thread 3" [_thread_blocked, id=4784, stack(0x000000002a3d0000,0x000000002a4d0000)]
  0x000000001c3ee800 JavaThread "Build operations Thread 2" [_thread_blocked, id=10776, stack(0x000000002a2d0000,0x000000002a3d0000)]
  0x000000001c3eb800 JavaThread "Build operations" [_thread_blocked, id=1872, stack(0x000000002a1d0000,0x000000002a2d0000)]
  0x000000001c3ec000 JavaThread "Cache worker for cache directory md-rule (C:\Users\Diackson Marques\.gradle\caches\5.1.1\md-rule)" [_thread_blocked, id=4980, stack(0x000000002a0d0000,0x000000002a1d0000)]
  0x000000001c3ed000 JavaThread "Cache worker for cache directory md-supplier (C:\Users\Diackson Marques\.gradle\caches\5.1.1\md-supplier)" [_thread_blocked, id=6948, stack(0x0000000029fd0000,0x000000002a0d0000)]
  0x000000001c3e3800 JavaThread "Cache worker for file hash cache (C:\Users\Diackson Marques\Desktop\BelezaOnline_2\.gradle\5.1.1\fileHashes)" [_thread_blocked, id=5056, stack(0x0000000029ed0000,0x0000000029fd0000)]
  0x000000001c3e3000 JavaThread "Thread-87" [_thread_blocked, id=4396, stack(0x0000000029dd0000,0x0000000029ed0000)]
  0x000000001c3e7800 JavaThread "Asynchronous log dispatcher for DefaultDaemonConnection: socket connection from /127.0.0.1:49157 to /127.0.0.1:49514" [_thread_blocked, id=9420, stack(0x0000000029bd0000,0x0000000029cd0000)]
  0x000000001c3e1800 JavaThread "Daemon worker Thread 4" [_thread_in_native, id=10140, stack(0x0000000029ad0000,0x0000000029bd0000)]
  0x000000001c3e7000 JavaThread "Cancel handler" [_thread_blocked, id=5960, stack(0x00000000299d0000,0x0000000029ad0000)]
  0x000000001c3e6000 JavaThread "Handler for socket connection from /127.0.0.1:49157 to /127.0.0.1:49514" [_thread_in_native, id=3744, stack(0x00000000298d0000,0x00000000299d0000)]
  0x000000001c3e8800 JavaThread "Daemon Thread 4" [_thread_blocked, id=8604, stack(0x00000000297d0000,0x00000000298d0000)]
  0x000000001c3ea800 JavaThread "Cache worker for Java compile cache (C:\Users\Diackson Marques\.gradle\caches\5.1.1\javaCompile)" [_thread_blocked, id=856, stack(0x00000000232b0000,0x00000000233b0000)]
  0x000000001c3e9000 JavaThread "Cache worker for file content cache (C:\Users\Diackson Marques\.gradle\caches\5.1.1\fileContent)" [_thread_blocked, id=8272, stack(0x00000000227b0000,0x00000000228b0000)]
  0x000000001c3e5000 JavaThread "Memory manager" [_thread_blocked, id=8408, stack(0x00000000226b0000,0x00000000227b0000)]
  0x0000000019a5e000 JavaThread "Cache worker for execution history cache (C:\Users\Diackson Marques\.gradle\caches\5.1.1\executionHistory)" [_thread_blocked, id=10196, stack(0x000000001f620000,0x000000001f720000)]
  0x0000000019a5b000 JavaThread "Cache worker for journal cache (C:\Users\Diackson Marques\.gradle\caches\journal-1)" [_thread_blocked, id=4724, stack(0x000000001b220000,0x000000001b320000)]
  0x0000000019a91000 JavaThread "File lock request listener" [_thread_in_native, id=11636, stack(0x000000001b120000,0x000000001b220000)]
  0x0000000019a90800 JavaThread "Cache worker for file hash cache (C:\Users\Diackson Marques\.gradle\caches\5.1.1\fileHashes)" [_thread_blocked, id=2384, stack(0x000000001b020000,0x000000001b120000)]
  0x00000000198f8800 JavaThread "Daemon periodic checks" [_thread_blocked, id=5168, stack(0x000000001a620000,0x000000001a720000)]
  0x0000000019632800 JavaThread "Incoming local TCP Connector on port 49157" [_thread_in_native, id=10952, stack(0x000000001a3d0000,0x000000001a4d0000)]
  0x00000000180e8800 JavaThread "Service Thread" daemon [_thread_blocked, id=5624, stack(0x00000000184c0000,0x00000000185c0000)]
  0x000000001676b000 JavaThread "C1 CompilerThread2" daemon [_thread_blocked, id=8780, stack(0x0000000017fc0000,0x00000000180c0000)]
  0x0000000016761000 JavaThread "C2 CompilerThread1" daemon [_thread_in_native, id=1320, stack(0x0000000017ec0000,0x0000000017fc0000)]
=>0x000000001675d800 JavaThread "C2 CompilerThread0" daemon [_thread_in_native, id=6452, stack(0x0000000017dc0000,0x0000000017ec0000)]
  0x000000001675c000 JavaThread "Attach Listener" daemon [_thread_blocked, id=5524, stack(0x0000000017cc0000,0x0000000017dc0000)]
  0x000000001675b000 JavaThread "Signal Dispatcher" daemon [_thread_blocked, id=9296, stack(0x0000000017bc0000,0x0000000017cc0000)]
  0x0000000002deb800 JavaThread "Finalizer" daemon [_thread_blocked, id=7856, stack(0x00000000179b0000,0x0000000017ab0000)]
  0x0000000002de0000 JavaThread "Reference Handler" daemon [_thread_blocked, id=11300, stack(0x00000000178b0000,0x00000000179b0000)]
  0x000000000139e800 JavaThread "main" [_thread_blocked, id=2760, stack(0x0000000002bf0000,0x0000000002cf0000)]

Other Threads:
  0x0000000016726000 VMThread [stack: 0x00000000177b0000,0x00000000178b0000] [id=11472]
  0x00000000167bd800 WatcherThread [stack: 0x00000000185c0000,0x00000000186c0000] [id=12028]

VM state:not at safepoint (normal execution)

VM Mutex/Monitor currently owned by a thread: None

Heap:
 PSYoungGen      total 188416K, used 116570K [0x00000000e0000000, 0x00000000edf00000, 0x0000000100000000)
  eden space 153600K, 53% used [0x00000000e0000000,0x00000000e4fd89f8,0x00000000e9600000)
  from space 34816K, 99% used [0x00000000eb900000,0x00000000edafdf28,0x00000000edb00000)
  to   space 35840K, 0% used [0x00000000e9600000,0x00000000e9600000,0x00000000eb900000)
 ParOldGen       total 132096K, used 110438K [0x00000000a0000000, 0x00000000a8100000, 0x00000000e0000000)
  object space 132096K, 83% used [0x00000000a0000000,0x00000000a6bd9840,0x00000000a8100000)
 Metaspace       used 102571K, capacity 107364K, committed 107672K, reserved 1142784K
  class space    used 12785K, capacity 13624K, committed 13728K, reserved 1048576K

Card table byte_map: [0x00000000121b0000,0x00000000124c0000] byte_map_base: 0x0000000011cb0000

Marking Bits: (ParMarkBitMap*) 0x000000006a9f5aa0
 Begin Bits: [0x0000000012ac0000, 0x00000000142c0000)
 End Bits:   [0x00000000142c0000, 0x0000000015ac0000)

Polling page: 0x0000000001150000

CodeCache: size=245760Kb used=64945Kb max_used=65155Kb free=180814Kb
 bounds [0x0000000002df0000, 0x0000000006e30000, 0x0000000011df0000]
 total_blobs=19833 nmethods=18897 adapters=846
 compilation: enabled

Compilation events (10 events):
Event: 1433.912 Thread 0x000000001676b000 23243       2       com.android.tools.r8.utils.LebUtils::putUleb128 (42 bytes)
Event: 1433.912 Thread 0x000000001676b000 nmethod 23243 0x0000000004d544d0 code [0x0000000004d54660, 0x0000000004d548d8]
Event: 1433.915 Thread 0x000000001676b000 23244 %     2       java.util.TimSort::mergeHi @ 191 (732 bytes)
Event: 1433.917 Thread 0x000000001676b000 nmethod 23244% 0x0000000004c9e690 code [0x0000000004c9e920, 0x0000000004ca00f8]
Event: 1433.919 Thread 0x000000001676b000 23246       2       java.util.TimSort::mergeHi (732 bytes)
Event: 1433.921 Thread 0x000000001676b000 nmethod 23246 0x0000000004bb9e10 code [0x0000000004bba0a0, 0x0000000004bbb7b8]
Event: 1433.924 Thread 0x000000001676b000 23248 %     3       com.android.tools.r8.dex.FileWriter::writeEncodedArray @ 38 (70 bytes)
Event: 1433.924 Thread 0x000000001676b000 nmethod 23248% 0x0000000003c9cc10 code [0x0000000003c9cde0, 0x0000000003c9d528]
Event: 1433.926 Thread 0x000000001676b000 23249       2       com.android.tools.r8.dex.FileWriter::writeFixedSectionItems (65 bytes)
Event: 1433.927 Thread 0x000000001676b000 nmethod 23249 0x00000000069e6a90 code [0x00000000069e6c00, 0x00000000069e6e08]

GC Heap History (10 events):
Event: 1424.362 GC heap before
{Heap before GC invocations=34 (full 4):
 PSYoungGen      total 180224K, used 170349K [0x00000000e0000000, 0x00000000edb00000, 0x0000000100000000)
  eden space 146944K, 100% used [0x00000000e0000000,0x00000000e8f80000,0x00000000e8f80000)
  from space 33280K, 70% used [0x00000000e8f80000,0x00000000ea65b458,0x00000000eb000000)
  to   space 34816K, 0% used [0x00000000eb900000,0x00000000eb900000,0x00000000edb00000)
 ParOldGen       total 132096K, used 67291K [0x00000000a0000000, 0x00000000a8100000, 0x00000000e0000000)
  object space 132096K, 50% used [0x00000000a0000000,0x00000000a41b6e70,0x00000000a8100000)
 Metaspace       used 101634K, capacity 106242K, committed 106520K, reserved 1142784K
  class space    used 12744K, capacity 13569K, committed 13600K, reserved 1048576K
Event: 1424.394 GC heap after
Heap after GC invocations=34 (full 4):
 PSYoungGen      total 188416K, used 23647K [0x00000000e0000000, 0x00000000edf00000, 0x0000000100000000)
  eden space 153600K, 0% used [0x00000000e0000000,0x00000000e0000000,0x00000000e9600000)
  from space 34816K, 67% used [0x00000000eb900000,0x00000000ed017c28,0x00000000edb00000)
  to   space 35840K, 0% used [0x00000000e9600000,0x00000000e9600000,0x00000000eb900000)
 ParOldGen       total 132096K, used 67299K [0x00000000a0000000, 0x00000000a8100000, 0x00000000e0000000)
  object space 132096K, 50% used [0x00000000a0000000,0x00000000a41b8e70,0x00000000a8100000)
 Metaspace       used 101634K, capacity 106242K, committed 106520K, reserved 1142784K
  class space    used 12744K, capacity 13569K, committed 13600K, reserved 1048576K
}
Event: 1425.474 GC heap before
{Heap before GC invocations=35 (full 4):
 PSYoungGen      total 188416K, used 177247K [0x00000000e0000000, 0x00000000edf00000, 0x0000000100000000)
  eden space 153600K, 100% used [0x00000000e0000000,0x00000000e9600000,0x00000000e9600000)
  from space 34816K, 67% used [0x00000000eb900000,0x00000000ed017c28,0x00000000edb00000)
  to   space 35840K, 0% used [0x00000000e9600000,0x00000000e9600000,0x00000000eb900000)
 ParOldGen       total 132096K, used 67299K [0x00000000a0000000, 0x00000000a8100000, 0x00000000e0000000)
  object space 132096K, 50% used [0x00000000a0000000,0x00000000a41b8e70,0x00000000a8100000)
 Metaspace       used 101997K, capacity 106702K, committed 106776K, reserved 1142784K
  class space    used 12768K, capacity 13581K, committed 13600K, reserved 1048576K
Event: 1425.514 GC heap after
Heap after GC invocations=35 (full 4):
 PSYoungGen      total 189440K, used 25173K [0x00000000e0000000, 0x00000000edf00000, 0x0000000100000000)
  eden space 153600K, 0% used [0x00000000e0000000,0x00000000e0000000,0x00000000e9600000)
  from space 35840K, 70% used [0x00000000e9600000,0x00000000eae95730,0x00000000eb900000)
  to   space 34816K, 0% used [0x00000000eb900000,0x00000000eb900000,0x00000000edb00000)
 ParOldGen       total 132096K, used 67299K [0x00000000a0000000, 0x00000000a8100000, 0x00000000e0000000)
  object space 132096K, 50% used [0x00000000a0000000,0x00000000a41b8e70,0x00000000a8100000)
 Metaspace       used 101997K, capacity 106702K, committed 106776K, reserved 1142784K
  class space    used 12768K, capacity 13581K, committed 13600K, reserved 1048576K
}
Event: 1426.758 GC heap before
{Heap before GC invocations=36 (full 4):
 PSYoungGen      total 189440K, used 178648K [0x00000000e0000000, 0x00000000edf00000, 0x0000000100000000)
  eden space 153600K, 99% used [0x00000000e0000000,0x00000000e95e0c98,0x00000000e9600000)
  from space 35840K, 70% used [0x00000000e9600000,0x00000000eae95730,0x00000000eb900000)
  to   space 34816K, 0% used [0x00000000eb900000,0x00000000eb900000,0x00000000edb00000)
 ParOldGen       total 132096K, used 67299K [0x00000000a0000000, 0x00000000a8100000, 0x00000000e0000000)
  object space 132096K, 50% used [0x00000000a0000000,0x00000000a41b8e70,0x00000000a8100000)
 Metaspace       used 102152K, capacity 106790K, committed 107032K, reserved 1142784K
  class space    used 12770K, capacity 13583K, committed 13600K, reserved 1048576K
Event: 1426.796 GC heap after
Heap after GC invocations=36 (full 4):
 PSYoungGen      total 188416K, used 26414K [0x00000000e0000000, 0x00000000edf00000, 0x0000000100000000)
  eden space 153600K, 0% used [0x00000000e0000000,0x00000000e0000000,0x00000000e9600000)
  from space 34816K, 75% used [0x00000000eb900000,0x00000000ed2cbbe0,0x00000000edb00000)
  to   space 35840K, 0% used [0x00000000e9600000,0x00000000e9600000,0x00000000eb900000)
 ParOldGen       total 132096K, used 67307K [0x00000000a0000000, 0x00000000a8100000, 0x00000000e0000000)
  object space 132096K, 50% used [0x00000000a0000000,0x00000000a41bae70,0x00000000a8100000)
 Metaspace       used 102152K, capacity 106790K, committed 107032K, reserved 1142784K
  class space    used 12770K, capacity 13583K, committed 13600K, reserved 1048576K
}
Event: 1429.389 GC heap before
{Heap before GC invocations=37 (full 4):
 PSYoungGen      total 188416K, used 180014K [0x00000000e0000000, 0x00000000edf00000, 0x0000000100000000)
  eden space 153600K, 100% used [0x00000000e0000000,0x00000000e9600000,0x00000000e9600000)
  from space 34816K, 75% used [0x00000000eb900000,0x00000000ed2cbbe0,0x00000000edb00000)
  to   space 35840K, 0% used [0x00000000e9600000,0x00000000e9600000,0x00000000eb900000)
 ParOldGen       total 132096K, used 67307K [0x00000000a0000000, 0x00000000a8100000, 0x00000000e0000000)
  object space 132096K, 50% used [0x00000000a0000000,0x00000000a41bae70,0x00000000a8100000)
 Metaspace       used 102418K, capacity 107184K, committed 107288K, reserved 1142784K
  class space    used 12780K, capacity 13590K, committed 13600K, reserved 1048576K
Event: 1429.546 GC heap after
Heap after GC invocations=37 (full 4):
 PSYoungGen      total 189440K, used 35809K [0x00000000e0000000, 0x00000000edf00000, 0x0000000100000000)
  eden space 153600K, 0% used [0x00000000e0000000,0x00000000e0000000,0x00000000e9600000)
  from space 35840K, 99% used [0x00000000e9600000,0x00000000eb8f8538,0x00000000eb900000)
  to   space 34816K, 0% used [0x00000000eb900000,0x00000000eb900000,0x00000000edb00000)
 ParOldGen       total 132096K, used 97672K [0x00000000a0000000, 0x00000000a8100000, 0x00000000e0000000)
  object space 132096K, 73% used [0x00000000a0000000,0x00000000a5f62268,0x00000000a8100000)
 Metaspace       used 102418K, capacity 107184K, committed 107288K, reserved 1142784K
  class space    used 12780K, capacity 13590K, committed 13600K, reserved 1048576K
}
Event: 1433.393 GC heap before
{Heap before GC invocations=38 (full 4):
 PSYoungGen      total 189440K, used 189409K [0x00000000e0000000, 0x00000000edf00000, 0x0000000100000000)
  eden space 153600K, 100% used [0x00000000e0000000,0x00000000e9600000,0x00000000e9600000)
  from space 35840K, 99% used [0x00000000e9600000,0x00000000eb8f8538,0x00000000eb900000)
  to   space 34816K, 0% used [0x00000000eb900000,0x00000000eb900000,0x00000000edb00000)
 ParOldGen       total 132096K, used 97672K [0x00000000a0000000, 0x00000000a8100000, 0x00000000e0000000)
  object space 132096K, 73% used [0x00000000a0000000,0x00000000a5f62268,0x00000000a8100000)
 Metaspace       used 102500K, capacity 107252K, committed 107288K, reserved 1142784K
  class space    used 12780K, capacity 13590K, committed 13600K, reserved 1048576K
Event: 1433.445 GC heap after
Heap after GC invocations=38 (full 4):
 PSYoungGen      total 188416K, used 34807K [0x00000000e0000000, 0x00000000edf00000, 0x0000000100000000)
  eden space 153600K, 0% used [0x00000000e0000000,0x00000000e0000000,0x00000000e9600000)
  from space 34816K, 99% used [0x00000000eb900000,0x00000000edafdf28,0x00000000edb00000)
  to   space 35840K, 0% used [0x00000000e9600000,0x00000000e9600000,0x00000000eb900000)
 ParOldGen       total 132096K, used 110438K [0x00000000a0000000, 0x00000000a8100000, 0x00000000e0000000)
  object space 132096K, 83% used [0x00000000a0000000,0x00000000a6bd9840,0x00000000a8100000)
 Metaspace       used 102500K, capacity 107252K, committed 107288K, reserved 1142784K
  class space    used 12780K, capacity 13590K, committed 13600K, reserved 1048576K
}

Deoptimization events (10 events):
Event: 1433.736 Thread 0x0000000024bef800 Uncommon trap: reason=null_check action=make_not_entrant pc=0x0000000006cab2e8 method=com.android.tools.r8.dex.DexParser.debugInfoAt(I)Lcom/android/tools/r8/graph/DexDebugInfo; @ 11
Event: 1433.743 Thread 0x0000000024bef800 Uncommon trap: reason=unstable_if action=reinterpret pc=0x0000000006dae040 method=com.android.tools.r8.it.unimi.dsi.fastutil.objects.Object2IntLinkedOpenHashMap.put(Ljava/lang/Object;I)I @ 8
Event: 1433.744 Thread 0x0000000024bef800 Uncommon trap: reason=unstable_if action=reinterpret pc=0x0000000006dd9db4 method=com.android.tools.r8.it.unimi.dsi.fastutil.objects.Reference2IntLinkedOpenHashMap.insert(Ljava/lang/Object;I)I @ 63
Event: 1433.744 Thread 0x0000000024bef800 Uncommon trap: reason=unstable_if action=reinterpret pc=0x0000000006d8c168 method=com.android.tools.r8.it.unimi.dsi.fastutil.objects.Reference2IntLinkedOpenHashMap.insert(Ljava/lang/Object;I)I @ 63
Event: 1433.745 Thread 0x0000000024bef800 Uncommon trap: reason=unstable_if action=reinterpret pc=0x0000000006d947b4 method=com.android.tools.r8.it.unimi.dsi.fastutil.objects.Reference2IntLinkedOpenHashMap.insert(Ljava/lang/Object;I)I @ 63
Event: 1433.905 Thread 0x0000000024bec800 Uncommon trap: reason=array_check action=maybe_recompile pc=0x0000000006d26118 method=java.util.TimSort.mergeHi(IIII)V @ 171
Event: 1433.905 Thread 0x0000000024bec800 Uncommon trap: reason=array_check action=maybe_recompile pc=0x0000000006d1d214 method=java.util.TimSort.mergeLo(IIII)V @ 133
Event: 1433.906 Thread 0x0000000024bec800 Uncommon trap: reason=array_check action=maybe_recompile pc=0x0000000006d26118 method=java.util.TimSort.mergeHi(IIII)V @ 171
Event: 1433.906 Thread 0x0000000024bec800 Uncommon trap: reason=array_check action=maybe_recompile pc=0x0000000006d1d214 method=java.util.TimSort.mergeLo(IIII)V @ 133
Event: 1433.911 Thread 0x0000000024bec800 Uncommon trap: reason=unstable_if action=reinterpret pc=0x0000000006d811fc method=com.android.tools.r8.dex.DexOutputBuffer.ensureSpaceFor(I)V @ 8

Classes redefined (0 events):
No events

Internal exceptions (10 events):
Event: 1433.366 Thread 0x0000000024bed000 Exception <a 'sun/nio/fs/WindowsException'> (0x00000000e7e68fd8) thrown at [D:\src\AOSP-openjdk-cygwin\jdk8u\hotspot\src\share\vm\prims\jni.cpp, line 709]
Event: 1433.747 Thread 0x0000000024bef800 Exception <a 'sun/nio/fs/WindowsException'> (0x00000000e319bbf8) thrown at [D:\src\AOSP-openjdk-cygwin\jdk8u\hotspot\src\share\vm\prims\jni.cpp, line 709]
Event: 1433.760 Thread 0x0000000024be8800 Exception <a 'sun/nio/fs/WindowsException'> (0x00000000e32b0cc0) thrown at [D:\src\AOSP-openjdk-cygwin\jdk8u\hotspot\src\share\vm\prims\jni.cpp, line 709]
Event: 1433.762 Thread 0x0000000024bef800 Exception <a 'sun/nio/fs/WindowsException'> (0x00000000e321a9f8) thrown at [D:\src\AOSP-openjdk-cygwin\jdk8u\hotspot\src\share\vm\prims\jni.cpp, line 709]
Event: 1433.768 Thread 0x0000000024be8800 Exception <a 'sun/nio/fs/WindowsException'> (0x00000000e3311410) thrown at [D:\src\AOSP-openjdk-cygwin\jdk8u\hotspot\src\share\vm\prims\jni.cpp, line 709]
Event: 1433.893 Thread 0x0000000024be9800 Exception <a 'sun/nio/fs/WindowsException'> (0x00000000e3a7dfb8) thrown at [D:\src\AOSP-openjdk-cygwin\jdk8u\hotspot\src\share\vm\prims\jni.cpp, line 709]
Event: 1433.928 Thread 0x0000000024bec800 Exception <a 'sun/nio/fs/WindowsException'> (0x00000000e3cd9b78) thrown at [D:\src\AOSP-openjdk-cygwin\jdk8u\hotspot\src\share\vm\prims\jni.cpp, line 709]
Event: 1433.932 Thread 0x0000000024be2000 Exception <a 'sun/nio/fs/WindowsException'> (0x00000000e3e33a90) thrown at [D:\src\AOSP-openjdk-cygwin\jdk8u\hotspot\src\share\vm\prims\jni.cpp, line 709]
Event: 1433.940 Thread 0x0000000024be8800 Exception <a 'sun/nio/fs/WindowsException'> (0x00000000e3e455b0) thrown at [D:\src\AOSP-openjdk-cygwin\jdk8u\hotspot\src\share\vm\prims\jni.cpp, line 709]
Event: 1433.950 Thread 0x0000000024bef800 Exception <a 'sun/nio/fs/WindowsException'> (0x00000000e3f5a430) thrown at [D:\src\AOSP-openjdk-cygwin\jdk8u\hotspot\src\share\vm\prims\jni.cpp, line 709]

Events (10 events):
Event: 1433.925 Thread 0x000000001676b000 flushing nmethod 0x0000000006b0e210
Event: 1433.925 Thread 0x000000001676b000 flushing nmethod 0x0000000006b31910
Event: 1433.928 loading class com/android/tools/r8/utils/ExceptionDiagnostic
Event: 1433.928 loading class com/android/tools/r8/utils/ExceptionDiagnostic done
Event: 1433.937 Thread 0x0000000024bef800 DEOPT PACKING pc=0x00000000056a70a6 sp=0x000000002cbcecb0
Event: 1433.937 Thread 0x0000000024bef800 DEOPT UNPACKING pc=0x0000000002e375d0 sp=0x000000002cbce9f0 mode 0
Event: 1433.948 Thread 0x0000000024bef800 DEOPT PACKING pc=0x0000000006dabf9d sp=0x000000002cbcefa0
Event: 1433.948 Thread 0x0000000024bef800 DEOPT UNPACKING pc=0x0000000002e375d0 sp=0x000000002cbcecd0 mode 0
Event: 1433.990 loading class com/android/tools/r8/utils/DiagnosticWithThrowable
Event: 1433.990 loading class com/android/tools/r8/utils/DiagnosticWithThrowable done


Dynamic libraries:
0x00007ff7ef3d0000 - 0x00007ff7ef401000 	C:\Program Files\Android\Android Studio1\jre\bin\java.exe
0x00007fff1daf0000 - 0x00007fff1dcd1000 	C:\WINDOWS\SYSTEM32\ntdll.dll
0x00007fff00140000 - 0x00007fff00152000 	C:\Program Files\AVG\Antivirus\aswhook.dll
0x00007fff1bda0000 - 0x00007fff1be51000 	C:\WINDOWS\System32\KERNEL32.DLL
0x00007fff1ac00000 - 0x00007fff1ae73000 	C:\WINDOWS\System32\KERNELBASE.dll
0x00007fff1b160000 - 0x00007fff1b201000 	C:\WINDOWS\System32\ADVAPI32.dll
0x00007fff1b3e0000 - 0x00007fff1b47e000 	C:\WINDOWS\System32\msvcrt.dll
0x00007fff1b570000 - 0x00007fff1b5cb000 	C:\WINDOWS\System32\sechost.dll
0x00007fff1af80000 - 0x00007fff1b0a4000 	C:\WINDOWS\System32\RPCRT4.dll
0x00007fff1d900000 - 0x00007fff1da90000 	C:\WINDOWS\System32\USER32.dll
0x00007fff1ab30000 - 0x00007fff1ab50000 	C:\WINDOWS\System32\win32u.dll
0x00007fff1bba0000 - 0x00007fff1bbc8000 	C:\WINDOWS\System32\GDI32.dll
0x00007fff1a6d0000 - 0x00007fff1a861000 	C:\WINDOWS\System32\gdi32full.dll
0x00007fff1ae80000 - 0x00007fff1af1f000 	C:\WINDOWS\System32\msvcp_win.dll
0x00007fff1a5d0000 - 0x00007fff1a6c8000 	C:\WINDOWS\System32\ucrtbase.dll
0x00007fff02940000 - 0x00007fff02ba9000 	C:\WINDOWS\WinSxS\amd64_microsoft.windows.common-controls_6595b64144ccf1df_6.0.17134.885_none_fb42a3473065565f\COMCTL32.dll
0x00007fff1b870000 - 0x00007fff1bb92000 	C:\WINDOWS\System32\combase.dll
0x00007fff1a870000 - 0x00007fff1a8e9000 	C:\WINDOWS\System32\bcryptPrimitives.dll
0x00007fff1da90000 - 0x00007fff1dabd000 	C:\WINDOWS\System32\IMM32.DLL
0x000000006a150000 - 0x000000006a222000 	C:\Program Files\Android\Android Studio1\jre\jre\bin\msvcr100.dll
0x000000006a230000 - 0x000000006aa71000 	C:\Program Files\Android\Android Studio1\jre\jre\bin\server\jvm.dll
0x00007fff1b860000 - 0x00007fff1b868000 	C:\WINDOWS\System32\PSAPI.DLL
0x00007fff0af20000 - 0x00007fff0af29000 	C:\WINDOWS\SYSTEM32\WSOCK32.dll
0x00007fff1b7f0000 - 0x00007fff1b85c000 	C:\WINDOWS\System32\WS2_32.dll
0x00007fff16c90000 - 0x00007fff16cb3000 	C:\WINDOWS\SYSTEM32\WINMM.dll
0x00007fff0a6a0000 - 0x00007fff0a6aa000 	C:\WINDOWS\SYSTEM32\VERSION.dll
0x00007fff16c60000 - 0x00007fff16c8a000 	C:\WINDOWS\SYSTEM32\WINMMBASE.dll
0x00007fff1aae0000 - 0x00007fff1ab29000 	C:\WINDOWS\System32\cfgmgr32.dll
0x00007fff16a40000 - 0x00007fff16a4f000 	C:\Program Files\Android\Android Studio1\jre\jre\bin\verify.dll
0x00007fff14730000 - 0x00007fff14759000 	C:\Program Files\Android\Android Studio1\jre\jre\bin\java.dll
0x00007fff16940000 - 0x00007fff16956000 	C:\Program Files\Android\Android Studio1\jre\jre\bin\zip.dll
0x00007fff1c460000 - 0x00007fff1d8a0000 	C:\WINDOWS\System32\SHELL32.dll
0x00007fff1b0b0000 - 0x00007fff1b159000 	C:\WINDOWS\System32\shcore.dll
0x00007fff19ec0000 - 0x00007fff1a5cd000 	C:\WINDOWS\System32\windows.storage.dll
0x00007fff1d8a0000 - 0x00007fff1d8f1000 	C:\WINDOWS\System32\shlwapi.dll
0x00007fff19e70000 - 0x00007fff19e81000 	C:\WINDOWS\System32\kernel.appcore.dll
0x00007fff19e00000 - 0x00007fff19e1f000 	C:\WINDOWS\System32\profapi.dll
0x00007fff19e20000 - 0x00007fff19e6c000 	C:\WINDOWS\System32\powrprof.dll
0x00007fff19e90000 - 0x00007fff19e9a000 	C:\WINDOWS\System32\FLTLIB.DLL
0x00007fff167a0000 - 0x00007fff167ba000 	C:\Program Files\Android\Android Studio1\jre\jre\bin\net.dll
0x00007fff19620000 - 0x00007fff19686000 	C:\WINDOWS\system32\mswsock.dll
0x00007fff13080000 - 0x00007fff13091000 	C:\Program Files\Android\Android Studio1\jre\jre\bin\nio.dll
0x00007fff16ce0000 - 0x00007fff16cfe000 	C:\Users\Diackson Marques\.gradle\native\25\windows-amd64\native-platform.dll
0x00007fff16a30000 - 0x00007fff16a3d000 	C:\Program Files\Android\Android Studio1\jre\jre\bin\management.dll
0x00007fff197e0000 - 0x00007fff197f7000 	C:\WINDOWS\SYSTEM32\CRYPTSP.dll
0x00007fff19210000 - 0x00007fff19243000 	C:\WINDOWS\system32\rsaenh.dll
0x00007fff19900000 - 0x00007fff19925000 	C:\WINDOWS\SYSTEM32\bcrypt.dll
0x00007fff19d00000 - 0x00007fff19d28000 	C:\WINDOWS\SYSTEM32\USERENV.dll
0x00007fff197d0000 - 0x00007fff197db000 	C:\WINDOWS\SYSTEM32\CRYPTBASE.dll
0x00007fff193b0000 - 0x00007fff193e8000 	C:\WINDOWS\SYSTEM32\IPHLPAPI.DLL
0x00007fff1b370000 - 0x00007fff1b378000 	C:\WINDOWS\System32\NSI.dll
0x00007fff102e0000 - 0x00007fff102f6000 	C:\WINDOWS\SYSTEM32\dhcpcsvc6.DLL
0x00007fff10a10000 - 0x00007fff10a2a000 	C:\WINDOWS\SYSTEM32\dhcpcsvc.DLL
0x00007fff04fe0000 - 0x00007fff05004000 	C:\Program Files\Android\Android Studio1\jre\jre\bin\sunec.dll
0x00007fff193f0000 - 0x00007fff194ae000 	C:\WINDOWS\SYSTEM32\DNSAPI.dll
0x00007fff0cc00000 - 0x00007fff0cc0a000 	C:\Windows\System32\rasadhlp.dll
0x00007fff134e0000 - 0x00007fff13552000 	C:\WINDOWS\System32\fwpuclnt.dll
0x00007fff13070000 - 0x00007fff1307b000 	C:\Program Files\Android\Android Studio1\jre\jre\bin\sunmscapi.dll
0x00007fff1a8f0000 - 0x00007fff1aad2000 	C:\WINDOWS\System32\CRYPT32.dll
0x00007fff19ea0000 - 0x00007fff19eb2000 	C:\WINDOWS\System32\MSASN1.dll

VM Arguments:
jvm_args: -Xmx1536m -Dfile.encoding=windows-1252 -Duser.country=BR -Duser.language=pt -Duser.variant 
java_command: org.gradle.launcher.daemon.bootstrap.GradleDaemon 5.1.1
java_class_path (initial): C:\Users\Diackson Marques\.gradle\wrapper\dists\gradle-5.1.1-all\97z1ksx6lirer3kbvdnh7jtjg\gradle-5.1.1\lib\gradle-launcher-5.1.1.jar
Launcher Type: SUN_STANDARD

Environment Variables:
PATH=C:\Program Files (x86)\Common Files\Oracle\Java\javapath;C:\ProgramData\Oracle\Java\javapath;C:\Program Files (x86)\Intel\iCLS Client\;C:\Program Files\Intel\iCLS Client\;C:\WINDOWS\system32;C:\WINDOWS;C:\WINDOWS\System32\Wbem;C:\WINDOWS\System32\WindowsPowerShell\v1.0\;C:\Program Files (x86)\Intel\Intel(R) Management Engine Components\DAL;C:\Program Files\Intel\Intel(R) Management Engine Components\DAL;C:\Program Files (x86)\Intel\Intel(R) Management Engine Components\IPT;C:\Program Files\Intel\Intel(R) Management Engine Components\IPT;C:\WINDOWS\System32\OpenSSH\;C:\Program Files\Git\cmd;C:\Users\Diackson Marques\AppData\Local\Microsoft\WindowsApps;C:\Users\Diackson Marques\AppData\Local\Programs\MiKTeX 2.9\miktex\bin\x64\
USERNAME=Diackson Marques
OS=Windows_NT
PROCESSOR_IDENTIFIER=Intel64 Family 6 Model 142 Stepping 9, GenuineIntel



---------------  S Y S T E M  ---------------

OS: Windows 10.0 , 64 bit Build 17134 (10.0.17134.753)

CPU:total 4 (initial active 4) (2 cores per cpu, 2 threads per core) family 6 model 142 stepping 9, cmov, cx8, fxsr, mmx, sse, sse2, sse3, ssse3, sse4.1, sse4.2, popcnt, avx, avx2, aes, clmul, erms, 3dnowpref, lzcnt, ht, tsc, tscinvbit, bmi1, bmi2, adx

Memory: 4k page, physical 4066916k(59928k free), swap 4271716k(3256k free)

vm_info: OpenJDK 64-Bit Server VM (25.152-b01) for windows-amd64 JRE (1.8.0_152-release-1343-b01), built by "builder" with MS VC++ 10.0 (VS2010)

time: Thu Sep 05 22:40:55 2019
elapsed time: 1434 seconds (0d 0h 23m 54s)

