#
# There is insufficient memory for the Java Runtime Environment to continue.
# Native memory allocation (malloc) failed to allocate 563376 bytes for Chunk::new
# Possible reasons:
#   The system is out of physical RAM or swap space
#   In 32 bit mode, the process size limit was hit
# Possible solutions:
#   Reduce memory load on the system
#   Increase physical memory or swap space
#   Check if swap backing store is full
#   Use 64 bit Java on a 64 bit OS
#   Decrease Java heap size (-Xmx/-Xms)
#   Decrease number of Java threads
#   Decrease Java thread stack sizes (-Xss)
#   Set larger code cache with -XX:ReservedCodeCacheSize=
# This output file may be truncated or incomplete.
#
#  Out of Memory Error (allocation.cpp:390), pid=6212, tid=0x0000000000002064
#
# JRE version: OpenJDK Runtime Environment (8.0_152-b01) (build 1.8.0_152-release-1343-b01)
# Java VM: OpenJDK 64-Bit Server VM (25.152-b01 mixed mode windows-amd64 compressed oops)
# Failed to write core dump. Minidumps are not enabled by default on client versions of Windows
#

---------------  T H R E A D  ---------------

Current thread (0x00000000163e3000):  JavaThread "C2 CompilerThread1" daemon [_thread_in_native, id=8292, stack(0x0000000017b40000,0x0000000017c40000)]

Stack: [0x0000000017b40000,0x0000000017c40000]
[error occurred during error reporting (printing stack bounds), id 0xc0000005]

Native frames: (J=compiled Java code, j=interpreted, Vv=VM code, C=native code)


Current CompileTask:
C2:1582727 10735       4       com.sun.tools.javac.file.ZipFileIndex$ZipDirectory::readEntry (587 bytes)


---------------  P R O C E S S  ---------------

Java Threads: ( => current thread )
  0x00000000199f8000 JavaThread "Cache worker for Java compile cache (C:\Users\Diackson Marques\Desktop\BelezaOnline_2\.gradle\5.1.1\javaCompile)" [_thread_blocked, id=3228, stack(0x0000000024e30000,0x0000000024f30000)]
  0x0000000018bc2000 JavaThread "Cache worker for Java compile cache (C:\Users\Diackson Marques\.gradle\caches\5.1.1\javaCompile)" [_thread_blocked, id=8816, stack(0x0000000024a30000,0x0000000024b30000)]
  0x0000000018bc4800 JavaThread "Cache worker for execution history cache (C:\Users\Diackson Marques\Desktop\BelezaOnline_2\.gradle\5.1.1\executionHistory)" [_thread_blocked, id=10124, stack(0x0000000024930000,0x0000000024a30000)]
  0x0000000018bc6000 JavaThread "Execution worker for ':' Thread 3" [_thread_in_vm, id=4932, stack(0x0000000024830000,0x0000000024930000)]
  0x0000000018bc3800 JavaThread "Execution worker for ':' Thread 2" [_thread_blocked, id=6792, stack(0x0000000024730000,0x0000000024830000)]
  0x0000000018bc8000 JavaThread "Execution worker for ':'" [_thread_blocked, id=5208, stack(0x0000000023920000,0x0000000023a20000)]
  0x0000000018bc1800 JavaThread "Cache worker for file content cache (C:\Users\Diackson Marques\Desktop\BelezaOnline_2\.gradle\5.1.1\fileContent)" [_thread_blocked, id=9116, stack(0x0000000023820000,0x0000000023920000)]
  0x000000001f186800 JavaThread "Cache worker for Build Output Cleanup Cache (C:\Users\Diackson Marques\Desktop\BelezaOnline_2\.gradle\buildOutputCleanup)" [_thread_blocked, id=10472, stack(0x0000000024030000,0x0000000024130000)]
  0x000000001f186000 JavaThread "Build operations Thread 4" [_thread_blocked, id=4924, stack(0x0000000023f30000,0x0000000024030000)]
  0x000000001f189800 JavaThread "Build operations Thread 3" [_thread_blocked, id=6428, stack(0x0000000023c20000,0x0000000023d20000)]
  0x000000001f18c800 JavaThread "Build operations Thread 2" [_thread_blocked, id=9000, stack(0x0000000023520000,0x0000000023620000)]
  0x000000001f189000 JavaThread "Build operations" [_thread_blocked, id=4792, stack(0x0000000021b20000,0x0000000021c20000)]
  0x000000001f188000 JavaThread "Cache worker for cache directory md-rule (C:\Users\Diackson Marques\.gradle\caches\5.1.1\md-rule)" [_thread_blocked, id=6672, stack(0x0000000021a20000,0x0000000021b20000)]
  0x000000001f187800 JavaThread "Cache worker for cache directory md-supplier (C:\Users\Diackson Marques\.gradle\caches\5.1.1\md-supplier)" [_thread_blocked, id=6352, stack(0x0000000021920000,0x0000000021a20000)]
  0x000000001f18c000 JavaThread "Cache worker for file hash cache (C:\Users\Diackson Marques\Desktop\BelezaOnline_2\.gradle\5.1.1\fileHashes)" [_thread_blocked, id=5200, stack(0x000000001fbb0000,0x000000001fcb0000)]
  0x000000001f18b000 JavaThread "Thread-33" [_thread_blocked, id=7024, stack(0x000000001e820000,0x000000001e920000)]
  0x000000001f17e000 JavaThread "Stdin handler" [_thread_blocked, id=4040, stack(0x000000001d150000,0x000000001d250000)]
  0x000000001f183000 JavaThread "Asynchronous log dispatcher for DefaultDaemonConnection: socket connection from /127.0.0.1:59434 to /127.0.0.1:59487" [_thread_blocked, id=2616, stack(0x000000001abb0000,0x000000001acb0000)]
  0x000000001f182000 JavaThread "Daemon worker Thread 2" [_thread_blocked, id=8300, stack(0x000000001a8b0000,0x000000001a9b0000)]
  0x000000001f181000 JavaThread "Cancel handler" [_thread_blocked, id=2280, stack(0x000000001a7b0000,0x000000001a8b0000)]
  0x000000001f17d800 JavaThread "Handler for socket connection from /127.0.0.1:59434 to /127.0.0.1:59487" [_thread_in_native, id=6080, stack(0x000000001a4b0000,0x000000001a5b0000)]
  0x000000001f17f800 JavaThread "Daemon Thread 2" [_thread_blocked, id=1784, stack(0x000000001a3b0000,0x000000001a4b0000)]
  0x000000001f180800 JavaThread "Cache worker for file content cache (C:\Users\Diackson Marques\.gradle\caches\5.1.1\fileContent)" [_thread_blocked, id=5924, stack(0x0000000023420000,0x0000000023520000)]
  0x000000001f185000 JavaThread "Memory manager" [_thread_blocked, id=7376, stack(0x0000000023120000,0x0000000023220000)]
  0x000000001f17f000 JavaThread "Cache worker for execution history cache (C:\Users\Diackson Marques\.gradle\caches\5.1.1\executionHistory)" [_thread_blocked, id=10636, stack(0x0000000021160000,0x0000000021260000)]
  0x00000000199fb000 JavaThread "Cache worker for journal cache (C:\Users\Diackson Marques\.gradle\caches\journal-1)" [_thread_blocked, id=9088, stack(0x000000001be80000,0x000000001bf80000)]
  0x00000000199f9800 JavaThread "File lock request listener" [_thread_in_native, id=5144, stack(0x000000001bd80000,0x000000001be80000)]
  0x0000000018bc5000 JavaThread "Cache worker for file hash cache (C:\Users\Diackson Marques\.gradle\caches\5.1.1\fileHashes)" [_thread_blocked, id=3904, stack(0x000000001bc80000,0x000000001bd80000)]
  0x0000000018bc3000 JavaThread "Daemon periodic checks" [_thread_blocked, id=2848, stack(0x000000001a2b0000,0x000000001a3b0000)]
  0x0000000018bc7800 JavaThread "Incoming local TCP Connector on port 59434" [_thread_in_native, id=9868, stack(0x000000001a050000,0x000000001a150000)]
  0x0000000017d6b800 JavaThread "Service Thread" daemon [_thread_blocked, id=5340, stack(0x0000000018140000,0x0000000018240000)]
  0x00000000163ee800 JavaThread "C1 CompilerThread2" daemon [_thread_blocked, id=6656, stack(0x0000000017c40000,0x0000000017d40000)]
=>0x00000000163e3000 JavaThread "C2 CompilerThread1" daemon [_thread_in_native, id=8292, stack(0x0000000017b40000,0x0000000017c40000)]
  0x00000000163e0000 JavaThread "C2 CompilerThread0" daemon [_thread_in_native, id=1220, stack(0x0000000017a40000,0x0000000017b40000)]
  0x00000000163df000 JavaThread "Attach Listener" daemon [_thread_blocked, id=4024, stack(0x0000000017940000,0x0000000017a40000)]
  0x00000000163db800 JavaThread "Signal Dispatcher" daemon [_thread_blocked, id=7472, stack(0x0000000017840000,0x0000000017940000)]
  0x0000000002a6c000 JavaThread "Finalizer" daemon [_thread_blocked, id=9096, stack(0x0000000017630000,0x0000000017730000)]
  0x00000000163a8000 JavaThread "Reference Handler" daemon [_thread_blocked, id=2736, stack(0x0000000017530000,0x0000000017630000)]
  0x000000000296e800 JavaThread "main" [_thread_blocked, id=10640, stack(0x0000000002770000,0x0000000002870000)]

Other Threads:
  0x00000000163a6000 VMThread [stack: 0x0000000017430000,0x0000000017530000] [id=4596]
  0x000000001641c000 WatcherThread [stack: 0x0000000018240000,0x0000000018340000] [id=3320]

VM state:not at safepoint (normal execution)

VM Mutex/Monitor currently owned by a thread: None

Heap:
 PSYoungGen      total 226304K, used 32203K [0x00000000e0000000, 0x00000000f1e80000, 0x0000000100000000)
  eden space 201728K, 3% used [0x00000000e0000000,0x00000000e0773570,0x00000000ec500000)
  from space 24576K, 99% used [0x00000000ec500000,0x00000000edcff6b0,0x00000000edd00000)
  to   space 32768K, 0% used [0x00000000efe80000,0x00000000efe80000,0x00000000f1e80000)
 ParOldGen       total 90112K, used 55590K [0x00000000a0000000, 0x00000000a5800000, 0x00000000e0000000)
  object space 90112K, 61% used [0x00000000a0000000,0x00000000a3649988,0x00000000a5800000)
 Metaspace       used 82609K, capacity 85772K, committed 86168K, reserved 1124352K
  class space    used 10954K, capacity 11599K, committed 11696K, reserved 1048576K

Card table byte_map: [0x0000000011e30000,0x0000000012140000] byte_map_base: 0x0000000011930000

Marking Bits: (ParMarkBitMap*) 0x0000000055b65aa0
 Begin Bits: [0x0000000012740000, 0x0000000013f40000)
 End Bits:   [0x0000000013f40000, 0x0000000015740000)

Polling page: 0x0000000000d20000

CodeCache: size=245760Kb used=29312Kb max_used=29314Kb free=216447Kb
 bounds [0x0000000002a70000, 0x0000000004740000, 0x0000000011a70000]
 total_blobs=10272 nmethods=9406 adapters=778
 compilation: enabled

Compilation events (10 events):
Event: 1582.671 Thread 0x00000000163e0000 10909       4       com.sun.tools.javac.util.UnsharedNameTable::fromChars (28 bytes)
Event: 1582.679 Thread 0x00000000163e0000 nmethod 10909 0x0000000002e83b90 code [0x0000000002e83ce0, 0x0000000002e84088]
Event: 1582.679 Thread 0x00000000163e0000 10918       4       com.sun.tools.javac.jvm.ClassReader::readPool (504 bytes)
Event: 1582.710 Thread 0x00000000163e0000 nmethod 10918 0x0000000002e7e250 code [0x0000000002e7e5e0, 0x0000000002e7f528]
Event: 1582.710 Thread 0x00000000163e0000 10907       4       com.sun.tools.javac.file.ZipFileIndex::get2ByteLittleEndian (21 bytes)
Event: 1582.711 Thread 0x00000000163e0000 nmethod 10907 0x000000000472cb90 code [0x000000000472ccc0, 0x000000000472cd58]
Event: 1582.711 Thread 0x00000000163e0000 10919       4       com.sun.tools.javac.jvm.ClassReader::sigToType (880 bytes)
Event: 1582.714 Thread 0x00000000163ee800 10920       3       com.sun.tools.javac.code.Scope::dble (147 bytes)
Event: 1582.716 Thread 0x00000000163ee800 nmethod 10920 0x0000000002e828d0 code [0x0000000002e82ae0, 0x0000000002e835c8]
Event: 1582.716 Thread 0x00000000163ee800 10921       3       com.sun.tools.javac.jvm.ClassReader$16::read (9 bytes)

GC Heap History (10 events):
Event: 10.297 GC heap before
{Heap before GC invocations=14 (full 2):
 PSYoungGen      total 150528K, used 133862K [0x00000000e0000000, 0x00000000ecc00000, 0x0000000100000000)
  eden space 138752K, 88% used [0x00000000e0000000,0x00000000e773f188,0x00000000e8780000)
  from space 11776K, 99% used [0x00000000e8780000,0x00000000e92fa8f0,0x00000000e9300000)
  to   space 15360K, 0% used [0x00000000ebd00000,0x00000000ebd00000,0x00000000ecc00000)
 ParOldGen       total 54272K, used 20908K [0x00000000a0000000, 0x00000000a3500000, 0x00000000e0000000)
  object space 54272K, 38% used [0x00000000a0000000,0x00000000a146b168,0x00000000a3500000)
 Metaspace       used 57470K, capacity 59014K, committed 59160K, reserved 1099776K
  class space    used 7749K, capacity 8122K, committed 8240K, reserved 1048576K
Event: 10.323 GC heap after
Heap after GC invocations=14 (full 2):
 PSYoungGen      total 192512K, used 12329K [0x00000000e0000000, 0x00000000ecd80000, 0x0000000100000000)
  eden space 177152K, 0% used [0x00000000e0000000,0x00000000e0000000,0x00000000ead00000)
  from space 15360K, 80% used [0x00000000ebd00000,0x00000000ec90a610,0x00000000ecc00000)
  to   space 16384K, 0% used [0x00000000ead00000,0x00000000ead00000,0x00000000ebd00000)
 ParOldGen       total 54272K, used 28881K [0x00000000a0000000, 0x00000000a3500000, 0x00000000e0000000)
  object space 54272K, 53% used [0x00000000a0000000,0x00000000a1c34790,0x00000000a3500000)
 Metaspace       used 57470K, capacity 59014K, committed 59160K, reserved 1099776K
  class space    used 7749K, capacity 8122K, committed 8240K, reserved 1048576K
}
Event: 10.323 GC heap before
{Heap before GC invocations=15 (full 3):
 PSYoungGen      total 192512K, used 12329K [0x00000000e0000000, 0x00000000ecd80000, 0x0000000100000000)
  eden space 177152K, 0% used [0x00000000e0000000,0x00000000e0000000,0x00000000ead00000)
  from space 15360K, 80% used [0x00000000ebd00000,0x00000000ec90a610,0x00000000ecc00000)
  to   space 16384K, 0% used [0x00000000ead00000,0x00000000ead00000,0x00000000ebd00000)
 ParOldGen       total 54272K, used 28881K [0x00000000a0000000, 0x00000000a3500000, 0x00000000e0000000)
  object space 54272K, 53% used [0x00000000a0000000,0x00000000a1c34790,0x00000000a3500000)
 Metaspace       used 57470K, capacity 59014K, committed 59160K, reserved 1099776K
  class space    used 7749K, capacity 8122K, committed 8240K, reserved 1048576K
Event: 10.607 GC heap after
Heap after GC invocations=15 (full 3):
 PSYoungGen      total 192512K, used 0K [0x00000000e0000000, 0x00000000ecd80000, 0x0000000100000000)
  eden space 177152K, 0% used [0x00000000e0000000,0x00000000e0000000,0x00000000ead00000)
  from space 15360K, 0% used [0x00000000ebd00000,0x00000000ebd00000,0x00000000ecc00000)
  to   space 16384K, 0% used [0x00000000ead00000,0x00000000ead00000,0x00000000ebd00000)
 ParOldGen       total 90112K, used 34178K [0x00000000a0000000, 0x00000000a5800000, 0x00000000e0000000)
  object space 90112K, 37% used [0x00000000a0000000,0x00000000a2160b60,0x00000000a5800000)
 Metaspace       used 57470K, capacity 59014K, committed 59160K, reserved 1099776K
  class space    used 7749K, capacity 8122K, committed 8240K, reserved 1048576K
}
Event: 13.463 GC heap before
{Heap before GC invocations=16 (full 3):
 PSYoungGen      total 192512K, used 177152K [0x00000000e0000000, 0x00000000ecd80000, 0x0000000100000000)
  eden space 177152K, 100% used [0x00000000e0000000,0x00000000ead00000,0x00000000ead00000)
  from space 15360K, 0% used [0x00000000ebd00000,0x00000000ebd00000,0x00000000ecc00000)
  to   space 16384K, 0% used [0x00000000ead00000,0x00000000ead00000,0x00000000ebd00000)
 ParOldGen       total 90112K, used 34178K [0x00000000a0000000, 0x00000000a5800000, 0x00000000e0000000)
  object space 90112K, 37% used [0x00000000a0000000,0x00000000a2160b60,0x00000000a5800000)
 Metaspace       used 61561K, capacity 63584K, committed 63896K, reserved 1103872K
  class space    used 8306K, capacity 8753K, committed 8880K, reserved 1048576K
Event: 13.487 GC heap after
Heap after GC invocations=16 (full 3):
 PSYoungGen      total 193536K, used 14940K [0x00000000e0000000, 0x00000000eef00000, 0x0000000100000000)
  eden space 177152K, 0% used [0x00000000e0000000,0x00000000e0000000,0x00000000ead00000)
  from space 16384K, 91% used [0x00000000ead00000,0x00000000ebb971b8,0x00000000ebd00000)
  to   space 18432K, 0% used [0x00000000edd00000,0x00000000edd00000,0x00000000eef00000)
 ParOldGen       total 90112K, used 34186K [0x00000000a0000000, 0x00000000a5800000, 0x00000000e0000000)
  object space 90112K, 37% used [0x00000000a0000000,0x00000000a2162b60,0x00000000a5800000)
 Metaspace       used 61561K, capacity 63584K, committed 63896K, reserved 1103872K
  class space    used 8306K, capacity 8753K, committed 8880K, reserved 1048576K
}
Event: 17.349 GC heap before
{Heap before GC invocations=17 (full 3):
 PSYoungGen      total 193536K, used 192092K [0x00000000e0000000, 0x00000000eef00000, 0x0000000100000000)
  eden space 177152K, 100% used [0x00000000e0000000,0x00000000ead00000,0x00000000ead00000)
  from space 16384K, 91% used [0x00000000ead00000,0x00000000ebb971b8,0x00000000ebd00000)
  to   space 18432K, 0% used [0x00000000edd00000,0x00000000edd00000,0x00000000eef00000)
 ParOldGen       total 90112K, used 34186K [0x00000000a0000000, 0x00000000a5800000, 0x00000000e0000000)
  object space 90112K, 37% used [0x00000000a0000000,0x00000000a2162b60,0x00000000a5800000)
 Metaspace       used 73498K, capacity 76420K, committed 76696K, reserved 1116160K
  class space    used 9998K, capacity 10583K, committed 10672K, reserved 1048576K
Event: 17.387 GC heap after
Heap after GC invocations=17 (full 3):
 PSYoungGen      total 220160K, used 18408K [0x00000000e0000000, 0x00000000ef900000, 0x0000000100000000)
  eden space 201728K, 0% used [0x00000000e0000000,0x00000000e0000000,0x00000000ec500000)
  from space 18432K, 99% used [0x00000000edd00000,0x00000000eeefa0b0,0x00000000eef00000)
  to   space 24576K, 0% used [0x00000000ec500000,0x00000000ec500000,0x00000000edd00000)
 ParOldGen       total 90112K, used 43579K [0x00000000a0000000, 0x00000000a5800000, 0x00000000e0000000)
  object space 90112K, 48% used [0x00000000a0000000,0x00000000a2a8ee30,0x00000000a5800000)
 Metaspace       used 73498K, capacity 76420K, committed 76696K, reserved 1116160K
  class space    used 9998K, capacity 10583K, committed 10672K, reserved 1048576K
}
Event: 1582.518 GC heap before
{Heap before GC invocations=18 (full 3):
 PSYoungGen      total 220160K, used 220136K [0x00000000e0000000, 0x00000000ef900000, 0x0000000100000000)
  eden space 201728K, 100% used [0x00000000e0000000,0x00000000ec500000,0x00000000ec500000)
  from space 18432K, 99% used [0x00000000edd00000,0x00000000eeefa0b0,0x00000000eef00000)
  to   space 24576K, 0% used [0x00000000ec500000,0x00000000ec500000,0x00000000edd00000)
 ParOldGen       total 90112K, used 43579K [0x00000000a0000000, 0x00000000a5800000, 0x00000000e0000000)
  object space 90112K, 48% used [0x00000000a0000000,0x00000000a2a8ee30,0x00000000a5800000)
 Metaspace       used 82553K, capacity 85708K, committed 85912K, reserved 1124352K
  class space    used 10951K, capacity 11599K, committed 11696K, reserved 1048576K
Event: 1582.580 GC heap after
Heap after GC invocations=18 (full 3):
 PSYoungGen      total 226304K, used 24573K [0x00000000e0000000, 0x00000000f1e80000, 0x0000000100000000)
  eden space 201728K, 0% used [0x00000000e0000000,0x00000000e0000000,0x00000000ec500000)
  from space 24576K, 99% used [0x00000000ec500000,0x00000000edcff6b0,0x00000000edd00000)
  to   space 32768K, 0% used [0x00000000efe80000,0x00000000efe80000,0x00000000f1e80000)
 ParOldGen       total 90112K, used 55590K [0x00000000a0000000, 0x00000000a5800000, 0x00000000e0000000)
  object space 90112K, 61% used [0x00000000a0000000,0x00000000a3649988,0x00000000a5800000)
 Metaspace       used 82553K, capacity 85708K, committed 85912K, reserved 1124352K
  class space    used 10951K, capacity 11599K, committed 11696K, reserved 1048576K
}

Deoptimization events (10 events):
Event: 1581.685 Thread 0x0000000018bc6000 Uncommon trap: reason=class_check action=maybe_recompile pc=0x0000000004049b0c method=org.gradle.api.internal.file.pattern.PatternMatcherFactory$PathMatcherBackedSpec.isSatisfiedBy(Lorg/gradle/api/file/RelativePath;)Z @ 38
Event: 1581.689 Thread 0x0000000018bc6000 Uncommon trap: reason=unstable_if action=reinterpret pc=0x00000000030bcda0 method=org.gradle.api.internal.file.pattern.FixedStepPathMatcher.matches([Ljava/lang/String;I)Z @ 18
Event: 1581.689 Thread 0x0000000018bc6000 Uncommon trap: reason=class_check action=maybe_recompile pc=0x0000000003ff92fc method=org.gradle.api.internal.file.pattern.FixedStepPathMatcher.matches([Ljava/lang/String;I)Z @ 48
Event: 1581.897 Thread 0x0000000018bc6000 Uncommon trap: reason=array_check action=maybe_recompile pc=0x00000000045f306c method=java.util.AbstractCollection.toArray([Ljava/lang/Object;)[Ljava/lang/Object; @ 119
Event: 1581.906 Thread 0x0000000018bc6000 Uncommon trap: reason=array_check action=maybe_recompile pc=0x00000000045f306c method=java.util.AbstractCollection.toArray([Ljava/lang/Object;)[Ljava/lang/Object; @ 119
Event: 1582.170 Thread 0x0000000018bc6000 Uncommon trap: reason=unstable_if action=reinterpret pc=0x00000000035e0978 method=java.lang.StringCoding$StringDecoder.decode([BII)[C @ 20
Event: 1582.193 Thread 0x0000000018bc6000 Uncommon trap: reason=unstable_if action=reinterpret pc=0x0000000004326e1c method=sun.nio.cs.UTF_8$Decoder.decodeArrayLoop(Ljava/nio/ByteBuffer;Ljava/nio/CharBuffer;)Ljava/nio/charset/CoderResult; @ 84
Event: 1582.291 Thread 0x0000000018bc6000 Uncommon trap: reason=unstable_if action=reinterpret pc=0x00000000035b8f10 method=java.io.File.equals(Ljava/lang/Object;)Z @ 1
Event: 1582.437 Thread 0x0000000018bc6000 Uncommon trap: reason=predicate action=maybe_recompile pc=0x0000000003d87388 method=java.util.Collections.indexedBinarySearch(Ljava/util/List;Ljava/lang/Object;)I @ 16
Event: 1582.592 Thread 0x0000000018bc6000 Uncommon trap: reason=null_check action=make_not_entrant pc=0x0000000004722f08 method=com.sun.tools.javac.util.UnsharedNameTable.fromUtf([BII)Lcom/sun/tools/javac/util/Name; @ 50

Classes redefined (0 events):
No events

Internal exceptions (10 events):
Event: 17.861 Thread 0x0000000018bc6000 Exception <a 'java/lang/NoSuchMethodError': <clinit>> (0x00000000e20a74f8) thrown at [D:\src\AOSP-openjdk-cygwin\jdk8u\hotspot\src\share\vm\prims\jni.cpp, line 1613]
Event: 17.874 Thread 0x0000000018bc6000 Exception <a 'java/lang/NoSuchMethodError': <clinit>> (0x00000000e20c34f8) thrown at [D:\src\AOSP-openjdk-cygwin\jdk8u\hotspot\src\share\vm\prims\jni.cpp, line 1613]
Event: 17.875 Thread 0x0000000018bc6000 Exception <a 'java/lang/NoSuchMethodError': <clinit>> (0x00000000e20d3f40) thrown at [D:\src\AOSP-openjdk-cygwin\jdk8u\hotspot\src\share\vm\prims\jni.cpp, line 1613]
Event: 1579.153 Thread 0x000000001f182000 Implicit null exception at 0x00000000042e2897 to 0x00000000042e7c51
Event: 1579.653 Thread 0x000000001f182000 Exception <a 'sun/nio/fs/WindowsException'> (0x00000000e4996938) thrown at [D:\src\AOSP-openjdk-cygwin\jdk8u\hotspot\src\share\vm\prims\jni.cpp, line 709]
Event: 1580.849 Thread 0x000000001f182000 Implicit null exception at 0x0000000003d40e84 to 0x0000000003d42ead
Event: 1581.389 Thread 0x0000000018bc6000 Implicit null exception at 0x0000000004545e52 to 0x000000000454685d
Event: 1581.478 Thread 0x000000001f186000 Implicit null exception at 0x000000000453d37b to 0x000000000453dba1
Event: 1582.291 Thread 0x0000000018bc6000 Implicit null exception at 0x00000000035b88ef to 0x00000000035b8efd
Event: 1582.592 Thread 0x0000000018bc6000 Implicit null exception at 0x0000000004722825 to 0x0000000004722ecd

Events (10 events):
Event: 1582.597 Thread 0x00000000163ee800 flushing nmethod 0x00000000032ba610
Event: 1582.599 Thread 0x00000000163ee800 flushing nmethod 0x0000000003537bd0
Event: 1582.599 Thread 0x00000000163ee800 flushing nmethod 0x000000000353c190
Event: 1582.599 Thread 0x00000000163ee800 flushing nmethod 0x000000000353d6d0
Event: 1582.599 Thread 0x00000000163ee800 flushing nmethod 0x00000000035ac710
Event: 1582.599 Thread 0x00000000163ee800 flushing nmethod 0x00000000035acd10
Event: 1582.604 Thread 0x00000000163ee800 flushing nmethod 0x0000000003a58c10
Event: 1582.605 Thread 0x00000000163ee800 flushing nmethod 0x0000000003aa7f90
Event: 1582.606 Thread 0x00000000163ee800 flushing nmethod 0x0000000003c4ad50
Event: 1582.607 Thread 0x00000000163ee800 flushing nmethod 0x0000000003caf050


Dynamic libraries:
0x00007ff746730000 - 0x00007ff746761000 	C:\Program Files\Android\Android Studio1\jre\bin\java.exe
0x00007ffa29600000 - 0x00007ffa297f0000 	C:\WINDOWS\SYSTEM32\ntdll.dll
0x00007ff9facf0000 - 0x00007ff9fad04000 	C:\Program Files\AVG\Antivirus\aswhook.dll
0x00007ffa294f0000 - 0x00007ffa295a2000 	C:\WINDOWS\System32\KERNEL32.DLL
0x00007ffa26e10000 - 0x00007ffa270b3000 	C:\WINDOWS\System32\KERNELBASE.dll
0x00007ffa28ea0000 - 0x00007ffa28f43000 	C:\WINDOWS\System32\ADVAPI32.dll
0x00007ffa27eb0000 - 0x00007ffa27f4e000 	C:\WINDOWS\System32\msvcrt.dll
0x00007ffa27b40000 - 0x00007ffa27bd7000 	C:\WINDOWS\System32\sechost.dll
0x00007ffa27d30000 - 0x00007ffa27e50000 	C:\WINDOWS\System32\RPCRT4.dll
0x00007ffa28b90000 - 0x00007ffa28d24000 	C:\WINDOWS\System32\USER32.dll
0x00007ffa270f0000 - 0x00007ffa27111000 	C:\WINDOWS\System32\win32u.dll
0x00007ffa29260000 - 0x00007ffa29286000 	C:\WINDOWS\System32\GDI32.dll
0x00007ffa273f0000 - 0x00007ffa27584000 	C:\WINDOWS\System32\gdi32full.dll
0x00007ffa26d70000 - 0x00007ffa26e0e000 	C:\WINDOWS\System32\msvcp_win.dll
0x00007ffa275b0000 - 0x00007ffa276aa000 	C:\WINDOWS\System32\ucrtbase.dll
0x00007ffa0bc80000 - 0x00007ffa0bf05000 	C:\WINDOWS\WinSxS\amd64_microsoft.windows.common-controls_6595b64144ccf1df_6.0.18362.418_none_e6c6b287130d565d\COMCTL32.dll
0x00007ffa28640000 - 0x00007ffa28976000 	C:\WINDOWS\System32\combase.dll
0x00007ffa27320000 - 0x00007ffa273a0000 	C:\WINDOWS\System32\bcryptPrimitives.dll
0x00007ffa28e70000 - 0x00007ffa28e9e000 	C:\WINDOWS\System32\IMM32.DLL
0x0000000056800000 - 0x00000000568d2000 	C:\Program Files\Android\Android Studio1\jre\jre\bin\msvcr100.dll
0x00000000553a0000 - 0x0000000055be1000 	C:\Program Files\Android\Android Studio1\jre\jre\bin\server\jvm.dll
0x00007ffa29090000 - 0x00007ffa29098000 	C:\WINDOWS\System32\PSAPI.DLL
0x00007ffa17680000 - 0x00007ffa17689000 	C:\WINDOWS\SYSTEM32\WSOCK32.dll
0x00007ffa28d30000 - 0x00007ffa28d9f000 	C:\WINDOWS\System32\WS2_32.dll
0x00007ffa240b0000 - 0x00007ffa240d4000 	C:\WINDOWS\SYSTEM32\WINMM.dll
0x00007ffa20000000 - 0x00007ffa2000a000 	C:\WINDOWS\SYSTEM32\VERSION.dll
0x00007ffa23e20000 - 0x00007ffa23e4d000 	C:\WINDOWS\SYSTEM32\WINMMBASE.dll
0x00007ffa273a0000 - 0x00007ffa273ea000 	C:\WINDOWS\System32\cfgmgr32.dll
0x00007ffa226f0000 - 0x00007ffa226ff000 	C:\Program Files\Android\Android Studio1\jre\jre\bin\verify.dll
0x00007ffa12950000 - 0x00007ffa12979000 	C:\Program Files\Android\Android Studio1\jre\jre\bin\java.dll
0x00007ffa13cc0000 - 0x00007ffa13cd6000 	C:\Program Files\Android\Android Studio1\jre\jre\bin\zip.dll
0x00007ffa27f50000 - 0x00007ffa28635000 	C:\WINDOWS\System32\SHELL32.dll
0x00007ffa28980000 - 0x00007ffa28a29000 	C:\WINDOWS\System32\shcore.dll
0x00007ffa26590000 - 0x00007ffa26d0f000 	C:\WINDOWS\System32\windows.storage.dll
0x00007ffa26570000 - 0x00007ffa2658f000 	C:\WINDOWS\System32\profapi.dll
0x00007ffa26500000 - 0x00007ffa2654a000 	C:\WINDOWS\System32\powrprof.dll
0x00007ffa264d0000 - 0x00007ffa264e0000 	C:\WINDOWS\System32\UMPDC.dll
0x00007ffa29030000 - 0x00007ffa29082000 	C:\WINDOWS\System32\shlwapi.dll
0x00007ffa26550000 - 0x00007ffa26561000 	C:\WINDOWS\System32\kernel.appcore.dll
0x00007ffa27590000 - 0x00007ffa275a7000 	C:\WINDOWS\System32\cryptsp.dll
0x00007ffa12930000 - 0x00007ffa1294a000 	C:\Program Files\Android\Android Studio1\jre\jre\bin\net.dll
0x00007ffa25ce0000 - 0x00007ffa25d47000 	C:\WINDOWS\system32\mswsock.dll
0x00007ffa12910000 - 0x00007ffa12921000 	C:\Program Files\Android\Android Studio1\jre\jre\bin\nio.dll
0x00007ffa1ad00000 - 0x00007ffa1ad1e000 	C:\Users\Diackson Marques\.gradle\native\25\windows-amd64\native-platform.dll
0x00007ffa21060000 - 0x00007ffa2106d000 	C:\Program Files\Android\Android Studio1\jre\jre\bin\management.dll
0x00007ffa25850000 - 0x00007ffa25883000 	C:\WINDOWS\system32\rsaenh.dll
0x00007ffa270c0000 - 0x00007ffa270e6000 	C:\WINDOWS\System32\bcrypt.dll
0x00007ffa26390000 - 0x00007ffa263b5000 	C:\WINDOWS\SYSTEM32\USERENV.dll
0x00007ffa25eb0000 - 0x00007ffa25ebc000 	C:\WINDOWS\SYSTEM32\CRYPTBASE.dll
0x00007ffa259f0000 - 0x00007ffa25a2a000 	C:\WINDOWS\SYSTEM32\IPHLPAPI.DLL
0x00007ffa295b0000 - 0x00007ffa295b8000 	C:\WINDOWS\System32\NSI.dll
0x00007ffa1d960000 - 0x00007ffa1d976000 	C:\WINDOWS\SYSTEM32\dhcpcsvc6.DLL
0x00007ffa1d940000 - 0x00007ffa1d95c000 	C:\WINDOWS\SYSTEM32\dhcpcsvc.DLL
0x00007ffa25a30000 - 0x00007ffa25afa000 	C:\WINDOWS\SYSTEM32\DNSAPI.dll

VM Arguments:
jvm_args: -Xmx1536m -Dfile.encoding=windows-1252 -Duser.country=BR -Duser.language=pt -Duser.variant 
java_command: org.gradle.launcher.daemon.bootstrap.GradleDaemon 5.1.1
java_class_path (initial): C:\Users\Diackson Marques\.gradle\wrapper\dists\gradle-5.1.1-all\97z1ksx6lirer3kbvdnh7jtjg\gradle-5.1.1\lib\gradle-launcher-5.1.1.jar
Launcher Type: SUN_STANDARD

Environment Variables:
PATH=C:\Program Files (x86)\Common Files\Oracle\Java\javapath;C:\ProgramData\Oracle\Java\javapath;C:\Program Files (x86)\Intel\iCLS Client\;C:\Program Files\Intel\iCLS Client\;C:\WINDOWS\system32;C:\WINDOWS;C:\WINDOWS\System32\Wbem;C:\WINDOWS\System32\WindowsPowerShell\v1.0\;C:\Program Files (x86)\Intel\Intel(R) Management Engine Components\DAL;C:\Program Files\Intel\Intel(R) Management Engine Components\DAL;C:\Program Files (x86)\Intel\Intel(R) Management Engine Components\IPT;C:\Program Files\Intel\Intel(R) Management Engine Components\IPT;C:\WINDOWS\System32\OpenSSH\;C:\Program Files\Git\cmd;C:\Users\Diackson Marques\AppData\Local\Microsoft\WindowsApps;C:\Users\Diackson Marques\AppData\Local\Programs\MiKTeX 2.9\miktex\bin\x64\;
USERNAME=Diackson Marques
OS=Windows_NT
PROCESSOR_IDENTIFIER=Intel64 Family 6 Model 142 Stepping 9, GenuineIntel



---------------  S Y S T E M  ---------------

OS: Windows 10.0 , 64 bit Build 18362 (10.0.18362.329)

CPU:total 4 (initial active 4) (2 cores per cpu, 2 threads per core) family 6 model 142 stepping 9, cmov, cx8, fxsr, mmx, sse, sse2, sse3, ssse3, sse4.1, sse4.2, popcnt, avx, avx2, aes, clmul, erms, 3dnowpref, lzcnt, ht, tsc, tscinvbit, bmi1, bmi2, adx

Memory: 4k page, physical 4066916k(614340k free), swap 4271716k(5180k free)

vm_info: OpenJDK 64-Bit Server VM (25.152-b01) for windows-amd64 JRE (1.8.0_152-release-1343-b01), built by "builder" with MS VC++ 10.0 (VS2010)

time: Sat Oct 19 23:49:42 2019
elapsed time: 1582 seconds (0d 0h 26m 22s)

