#
# There is insufficient memory for the Java Runtime Environment to continue.
# Native memory allocation (malloc) failed to allocate 1230896 bytes for Chunk::new
# Possible reasons:
#   The system is out of physical RAM or swap space
#   In 32 bit mode, the process size limit was hit
# Possible solutions:
#   Reduce memory load on the system
#   Increase physical memory or swap space
#   Check if swap backing store is full
#   Use 64 bit Java on a 64 bit OS
#   Decrease Java heap size (-Xmx/-Xms)
#   Decrease number of Java threads
#   Decrease Java thread stack sizes (-Xss)
#   Set larger code cache with -XX:ReservedCodeCacheSize=
# This output file may be truncated or incomplete.
#
#  Out of Memory Error (allocation.cpp:390), pid=2892, tid=0x0000000000001cc8
#
# JRE version: OpenJDK Runtime Environment (8.0_152-b01) (build 1.8.0_152-release-1343-b01)
# Java VM: OpenJDK 64-Bit Server VM (25.152-b01 mixed mode windows-amd64 compressed oops)
# Failed to write core dump. Minidumps are not enabled by default on client versions of Windows
#

---------------  T H R E A D  ---------------

Current thread (0x00000000164ed000):  JavaThread "C2 CompilerThread0" daemon [_thread_in_native, id=7368, stack(0x0000000017b50000,0x0000000017c50000)]

Stack: [0x0000000017b50000,0x0000000017c50000]
[error occurred during error reporting (printing stack bounds), id 0xc0000005]

Native frames: (J=compiled Java code, j=interpreted, Vv=VM code, C=native code)


Current CompileTask:
C2:   5362 1448   !   4       java.net.URLClassLoader$1::run (63 bytes)


---------------  P R O C E S S  ---------------

Java Threads: ( => current thread )
  0x0000000019b36800 JavaThread "Cache worker for file hash cache (C:\Users\Diackson Marques\Desktop\BelezaOnline_2\.gradle\5.1.1\fileHashes)" [_thread_blocked, id=3848, stack(0x000000001d350000,0x000000001d450000)]
  0x0000000019b37000 JavaThread "Cache worker for journal cache (C:\Users\Diackson Marques\.gradle\caches\journal-1)" [_thread_blocked, id=9440, stack(0x000000001bf80000,0x000000001c080000)]
  0x000000001944b800 JavaThread "File lock request listener" [_thread_in_native, id=4008, stack(0x000000001be80000,0x000000001bf80000)]
  0x0000000018c5e800 JavaThread "Cache worker for file hash cache (C:\Users\Diackson Marques\.gradle\caches\5.1.1\fileHashes)" [_thread_blocked, id=8996, stack(0x000000001bd80000,0x000000001be80000)]
  0x0000000018b3e000 JavaThread "Thread-8" [_thread_blocked, id=6184, stack(0x000000001acb0000,0x000000001adb0000)]
  0x00000000195a4800 JavaThread "Stdin handler" [_thread_blocked, id=11220, stack(0x000000001abb0000,0x000000001acb0000)]
  0x00000000195a3800 JavaThread "Asynchronous log dispatcher for DefaultDaemonConnection: socket connection from /127.0.0.1:59606 to /127.0.0.1:59607" [_thread_blocked, id=5532, stack(0x000000001aab0000,0x000000001abb0000)]
  0x00000000198cc800 JavaThread "Daemon worker" [_thread_in_vm, id=1028, stack(0x000000001a9b0000,0x000000001aab0000)]
  0x00000000198cc000 JavaThread "Cancel handler" [_thread_blocked, id=956, stack(0x000000001a8b0000,0x000000001a9b0000)]
  0x00000000195dc000 JavaThread "Handler for socket connection from /127.0.0.1:59606 to /127.0.0.1:59607" [_thread_in_native, id=9056, stack(0x000000001a5b0000,0x000000001a6b0000)]
  0x000000001965b800 JavaThread "Daemon" [_thread_blocked, id=404, stack(0x000000001a4b0000,0x000000001a5b0000)]
  0x0000000019638800 JavaThread "Daemon periodic checks" [_thread_blocked, id=7416, stack(0x000000001a3b0000,0x000000001a4b0000)]
  0x0000000018184000 JavaThread "Incoming local TCP Connector on port 59606" [_thread_in_native, id=10292, stack(0x000000001a160000,0x000000001a260000)]
  0x0000000017e78800 JavaThread "Service Thread" daemon [_thread_blocked, id=5852, stack(0x0000000018250000,0x0000000018350000)]
  0x00000000164f9000 JavaThread "C1 CompilerThread2" daemon [_thread_blocked, id=2712, stack(0x0000000017d50000,0x0000000017e50000)]
  0x00000000164ef000 JavaThread "C2 CompilerThread1" daemon [_thread_in_native, id=2416, stack(0x0000000017c50000,0x0000000017d50000)]
=>0x00000000164ed000 JavaThread "C2 CompilerThread0" daemon [_thread_in_native, id=7368, stack(0x0000000017b50000,0x0000000017c50000)]
  0x00000000164eb800 JavaThread "Attach Listener" daemon [_thread_blocked, id=6812, stack(0x0000000017a50000,0x0000000017b50000)]
  0x00000000164ea800 JavaThread "Signal Dispatcher" daemon [_thread_blocked, id=3356, stack(0x0000000017950000,0x0000000017a50000)]
  0x0000000002b7c000 JavaThread "Finalizer" daemon [_thread_blocked, id=9304, stack(0x0000000017740000,0x0000000017840000)]
  0x0000000002b70800 JavaThread "Reference Handler" daemon [_thread_blocked, id=1060, stack(0x0000000017640000,0x0000000017740000)]
  0x0000000002a4e800 JavaThread "main" [_thread_blocked, id=3340, stack(0x0000000002880000,0x0000000002980000)]

Other Threads:
  0x00000000164b6000 VMThread [stack: 0x0000000017540000,0x0000000017640000] [id=2760]
  0x000000001654e000 WatcherThread [stack: 0x0000000018350000,0x0000000018450000] [id=8948]

VM state:not at safepoint (normal execution)

VM Mutex/Monitor currently owned by a thread: None

Heap:
 PSYoungGen      total 37888K, used 9639K [0x00000000e0000000, 0x00000000e4d00000, 0x0000000100000000)
  eden space 32768K, 13% used [0x00000000e0000000,0x00000000e0469f00,0x00000000e2000000)
  from space 5120K, 100% used [0x00000000e2000000,0x00000000e2500000,0x00000000e2500000)
  to   space 6656K, 0% used [0x00000000e4680000,0x00000000e4680000,0x00000000e4d00000)
 ParOldGen       total 44032K, used 6033K [0x00000000a0000000, 0x00000000a2b00000, 0x00000000e0000000)
  object space 44032K, 13% used [0x00000000a0000000,0x00000000a05e4418,0x00000000a2b00000)
 Metaspace       used 16284K, capacity 16652K, committed 16896K, reserved 1062912K
  class space    used 2324K, capacity 2492K, committed 2560K, reserved 1048576K

Card table byte_map: [0x0000000011f40000,0x0000000012250000] byte_map_base: 0x0000000011a40000

Marking Bits: (ParMarkBitMap*) 0x000000006e2b5aa0
 Begin Bits: [0x0000000012850000, 0x0000000014050000)
 End Bits:   [0x0000000014050000, 0x0000000015850000)

Polling page: 0x0000000000e70000

CodeCache: size=245760Kb used=5196Kb max_used=5196Kb free=240563Kb
 bounds [0x0000000002b80000, 0x00000000030a0000, 0x0000000011b80000]
 total_blobs=1880 nmethods=1485 adapters=308
 compilation: enabled

Compilation events (10 events):
Event: 5.322 Thread 0x00000000164f9000 1521       3       sun.misc.ProxyGenerator$ConstantPool::getMethodRef (33 bytes)
Event: 5.323 Thread 0x00000000164f9000 nmethod 1521 0x0000000003091350 code [0x00000000030915e0, 0x0000000003092388]
Event: 5.323 Thread 0x00000000164f9000 1522       3       sun.misc.ProxyGenerator::access$900 (5 bytes)
Event: 5.323 Thread 0x00000000164f9000 nmethod 1522 0x0000000003092e90 code [0x0000000003093000, 0x0000000003093268]
Event: 5.323 Thread 0x00000000164f9000 1523       3       java.io.ByteArrayOutputStream::<init> (43 bytes)
Event: 5.324 Thread 0x00000000164f9000 nmethod 1523 0x0000000003093350 code [0x0000000003093540, 0x0000000003093eb8]
Event: 5.327 Thread 0x00000000164f9000 1524       3       java.util.concurrent.locks.AbstractQueuedSynchronizer::setState (6 bytes)
Event: 5.328 Thread 0x00000000164f9000 nmethod 1524 0x00000000030942d0 code [0x0000000003094420, 0x0000000003094570]
Event: 5.344 Thread 0x00000000164f9000 1525       3       java.lang.Package::<init> (56 bytes)
Event: 5.344 Thread 0x00000000164f9000 nmethod 1525 0x00000000030945d0 code [0x0000000003094720, 0x0000000003094990]

GC Heap History (10 events):
Event: 3.988 GC heap before
{Heap before GC invocations=3 (full 0):
 PSYoungGen      total 18944K, used 18919K [0x00000000e0000000, 0x00000000e2500000, 0x0000000100000000)
  eden space 16384K, 100% used [0x00000000e0000000,0x00000000e1000000,0x00000000e1000000)
  from space 2560K, 99% used [0x00000000e1280000,0x00000000e14f9ef0,0x00000000e1500000)
  to   space 2560K, 0% used [0x00000000e1000000,0x00000000e1000000,0x00000000e1280000)
 ParOldGen       total 44032K, used 531K [0x00000000a0000000, 0x00000000a2b00000, 0x00000000e0000000)
  object space 44032K, 1% used [0x00000000a0000000,0x00000000a0084dc0,0x00000000a2b00000)
 Metaspace       used 7115K, capacity 7318K, committed 7680K, reserved 1056768K
  class space    used 860K, capacity 915K, committed 1024K, reserved 1048576K
Event: 3.993 GC heap after
Heap after GC invocations=3 (full 0):
 PSYoungGen      total 18944K, used 2547K [0x00000000e0000000, 0x00000000e1500000, 0x0000000100000000)
  eden space 16384K, 0% used [0x00000000e0000000,0x00000000e0000000,0x00000000e1000000)
  from space 2560K, 99% used [0x00000000e1000000,0x00000000e127cfa8,0x00000000e1280000)
  to   space 2560K, 0% used [0x00000000e1280000,0x00000000e1280000,0x00000000e1500000)
 ParOldGen       total 44032K, used 767K [0x00000000a0000000, 0x00000000a2b00000, 0x00000000e0000000)
  object space 44032K, 1% used [0x00000000a0000000,0x00000000a00bffe8,0x00000000a2b00000)
 Metaspace       used 7115K, capacity 7318K, committed 7680K, reserved 1056768K
  class space    used 860K, capacity 915K, committed 1024K, reserved 1048576K
}
Event: 4.124 GC heap before
{Heap before GC invocations=4 (full 0):
 PSYoungGen      total 18944K, used 18931K [0x00000000e0000000, 0x00000000e1500000, 0x0000000100000000)
  eden space 16384K, 100% used [0x00000000e0000000,0x00000000e1000000,0x00000000e1000000)
  from space 2560K, 99% used [0x00000000e1000000,0x00000000e127cfa8,0x00000000e1280000)
  to   space 2560K, 0% used [0x00000000e1280000,0x00000000e1280000,0x00000000e1500000)
 ParOldGen       total 44032K, used 767K [0x00000000a0000000, 0x00000000a2b00000, 0x00000000e0000000)
  object space 44032K, 1% used [0x00000000a0000000,0x00000000a00bffe8,0x00000000a2b00000)
 Metaspace       used 8187K, capacity 8420K, committed 8576K, reserved 1056768K
  class space    used 1037K, capacity 1112K, committed 1152K, reserved 1048576K
Event: 4.128 GC heap after
Heap after GC invocations=4 (full 0):
 PSYoungGen      total 18944K, used 2560K [0x00000000e0000000, 0x00000000e2500000, 0x0000000100000000)
  eden space 16384K, 0% used [0x00000000e0000000,0x00000000e0000000,0x00000000e1000000)
  from space 2560K, 100% used [0x00000000e1280000,0x00000000e1500000,0x00000000e1500000)
  to   space 2560K, 0% used [0x00000000e1000000,0x00000000e1000000,0x00000000e1280000)
 ParOldGen       total 44032K, used 1823K [0x00000000a0000000, 0x00000000a2b00000, 0x00000000e0000000)
  object space 44032K, 4% used [0x00000000a0000000,0x00000000a01c7c10,0x00000000a2b00000)
 Metaspace       used 8187K, capacity 8420K, committed 8576K, reserved 1056768K
  class space    used 1037K, capacity 1112K, committed 1152K, reserved 1048576K
}
Event: 4.836 GC heap before
{Heap before GC invocations=5 (full 0):
 PSYoungGen      total 18944K, used 18944K [0x00000000e0000000, 0x00000000e2500000, 0x0000000100000000)
  eden space 16384K, 100% used [0x00000000e0000000,0x00000000e1000000,0x00000000e1000000)
  from space 2560K, 100% used [0x00000000e1280000,0x00000000e1500000,0x00000000e1500000)
  to   space 2560K, 0% used [0x00000000e1000000,0x00000000e1000000,0x00000000e1280000)
 ParOldGen       total 44032K, used 1823K [0x00000000a0000000, 0x00000000a2b00000, 0x00000000e0000000)
  object space 44032K, 4% used [0x00000000a0000000,0x00000000a01c7c10,0x00000000a2b00000)
 Metaspace       used 11902K, capacity 12316K, committed 12544K, reserved 1060864K
  class space    used 1579K, capacity 1722K, committed 1792K, reserved 1048576K
Event: 4.842 GC heap after
Heap after GC invocations=5 (full 0):
 PSYoungGen      total 18944K, used 2528K [0x00000000e0000000, 0x00000000e2a00000, 0x0000000100000000)
  eden space 16384K, 0% used [0x00000000e0000000,0x00000000e0000000,0x00000000e1000000)
  from space 2560K, 98% used [0x00000000e1000000,0x00000000e1278020,0x00000000e1280000)
  to   space 5120K, 0% used [0x00000000e2500000,0x00000000e2500000,0x00000000e2a00000)
 ParOldGen       total 44032K, used 4211K [0x00000000a0000000, 0x00000000a2b00000, 0x00000000e0000000)
  object space 44032K, 9% used [0x00000000a0000000,0x00000000a041cf28,0x00000000a2b00000)
 Metaspace       used 11902K, capacity 12316K, committed 12544K, reserved 1060864K
  class space    used 1579K, capacity 1722K, committed 1792K, reserved 1048576K
}
Event: 4.962 GC heap before
{Heap before GC invocations=6 (full 0):
 PSYoungGen      total 18944K, used 18912K [0x00000000e0000000, 0x00000000e2a00000, 0x0000000100000000)
  eden space 16384K, 100% used [0x00000000e0000000,0x00000000e1000000,0x00000000e1000000)
  from space 2560K, 98% used [0x00000000e1000000,0x00000000e1278020,0x00000000e1280000)
  to   space 5120K, 0% used [0x00000000e2500000,0x00000000e2500000,0x00000000e2a00000)
 ParOldGen       total 44032K, used 4211K [0x00000000a0000000, 0x00000000a2b00000, 0x00000000e0000000)
  object space 44032K, 9% used [0x00000000a0000000,0x00000000a041cf28,0x00000000a2b00000)
 Metaspace       used 12948K, capacity 13366K, committed 13440K, reserved 1060864K
  class space    used 1776K, capacity 1903K, committed 1920K, reserved 1048576K
Event: 4.967 GC heap after
Heap after GC invocations=6 (full 0):
 PSYoungGen      total 37888K, used 4167K [0x00000000e0000000, 0x00000000e2a00000, 0x0000000100000000)
  eden space 32768K, 0% used [0x00000000e0000000,0x00000000e0000000,0x00000000e2000000)
  from space 5120K, 81% used [0x00000000e2500000,0x00000000e2911e88,0x00000000e2a00000)
  to   space 5120K, 0% used [0x00000000e2000000,0x00000000e2000000,0x00000000e2500000)
 ParOldGen       total 44032K, used 4219K [0x00000000a0000000, 0x00000000a2b00000, 0x00000000e0000000)
  object space 44032K, 9% used [0x00000000a0000000,0x00000000a041ef28,0x00000000a2b00000)
 Metaspace       used 12948K, capacity 13366K, committed 13440K, reserved 1060864K
  class space    used 1776K, capacity 1903K, committed 1920K, reserved 1048576K
}
Event: 5.282 GC heap before
{Heap before GC invocations=7 (full 0):
 PSYoungGen      total 37888K, used 36935K [0x00000000e0000000, 0x00000000e2a00000, 0x0000000100000000)
  eden space 32768K, 100% used [0x00000000e0000000,0x00000000e2000000,0x00000000e2000000)
  from space 5120K, 81% used [0x00000000e2500000,0x00000000e2911e88,0x00000000e2a00000)
  to   space 5120K, 0% used [0x00000000e2000000,0x00000000e2000000,0x00000000e2500000)
 ParOldGen       total 44032K, used 4219K [0x00000000a0000000, 0x00000000a2b00000, 0x00000000e0000000)
  object space 44032K, 9% used [0x00000000a0000000,0x00000000a041ef28,0x00000000a2b00000)
 Metaspace       used 15696K, capacity 16108K, committed 16256K, reserved 1062912K
  class space    used 2235K, capacity 2396K, committed 2432K, reserved 1048576K
Event: 5.294 GC heap after
Heap after GC invocations=7 (full 0):
 PSYoungGen      total 37888K, used 5120K [0x00000000e0000000, 0x00000000e4d00000, 0x0000000100000000)
  eden space 32768K, 0% used [0x00000000e0000000,0x00000000e0000000,0x00000000e2000000)
  from space 5120K, 100% used [0x00000000e2000000,0x00000000e2500000,0x00000000e2500000)
  to   space 6656K, 0% used [0x00000000e4680000,0x00000000e4680000,0x00000000e4d00000)
 ParOldGen       total 44032K, used 6033K [0x00000000a0000000, 0x00000000a2b00000, 0x00000000e0000000)
  object space 44032K, 13% used [0x00000000a0000000,0x00000000a05e4418,0x00000000a2b00000)
 Metaspace       used 15696K, capacity 16108K, committed 16256K, reserved 1062912K
  class space    used 2235K, capacity 2396K, committed 2432K, reserved 1048576K
}

Deoptimization events (10 events):
Event: 4.377 Thread 0x0000000002a4e800 Uncommon trap: reason=unstable_if action=reinterpret pc=0x0000000002edc7d8 method=java.io.WinNTFileSystem.normalize(Ljava/lang/String;II)Ljava/lang/String; @ 90
Event: 4.771 Thread 0x00000000195dc000 Uncommon trap: reason=unstable_if action=reinterpret pc=0x0000000002f3ffb0 method=java.util.concurrent.ConcurrentHashMap.putVal(Ljava/lang/Object;Ljava/lang/Object;Z)Ljava/lang/Object; @ 206
Event: 4.823 Thread 0x00000000198cc800 Uncommon trap: reason=bimorphic action=maybe_recompile pc=0x0000000002e2eca0 method=java.util.HashMap.putVal(ILjava/lang/Object;Ljava/lang/Object;ZZ)Ljava/lang/Object; @ 253
Event: 4.823 Thread 0x00000000198cc800 Uncommon trap: reason=bimorphic action=maybe_recompile pc=0x0000000002e2eca0 method=java.util.HashMap.putVal(ILjava/lang/Object;Ljava/lang/Object;ZZ)Ljava/lang/Object; @ 253
Event: 4.823 Thread 0x00000000198cc800 Uncommon trap: reason=bimorphic action=maybe_recompile pc=0x0000000002e2eca0 method=java.util.HashMap.putVal(ILjava/lang/Object;Ljava/lang/Object;ZZ)Ljava/lang/Object; @ 253
Event: 4.984 Thread 0x00000000198cc800 Uncommon trap: reason=class_check action=maybe_recompile pc=0x0000000002e5c418 method=java.util.regex.Matcher.match(II)Z @ 86
Event: 4.996 Thread 0x00000000198cc800 Uncommon trap: reason=class_check action=maybe_recompile pc=0x0000000002e5c418 method=java.util.regex.Matcher.match(II)Z @ 86
Event: 4.996 Thread 0x00000000198cc800 Uncommon trap: reason=class_check action=maybe_recompile pc=0x0000000002e5c418 method=java.util.regex.Matcher.match(II)Z @ 86
Event: 4.996 Thread 0x00000000198cc800 Uncommon trap: reason=class_check action=maybe_recompile pc=0x0000000002e2a49c method=java.util.regex.Matcher.match(II)Z @ 86
Event: 5.191 Thread 0x00000000198cc800 Uncommon trap: reason=unstable_if action=reinterpret pc=0x0000000002fa77b4 method=java.lang.String.lastIndexOf([CII[CIII)I @ 66

Classes redefined (0 events):
No events

Internal exceptions (10 events):
Event: 4.774 Thread 0x00000000195dc000 Exception <a 'java/lang/NoSuchMethodError': <clinit>> (0x00000000e0ce0358) thrown at [D:\src\AOSP-openjdk-cygwin\jdk8u\hotspot\src\share\vm\prims\jni.cpp, line 1613]
Event: 4.777 Thread 0x00000000195dc000 Exception <a 'java/lang/NoSuchMethodError': <clinit>> (0x00000000e0cf3490) thrown at [D:\src\AOSP-openjdk-cygwin\jdk8u\hotspot\src\share\vm\prims\jni.cpp, line 1613]
Event: 4.780 Thread 0x00000000195dc000 Exception <a 'java/lang/NoSuchMethodError': <clinit>> (0x00000000e0d1a3f0) thrown at [D:\src\AOSP-openjdk-cygwin\jdk8u\hotspot\src\share\vm\prims\jni.cpp, line 1613]
Event: 4.781 Thread 0x00000000195dc000 Exception <a 'java/lang/NoSuchMethodError': <clinit>> (0x00000000e0d320c0) thrown at [D:\src\AOSP-openjdk-cygwin\jdk8u\hotspot\src\share\vm\prims\jni.cpp, line 1613]
Event: 4.782 Thread 0x00000000195dc000 Exception <a 'java/lang/NoSuchMethodError': <clinit>> (0x00000000e0d3ab88) thrown at [D:\src\AOSP-openjdk-cygwin\jdk8u\hotspot\src\share\vm\prims\jni.cpp, line 1613]
Event: 4.783 Thread 0x00000000195dc000 Exception <a 'java/lang/NoSuchMethodError': <clinit>> (0x00000000e0d50e60) thrown at [D:\src\AOSP-openjdk-cygwin\jdk8u\hotspot\src\share\vm\prims\jni.cpp, line 1613]
Event: 4.791 Thread 0x00000000195dc000 Exception <a 'java/lang/NoSuchMethodError': <clinit>> (0x00000000e0daea48) thrown at [D:\src\AOSP-openjdk-cygwin\jdk8u\hotspot\src\share\vm\prims\jni.cpp, line 1613]
Event: 4.795 Thread 0x00000000195dc000 Exception <a 'java/lang/NoSuchMethodError': <clinit>> (0x00000000e0ddb0d8) thrown at [D:\src\AOSP-openjdk-cygwin\jdk8u\hotspot\src\share\vm\prims\jni.cpp, line 1613]
Event: 4.799 Thread 0x00000000195dc000 Exception <a 'java/lang/NoSuchMethodError': <clinit>> (0x00000000e0e09328) thrown at [D:\src\AOSP-openjdk-cygwin\jdk8u\hotspot\src\share\vm\prims\jni.cpp, line 1613]
Event: 4.799 Thread 0x00000000195dc000 Exception <a 'java/lang/NoSuchMethodError': <clinit>> (0x00000000e0e14718) thrown at [D:\src\AOSP-openjdk-cygwin\jdk8u\hotspot\src\share\vm\prims\jni.cpp, line 1613]

Events (10 events):
Event: 5.352 loading class org/objectweb/asm/ByteVector
Event: 5.352 loading class org/objectweb/asm/ByteVector done
Event: 5.354 loading class org/gradle/api/internal/AsmBackedClassGenerator$ClassBuilderImpl$1
Event: 5.354 loading class org/gradle/api/internal/AsmBackedClassGenerator$ClassBuilderImpl$1 done
Event: 5.357 loading class org/objectweb/asm/Frame
Event: 5.357 loading class org/objectweb/asm/Frame done
Event: 5.357 loading class org/objectweb/asm/CurrentFrame
Event: 5.358 loading class org/objectweb/asm/CurrentFrame done
Event: 5.359 loading class org/objectweb/asm/MethodTooLargeException
Event: 5.359 loading class org/objectweb/asm/MethodTooLargeException done


Dynamic libraries:
0x00007ff7efdf0000 - 0x00007ff7efe21000 	C:\Program Files\Android\Android Studio1\jre\bin\java.exe
0x00007fff9bb50000 - 0x00007fff9bd31000 	C:\WINDOWS\SYSTEM32\ntdll.dll
0x00007fff8ae60000 - 0x00007fff8ae72000 	C:\Program Files\AVG\Antivirus\aswhook.dll
0x00007fff99180000 - 0x00007fff99231000 	C:\WINDOWS\System32\KERNEL32.DLL
0x00007fff98920000 - 0x00007fff98b93000 	C:\WINDOWS\System32\KERNELBASE.dll
0x00007fff9aa40000 - 0x00007fff9aae1000 	C:\WINDOWS\System32\ADVAPI32.dll
0x00007fff99000000 - 0x00007fff9909e000 	C:\WINDOWS\System32\msvcrt.dll
0x00007fff9a8a0000 - 0x00007fff9a8fb000 	C:\WINDOWS\System32\sechost.dll
0x00007fff9b4d0000 - 0x00007fff9b5f4000 	C:\WINDOWS\System32\RPCRT4.dll
0x00007fff9b990000 - 0x00007fff9bb20000 	C:\WINDOWS\System32\USER32.dll
0x00007fff98c20000 - 0x00007fff98c40000 	C:\WINDOWS\System32\win32u.dll
0x00007fff9aaf0000 - 0x00007fff9ab18000 	C:\WINDOWS\System32\GDI32.dll
0x00007fff98de0000 - 0x00007fff98f71000 	C:\WINDOWS\System32\gdi32full.dll
0x00007fff98cf0000 - 0x00007fff98d8f000 	C:\WINDOWS\System32\msvcp_win.dll
0x00007fff98630000 - 0x00007fff98728000 	C:\WINDOWS\System32\ucrtbase.dll
0x00007fff84fc0000 - 0x00007fff85229000 	C:\WINDOWS\WinSxS\amd64_microsoft.windows.common-controls_6595b64144ccf1df_6.0.17134.885_none_fb42a3473065565f\COMCTL32.dll
0x00007fff9b660000 - 0x00007fff9b982000 	C:\WINDOWS\System32\combase.dll
0x00007fff98ba0000 - 0x00007fff98c19000 	C:\WINDOWS\System32\bcryptPrimitives.dll
0x00007fff9b370000 - 0x00007fff9b39d000 	C:\WINDOWS\System32\IMM32.DLL
0x000000006d930000 - 0x000000006da02000 	C:\Program Files\Android\Android Studio1\jre\jre\bin\msvcr100.dll
0x000000006daf0000 - 0x000000006e331000 	C:\Program Files\Android\Android Studio1\jre\jre\bin\server\jvm.dll
0x00007fff9b270000 - 0x00007fff9b278000 	C:\WINDOWS\System32\PSAPI.DLL
0x00007fff8ebe0000 - 0x00007fff8ebe9000 	C:\WINDOWS\SYSTEM32\WSOCK32.dll
0x00007fff9a910000 - 0x00007fff9a97c000 	C:\WINDOWS\System32\WS2_32.dll
0x00007fff84c20000 - 0x00007fff84c43000 	C:\WINDOWS\SYSTEM32\WINMM.dll
0x00007fff931d0000 - 0x00007fff931da000 	C:\WINDOWS\SYSTEM32\VERSION.dll
0x00007fff84bf0000 - 0x00007fff84c1a000 	C:\WINDOWS\SYSTEM32\WINMMBASE.dll
0x00007fff98d90000 - 0x00007fff98dd9000 	C:\WINDOWS\System32\cfgmgr32.dll
0x00007fff895d0000 - 0x00007fff895df000 	C:\Program Files\Android\Android Studio1\jre\jre\bin\verify.dll
0x00007fff78db0000 - 0x00007fff78dd9000 	C:\Program Files\Android\Android Studio1\jre\jre\bin\java.dll
0x00007fff86440000 - 0x00007fff86456000 	C:\Program Files\Android\Android Studio1\jre\jre\bin\zip.dll
0x00007fff99240000 - 0x00007fff9a680000 	C:\WINDOWS\System32\SHELL32.dll
0x00007fff9b420000 - 0x00007fff9b4c9000 	C:\WINDOWS\System32\shcore.dll
0x00007fff97f20000 - 0x00007fff9862d000 	C:\WINDOWS\System32\windows.storage.dll
0x00007fff9a980000 - 0x00007fff9a9d1000 	C:\WINDOWS\System32\shlwapi.dll
0x00007fff97e90000 - 0x00007fff97ea1000 	C:\WINDOWS\System32\kernel.appcore.dll
0x00007fff97e70000 - 0x00007fff97e8f000 	C:\WINDOWS\System32\profapi.dll
0x00007fff97ed0000 - 0x00007fff97f1c000 	C:\WINDOWS\System32\powrprof.dll
0x00007fff97e60000 - 0x00007fff97e6a000 	C:\WINDOWS\System32\FLTLIB.DLL
0x00007fff85830000 - 0x00007fff8584a000 	C:\Program Files\Android\Android Studio1\jre\jre\bin\net.dll
0x00007fff97680000 - 0x00007fff976e6000 	C:\WINDOWS\system32\mswsock.dll
0x00007fff7d510000 - 0x00007fff7d521000 	C:\Program Files\Android\Android Studio1\jre\jre\bin\nio.dll
0x00007fff874c0000 - 0x00007fff874de000 	C:\Users\Diackson Marques\.gradle\native\25\windows-amd64\native-platform.dll
0x00007fff89590000 - 0x00007fff8959d000 	C:\Program Files\Android\Android Studio1\jre\jre\bin\management.dll
0x00007fff97830000 - 0x00007fff97847000 	C:\WINDOWS\SYSTEM32\CRYPTSP.dll
0x00007fff97270000 - 0x00007fff972a3000 	C:\WINDOWS\system32\rsaenh.dll
0x00007fff97960000 - 0x00007fff97985000 	C:\WINDOWS\SYSTEM32\bcrypt.dll
0x00007fff97d60000 - 0x00007fff97d88000 	C:\WINDOWS\SYSTEM32\USERENV.dll
0x00007fff97850000 - 0x00007fff9785b000 	C:\WINDOWS\SYSTEM32\CRYPTBASE.dll
0x00007fff97410000 - 0x00007fff97448000 	C:\WINDOWS\SYSTEM32\IPHLPAPI.DLL
0x00007fff9a900000 - 0x00007fff9a908000 	C:\WINDOWS\System32\NSI.dll
0x00007fff91020000 - 0x00007fff91036000 	C:\WINDOWS\SYSTEM32\dhcpcsvc6.DLL
0x00007fff91250000 - 0x00007fff9126a000 	C:\WINDOWS\SYSTEM32\dhcpcsvc.DLL

VM Arguments:
jvm_args: -Xmx1536m -Dfile.encoding=windows-1252 -Duser.country=BR -Duser.language=pt -Duser.variant 
java_command: org.gradle.launcher.daemon.bootstrap.GradleDaemon 5.1.1
java_class_path (initial): C:\Users\Diackson Marques\.gradle\wrapper\dists\gradle-5.1.1-all\97z1ksx6lirer3kbvdnh7jtjg\gradle-5.1.1\lib\gradle-launcher-5.1.1.jar
Launcher Type: SUN_STANDARD

Environment Variables:
PATH=C:\Program Files (x86)\Common Files\Oracle\Java\javapath;C:\ProgramData\Oracle\Java\javapath;C:\Program Files (x86)\Intel\iCLS Client\;C:\Program Files\Intel\iCLS Client\;C:\WINDOWS\system32;C:\WINDOWS;C:\WINDOWS\System32\Wbem;C:\WINDOWS\System32\WindowsPowerShell\v1.0\;C:\Program Files (x86)\Intel\Intel(R) Management Engine Components\DAL;C:\Program Files\Intel\Intel(R) Management Engine Components\DAL;C:\Program Files (x86)\Intel\Intel(R) Management Engine Components\IPT;C:\Program Files\Intel\Intel(R) Management Engine Components\IPT;C:\WINDOWS\System32\OpenSSH\;C:\Program Files\Git\cmd;C:\Users\Diackson Marques\AppData\Local\Microsoft\WindowsApps;C:\Users\Diackson Marques\AppData\Local\Programs\MiKTeX 2.9\miktex\bin\x64\
USERNAME=Diackson Marques
OS=Windows_NT
PROCESSOR_IDENTIFIER=Intel64 Family 6 Model 142 Stepping 9, GenuineIntel



---------------  S Y S T E M  ---------------

OS: Windows 10.0 , 64 bit Build 17134 (10.0.17134.753)

CPU:total 4 (initial active 4) (2 cores per cpu, 2 threads per core) family 6 model 142 stepping 9, cmov, cx8, fxsr, mmx, sse, sse2, sse3, ssse3, sse4.1, sse4.2, popcnt, avx, avx2, aes, clmul, erms, 3dnowpref, lzcnt, ht, tsc, tscinvbit, bmi1, bmi2, adx

Memory: 4k page, physical 4066916k(105892k free), swap 4271716k(5528k free)

vm_info: OpenJDK 64-Bit Server VM (25.152-b01) for windows-amd64 JRE (1.8.0_152-release-1343-b01), built by "builder" with MS VC++ 10.0 (VS2010)

time: Wed Sep 11 21:32:47 2019
elapsed time: 5 seconds (0d 0h 0m 5s)

