#
# There is insufficient memory for the Java Runtime Environment to continue.
# Native memory allocation (malloc) failed to allocate 1610576 bytes for Chunk::new
# Possible reasons:
#   The system is out of physical RAM or swap space
#   In 32 bit mode, the process size limit was hit
# Possible solutions:
#   Reduce memory load on the system
#   Increase physical memory or swap space
#   Check if swap backing store is full
#   Use 64 bit Java on a 64 bit OS
#   Decrease Java heap size (-Xmx/-Xms)
#   Decrease number of Java threads
#   Decrease Java thread stack sizes (-Xss)
#   Set larger code cache with -XX:ReservedCodeCacheSize=
# This output file may be truncated or incomplete.
#
#  Out of Memory Error (allocation.cpp:390), pid=10812, tid=0x0000000000000408
#
# JRE version: OpenJDK Runtime Environment (8.0_152-b01) (build 1.8.0_152-release-1343-b01)
# Java VM: OpenJDK 64-Bit Server VM (25.152-b01 mixed mode windows-amd64 compressed oops)
# Failed to write core dump. Minidumps are not enabled by default on client versions of Windows
#

---------------  T H R E A D  ---------------

Current thread (0x000000001652d800):  JavaThread "C2 CompilerThread0" daemon [_thread_in_native, id=1032, stack(0x0000000017bb0000,0x0000000017cb0000)]

Stack: [0x0000000017bb0000,0x0000000017cb0000]
[error occurred during error reporting (printing stack bounds), id 0xc0000005]

Native frames: (J=compiled Java code, j=interpreted, Vv=VM code, C=native code)


Current CompileTask:
C2:  29324 12219 %     4       com.android.tools.r8.ir.regalloc.LinearScanRegisterAllocator::performLinearScan @ 726 (922 bytes)


---------------  P R O C E S S  ---------------

Java Threads: ( => current thread )
  0x000000001bd95000 JavaThread "ForkJoinPool.commonPool-worker-0" daemon [_thread_in_Java, id=10988, stack(0x0000000024740000,0x0000000024840000)]
  0x000000001bd91000 JavaThread "ForkJoinPool.commonPool-worker-2" daemon [_thread_in_Java, id=744, stack(0x0000000024640000,0x0000000024740000)]
  0x000000001bd92800 JavaThread "ForkJoinPool.commonPool-worker-1" daemon [_thread_in_Java, id=5696, stack(0x0000000023f30000,0x0000000024030000)]
  0x000000001bd93800 JavaThread "Cache worker for Java compile cache (C:\Users\Diackson Marques\Desktop\BelezaOnline_2\.gradle\5.1.1\javaCompile)" [_thread_blocked, id=8772, stack(0x0000000023e30000,0x0000000023f30000)]
  0x000000001bd94000 JavaThread "Cache worker for Java compile cache (C:\Users\Diackson Marques\.gradle\caches\5.1.1\javaCompile)" [_thread_blocked, id=10760, stack(0x0000000023d30000,0x0000000023e30000)]
  0x000000001bd8e800 JavaThread "Cache worker for execution history cache (C:\Users\Diackson Marques\Desktop\BelezaOnline_2\.gradle\5.1.1\executionHistory)" [_thread_blocked, id=8148, stack(0x0000000023a30000,0x0000000023b30000)]
  0x000000001bd8f800 JavaThread "Execution worker for ':' Thread 3" [_thread_blocked, id=2112, stack(0x0000000023930000,0x0000000023a30000)]
  0x000000001bd87000 JavaThread "Execution worker for ':' Thread 2" [_thread_blocked, id=4976, stack(0x0000000023830000,0x0000000023930000)]
  0x000000001bd8e000 JavaThread "Execution worker for ':'" [_thread_blocked, id=7112, stack(0x0000000023730000,0x0000000023830000)]
  0x000000001bd86800 JavaThread "Cache worker for file content cache (C:\Users\Diackson Marques\Desktop\BelezaOnline_2\.gradle\5.1.1\fileContent)" [_thread_blocked, id=3624, stack(0x0000000023630000,0x0000000023730000)]
  0x000000001bd8d000 JavaThread "Cache worker for file content cache (C:\Users\Diackson Marques\.gradle\caches\5.1.1\fileContent)" [_thread_blocked, id=2028, stack(0x0000000023530000,0x0000000023630000)]
  0x000000001bd8a000 JavaThread "Memory manager" [_thread_blocked, id=10680, stack(0x0000000021f90000,0x0000000022090000)]
  0x000000001bd8c800 JavaThread "Cache worker for Build Output Cleanup Cache (C:\Users\Diackson Marques\Desktop\BelezaOnline_2\.gradle\buildOutputCleanup)" [_thread_blocked, id=6796, stack(0x0000000021e90000,0x0000000021f90000)]
  0x000000001bd88800 JavaThread "Build operations Thread 4" [_thread_blocked, id=2396, stack(0x0000000021b90000,0x0000000021c90000)]
  0x000000001bd89800 JavaThread "Build operations Thread 3" [_thread_blocked, id=4052, stack(0x0000000021a90000,0x0000000021b90000)]
  0x000000001bd88000 JavaThread "Build operations Thread 2" [_thread_blocked, id=6136, stack(0x0000000021990000,0x0000000021a90000)]
  0x000000001bd8b800 JavaThread "Build operations" [_thread_blocked, id=9472, stack(0x00000000210a0000,0x00000000211a0000)]
  0x000000001989a000 JavaThread "Cache worker for execution history cache (C:\Users\Diackson Marques\.gradle\caches\5.1.1\executionHistory)" [_thread_blocked, id=10424, stack(0x00000000211c0000,0x00000000212c0000)]
  0x0000000019899000 JavaThread "Cache worker for cache directory md-rule (C:\Users\Diackson Marques\.gradle\caches\5.1.1\md-rule)" [_thread_blocked, id=1084, stack(0x0000000020fa0000,0x00000000210a0000)]
  0x000000001989f000 JavaThread "Cache worker for cache directory md-supplier (C:\Users\Diackson Marques\.gradle\caches\5.1.1\md-supplier)" [_thread_blocked, id=5296, stack(0x000000001fc10000,0x000000001fd10000)]
  0x000000001989e800 JavaThread "Cache worker for file hash cache (C:\Users\Diackson Marques\Desktop\BelezaOnline_2\.gradle\5.1.1\fileHashes)" [_thread_blocked, id=9132, stack(0x000000001d2c0000,0x000000001d3c0000)]
  0x000000001989b800 JavaThread "Cache worker for journal cache (C:\Users\Diackson Marques\.gradle\caches\journal-1)" [_thread_blocked, id=9844, stack(0x000000001b020000,0x000000001b120000)]
  0x0000000019c3d800 JavaThread "File lock request listener" [_thread_in_native, id=5616, stack(0x000000001af20000,0x000000001b020000)]
  0x0000000019573800 JavaThread "Cache worker for file hash cache (C:\Users\Diackson Marques\.gradle\caches\5.1.1\fileHashes)" [_thread_blocked, id=6524, stack(0x000000001ae20000,0x000000001af20000)]
  0x0000000019686000 JavaThread "Thread-8" [_thread_blocked, id=7440, stack(0x000000001ad20000,0x000000001ae20000)]
  0x0000000019679800 JavaThread "Stdin handler" [_thread_blocked, id=3936, stack(0x000000001ac20000,0x000000001ad20000)]
  0x0000000019679000 JavaThread "Asynchronous log dispatcher for DefaultDaemonConnection: socket connection from /127.0.0.1:54391 to /127.0.0.1:54392" [_thread_blocked, id=10356, stack(0x000000001ab20000,0x000000001ac20000)]
  0x000000001967d000 JavaThread "Daemon worker" [_thread_blocked, id=5044, stack(0x000000001aa20000,0x000000001ab20000)]
  0x0000000019690800 JavaThread "Cancel handler" [_thread_blocked, id=10292, stack(0x000000001a920000,0x000000001aa20000)]
  0x0000000019415000 JavaThread "Handler for socket connection from /127.0.0.1:54391 to /127.0.0.1:54392" [_thread_in_native, id=8204, stack(0x000000001a620000,0x000000001a720000)]
  0x0000000019413000 JavaThread "Daemon" [_thread_blocked, id=3136, stack(0x000000001a520000,0x000000001a620000)]
  0x0000000018f31000 JavaThread "Daemon periodic checks" [_thread_blocked, id=7696, stack(0x000000001a420000,0x000000001a520000)]
  0x0000000019503800 JavaThread "Incoming local TCP Connector on port 54391" [_thread_in_native, id=7320, stack(0x000000001a1c0000,0x000000001a2c0000)]
  0x000000001658e800 JavaThread "Service Thread" daemon [_thread_blocked, id=4048, stack(0x00000000182b0000,0x00000000183b0000)]
  0x000000001653a000 JavaThread "C1 CompilerThread2" daemon [_thread_in_native, id=8808, stack(0x0000000017db0000,0x0000000017eb0000)]
  0x0000000016530000 JavaThread "C2 CompilerThread1" daemon [_thread_in_native, id=5744, stack(0x0000000017cb0000,0x0000000017db0000)]
=>0x000000001652d800 JavaThread "C2 CompilerThread0" daemon [_thread_in_native, id=1032, stack(0x0000000017bb0000,0x0000000017cb0000)]
  0x000000001652c800 JavaThread "Attach Listener" daemon [_thread_blocked, id=2584, stack(0x0000000017ab0000,0x0000000017bb0000)]
  0x000000001652b000 JavaThread "Signal Dispatcher" daemon [_thread_blocked, id=11056, stack(0x00000000179b0000,0x0000000017ab0000)]
  0x0000000002bbb800 JavaThread "Finalizer" daemon [_thread_blocked, id=2160, stack(0x00000000177a0000,0x00000000178a0000)]
  0x0000000002bb2000 JavaThread "Reference Handler" daemon [_thread_blocked, id=9040, stack(0x00000000176a0000,0x00000000177a0000)]
  0x000000000114e800 JavaThread "main" [_thread_blocked, id=9604, stack(0x00000000029c0000,0x0000000002ac0000)]

Other Threads:
  0x00000000164f5000 VMThread [stack: 0x00000000175a0000,0x00000000176a0000] [id=8908]
  0x0000000017ed8800 WatcherThread [stack: 0x00000000183b0000,0x00000000184b0000] [id=5424]

VM state:not at safepoint (normal execution)

VM Mutex/Monitor currently owned by a thread: None

Heap:
 PSYoungGen      total 217600K, used 73022K [0x00000000e0000000, 0x00000000efb80000, 0x0000000100000000)
  eden space 194048K, 31% used [0x00000000e0000000,0x00000000e3ad1850,0x00000000ebd80000)
  from space 23552K, 54% used [0x00000000ebd80000,0x00000000ec9fdfb0,0x00000000ed480000)
  to   space 23040K, 0% used [0x00000000ee500000,0x00000000ee500000,0x00000000efb80000)
 ParOldGen       total 90112K, used 58319K [0x00000000a0000000, 0x00000000a5800000, 0x00000000e0000000)
  object space 90112K, 64% used [0x00000000a0000000,0x00000000a38f3ee8,0x00000000a5800000)
 Metaspace       used 78718K, capacity 81806K, committed 82072K, reserved 1120256K
  class space    used 10264K, capacity 10873K, committed 10928K, reserved 1048576K

Card table byte_map: [0x0000000011f80000,0x0000000012290000] byte_map_base: 0x0000000011a80000

Marking Bits: (ParMarkBitMap*) 0x0000000074c25aa0
 Begin Bits: [0x0000000012890000, 0x0000000014090000)
 End Bits:   [0x0000000014090000, 0x0000000015890000)

Polling page: 0x0000000000eb0000

CodeCache: size=245760Kb used=37343Kb max_used=37343Kb free=208416Kb
 bounds [0x0000000002bc0000, 0x0000000005060000, 0x0000000011bc0000]
 total_blobs=12046 nmethods=11197 adapters=760
 compilation: enabled

Compilation events (10 events):
Event: 29.254 Thread 0x000000001653a000 12808       2       com.android.tools.r8.graph.DexDebugEvent$StartLocal::<init> (18 bytes)
Event: 29.254 Thread 0x000000001653a000 nmethod 12808 0x00000000050252d0 code [0x0000000005025420, 0x00000000050255d0]
Event: 29.254 Thread 0x000000001653a000 12809       2       com.android.tools.r8.graph.DexDebugEvent$StartLocal::<init> (26 bytes)
Event: 29.254 Thread 0x000000001653a000 nmethod 12809 0x0000000005025690 code [0x00000000050257e0, 0x0000000005025970]
Event: 29.256 Thread 0x000000001653a000 12810       2       java.util.HashMap$HashMapSpliterator::estimateSize (11 bytes)
Event: 29.256 Thread 0x000000001653a000 nmethod 12810 0x0000000005025a10 code [0x0000000005025b80, 0x0000000005025d08]
Event: 29.256 Thread 0x000000001653a000 12811       2       java.util.HashMap$HashMapSpliterator::getFence (53 bytes)
Event: 29.256 Thread 0x000000001653a000 nmethod 12811 0x0000000005025d90 code [0x0000000005025ee0, 0x0000000005026070]
Event: 29.256 Thread 0x000000001653a000 12812       2       java.util.Spliterators$IteratorSpliterator::<init> (39 bytes)
Event: 29.257 Thread 0x000000001653a000 nmethod 12812 0x0000000005026150 code [0x00000000050262a0, 0x0000000005026430]

GC Heap History (10 events):
Event: 13.002 GC heap before
{Heap before GC invocations=18 (full 3):
 PSYoungGen      total 172032K, used 159744K [0x00000000e0000000, 0x00000000ec180000, 0x0000000100000000)
  eden space 159744K, 100% used [0x00000000e0000000,0x00000000e9c00000,0x00000000e9c00000)
  from space 12288K, 0% used [0x00000000ead00000,0x00000000ead00000,0x00000000eb900000)
  to   space 17408K, 0% used [0x00000000e9c00000,0x00000000e9c00000,0x00000000ead00000)
 ParOldGen       total 90112K, used 34476K [0x00000000a0000000, 0x00000000a5800000, 0x00000000e0000000)
  object space 90112K, 38% used [0x00000000a0000000,0x00000000a21ab220,0x00000000a5800000)
 Metaspace       used 61538K, capacity 63492K, committed 63512K, reserved 1103872K
  class space    used 8292K, capacity 8747K, committed 8752K, reserved 1048576K
Event: 13.021 GC heap after
Heap after GC invocations=18 (full 3):
 PSYoungGen      total 177152K, used 14249K [0x00000000e0000000, 0x00000000ed800000, 0x0000000100000000)
  eden space 159744K, 0% used [0x00000000e0000000,0x00000000e0000000,0x00000000e9c00000)
  from space 17408K, 81% used [0x00000000e9c00000,0x00000000ea9ea768,0x00000000ead00000)
  to   space 18944K, 0% used [0x00000000ec580000,0x00000000ec580000,0x00000000ed800000)
 ParOldGen       total 90112K, used 34484K [0x00000000a0000000, 0x00000000a5800000, 0x00000000e0000000)
  object space 90112K, 38% used [0x00000000a0000000,0x00000000a21ad220,0x00000000a5800000)
 Metaspace       used 61538K, capacity 63492K, committed 63512K, reserved 1103872K
  class space    used 8292K, capacity 8747K, committed 8752K, reserved 1048576K
}
Event: 16.211 GC heap before
{Heap before GC invocations=19 (full 3):
 PSYoungGen      total 177152K, used 173993K [0x00000000e0000000, 0x00000000ed800000, 0x0000000100000000)
  eden space 159744K, 100% used [0x00000000e0000000,0x00000000e9c00000,0x00000000e9c00000)
  from space 17408K, 81% used [0x00000000e9c00000,0x00000000ea9ea768,0x00000000ead00000)
  to   space 18944K, 0% used [0x00000000ec580000,0x00000000ec580000,0x00000000ed800000)
 ParOldGen       total 90112K, used 34484K [0x00000000a0000000, 0x00000000a5800000, 0x00000000e0000000)
  object space 90112K, 38% used [0x00000000a0000000,0x00000000a21ad220,0x00000000a5800000)
 Metaspace       used 68336K, capacity 70392K, committed 70552K, reserved 1110016K
  class space    used 9072K, capacity 9543K, committed 9648K, reserved 1048576K
Event: 16.274 GC heap after
Heap after GC invocations=19 (full 3):
 PSYoungGen      total 197120K, used 18936K [0x00000000e0000000, 0x00000000ee300000, 0x0000000100000000)
  eden space 178176K, 0% used [0x00000000e0000000,0x00000000e0000000,0x00000000eae00000)
  from space 18944K, 99% used [0x00000000ec580000,0x00000000ed7fe080,0x00000000ed800000)
  to   space 24064K, 0% used [0x00000000eae00000,0x00000000eae00000,0x00000000ec580000)
 ParOldGen       total 90112K, used 39796K [0x00000000a0000000, 0x00000000a5800000, 0x00000000e0000000)
  object space 90112K, 44% used [0x00000000a0000000,0x00000000a26dd2e8,0x00000000a5800000)
 Metaspace       used 68336K, capacity 70392K, committed 70552K, reserved 1110016K
  class space    used 9072K, capacity 9543K, committed 9648K, reserved 1048576K
}
Event: 22.069 GC heap before
{Heap before GC invocations=20 (full 3):
 PSYoungGen      total 197120K, used 197112K [0x00000000e0000000, 0x00000000ee300000, 0x0000000100000000)
  eden space 178176K, 100% used [0x00000000e0000000,0x00000000eae00000,0x00000000eae00000)
  from space 18944K, 99% used [0x00000000ec580000,0x00000000ed7fe080,0x00000000ed800000)
  to   space 24064K, 0% used [0x00000000eae00000,0x00000000eae00000,0x00000000ec580000)
 ParOldGen       total 90112K, used 39796K [0x00000000a0000000, 0x00000000a5800000, 0x00000000e0000000)
  object space 90112K, 44% used [0x00000000a0000000,0x00000000a26dd2e8,0x00000000a5800000)
 Metaspace       used 69541K, capacity 71676K, committed 71832K, reserved 1112064K
  class space    used 9160K, capacity 9632K, committed 9648K, reserved 1048576K
Event: 22.153 GC heap after
Heap after GC invocations=20 (full 3):
 PSYoungGen      total 202240K, used 8496K [0x00000000e0000000, 0x00000000eeb80000, 0x0000000100000000)
  eden space 178176K, 0% used [0x00000000e0000000,0x00000000e0000000,0x00000000eae00000)
  from space 24064K, 35% used [0x00000000eae00000,0x00000000eb64c358,0x00000000ec580000)
  to   space 22528K, 0% used [0x00000000ed580000,0x00000000ed580000,0x00000000eeb80000)
 ParOldGen       total 90112K, used 58303K [0x00000000a0000000, 0x00000000a5800000, 0x00000000e0000000)
  object space 90112K, 64% used [0x00000000a0000000,0x00000000a38efee8,0x00000000a5800000)
 Metaspace       used 69541K, capacity 71676K, committed 71832K, reserved 1112064K
  class space    used 9160K, capacity 9632K, committed 9648K, reserved 1048576K
}
Event: 27.510 GC heap before
{Heap before GC invocations=21 (full 3):
 PSYoungGen      total 202240K, used 186672K [0x00000000e0000000, 0x00000000eeb80000, 0x0000000100000000)
  eden space 178176K, 100% used [0x00000000e0000000,0x00000000eae00000,0x00000000eae00000)
  from space 24064K, 35% used [0x00000000eae00000,0x00000000eb64c358,0x00000000ec580000)
  to   space 22528K, 0% used [0x00000000ed580000,0x00000000ed580000,0x00000000eeb80000)
 ParOldGen       total 90112K, used 58303K [0x00000000a0000000, 0x00000000a5800000, 0x00000000e0000000)
  object space 90112K, 64% used [0x00000000a0000000,0x00000000a38efee8,0x00000000a5800000)
 Metaspace       used 78311K, capacity 81372K, committed 81560K, reserved 1120256K
  class space    used 10262K, capacity 10870K, committed 10928K, reserved 1048576K
Event: 27.540 GC heap after
Heap after GC invocations=21 (full 3):
 PSYoungGen      total 216576K, used 15155K [0x00000000e0000000, 0x00000000eeb80000, 0x0000000100000000)
  eden space 194048K, 0% used [0x00000000e0000000,0x00000000e0000000,0x00000000ebd80000)
  from space 22528K, 67% used [0x00000000ed580000,0x00000000ee44ce70,0x00000000eeb80000)
  to   space 23552K, 0% used [0x00000000ebd80000,0x00000000ebd80000,0x00000000ed480000)
 ParOldGen       total 90112K, used 58311K [0x00000000a0000000, 0x00000000a5800000, 0x00000000e0000000)
  object space 90112K, 64% used [0x00000000a0000000,0x00000000a38f1ee8,0x00000000a5800000)
 Metaspace       used 78311K, capacity 81372K, committed 81560K, reserved 1120256K
  class space    used 10262K, capacity 10870K, committed 10928K, reserved 1048576K
}
Event: 29.060 GC heap before
{Heap before GC invocations=22 (full 3):
 PSYoungGen      total 216576K, used 209203K [0x00000000e0000000, 0x00000000eeb80000, 0x0000000100000000)
  eden space 194048K, 100% used [0x00000000e0000000,0x00000000ebd80000,0x00000000ebd80000)
  from space 22528K, 67% used [0x00000000ed580000,0x00000000ee44ce70,0x00000000eeb80000)
  to   space 23552K, 0% used [0x00000000ebd80000,0x00000000ebd80000,0x00000000ed480000)
 ParOldGen       total 90112K, used 58311K [0x00000000a0000000, 0x00000000a5800000, 0x00000000e0000000)
  object space 90112K, 64% used [0x00000000a0000000,0x00000000a38f1ee8,0x00000000a5800000)
 Metaspace       used 78656K, capacity 81730K, committed 81816K, reserved 1120256K
  class space    used 10264K, capacity 10873K, committed 10928K, reserved 1048576K
Event: 29.082 GC heap after
Heap after GC invocations=22 (full 3):
 PSYoungGen      total 217600K, used 12791K [0x00000000e0000000, 0x00000000efb80000, 0x0000000100000000)
  eden space 194048K, 0% used [0x00000000e0000000,0x00000000e0000000,0x00000000ebd80000)
  from space 23552K, 54% used [0x00000000ebd80000,0x00000000ec9fdfb0,0x00000000ed480000)
  to   space 23040K, 0% used [0x00000000ee500000,0x00000000ee500000,0x00000000efb80000)
 ParOldGen       total 90112K, used 58319K [0x00000000a0000000, 0x00000000a5800000, 0x00000000e0000000)
  object space 90112K, 64% used [0x00000000a0000000,0x00000000a38f3ee8,0x00000000a5800000)
 Metaspace       used 78656K, capacity 81730K, committed 81816K, reserved 1120256K
  class space    used 10264K, capacity 10873K, committed 10928K, reserved 1048576K
}

Deoptimization events (10 events):
Event: 27.121 Thread 0x000000001bd91000 Uncommon trap: reason=predicate action=maybe_recompile pc=0x00000000047653c8 method=java.util.TimSort.binarySort([Ljava/lang/Object;IIILjava/util/Comparator;)V @ 37
Event: 27.166 Thread 0x000000001bd95000 Uncommon trap: reason=unstable_if action=reinterpret pc=0x0000000004a93c8c method=com.android.tools.r8.ir.conversion.IRBuilder.generateSplitEdgeBlocks()V @ 137
Event: 27.180 Thread 0x000000001bd95000 Uncommon trap: reason=unstable_if action=reinterpret pc=0x00000000049c3620 method=com.android.tools.r8.ir.conversion.JarSourceCode.getPotentialTryHandlers(I)Ljava/util/List; @ 23
Event: 27.180 Thread 0x000000001bd95000 Uncommon trap: reason=unstable_if action=reinterpret pc=0x0000000004a04b0c method=com.android.tools.r8.ir.conversion.JarSourceCode.getPotentialTryHandlers(I)Ljava/util/List; @ 23
Event: 27.180 Thread 0x000000001bd95000 Uncommon trap: reason=unstable_if action=reinterpret pc=0x0000000004a06834 method=com.android.tools.r8.ir.conversion.JarSourceCode.getPotentialTryHandlers(I)Ljava/util/List; @ 23
Event: 27.271 Thread 0x000000001bd95000 Uncommon trap: reason=unstable_if action=reinterpret pc=0x0000000004adc2b0 method=com.android.tools.r8.ir.conversion.JarState.getLocalRegister(ILcom/android/tools/r8/org/objectweb/asm/Type;)I @ 81
Event: 27.979 Thread 0x000000001bd91000 Uncommon trap: reason=unstable_if action=reinterpret pc=0x0000000004936db0 method=com.android.tools.r8.utils.IdentifierUtils.isSimpleNameChar(I)Z @ 21
Event: 27.988 Thread 0x000000001bd91000 Uncommon trap: reason=unstable_if action=reinterpret pc=0x0000000004a65a8c method=com.android.tools.r8.graph.DexString.isValidMethodName(Ljava/lang/String;)Z @ 25
Event: 28.003 Thread 0x000000001bd91000 Uncommon trap: reason=unstable_if action=reinterpret pc=0x0000000004de1f64 method=com.android.tools.r8.ir.conversion.JarSourceCode.buildInstruction(Lcom/android/tools/r8/ir/conversion/IRBuilder;IZ)V @ 148
Event: 28.137 Thread 0x000000001bd95000 Uncommon trap: reason=array_check action=maybe_recompile pc=0x0000000004e0ad08 method=java.util.TimSort.binarySort([Ljava/lang/Object;IIILjava/util/Comparator;)V @ 215

Classes redefined (0 events):
No events

Internal exceptions (10 events):
Event: 27.293 Thread 0x000000001bd91000 Exception <a 'sun/nio/fs/WindowsException'> (0x00000000e8d44d48) thrown at [D:\src\AOSP-openjdk-cygwin\jdk8u\hotspot\src\share\vm\prims\jni.cpp, line 709]
Event: 27.389 Thread 0x000000001bd91000 Exception <a 'sun/nio/fs/WindowsException'> (0x00000000e8d54e50) thrown at [D:\src\AOSP-openjdk-cygwin\jdk8u\hotspot\src\share\vm\prims\jni.cpp, line 709]
Event: 27.609 Thread 0x000000001bd91000 Exception <a 'sun/nio/fs/WindowsException'> (0x00000000e011e6e8) thrown at [D:\src\AOSP-openjdk-cygwin\jdk8u\hotspot\src\share\vm\prims\jni.cpp, line 709]
Event: 27.672 Thread 0x000000001bd91000 Exception <a 'sun/nio/fs/WindowsException'> (0x00000000e016a4f8) thrown at [D:\src\AOSP-openjdk-cygwin\jdk8u\hotspot\src\share\vm\prims\jni.cpp, line 709]
Event: 27.806 Thread 0x000000001bd91000 Exception <a 'sun/nio/fs/WindowsException'> (0x00000000e01782c0) thrown at [D:\src\AOSP-openjdk-cygwin\jdk8u\hotspot\src\share\vm\prims\jni.cpp, line 709]
Event: 27.962 Thread 0x000000001bd95000 Exception <a 'sun/nio/fs/WindowsException'> (0x00000000e1f0a8a0) thrown at [D:\src\AOSP-openjdk-cygwin\jdk8u\hotspot\src\share\vm\prims\jni.cpp, line 709]
Event: 27.970 Thread 0x000000001bd91000 Exception <a 'sun/nio/fs/WindowsException'> (0x00000000e1f62e10) thrown at [D:\src\AOSP-openjdk-cygwin\jdk8u\hotspot\src\share\vm\prims\jni.cpp, line 709]
Event: 28.080 Thread 0x000000001bd95000 Exception <a 'sun/nio/fs/WindowsException'> (0x00000000e1f501b0) thrown at [D:\src\AOSP-openjdk-cygwin\jdk8u\hotspot\src\share\vm\prims\jni.cpp, line 709]
Event: 28.146 Thread 0x000000001bd95000 Exception <a 'sun/nio/fs/WindowsException'> (0x00000000e35e34c8) thrown at [D:\src\AOSP-openjdk-cygwin\jdk8u\hotspot\src\share\vm\prims\jni.cpp, line 709]
Event: 28.377 Thread 0x000000001bd95000 Exception <a 'sun/nio/fs/WindowsException'> (0x00000000e51eca98) thrown at [D:\src\AOSP-openjdk-cygwin\jdk8u\hotspot\src\share\vm\prims\jni.cpp, line 709]

Events (10 events):
Event: 29.107 Thread 0x000000001bd91000 DEOPT PACKING pc=0x0000000004a4368b sp=0x000000002473df40
Event: 29.107 Thread 0x000000001bd91000 DEOPT UNPACKING pc=0x0000000002c075d0 sp=0x000000002473dc48 mode 0
Event: 29.107 Thread 0x000000001bd91000 DEOPT PACKING pc=0x0000000004a4368b sp=0x000000002473df40
Event: 29.107 Thread 0x000000001bd91000 DEOPT UNPACKING pc=0x0000000002c075d0 sp=0x000000002473dc48 mode 0
Event: 29.171 Thread 0x000000001bd91000 DEOPT PACKING pc=0x0000000004dcd151 sp=0x000000002473e400
Event: 29.171 Thread 0x000000001bd91000 DEOPT UNPACKING pc=0x0000000002c075d0 sp=0x000000002473e228 mode 0
Event: 29.241 Thread 0x000000001bd92800 DEOPT PACKING pc=0x0000000004b2988d sp=0x000000002402dd30
Event: 29.241 Thread 0x000000001bd92800 DEOPT UNPACKING pc=0x0000000002c075d0 sp=0x000000002402daa0 mode 0
Event: 29.251 Thread 0x000000001bd92800 DEOPT PACKING pc=0x0000000004e9c234 sp=0x000000002402e0c0
Event: 29.251 Thread 0x000000001bd92800 DEOPT UNPACKING pc=0x0000000002c075d0 sp=0x000000002402dea0 mode 0


Dynamic libraries:
0x00007ff685440000 - 0x00007ff685471000 	C:\Program Files\Android\Android Studio1\jre\bin\java.exe
0x00007ffb2b2a0000 - 0x00007ffb2b490000 	C:\WINDOWS\SYSTEM32\ntdll.dll
0x00007ffb02570000 - 0x00007ffb02584000 	C:\Program Files\AVG\Antivirus\aswhook.dll
0x00007ffb2b1a0000 - 0x00007ffb2b252000 	C:\WINDOWS\System32\KERNEL32.DLL
0x00007ffb28ed0000 - 0x00007ffb29173000 	C:\WINDOWS\System32\KERNELBASE.dll
0x00007ffb294d0000 - 0x00007ffb29573000 	C:\WINDOWS\System32\ADVAPI32.dll
0x00007ffb299d0000 - 0x00007ffb29a6e000 	C:\WINDOWS\System32\msvcrt.dll
0x00007ffb29b40000 - 0x00007ffb29bd7000 	C:\WINDOWS\System32\sechost.dll
0x00007ffb29f40000 - 0x00007ffb2a060000 	C:\WINDOWS\System32\RPCRT4.dll
0x00007ffb2a060000 - 0x00007ffb2a1f4000 	C:\WINDOWS\System32\USER32.dll
0x00007ffb28b10000 - 0x00007ffb28b31000 	C:\WINDOWS\System32\win32u.dll
0x00007ffb29a70000 - 0x00007ffb29a96000 	C:\WINDOWS\System32\GDI32.dll
0x00007ffb28b40000 - 0x00007ffb28cd4000 	C:\WINDOWS\System32\gdi32full.dll
0x00007ffb28e30000 - 0x00007ffb28ece000 	C:\WINDOWS\System32\msvcp_win.dll
0x00007ffb291a0000 - 0x00007ffb2929a000 	C:\WINDOWS\System32\ucrtbase.dll
0x00007ffb10d10000 - 0x00007ffb10f95000 	C:\WINDOWS\WinSxS\amd64_microsoft.windows.common-controls_6595b64144ccf1df_6.0.18362.418_none_e6c6b287130d565d\COMCTL32.dll
0x00007ffb29690000 - 0x00007ffb299c6000 	C:\WINDOWS\System32\combase.dll
0x00007ffb28310000 - 0x00007ffb28390000 	C:\WINDOWS\System32\bcryptPrimitives.dll
0x00007ffb29aa0000 - 0x00007ffb29ace000 	C:\WINDOWS\System32\IMM32.DLL
0x00000000742a0000 - 0x0000000074372000 	C:\Program Files\Android\Android Studio1\jre\jre\bin\msvcr100.dll
0x0000000074460000 - 0x0000000074ca1000 	C:\Program Files\Android\Android Studio1\jre\jre\bin\server\jvm.dll
0x00007ffb29ce0000 - 0x00007ffb29ce8000 	C:\WINDOWS\System32\PSAPI.DLL
0x00007ffb1a7c0000 - 0x00007ffb1a7c9000 	C:\WINDOWS\SYSTEM32\WSOCK32.dll
0x00007ffb29ed0000 - 0x00007ffb29f3f000 	C:\WINDOWS\System32\WS2_32.dll
0x00007ffb23770000 - 0x00007ffb23794000 	C:\WINDOWS\SYSTEM32\WINMM.dll
0x00007ffb23bf0000 - 0x00007ffb23bfa000 	C:\WINDOWS\SYSTEM32\VERSION.dll
0x00007ffb23740000 - 0x00007ffb2376d000 	C:\WINDOWS\SYSTEM32\WINMMBASE.dll
0x00007ffb28230000 - 0x00007ffb2827a000 	C:\WINDOWS\System32\cfgmgr32.dll
0x00007ffb22c50000 - 0x00007ffb22c5f000 	C:\Program Files\Android\Android Studio1\jre\jre\bin\verify.dll
0x00007ffb10910000 - 0x00007ffb10939000 	C:\Program Files\Android\Android Studio1\jre\jre\bin\java.dll
0x00007ffb108f0000 - 0x00007ffb10906000 	C:\Program Files\Android\Android Studio1\jre\jre\bin\zip.dll
0x00007ffb2a7b0000 - 0x00007ffb2ae95000 	C:\WINDOWS\System32\SHELL32.dll
0x00007ffb29580000 - 0x00007ffb29629000 	C:\WINDOWS\System32\shcore.dll
0x00007ffb28390000 - 0x00007ffb28b0f000 	C:\WINDOWS\System32\windows.storage.dll
0x00007ffb281a0000 - 0x00007ffb281bf000 	C:\WINDOWS\System32\profapi.dll
0x00007ffb281e0000 - 0x00007ffb2822a000 	C:\WINDOWS\System32\powrprof.dll
0x00007ffb28170000 - 0x00007ffb28180000 	C:\WINDOWS\System32\UMPDC.dll
0x00007ffb29ae0000 - 0x00007ffb29b32000 	C:\WINDOWS\System32\shlwapi.dll
0x00007ffb281c0000 - 0x00007ffb281d1000 	C:\WINDOWS\System32\kernel.appcore.dll
0x00007ffb29180000 - 0x00007ffb29197000 	C:\WINDOWS\System32\cryptsp.dll
0x00007ffb10220000 - 0x00007ffb1023a000 	C:\Program Files\Android\Android Studio1\jre\jre\bin\net.dll
0x00007ffb27980000 - 0x00007ffb279e7000 	C:\WINDOWS\system32\mswsock.dll
0x00007ffb10200000 - 0x00007ffb10211000 	C:\Program Files\Android\Android Studio1\jre\jre\bin\nio.dll
0x00007ffb0bf10000 - 0x00007ffb0bf2e000 	C:\Users\Diackson Marques\.gradle\native\25\windows-amd64\native-platform.dll
0x00007ffb10960000 - 0x00007ffb1096d000 	C:\Program Files\Android\Android Studio1\jre\jre\bin\management.dll
0x00007ffb274f0000 - 0x00007ffb27523000 	C:\WINDOWS\system32\rsaenh.dll
0x00007ffb282e0000 - 0x00007ffb28306000 	C:\WINDOWS\System32\bcrypt.dll
0x00007ffb28090000 - 0x00007ffb280b5000 	C:\WINDOWS\SYSTEM32\USERENV.dll
0x00007ffb27b50000 - 0x00007ffb27b5c000 	C:\WINDOWS\SYSTEM32\CRYPTBASE.dll
0x00007ffb27690000 - 0x00007ffb276ca000 	C:\WINDOWS\SYSTEM32\IPHLPAPI.DLL
0x00007ffb29ad0000 - 0x00007ffb29ad8000 	C:\WINDOWS\System32\NSI.dll
0x00007ffb1faf0000 - 0x00007ffb1fb06000 	C:\WINDOWS\SYSTEM32\dhcpcsvc6.DLL
0x00007ffb1fbc0000 - 0x00007ffb1fbdc000 	C:\WINDOWS\SYSTEM32\dhcpcsvc.DLL
0x00007ffb276d0000 - 0x00007ffb2779a000 	C:\WINDOWS\SYSTEM32\DNSAPI.dll

VM Arguments:
jvm_args: -Xmx1536m -Dfile.encoding=windows-1252 -Duser.country=BR -Duser.language=pt -Duser.variant 
java_command: org.gradle.launcher.daemon.bootstrap.GradleDaemon 5.1.1
java_class_path (initial): C:\Users\Diackson Marques\.gradle\wrapper\dists\gradle-5.1.1-all\97z1ksx6lirer3kbvdnh7jtjg\gradle-5.1.1\lib\gradle-launcher-5.1.1.jar
Launcher Type: SUN_STANDARD

Environment Variables:
PATH=C:\Program Files (x86)\Common Files\Oracle\Java\javapath;C:\ProgramData\Oracle\Java\javapath;C:\Program Files (x86)\Intel\iCLS Client\;C:\Program Files\Intel\iCLS Client\;C:\WINDOWS\system32;C:\WINDOWS;C:\WINDOWS\System32\Wbem;C:\WINDOWS\System32\WindowsPowerShell\v1.0\;C:\Program Files (x86)\Intel\Intel(R) Management Engine Components\DAL;C:\Program Files\Intel\Intel(R) Management Engine Components\DAL;C:\Program Files (x86)\Intel\Intel(R) Management Engine Components\IPT;C:\Program Files\Intel\Intel(R) Management Engine Components\IPT;C:\WINDOWS\System32\OpenSSH\;C:\Program Files\Git\cmd;C:\Users\Diackson Marques\AppData\Local\Microsoft\WindowsApps;C:\Users\Diackson Marques\AppData\Local\Programs\MiKTeX 2.9\miktex\bin\x64\;
USERNAME=Diackson Marques
OS=Windows_NT
PROCESSOR_IDENTIFIER=Intel64 Family 6 Model 142 Stepping 9, GenuineIntel



---------------  S Y S T E M  ---------------

OS: Windows 10.0 , 64 bit Build 18362 (10.0.18362.329)

CPU:total 4 (initial active 4) (2 cores per cpu, 2 threads per core) family 6 model 142 stepping 9, cmov, cx8, fxsr, mmx, sse, sse2, sse3, ssse3, sse4.1, sse4.2, popcnt, avx, avx2, aes, clmul, erms, 3dnowpref, lzcnt, ht, tsc, tscinvbit, bmi1, bmi2, adx

Memory: 4k page, physical 4066916k(343928k free), swap 4271716k(8428k free)

vm_info: OpenJDK 64-Bit Server VM (25.152-b01) for windows-amd64 JRE (1.8.0_152-release-1343-b01), built by "builder" with MS VC++ 10.0 (VS2010)

time: Tue Oct 29 19:43:06 2019
elapsed time: 29 seconds (0d 0h 0m 29s)

