#
# There is insufficient memory for the Java Runtime Environment to continue.
# Native memory allocation (malloc) failed to allocate 1246256 bytes for Chunk::new
# Possible reasons:
#   The system is out of physical RAM or swap space
#   In 32 bit mode, the process size limit was hit
# Possible solutions:
#   Reduce memory load on the system
#   Increase physical memory or swap space
#   Check if swap backing store is full
#   Use 64 bit Java on a 64 bit OS
#   Decrease Java heap size (-Xmx/-Xms)
#   Decrease number of Java threads
#   Decrease Java thread stack sizes (-Xss)
#   Set larger code cache with -XX:ReservedCodeCacheSize=
# This output file may be truncated or incomplete.
#
#  Out of Memory Error (allocation.cpp:390), pid=11708, tid=0x0000000000002fd4
#
# JRE version: OpenJDK Runtime Environment (8.0_152-b01) (build 1.8.0_152-release-1343-b01)
# Java VM: OpenJDK 64-Bit Server VM (25.152-b01 mixed mode windows-amd64 compressed oops)
# Failed to write core dump. Minidumps are not enabled by default on client versions of Windows
#

---------------  T H R E A D  ---------------

Current thread (0x000000001693d800):  JavaThread "C2 CompilerThread0" daemon [_thread_in_native, id=12244, stack(0x0000000017fa0000,0x00000000180a0000)]

Stack: [0x0000000017fa0000,0x00000000180a0000]
[error occurred during error reporting (printing stack bounds), id 0xc0000005]

Native frames: (J=compiled Java code, j=interpreted, Vv=VM code, C=native code)


Current CompileTask:
C2:4003166 27156       4       org.gradle.api.internal.artifacts.configurations.DefaultConfiguration_Decorated::getAllArtifacts (37 bytes)


---------------  P R O C E S S  ---------------

Java Threads: ( => current thread )
  0x000000001ce0e000 JavaThread "Cache worker for execution history cache (C:\Users\Diackson Marques\Desktop\BelezaOnline_2\.gradle\5.1.1\executionHistory)" [_thread_blocked, id=8892, stack(0x0000000044370000,0x0000000044470000)]
  0x000000001ce04000 JavaThread "Execution worker for ':' Thread 3" [_thread_in_native, id=4516, stack(0x0000000044270000,0x0000000044370000)]
  0x000000001ce07000 JavaThread "Execution worker for ':' Thread 2" [_thread_blocked, id=11564, stack(0x0000000044170000,0x0000000044270000)]
  0x000000001ce06800 JavaThread "Execution worker for ':'" [_thread_in_Java, id=8016, stack(0x0000000044070000,0x0000000044170000)]
  0x00000000208ed000 JavaThread "Cache worker for file content cache (C:\Users\Diackson Marques\Desktop\BelezaOnline_2\.gradle\5.1.1\fileContent)" [_thread_blocked, id=12192, stack(0x0000000043f70000,0x0000000044070000)]
  0x00000000208ea000 JavaThread "Cache worker for Build Output Cleanup Cache (C:\Users\Diackson Marques\Desktop\BelezaOnline_2\.gradle\buildOutputCleanup)" [_thread_blocked, id=1204, stack(0x0000000043e70000,0x0000000043f70000)]
  0x00000000208eb800 JavaThread "Build operations Thread 4" [_thread_blocked, id=6332, stack(0x0000000043d70000,0x0000000043e70000)]
  0x00000000208ec000 JavaThread "Build operations Thread 3" [_thread_blocked, id=5596, stack(0x0000000043c70000,0x0000000043d70000)]
  0x00000000208e9000 JavaThread "Build operations Thread 2" [_thread_blocked, id=4964, stack(0x0000000043b70000,0x0000000043c70000)]
  0x00000000208e8800 JavaThread "Build operations" [_thread_blocked, id=10740, stack(0x0000000043a70000,0x0000000043b70000)]
  0x00000000208ea800 JavaThread "Cache worker for cache directory md-rule (C:\Users\Diackson Marques\.gradle\caches\5.1.1\md-rule)" [_thread_blocked, id=12004, stack(0x0000000043970000,0x0000000043a70000)]
  0x00000000208e0000 JavaThread "Cache worker for cache directory md-supplier (C:\Users\Diackson Marques\.gradle\caches\5.1.1\md-supplier)" [_thread_blocked, id=11036, stack(0x0000000043870000,0x0000000043970000)]
  0x00000000208e6000 JavaThread "Cache worker for file hash cache (C:\Users\Diackson Marques\Desktop\BelezaOnline_2\.gradle\5.1.1\fileHashes)" [_thread_blocked, id=10828, stack(0x0000000043770000,0x0000000043870000)]
  0x00000000208de800 JavaThread "Thread-304" [_thread_blocked, id=4716, stack(0x0000000043670000,0x0000000043770000)]
  0x00000000208df800 JavaThread "Stdin handler" [_thread_blocked, id=11120, stack(0x0000000043570000,0x0000000043670000)]
  0x00000000208e5800 JavaThread "Asynchronous log dispatcher for DefaultDaemonConnection: socket connection from /127.0.0.1:63062 to /127.0.0.1:63872" [_thread_blocked, id=7140, stack(0x0000000043470000,0x0000000043570000)]
  0x00000000208de000 JavaThread "Daemon worker Thread 15" [_thread_blocked, id=5696, stack(0x0000000043370000,0x0000000043470000)]
  0x00000000208e1800 JavaThread "Cancel handler" [_thread_blocked, id=9868, stack(0x0000000043270000,0x0000000043370000)]
  0x00000000208e4800 JavaThread "Handler for socket connection from /127.0.0.1:63062 to /127.0.0.1:63872" [_thread_in_native, id=104, stack(0x0000000043170000,0x0000000043270000)]
  0x00000000208e4000 JavaThread "Daemon Thread 15" [_thread_blocked, id=7908, stack(0x0000000043070000,0x0000000043170000)]
  0x0000000023971000 JavaThread "Cache worker for Java compile cache (C:\Users\Diackson Marques\.gradle\caches\5.1.1\javaCompile)" [_thread_blocked, id=12264, stack(0x0000000025c10000,0x0000000025d10000)]
  0x000000002396f800 JavaThread "Cache worker for file content cache (C:\Users\Diackson Marques\.gradle\caches\5.1.1\fileContent)" [_thread_blocked, id=7300, stack(0x0000000025310000,0x0000000025410000)]
  0x00000000198c0800 JavaThread "Memory manager" [_thread_blocked, id=8868, stack(0x0000000022840000,0x0000000022940000)]
  0x0000000019cc9000 JavaThread "Cache worker for execution history cache (C:\Users\Diackson Marques\.gradle\caches\5.1.1\executionHistory)" [_thread_blocked, id=7188, stack(0x000000001f4d0000,0x000000001f5d0000)]
  0x0000000019cc4000 JavaThread "Cache worker for journal cache (C:\Users\Diackson Marques\.gradle\caches\journal-1)" [_thread_blocked, id=7636, stack(0x000000001b400000,0x000000001b500000)]
  0x0000000019cc5800 JavaThread "File lock request listener" [_thread_in_native, id=9272, stack(0x000000001b300000,0x000000001b400000)]
  0x0000000019cbc000 JavaThread "Cache worker for file hash cache (C:\Users\Diackson Marques\.gradle\caches\5.1.1\fileHashes)" [_thread_blocked, id=11512, stack(0x000000001b200000,0x000000001b300000)]
  0x00000000195a6000 JavaThread "Daemon periodic checks" [_thread_blocked, id=5008, stack(0x000000001a800000,0x000000001a900000)]
  0x000000001959e000 JavaThread "Incoming local TCP Connector on port 63062" [_thread_in_native, id=8608, stack(0x000000001a5b0000,0x000000001a6b0000)]
  0x00000000182c6000 JavaThread "Service Thread" daemon [_thread_blocked, id=12156, stack(0x00000000186a0000,0x00000000187a0000)]
  0x0000000016945800 JavaThread "C1 CompilerThread2" daemon [_thread_blocked, id=11472, stack(0x00000000181a0000,0x00000000182a0000)]
  0x0000000016940800 JavaThread "C2 CompilerThread1" daemon [_thread_in_native, id=10840, stack(0x00000000180a0000,0x00000000181a0000)]
=>0x000000001693d800 JavaThread "C2 CompilerThread0" daemon [_thread_in_native, id=12244, stack(0x0000000017fa0000,0x00000000180a0000)]
  0x000000001693c000 JavaThread "Attach Listener" daemon [_thread_blocked, id=11344, stack(0x0000000017ea0000,0x0000000017fa0000)]
  0x000000001693b000 JavaThread "Signal Dispatcher" daemon [_thread_blocked, id=11668, stack(0x0000000017da0000,0x0000000017ea0000)]
  0x0000000002fcb800 JavaThread "Finalizer" daemon [_thread_blocked, id=9944, stack(0x0000000017b90000,0x0000000017c90000)]
  0x0000000002fc0000 JavaThread "Reference Handler" daemon [_thread_blocked, id=3500, stack(0x0000000017a90000,0x0000000017b90000)]
  0x0000000002d3e800 JavaThread "main" [_thread_blocked, id=7896, stack(0x0000000002dd0000,0x0000000002ed0000)]

Other Threads:
  0x0000000016906000 VMThread [stack: 0x0000000017990000,0x0000000017a90000] [id=8604]
  0x00000000182ee800 WatcherThread [stack: 0x00000000187a0000,0x00000000188a0000] [id=11244]

VM state:not at safepoint (normal execution)

VM Mutex/Monitor currently owned by a thread: None

Heap:
 PSYoungGen      total 366080K, used 75684K [0x00000000e0000000, 0x00000000fb380000, 0x0000000100000000)
  eden space 310784K, 20% used [0x00000000e0000000,0x00000000e3e9c3f8,0x00000000f2f80000)
  from space 55296K, 20% used [0x00000000f2f80000,0x00000000f3accf10,0x00000000f6580000)
  to   space 52736K, 0% used [0x00000000f8000000,0x00000000f8000000,0x00000000fb380000)
 ParOldGen       total 162816K, used 82825K [0x00000000a0000000, 0x00000000a9f00000, 0x00000000e0000000)
  object space 162816K, 50% used [0x00000000a0000000,0x00000000a50e2680,0x00000000a9f00000)
 Metaspace       used 99375K, capacity 105896K, committed 106136K, reserved 1142784K
  class space    used 12506K, capacity 13600K, committed 13720K, reserved 1048576K

Card table byte_map: [0x0000000012390000,0x00000000126a0000] byte_map_base: 0x0000000011e90000

Marking Bits: (ParMarkBitMap*) 0x0000000058c85aa0
 Begin Bits: [0x0000000012ca0000, 0x00000000144a0000)
 End Bits:   [0x00000000144a0000, 0x0000000015ca0000)

Polling page: 0x0000000002cd0000

CodeCache: size=245760Kb used=74375Kb max_used=74375Kb free=171384Kb
 bounds [0x0000000002fd0000, 0x00000000078e0000, 0x0000000011fd0000]
 total_blobs=21550 nmethods=20668 adapters=792
 compilation: enabled

Compilation events (10 events):
Event: 4002.128 Thread 0x0000000016945800 27164       3       org.gradle.internal.component.model.MultipleCandidateMatcher::disambiguateWithAttribute (60 bytes)
Event: 4002.129 Thread 0x0000000016945800 nmethod 27164 0x00000000078c7a90 code [0x00000000078c7c80, 0x00000000078c83b8]
Event: 4002.156 Thread 0x0000000016945800 27168       3       com.android.build.gradle.internal.tasks.Workers::getWorker (9 bytes)
Event: 4002.157 Thread 0x0000000016945800 nmethod 27168 0x00000000078c7110 code [0x00000000078c72c0, 0x00000000078c7818]
Event: 4002.173 Thread 0x0000000016945800 27169       3       org.gradle.execution.plan.DefaultExecutionPlan::determineExecutionPlan (604 bytes)
Event: 4002.183 Thread 0x0000000016945800 nmethod 27169 0x00000000078ced90 code [0x00000000078cf7a0, 0x00000000078d6988]
Event: 4002.185 Thread 0x0000000016945800 27173       3       org.gradle.cache.internal.HeapProportionalCacheSizer::scaleCacheSize (8 bytes)
Event: 4002.186 Thread 0x0000000016945800 nmethod 27173 0x00000000078c6a10 code [0x00000000078c6ba0, 0x00000000078c6f68]
Event: 4002.186 Thread 0x0000000016945800 27174       3       org.gradle.cache.internal.HeapProportionalCacheSizer::scaleCacheSize (34 bytes)
Event: 4002.186 Thread 0x0000000016945800 nmethod 27174 0x00000000078dc5d0 code [0x00000000078dc760, 0x00000000078dcac8]

GC Heap History (10 events):
Event: 2491.041 GC heap before
{Heap before GC invocations=70 (full 5):
 PSYoungGen      total 329728K, used 329723K [0x00000000e0000000, 0x00000000f9900000, 0x0000000100000000)
  eden space 277504K, 100% used [0x00000000e0000000,0x00000000f0f00000,0x00000000f0f00000)
  from space 52224K, 99% used [0x00000000f4d00000,0x00000000f7ffee18,0x00000000f8000000)
  to   space 63488K, 0% used [0x00000000f0f00000,0x00000000f0f00000,0x00000000f4d00000)
 ParOldGen       total 162816K, used 73917K [0x00000000a0000000, 0x00000000a9f00000, 0x00000000e0000000)
  object space 162816K, 45% used [0x00000000a0000000,0x00000000a482f498,0x00000000a9f00000)
 Metaspace       used 94718K, capacity 99084K, committed 100376K, reserved 1136640K
  class space    used 11797K, capacity 12573K, committed 12824K, reserved 1048576K
Event: 2491.048 GC heap after
Heap after GC invocations=70 (full 5):
 PSYoungGen      total 340992K, used 1440K [0x00000000e0000000, 0x00000000f9900000, 0x0000000100000000)
  eden space 277504K, 0% used [0x00000000e0000000,0x00000000e0000000,0x00000000f0f00000)
  from space 63488K, 2% used [0x00000000f0f00000,0x00000000f1068150,0x00000000f4d00000)
  to   space 52224K, 0% used [0x00000000f4d00000,0x00000000f4d00000,0x00000000f8000000)
 ParOldGen       total 162816K, used 74386K [0x00000000a0000000, 0x00000000a9f00000, 0x00000000e0000000)
  object space 162816K, 45% used [0x00000000a0000000,0x00000000a48a4818,0x00000000a9f00000)
 Metaspace       used 94718K, capacity 99084K, committed 100376K, reserved 1136640K
  class space    used 11797K, capacity 12573K, committed 12824K, reserved 1048576K
}
Event: 3241.206 GC heap before
{Heap before GC invocations=71 (full 5):
 PSYoungGen      total 340992K, used 278944K [0x00000000e0000000, 0x00000000f9900000, 0x0000000100000000)
  eden space 277504K, 100% used [0x00000000e0000000,0x00000000f0f00000,0x00000000f0f00000)
  from space 63488K, 2% used [0x00000000f0f00000,0x00000000f1068150,0x00000000f4d00000)
  to   space 52224K, 0% used [0x00000000f4d00000,0x00000000f4d00000,0x00000000f8000000)
 ParOldGen       total 162816K, used 74386K [0x00000000a0000000, 0x00000000a9f00000, 0x00000000e0000000)
  object space 162816K, 45% used [0x00000000a0000000,0x00000000a48a4818,0x00000000a9f00000)
 Metaspace       used 97125K, capacity 102114K, committed 102168K, reserved 1138688K
  class space    used 12162K, capacity 13066K, committed 13080K, reserved 1048576K
Event: 3241.229 GC heap after
Heap after GC invocations=71 (full 5):
 PSYoungGen      total 332288K, used 9748K [0x00000000e0000000, 0x00000000fab00000, 0x0000000100000000)
  eden space 280064K, 0% used [0x00000000e0000000,0x00000000e0000000,0x00000000f1180000)
  from space 52224K, 18% used [0x00000000f4d00000,0x00000000f56853a8,0x00000000f8000000)
  to   space 60928K, 0% used [0x00000000f1180000,0x00000000f1180000,0x00000000f4d00000)
 ParOldGen       total 162816K, used 75420K [0x00000000a0000000, 0x00000000a9f00000, 0x00000000e0000000)
  object space 162816K, 46% used [0x00000000a0000000,0x00000000a49a7100,0x00000000a9f00000)
 Metaspace       used 97125K, capacity 102114K, committed 102168K, reserved 1138688K
  class space    used 12162K, capacity 13066K, committed 13080K, reserved 1048576K
}
Event: 3515.480 GC heap before
{Heap before GC invocations=72 (full 5):
 PSYoungGen      total 332288K, used 289812K [0x00000000e0000000, 0x00000000fab00000, 0x0000000100000000)
  eden space 280064K, 100% used [0x00000000e0000000,0x00000000f1180000,0x00000000f1180000)
  from space 52224K, 18% used [0x00000000f4d00000,0x00000000f56853a8,0x00000000f8000000)
  to   space 60928K, 0% used [0x00000000f1180000,0x00000000f1180000,0x00000000f4d00000)
 ParOldGen       total 162816K, used 75420K [0x00000000a0000000, 0x00000000a9f00000, 0x00000000e0000000)
  object space 162816K, 46% used [0x00000000a0000000,0x00000000a49a7100,0x00000000a9f00000)
 Metaspace       used 98256K, capacity 103542K, committed 103704K, reserved 1140736K
  class space    used 12329K, capacity 13276K, committed 13336K, reserved 1048576K
Event: 3515.492 GC heap after
Heap after GC invocations=72 (full 5):
 PSYoungGen      total 340992K, used 6118K [0x00000000e0000000, 0x00000000fa680000, 0x0000000100000000)
  eden space 280064K, 0% used [0x00000000e0000000,0x00000000e0000000,0x00000000f1180000)
  from space 60928K, 10% used [0x00000000f1180000,0x00000000f17799f0,0x00000000f4d00000)
  to   space 58880K, 0% used [0x00000000f6d00000,0x00000000f6d00000,0x00000000fa680000)
 ParOldGen       total 162816K, used 78340K [0x00000000a0000000, 0x00000000a9f00000, 0x00000000e0000000)
  object space 162816K, 48% used [0x00000000a0000000,0x00000000a4c81180,0x00000000a9f00000)
 Metaspace       used 98256K, capacity 103542K, committed 103704K, reserved 1140736K
  class space    used 12329K, capacity 13276K, committed 13336K, reserved 1048576K
}
Event: 3683.703 GC heap before
{Heap before GC invocations=73 (full 5):
 PSYoungGen      total 340992K, used 286182K [0x00000000e0000000, 0x00000000fa680000, 0x0000000100000000)
  eden space 280064K, 100% used [0x00000000e0000000,0x00000000f1180000,0x00000000f1180000)
  from space 60928K, 10% used [0x00000000f1180000,0x00000000f17799f0,0x00000000f4d00000)
  to   space 58880K, 0% used [0x00000000f6d00000,0x00000000f6d00000,0x00000000fa680000)
 ParOldGen       total 162816K, used 78340K [0x00000000a0000000, 0x00000000a9f00000, 0x00000000e0000000)
  object space 162816K, 48% used [0x00000000a0000000,0x00000000a4c81180,0x00000000a9f00000)
 Metaspace       used 98494K, capacity 103882K, committed 103960K, reserved 1140736K
  class space    used 12348K, capacity 13309K, committed 13336K, reserved 1048576K
Event: 3683.730 GC heap after
Heap after GC invocations=73 (full 5):
 PSYoungGen      total 358400K, used 18769K [0x00000000e0000000, 0x00000000f9b80000, 0x0000000100000000)
  eden space 310784K, 0% used [0x00000000e0000000,0x00000000e0000000,0x00000000f2f80000)
  from space 47616K, 39% used [0x00000000f6d00000,0x00000000f7f544c0,0x00000000f9b80000)
  to   space 55296K, 0% used [0x00000000f2f80000,0x00000000f2f80000,0x00000000f6580000)
 ParOldGen       total 162816K, used 79064K [0x00000000a0000000, 0x00000000a9f00000, 0x00000000e0000000)
  object space 162816K, 48% used [0x00000000a0000000,0x00000000a4d36190,0x00000000a9f00000)
 Metaspace       used 98494K, capacity 103882K, committed 103960K, reserved 1140736K
  class space    used 12348K, capacity 13309K, committed 13336K, reserved 1048576K
}
Event: 3905.710 GC heap before
{Heap before GC invocations=74 (full 5):
 PSYoungGen      total 358400K, used 329553K [0x00000000e0000000, 0x00000000f9b80000, 0x0000000100000000)
  eden space 310784K, 100% used [0x00000000e0000000,0x00000000f2f80000,0x00000000f2f80000)
  from space 47616K, 39% used [0x00000000f6d00000,0x00000000f7f544c0,0x00000000f9b80000)
  to   space 55296K, 0% used [0x00000000f2f80000,0x00000000f2f80000,0x00000000f6580000)
 ParOldGen       total 162816K, used 79064K [0x00000000a0000000, 0x00000000a9f00000, 0x00000000e0000000)
  object space 162816K, 48% used [0x00000000a0000000,0x00000000a4d36190,0x00000000a9f00000)
 Metaspace       used 98664K, capacity 104124K, committed 104216K, reserved 1140736K
  class space    used 12353K, capacity 13316K, committed 13336K, reserved 1048576K
Event: 3905.748 GC heap after
Heap after GC invocations=74 (full 5):
 PSYoungGen      total 366080K, used 11571K [0x00000000e0000000, 0x00000000fb380000, 0x0000000100000000)
  eden space 310784K, 0% used [0x00000000e0000000,0x00000000e0000000,0x00000000f2f80000)
  from space 55296K, 20% used [0x00000000f2f80000,0x00000000f3accf10,0x00000000f6580000)
  to   space 52736K, 0% used [0x00000000f8000000,0x00000000f8000000,0x00000000fb380000)
 ParOldGen       total 162816K, used 82825K [0x00000000a0000000, 0x00000000a9f00000, 0x00000000e0000000)
  object space 162816K, 50% used [0x00000000a0000000,0x00000000a50e2680,0x00000000a9f00000)
 Metaspace       used 98664K, capacity 104124K, committed 104216K, reserved 1140736K
  class space    used 12353K, capacity 13316K, committed 13336K, reserved 1048576K
}

Deoptimization events (10 events):
Event: 3518.948 Thread 0x000000001ce08800 Uncommon trap: reason=array_check action=maybe_recompile pc=0x000000000695a650 method=java.util.ComparableTimSort.mergeHi(IIII)V @ 654
Event: 3518.949 Thread 0x000000001ce08800 Uncommon trap: reason=array_check action=maybe_recompile pc=0x0000000006c9ad28 method=java.util.ComparableTimSort.mergeLo(IIII)V @ 240
Event: 3518.950 Thread 0x000000001ce08800 Uncommon trap: reason=predicate action=maybe_recompile pc=0x00000000069597f4 method=java.util.ComparableTimSort.mergeHi(IIII)V @ 306
Event: 3520.740 Thread 0x00000000208e1000 Uncommon trap: reason=unstable_if action=reinterpret pc=0x0000000004c1525c method=java.util.concurrent.locks.LockSupport.unpark(Ljava/lang/Thread;)V @ 1
Event: 3682.679 Thread 0x00000000208e5800 Uncommon trap: reason=unstable_if action=reinterpret pc=0x0000000003cac930 method=java.util.concurrent.locks.ReentrantLock$Sync.nonfairTryAcquire(I)Z @ 19
Event: 3683.365 Thread 0x000000001ce04000 Uncommon trap: reason=array_check action=maybe_recompile pc=0x000000000760cd34 method=java.util.ComparableTimSort.mergeLo(IIII)V @ 587
Event: 3683.365 Thread 0x000000001ce04000 Uncommon trap: reason=array_check action=maybe_recompile pc=0x000000000760cc34 method=java.util.ComparableTimSort.mergeLo(IIII)V @ 465
Event: 3683.365 Thread 0x000000001ce04000 Uncommon trap: reason=array_check action=maybe_recompile pc=0x000000000760cc34 method=java.util.ComparableTimSort.mergeLo(IIII)V @ 465
Event: 4001.770 Thread 0x00000000208df800 Uncommon trap: reason=unstable_if action=reinterpret pc=0x00000000048b22c8 method=org.gradle.internal.logging.sink.OutputEventRenderer.onOutput(Lorg/gradle/internal/logging/events/OutputEvent;)V @ 24
Event: 4001.864 Thread 0x00000000208ec000 Uncommon trap: reason=unstable_if action=reinterpret pc=0x0000000006b65740 method=java.util.concurrent.locks.ReentrantLock$Sync.nonfairTryAcquire(I)Z @ 19

Classes redefined (0 events):
No events

Internal exceptions (10 events):
Event: 3686.284 Thread 0x000000001ce12800 Exception <a 'sun/nio/fs/WindowsException'> (0x00000000e5d88b60) thrown at [D:\src\AOSP-openjdk-cygwin\jdk8u\hotspot\src\share\vm\prims\jni.cpp, line 709]
Event: 3901.937 Thread 0x000000001ce0e000 Exception <a 'sun/nio/fs/WindowsException'> (0x00000000e7666828) thrown at [D:\src\AOSP-openjdk-cygwin\jdk8u\hotspot\src\share\vm\prims\jni.cpp, line 709]
Event: 3905.119 Thread 0x00000000208e8800 Exception <a 'sun/nio/fs/WindowsException'> (0x00000000f098f3d8) thrown at [D:\src\AOSP-openjdk-cygwin\jdk8u\hotspot\src\share\vm\prims\jni.cpp, line 709]
Event: 3905.403 Thread 0x00000000208e8800 Exception <a 'sun/nio/fs/WindowsException'> (0x00000000f25dfac8) thrown at [D:\src\AOSP-openjdk-cygwin\jdk8u\hotspot\src\share\vm\prims\jni.cpp, line 709]
Event: 3905.407 Thread 0x00000000208e8800 Exception <a 'sun/nio/fs/WindowsException'> (0x00000000f2678880) thrown at [D:\src\AOSP-openjdk-cygwin\jdk8u\hotspot\src\share\vm\prims\jni.cpp, line 709]
Event: 3905.409 Thread 0x00000000208e8800 Exception <a 'sun/nio/fs/WindowsException'> (0x00000000f2680d48) thrown at [D:\src\AOSP-openjdk-cygwin\jdk8u\hotspot\src\share\vm\prims\jni.cpp, line 709]
Event: 3905.411 Thread 0x00000000208e8800 Exception <a 'sun/nio/fs/WindowsException'> (0x00000000f2688b88) thrown at [D:\src\AOSP-openjdk-cygwin\jdk8u\hotspot\src\share\vm\prims\jni.cpp, line 709]
Event: 3905.708 Thread 0x00000000208eb800 Exception <a 'sun/nio/fs/WindowsException'> (0x00000000f2e3d0b8) thrown at [D:\src\AOSP-openjdk-cygwin\jdk8u\hotspot\src\share\vm\prims\jni.cpp, line 709]
Event: 3905.768 Thread 0x00000000208ed000 Exception <a 'sun/nio/fs/WindowsException'> (0x00000000e065e9c8) thrown at [D:\src\AOSP-openjdk-cygwin\jdk8u\hotspot\src\share\vm\prims\jni.cpp, line 709]
Event: 4001.952 Thread 0x00000000208de000 Exception <a 'sun/nio/fs/WindowsException'> (0x00000000e21581c0) thrown at [D:\src\AOSP-openjdk-cygwin\jdk8u\hotspot\src\share\vm\prims\jni.cpp, line 709]

Events (10 events):
Event: 4001.960 Thread 0x00000000208ea000 Thread added: 0x00000000208ea000
Event: 4002.148 Thread 0x00000000208ed000 Thread added: 0x00000000208ed000
Event: 4002.179 Thread 0x000000001ce06800 Thread added: 0x000000001ce06800
Event: 4002.179 Thread 0x000000001ce07000 Thread added: 0x000000001ce07000
Event: 4002.179 Thread 0x000000001ce04000 Thread added: 0x000000001ce04000
Event: 4002.181 Thread 0x000000001ce0e000 Thread added: 0x000000001ce0e000
Event: 4002.285 Executing VM operation: RevokeBias
Event: 4002.285 Executing VM operation: RevokeBias done
Event: 4002.286 Executing VM operation: RevokeBias
Event: 4002.286 Executing VM operation: RevokeBias done


Dynamic libraries:
0x00007ff65f740000 - 0x00007ff65f771000 	C:\Program Files\Android\Android Studio1\jre\bin\java.exe
0x00007ff9a4be0000 - 0x00007ff9a4dc1000 	C:\WINDOWS\SYSTEM32\ntdll.dll
0x00007ff990ca0000 - 0x00007ff990cb2000 	C:\Program Files\AVG\Antivirus\aswhook.dll
0x00007ff9a4360000 - 0x00007ff9a4411000 	C:\WINDOWS\System32\KERNEL32.DLL
0x00007ff9a1b80000 - 0x00007ff9a1df3000 	C:\WINDOWS\System32\KERNELBASE.dll
0x00007ff9a2740000 - 0x00007ff9a27e1000 	C:\WINDOWS\System32\ADVAPI32.dll
0x00007ff9a2930000 - 0x00007ff9a29ce000 	C:\WINDOWS\System32\msvcrt.dll
0x00007ff9a4950000 - 0x00007ff9a49ab000 	C:\WINDOWS\System32\sechost.dll
0x00007ff9a2a50000 - 0x00007ff9a2b74000 	C:\WINDOWS\System32\RPCRT4.dll
0x00007ff9a25b0000 - 0x00007ff9a2740000 	C:\WINDOWS\System32\USER32.dll
0x00007ff9a0fb0000 - 0x00007ff9a0fd0000 	C:\WINDOWS\System32\win32u.dll
0x00007ff9a27f0000 - 0x00007ff9a2818000 	C:\WINDOWS\System32\GDI32.dll
0x00007ff9a16e0000 - 0x00007ff9a1871000 	C:\WINDOWS\System32\gdi32full.dll
0x00007ff9a1880000 - 0x00007ff9a191f000 	C:\WINDOWS\System32\msvcp_win.dll
0x00007ff9a1920000 - 0x00007ff9a1a18000 	C:\WINDOWS\System32\ucrtbase.dll
0x00007ff9903e0000 - 0x00007ff990649000 	C:\WINDOWS\WinSxS\amd64_microsoft.windows.common-controls_6595b64144ccf1df_6.0.17134.885_none_fb42a3473065565f\COMCTL32.dll
0x00007ff9a2280000 - 0x00007ff9a25a2000 	C:\WINDOWS\System32\combase.dll
0x00007ff9a1ff0000 - 0x00007ff9a2069000 	C:\WINDOWS\System32\bcryptPrimitives.dll
0x00007ff9a2070000 - 0x00007ff9a209d000 	C:\WINDOWS\System32\IMM32.DLL
0x0000000058300000 - 0x00000000583d2000 	C:\Program Files\Android\Android Studio1\jre\jre\bin\msvcr100.dll
0x00000000584c0000 - 0x0000000058d01000 	C:\Program Files\Android\Android Studio1\jre\jre\bin\server\jvm.dll
0x00007ff9a4350000 - 0x00007ff9a4358000 	C:\WINDOWS\System32\PSAPI.DLL
0x00007ff9919b0000 - 0x00007ff9919b9000 	C:\WINDOWS\SYSTEM32\WSOCK32.dll
0x00007ff9a2b80000 - 0x00007ff9a2bec000 	C:\WINDOWS\System32\WS2_32.dll
0x00007ff99eaa0000 - 0x00007ff99eac3000 	C:\WINDOWS\SYSTEM32\WINMM.dll
0x00007ff99b710000 - 0x00007ff99b71a000 	C:\WINDOWS\SYSTEM32\VERSION.dll
0x00007ff99ea70000 - 0x00007ff99ea9a000 	C:\WINDOWS\SYSTEM32\WINMMBASE.dll
0x00007ff9a1b30000 - 0x00007ff9a1b79000 	C:\WINDOWS\System32\cfgmgr32.dll
0x00007ff99ae00000 - 0x00007ff99ae0f000 	C:\Program Files\Android\Android Studio1\jre\jre\bin\verify.dll
0x00007ff9938b0000 - 0x00007ff9938d9000 	C:\Program Files\Android\Android Studio1\jre\jre\bin\java.dll
0x00007ff99ad50000 - 0x00007ff99ad66000 	C:\Program Files\Android\Android Studio1\jre\jre\bin\zip.dll
0x00007ff9a2d70000 - 0x00007ff9a41b0000 	C:\WINDOWS\System32\SHELL32.dll
0x00007ff9a2820000 - 0x00007ff9a28c9000 	C:\WINDOWS\System32\shcore.dll
0x00007ff9a0fd0000 - 0x00007ff9a16dd000 	C:\WINDOWS\System32\windows.storage.dll
0x00007ff9a48f0000 - 0x00007ff9a4941000 	C:\WINDOWS\System32\shlwapi.dll
0x00007ff9a0f60000 - 0x00007ff9a0f71000 	C:\WINDOWS\System32\kernel.appcore.dll
0x00007ff9a0f40000 - 0x00007ff9a0f5f000 	C:\WINDOWS\System32\profapi.dll
0x00007ff9a0ef0000 - 0x00007ff9a0f3c000 	C:\WINDOWS\System32\powrprof.dll
0x00007ff9a0f80000 - 0x00007ff9a0f8a000 	C:\WINDOWS\System32\FLTLIB.DLL
0x00007ff98e780000 - 0x00007ff98e79a000 	C:\Program Files\Android\Android Studio1\jre\jre\bin\net.dll
0x00007ff9a0710000 - 0x00007ff9a0776000 	C:\WINDOWS\system32\mswsock.dll
0x00007ff98e290000 - 0x00007ff98e2a1000 	C:\Program Files\Android\Android Studio1\jre\jre\bin\nio.dll
0x00007ff99c530000 - 0x00007ff99c54e000 	C:\Users\Diackson Marques\.gradle\native\25\windows-amd64\native-platform.dll
0x00007ff9921d0000 - 0x00007ff9921dd000 	C:\Program Files\Android\Android Studio1\jre\jre\bin\management.dll
0x00007ff9a08c0000 - 0x00007ff9a08d7000 	C:\WINDOWS\SYSTEM32\CRYPTSP.dll
0x00007ff9a0300000 - 0x00007ff9a0333000 	C:\WINDOWS\system32\rsaenh.dll
0x00007ff9a09f0000 - 0x00007ff9a0a15000 	C:\WINDOWS\SYSTEM32\bcrypt.dll
0x00007ff9a0df0000 - 0x00007ff9a0e18000 	C:\WINDOWS\SYSTEM32\USERENV.dll
0x00007ff9a08e0000 - 0x00007ff9a08eb000 	C:\WINDOWS\SYSTEM32\CRYPTBASE.dll
0x00007ff9a04a0000 - 0x00007ff9a04d8000 	C:\WINDOWS\SYSTEM32\IPHLPAPI.DLL
0x00007ff9a2260000 - 0x00007ff9a2268000 	C:\WINDOWS\System32\NSI.dll
0x00007ff99aa90000 - 0x00007ff99aaa6000 	C:\WINDOWS\SYSTEM32\dhcpcsvc6.DLL
0x00007ff99b340000 - 0x00007ff99b35a000 	C:\WINDOWS\SYSTEM32\dhcpcsvc.DLL
0x00007ff99ffd0000 - 0x00007ff9a0001000 	C:\WINDOWS\SYSTEM32\ntmarta.dll

VM Arguments:
jvm_args: -Xmx1536m -Dfile.encoding=windows-1252 -Duser.country=BR -Duser.language=pt -Duser.variant 
java_command: org.gradle.launcher.daemon.bootstrap.GradleDaemon 5.1.1
java_class_path (initial): C:\Users\Diackson Marques\.gradle\wrapper\dists\gradle-5.1.1-all\97z1ksx6lirer3kbvdnh7jtjg\gradle-5.1.1\lib\gradle-launcher-5.1.1.jar
Launcher Type: SUN_STANDARD

Environment Variables:
PATH=C:\Program Files (x86)\Common Files\Oracle\Java\javapath;C:\ProgramData\Oracle\Java\javapath;C:\Program Files (x86)\Intel\iCLS Client\;C:\Program Files\Intel\iCLS Client\;C:\WINDOWS\system32;C:\WINDOWS;C:\WINDOWS\System32\Wbem;C:\WINDOWS\System32\WindowsPowerShell\v1.0\;C:\Program Files (x86)\Intel\Intel(R) Management Engine Components\DAL;C:\Program Files\Intel\Intel(R) Management Engine Components\DAL;C:\Program Files (x86)\Intel\Intel(R) Management Engine Components\IPT;C:\Program Files\Intel\Intel(R) Management Engine Components\IPT;C:\WINDOWS\System32\OpenSSH\;C:\Program Files\Git\cmd;C:\Users\Diackson Marques\AppData\Local\Microsoft\WindowsApps;C:\Users\Diackson Marques\AppData\Local\Programs\MiKTeX 2.9\miktex\bin\x64\
USERNAME=Diackson Marques
OS=Windows_NT
PROCESSOR_IDENTIFIER=Intel64 Family 6 Model 142 Stepping 9, GenuineIntel



---------------  S Y S T E M  ---------------

OS: Windows 10.0 , 64 bit Build 17134 (10.0.17134.753)

CPU:total 4 (initial active 4) (2 cores per cpu, 2 threads per core) family 6 model 142 stepping 9, cmov, cx8, fxsr, mmx, sse, sse2, sse3, ssse3, sse4.1, sse4.2, popcnt, avx, avx2, aes, clmul, erms, 3dnowpref, lzcnt, ht, tsc, tscinvbit, bmi1, bmi2, adx

Memory: 4k page, physical 4066916k(110516k free), swap 4271716k(9440k free)

vm_info: OpenJDK 64-Bit Server VM (25.152-b01) for windows-amd64 JRE (1.8.0_152-release-1343-b01), built by "builder" with MS VC++ 10.0 (VS2010)

time: Sat Oct 05 10:12:22 2019
elapsed time: 4002 seconds (0d 1h 6m 42s)

