#
# There is insufficient memory for the Java Runtime Environment to continue.
# Native memory allocation (malloc) failed to allocate 1129296 bytes for Chunk::new
# Possible reasons:
#   The system is out of physical RAM or swap space
#   In 32 bit mode, the process size limit was hit
# Possible solutions:
#   Reduce memory load on the system
#   Increase physical memory or swap space
#   Check if swap backing store is full
#   Use 64 bit Java on a 64 bit OS
#   Decrease Java heap size (-Xmx/-Xms)
#   Decrease number of Java threads
#   Decrease Java thread stack sizes (-Xss)
#   Set larger code cache with -XX:ReservedCodeCacheSize=
# This output file may be truncated or incomplete.
#
#  Out of Memory Error (allocation.cpp:390), pid=12224, tid=0x000000000000175c
#
# JRE version: OpenJDK Runtime Environment (8.0_152-b01) (build 1.8.0_152-release-1343-b01)
# Java VM: OpenJDK 64-Bit Server VM (25.152-b01 mixed mode windows-amd64 compressed oops)
# Failed to write core dump. Minidumps are not enabled by default on client versions of Windows
#

---------------  T H R E A D  ---------------

Current thread (0x000000001619f800):  JavaThread "C2 CompilerThread1" daemon [_thread_in_native, id=5980, stack(0x0000000017940000,0x0000000017a40000)]

Stack: [0x0000000017940000,0x0000000017a40000]
[error occurred during error reporting (printing stack bounds), id 0xc0000005]

Native frames: (J=compiled Java code, j=interpreted, Vv=VM code, C=native code)


Current CompileTask:
C2:  23121 10286       4       org.gradle.api.internal.tasks.compile.incremental.deps.ClassSetAnalysisData$Serializer::readClassName (63 bytes)


---------------  P R O C E S S  ---------------

Java Threads: ( => current thread )
  0x000000001b567800 JavaThread "Cache worker for Java compile cache (C:\Users\Diackson Marques\Desktop\BelezaOnline_2\.gradle\5.1.1\javaCompile)" [_thread_blocked, id=10932, stack(0x0000000023b20000,0x0000000023c20000)]
  0x000000001cba9000 JavaThread "Cache worker for Java compile cache (C:\Users\Diackson Marques\.gradle\caches\5.1.1\javaCompile)" [_thread_blocked, id=9032, stack(0x0000000023a20000,0x0000000023b20000)]
  0x000000001cba6000 JavaThread "Cache worker for execution history cache (C:\Users\Diackson Marques\Desktop\BelezaOnline_2\.gradle\5.1.1\executionHistory)" [_thread_blocked, id=7284, stack(0x0000000023720000,0x0000000023820000)]
  0x000000001cba5000 JavaThread "Execution worker for ':' Thread 3" [_thread_in_native, id=6284, stack(0x0000000023620000,0x0000000023720000)]
  0x000000001cba4800 JavaThread "Execution worker for ':' Thread 2" [_thread_blocked, id=5056, stack(0x0000000023520000,0x0000000023620000)]
  0x000000001cba7800 JavaThread "Execution worker for ':'" [_thread_blocked, id=9272, stack(0x0000000023420000,0x0000000023520000)]
  0x000000001cb9c800 JavaThread "Cache worker for file content cache (C:\Users\Diackson Marques\Desktop\BelezaOnline_2\.gradle\5.1.1\fileContent)" [_thread_blocked, id=11620, stack(0x0000000023320000,0x0000000023420000)]
  0x000000001cba3800 JavaThread "Cache worker for file content cache (C:\Users\Diackson Marques\.gradle\caches\5.1.1\fileContent)" [_thread_blocked, id=5484, stack(0x0000000023220000,0x0000000023320000)]
  0x000000001cba3000 JavaThread "Memory manager" [_thread_blocked, id=11740, stack(0x0000000022f20000,0x0000000023020000)]
  0x000000001cb9d800 JavaThread "Cache worker for Build Output Cleanup Cache (C:\Users\Diackson Marques\Desktop\BelezaOnline_2\.gradle\buildOutputCleanup)" [_thread_blocked, id=4236, stack(0x0000000021d40000,0x0000000021e40000)]
  0x000000001cba0800 JavaThread "Build operations Thread 4" [_thread_blocked, id=9880, stack(0x0000000021750000,0x0000000021850000)]
  0x000000001cb9c000 JavaThread "Build operations Thread 3" [_thread_blocked, id=6612, stack(0x0000000021650000,0x0000000021750000)]
  0x000000001cb9f000 JavaThread "Build operations Thread 2" [_thread_blocked, id=4832, stack(0x00000000212e0000,0x00000000213e0000)]
  0x000000001cb99800 JavaThread "Build operations" [_thread_blocked, id=5564, stack(0x00000000211e0000,0x00000000212e0000)]
  0x000000001cb9e000 JavaThread "Cache worker for execution history cache (C:\Users\Diackson Marques\.gradle\caches\5.1.1\executionHistory)" [_thread_blocked, id=5928, stack(0x000000001fac0000,0x000000001fbc0000)]
  0x00000000195c3800 JavaThread "Cache worker for cache directory md-rule (C:\Users\Diackson Marques\.gradle\caches\5.1.1\md-rule)" [_thread_blocked, id=8928, stack(0x000000001f9c0000,0x000000001fac0000)]
  0x00000000195c2000 JavaThread "Cache worker for cache directory md-supplier (C:\Users\Diackson Marques\.gradle\caches\5.1.1\md-supplier)" [_thread_blocked, id=8012, stack(0x000000001e620000,0x000000001e720000)]
  0x00000000195c5000 JavaThread "Cache worker for file hash cache (C:\Users\Diackson Marques\Desktop\BelezaOnline_2\.gradle\5.1.1\fileHashes)" [_thread_blocked, id=3984, stack(0x000000001cf50000,0x000000001d050000)]
  0x00000000195be800 JavaThread "Cache worker for journal cache (C:\Users\Diackson Marques\.gradle\caches\journal-1)" [_thread_blocked, id=6252, stack(0x000000001acb0000,0x000000001adb0000)]
  0x00000000195c4800 JavaThread "File lock request listener" [_thread_in_native, id=10024, stack(0x000000001abb0000,0x000000001acb0000)]
  0x000000001950f000 JavaThread "Cache worker for file hash cache (C:\Users\Diackson Marques\.gradle\caches\5.1.1\fileHashes)" [_thread_blocked, id=6540, stack(0x000000001aab0000,0x000000001abb0000)]
  0x0000000019482000 JavaThread "Thread-8" [_thread_blocked, id=4760, stack(0x000000001a9b0000,0x000000001aab0000)]
  0x0000000019481800 JavaThread "Stdin handler" [_thread_blocked, id=1384, stack(0x000000001a8b0000,0x000000001a9b0000)]
  0x000000001948c800 JavaThread "Asynchronous log dispatcher for DefaultDaemonConnection: socket connection from /127.0.0.1:55813 to /127.0.0.1:55814" [_thread_blocked, id=10956, stack(0x000000001a7b0000,0x000000001a8b0000)]
  0x0000000019260000 JavaThread "Daemon worker" [_thread_blocked, id=7872, stack(0x000000001a6b0000,0x000000001a7b0000)]
  0x0000000019262800 JavaThread "Cancel handler" [_thread_blocked, id=10136, stack(0x000000001a5b0000,0x000000001a6b0000)]
  0x00000000190de000 JavaThread "Handler for socket connection from /127.0.0.1:55813 to /127.0.0.1:55814" [_thread_in_native, id=2268, stack(0x000000001a2b0000,0x000000001a3b0000)]
  0x00000000190dd800 JavaThread "Daemon" [_thread_blocked, id=5188, stack(0x000000001a1b0000,0x000000001a2b0000)]
  0x0000000018963000 JavaThread "Daemon periodic checks" [_thread_blocked, id=6428, stack(0x000000001a0b0000,0x000000001a1b0000)]
  0x0000000018f97000 JavaThread "Incoming local TCP Connector on port 55813" [_thread_in_native, id=10620, stack(0x0000000019e50000,0x0000000019f50000)]
  0x00000000161fc000 JavaThread "Service Thread" daemon [_thread_blocked, id=11468, stack(0x0000000017f40000,0x0000000018040000)]
  0x00000000161a9800 JavaThread "C1 CompilerThread2" daemon [_thread_blocked, id=6480, stack(0x0000000017a40000,0x0000000017b40000)]
=>0x000000001619f800 JavaThread "C2 CompilerThread1" daemon [_thread_in_native, id=5980, stack(0x0000000017940000,0x0000000017a40000)]
  0x000000001619c800 JavaThread "C2 CompilerThread0" daemon [_thread_in_native, id=4916, stack(0x0000000017840000,0x0000000017940000)]
  0x000000001619b000 JavaThread "Attach Listener" daemon [_thread_blocked, id=3404, stack(0x0000000017740000,0x0000000017840000)]
  0x000000001619a000 JavaThread "Signal Dispatcher" daemon [_thread_blocked, id=11872, stack(0x0000000017640000,0x0000000017740000)]
  0x000000000282b800 JavaThread "Finalizer" daemon [_thread_blocked, id=8528, stack(0x0000000017430000,0x0000000017530000)]
  0x0000000016168000 JavaThread "Reference Handler" daemon [_thread_blocked, id=9680, stack(0x0000000017330000,0x0000000017430000)]
  0x00000000025be800 JavaThread "main" [_thread_blocked, id=5072, stack(0x0000000002630000,0x0000000002730000)]

Other Threads:
  0x0000000016166000 VMThread [stack: 0x0000000017230000,0x0000000017330000] [id=10756]
  0x0000000017b68800 WatcherThread [stack: 0x0000000018040000,0x0000000018140000] [id=8652]

VM state:not at safepoint (normal execution)

VM Mutex/Monitor currently owned by a thread: None

Heap:
 PSYoungGen      total 200704K, used 82853K [0x00000000e0000000, 0x00000000ef900000, 0x0000000100000000)
  eden space 182784K, 35% used [0x00000000e0000000,0x00000000e3f696a0,0x00000000eb280000)
  from space 17920K, 99% used [0x00000000ed000000,0x00000000ee17fd90,0x00000000ee180000)
  to   space 30208K, 0% used [0x00000000eb280000,0x00000000eb280000,0x00000000ed000000)
 ParOldGen       total 93184K, used 58988K [0x00000000a0000000, 0x00000000a5b00000, 0x00000000e0000000)
  object space 93184K, 63% used [0x00000000a0000000,0x00000000a399b270,0x00000000a5b00000)
 Metaspace       used 68052K, capacity 69994K, committed 70168K, reserved 1110016K
  class space    used 8945K, capacity 9396K, committed 9520K, reserved 1048576K

Card table byte_map: [0x0000000011bf0000,0x0000000011f00000] byte_map_base: 0x00000000116f0000

Marking Bits: (ParMarkBitMap*) 0x00000000774e5aa0
 Begin Bits: [0x0000000012500000, 0x0000000013d00000)
 End Bits:   [0x0000000013d00000, 0x0000000015500000)

Polling page: 0x0000000000b20000

CodeCache: size=245760Kb used=32290Kb max_used=32290Kb free=213469Kb
 bounds [0x0000000002830000, 0x00000000047e0000, 0x0000000011830000]
 total_blobs=9997 nmethods=9176 adapters=733
 compilation: enabled

Compilation events (10 events):
Event: 22.898 Thread 0x00000000161a9800 10315       3       org.gradle.api.internal.changedetection.state.CachingFileHasher$FileInfoSerializer::write (10 bytes)
Event: 22.900 Thread 0x00000000161a9800 nmethod 10315 0x00000000047d7050 code [0x00000000047d7260, 0x00000000047d7ce8]
Event: 22.900 Thread 0x00000000161a9800 10316       3       org.gradle.api.internal.changedetection.state.CachingFileHasher$FileInfoSerializer::write (33 bytes)
Event: 22.901 Thread 0x00000000161a9800 nmethod 10316 0x00000000047d82d0 code [0x00000000047d84c0, 0x00000000047d8dc8]
Event: 22.998 Thread 0x00000000161a9800 10317       3       org.gradle.internal.serialize.kryo.KryoBackedEncoder::writeString (23 bytes)
Event: 22.998 Thread 0x00000000161a9800 nmethod 10317 0x00000000047d9250 code [0x00000000047d93e0, 0x00000000047d9658]
Event: 23.099 Thread 0x00000000161a9800 10319       2       sun.nio.cs.UTF_8$Encoder::<init> (6 bytes)
Event: 23.099 Thread 0x00000000161a9800 nmethod 10319 0x00000000047d9790 code [0x00000000047d9920, 0x00000000047d9b48]
Event: 23.100 Thread 0x00000000161a9800 10320       2       sun.nio.cs.UTF_8$Encoder::<init> (16 bytes)
Event: 23.100 Thread 0x00000000161a9800 nmethod 10320 0x00000000047d9c50 code [0x00000000047d9de0, 0x00000000047da008]

GC Heap History (10 events):
Event: 9.560 GC heap before
{Heap before GC invocations=13 (full 2):
 PSYoungGen      total 146944K, used 134656K [0x00000000e0000000, 0x00000000ebe80000, 0x0000000100000000)
  eden space 134656K, 100% used [0x00000000e0000000,0x00000000e8380000,0x00000000e8380000)
  from space 12288K, 0% used [0x00000000e8f00000,0x00000000e8f00000,0x00000000e9b00000)
  to   space 11776K, 0% used [0x00000000e8380000,0x00000000e8380000,0x00000000e8f00000)
 ParOldGen       total 56320K, used 15839K [0x00000000a0000000, 0x00000000a3700000, 0x00000000e0000000)
  object space 56320K, 28% used [0x00000000a0000000,0x00000000a0f77ea0,0x00000000a3700000)
 Metaspace       used 47074K, capacity 48108K, committed 48168K, reserved 1091584K
  class space    used 6395K, capacity 6685K, committed 6704K, reserved 1048576K
Event: 9.575 GC heap after
Heap after GC invocations=13 (full 2):
 PSYoungGen      total 146432K, used 11746K [0x00000000e0000000, 0x00000000ec300000, 0x0000000100000000)
  eden space 134656K, 0% used [0x00000000e0000000,0x00000000e0000000,0x00000000e8380000)
  from space 11776K, 99% used [0x00000000e8380000,0x00000000e8ef88d0,0x00000000e8f00000)
  to   space 15360K, 0% used [0x00000000eb400000,0x00000000eb400000,0x00000000ec300000)
 ParOldGen       total 56320K, used 20920K [0x00000000a0000000, 0x00000000a3700000, 0x00000000e0000000)
  object space 56320K, 37% used [0x00000000a0000000,0x00000000a146e3b0,0x00000000a3700000)
 Metaspace       used 47074K, capacity 48108K, committed 48168K, reserved 1091584K
  class space    used 6395K, capacity 6685K, committed 6704K, reserved 1048576K
}
Event: 11.189 GC heap before
{Heap before GC invocations=14 (full 2):
 PSYoungGen      total 146432K, used 138437K [0x00000000e0000000, 0x00000000ec300000, 0x0000000100000000)
  eden space 134656K, 94% used [0x00000000e0000000,0x00000000e7bb8b70,0x00000000e8380000)
  from space 11776K, 99% used [0x00000000e8380000,0x00000000e8ef88d0,0x00000000e8f00000)
  to   space 15360K, 0% used [0x00000000eb400000,0x00000000eb400000,0x00000000ec300000)
 ParOldGen       total 56320K, used 20920K [0x00000000a0000000, 0x00000000a3700000, 0x00000000e0000000)
  object space 56320K, 37% used [0x00000000a0000000,0x00000000a146e3b0,0x00000000a3700000)
 Metaspace       used 57460K, capacity 59010K, committed 59160K, reserved 1099776K
  class space    used 7744K, capacity 8122K, committed 8240K, reserved 1048576K
Event: 11.215 GC heap after
Heap after GC invocations=14 (full 2):
 PSYoungGen      total 183296K, used 12321K [0x00000000e0000000, 0x00000000ec500000, 0x0000000100000000)
  eden space 167936K, 0% used [0x00000000e0000000,0x00000000e0000000,0x00000000ea400000)
  from space 15360K, 80% used [0x00000000eb400000,0x00000000ec008440,0x00000000ec300000)
  to   space 16384K, 0% used [0x00000000ea400000,0x00000000ea400000,0x00000000eb400000)
 ParOldGen       total 56320K, used 28866K [0x00000000a0000000, 0x00000000a3700000, 0x00000000e0000000)
  object space 56320K, 51% used [0x00000000a0000000,0x00000000a1c30a28,0x00000000a3700000)
 Metaspace       used 57460K, capacity 59010K, committed 59160K, reserved 1099776K
  class space    used 7744K, capacity 8122K, committed 8240K, reserved 1048576K
}
Event: 11.215 GC heap before
{Heap before GC invocations=15 (full 3):
 PSYoungGen      total 183296K, used 12321K [0x00000000e0000000, 0x00000000ec500000, 0x0000000100000000)
  eden space 167936K, 0% used [0x00000000e0000000,0x00000000e0000000,0x00000000ea400000)
  from space 15360K, 80% used [0x00000000eb400000,0x00000000ec008440,0x00000000ec300000)
  to   space 16384K, 0% used [0x00000000ea400000,0x00000000ea400000,0x00000000eb400000)
 ParOldGen       total 56320K, used 28866K [0x00000000a0000000, 0x00000000a3700000, 0x00000000e0000000)
  object space 56320K, 51% used [0x00000000a0000000,0x00000000a1c30a28,0x00000000a3700000)
 Metaspace       used 57460K, capacity 59010K, committed 59160K, reserved 1099776K
  class space    used 7744K, capacity 8122K, committed 8240K, reserved 1048576K
Event: 11.475 GC heap after
Heap after GC invocations=15 (full 3):
 PSYoungGen      total 183296K, used 0K [0x00000000e0000000, 0x00000000ec500000, 0x0000000100000000)
  eden space 167936K, 0% used [0x00000000e0000000,0x00000000e0000000,0x00000000ea400000)
  from space 15360K, 0% used [0x00000000eb400000,0x00000000eb400000,0x00000000ec300000)
  to   space 16384K, 0% used [0x00000000ea400000,0x00000000ea400000,0x00000000eb400000)
 ParOldGen       total 93184K, used 34108K [0x00000000a0000000, 0x00000000a5b00000, 0x00000000e0000000)
  object space 93184K, 36% used [0x00000000a0000000,0x00000000a214f050,0x00000000a5b00000)
 Metaspace       used 57460K, capacity 59010K, committed 59160K, reserved 1099776K
  class space    used 7744K, capacity 8122K, committed 8240K, reserved 1048576K
}
Event: 13.996 GC heap before
{Heap before GC invocations=16 (full 3):
 PSYoungGen      total 183296K, used 167936K [0x00000000e0000000, 0x00000000ec500000, 0x0000000100000000)
  eden space 167936K, 100% used [0x00000000e0000000,0x00000000ea400000,0x00000000ea400000)
  from space 15360K, 0% used [0x00000000eb400000,0x00000000eb400000,0x00000000ec300000)
  to   space 16384K, 0% used [0x00000000ea400000,0x00000000ea400000,0x00000000eb400000)
 ParOldGen       total 93184K, used 34108K [0x00000000a0000000, 0x00000000a5b00000, 0x00000000e0000000)
  object space 93184K, 36% used [0x00000000a0000000,0x00000000a214f050,0x00000000a5b00000)
 Metaspace       used 61557K, capacity 63586K, committed 63768K, reserved 1103872K
  class space    used 8299K, capacity 8752K, committed 8752K, reserved 1048576K
Event: 14.019 GC heap after
Heap after GC invocations=16 (full 3):
 PSYoungGen      total 184320K, used 14840K [0x00000000e0000000, 0x00000000ee180000, 0x0000000100000000)
  eden space 167936K, 0% used [0x00000000e0000000,0x00000000e0000000,0x00000000ea400000)
  from space 16384K, 90% used [0x00000000ea400000,0x00000000eb27e1b8,0x00000000eb400000)
  to   space 17920K, 0% used [0x00000000ed000000,0x00000000ed000000,0x00000000ee180000)
 ParOldGen       total 93184K, used 34116K [0x00000000a0000000, 0x00000000a5b00000, 0x00000000e0000000)
  object space 93184K, 36% used [0x00000000a0000000,0x00000000a2151050,0x00000000a5b00000)
 Metaspace       used 61557K, capacity 63586K, committed 63768K, reserved 1103872K
  class space    used 8299K, capacity 8752K, committed 8752K, reserved 1048576K
}
Event: 19.333 GC heap before
{Heap before GC invocations=17 (full 3):
 PSYoungGen      total 184320K, used 182776K [0x00000000e0000000, 0x00000000ee180000, 0x0000000100000000)
  eden space 167936K, 100% used [0x00000000e0000000,0x00000000ea400000,0x00000000ea400000)
  from space 16384K, 90% used [0x00000000ea400000,0x00000000eb27e1b8,0x00000000eb400000)
  to   space 17920K, 0% used [0x00000000ed000000,0x00000000ed000000,0x00000000ee180000)
 ParOldGen       total 93184K, used 34116K [0x00000000a0000000, 0x00000000a5b00000, 0x00000000e0000000)
  object space 93184K, 36% used [0x00000000a0000000,0x00000000a2151050,0x00000000a5b00000)
 Metaspace       used 67555K, capacity 69578K, committed 69784K, reserved 1110016K
  class space    used 8920K, capacity 9364K, committed 9392K, reserved 1048576K
Event: 19.399 GC heap after
Heap after GC invocations=17 (full 3):
 PSYoungGen      total 200704K, used 17919K [0x00000000e0000000, 0x00000000ef900000, 0x0000000100000000)
  eden space 182784K, 0% used [0x00000000e0000000,0x00000000e0000000,0x00000000eb280000)
  from space 17920K, 99% used [0x00000000ed000000,0x00000000ee17fd90,0x00000000ee180000)
  to   space 30208K, 0% used [0x00000000eb280000,0x00000000eb280000,0x00000000ed000000)
 ParOldGen       total 93184K, used 58988K [0x00000000a0000000, 0x00000000a5b00000, 0x00000000e0000000)
  object space 93184K, 63% used [0x00000000a0000000,0x00000000a399b270,0x00000000a5b00000)
 Metaspace       used 67555K, capacity 69578K, committed 69784K, reserved 1110016K
  class space    used 8920K, capacity 9364K, committed 9392K, reserved 1048576K
}

Deoptimization events (10 events):
Event: 22.226 Thread 0x000000001cba5000 Uncommon trap: reason=unstable_if action=reinterpret pc=0x00000000047517a4 method=com.sun.tools.javac.jvm.ClassWriter.writeJavaAnnotations(Lcom/sun/tools/javac/util/List;)I @ 129
Event: 22.725 Thread 0x000000001cba5000 Uncommon trap: reason=class_check action=maybe_recompile pc=0x000000000476a158 method=com.sun.tools.javac.comp.Attr.attribLazyConstantValue(Lcom/sun/tools/javac/comp/Env;Lcom/sun/tools/javac/tree/JCTree$JCVariableDecl;Lcom/sun/tools/javac/code/Type;)Ljava
Event: 22.725 Thread 0x000000001cba5000 Uncommon trap: reason=class_check action=maybe_recompile pc=0x000000000476a158 method=com.sun.tools.javac.comp.Attr.attribLazyConstantValue(Lcom/sun/tools/javac/comp/Env;Lcom/sun/tools/javac/tree/JCTree$JCVariableDecl;Lcom/sun/tools/javac/code/Type;)Ljava
Event: 22.725 Thread 0x000000001cba5000 Uncommon trap: reason=class_check action=maybe_recompile pc=0x000000000476a158 method=com.sun.tools.javac.comp.Attr.attribLazyConstantValue(Lcom/sun/tools/javac/comp/Env;Lcom/sun/tools/javac/tree/JCTree$JCVariableDecl;Lcom/sun/tools/javac/code/Type;)Ljava
Event: 22.725 Thread 0x000000001cba5000 Uncommon trap: reason=class_check action=maybe_recompile pc=0x000000000476a158 method=com.sun.tools.javac.comp.Attr.attribLazyConstantValue(Lcom/sun/tools/javac/comp/Env;Lcom/sun/tools/javac/tree/JCTree$JCVariableDecl;Lcom/sun/tools/javac/code/Type;)Ljava
Event: 22.743 Thread 0x000000001cba9000 Uncommon trap: reason=unstable_if action=reinterpret pc=0x0000000003676ed8 method=com.google.common.collect.MapMakerInternalMap$Segment.drainKeyReferenceQueue(Ljava/lang/ref/ReferenceQueue;)V @ 8
Event: 22.744 Thread 0x000000001cba9000 Uncommon trap: reason=unstable_if action=reinterpret pc=0x0000000003219434 method=com.google.common.collect.MapMakerInternalMap$Segment.drainKeyReferenceQueue(Ljava/lang/ref/ReferenceQueue;)V @ 8
Event: 22.807 Thread 0x000000001cba9000 Uncommon trap: reason=unstable_if action=reinterpret pc=0x00000000031a14f8 method=com.esotericsoftware.kryo.io.Input.require(I)I @ 65
Event: 22.807 Thread 0x000000001cba9000 Uncommon trap: reason=unstable_if action=reinterpret pc=0x0000000003cdcbf0 method=org.gradle.internal.io.StreamByteBuffer$StreamByteBufferInputStream.readImpl([BII)I @ 49
Event: 22.895 Thread 0x000000001b567800 Uncommon trap: reason=unstable_if action=reinterpret pc=0x0000000003b6a1b8 method=com.esotericsoftware.kryo.io.Output.writeString(Ljava/lang/CharSequence;)V @ 50

Classes redefined (0 events):
No events

Internal exceptions (10 events):
Event: 11.539 Thread 0x0000000019260000 Exception <a 'java/lang/NoSuchMethodError': java.lang.Object.lambda$static$2(Ljava/util/Set;Ljava/util/Set;)Z> (0x00000000e0653ff0) thrown at [D:\src\AOSP-openjdk-cygwin\jdk8u\hotspot\src\share\vm\interpreter\linkResolver.cpp, line 584]
Event: 11.539 Thread 0x0000000019260000 Exception <a 'java/lang/NoSuchMethodError': java.lang.Object.lambda$static$3(Ljava/util/Set;Ljava/util/Set;)Z> (0x00000000e0656948) thrown at [D:\src\AOSP-openjdk-cygwin\jdk8u\hotspot\src\share\vm\interpreter\linkResolver.cpp, line 584]
Event: 12.139 Thread 0x0000000019482000 Exception <a 'java/lang/NoSuchMethodError': <clinit>> (0x00000000e2eff158) thrown at [D:\src\AOSP-openjdk-cygwin\jdk8u\hotspot\src\share\vm\prims\jni.cpp, line 1613]
Event: 12.140 Thread 0x0000000019482000 Exception <a 'java/lang/NoSuchMethodError': <clinit>> (0x00000000e2f0add0) thrown at [D:\src\AOSP-openjdk-cygwin\jdk8u\hotspot\src\share\vm\prims\jni.cpp, line 1613]
Event: 12.141 Thread 0x0000000019482000 Exception <a 'java/lang/NoSuchMethodError': <clinit>> (0x00000000e2f172b8) thrown at [D:\src\AOSP-openjdk-cygwin\jdk8u\hotspot\src\share\vm\prims\jni.cpp, line 1613]
Event: 12.191 Thread 0x0000000019482000 Exception <a 'java/lang/NoSuchMethodError': <clinit>> (0x00000000e311d718) thrown at [D:\src\AOSP-openjdk-cygwin\jdk8u\hotspot\src\share\vm\prims\jni.cpp, line 1613]
Event: 12.192 Thread 0x0000000019482000 Exception <a 'java/lang/NoSuchMethodError': <clinit>> (0x00000000e312e748) thrown at [D:\src\AOSP-openjdk-cygwin\jdk8u\hotspot\src\share\vm\prims\jni.cpp, line 1613]
Event: 12.192 Thread 0x0000000019482000 Exception <a 'java/lang/NoSuchMethodError': <clinit>> (0x00000000e3130260) thrown at [D:\src\AOSP-openjdk-cygwin\jdk8u\hotspot\src\share\vm\prims\jni.cpp, line 1613]
Event: 13.331 Thread 0x0000000019482000 Exception <a 'java/lang/NoSuchMethodError': <clinit>> (0x00000000e7ac2670) thrown at [D:\src\AOSP-openjdk-cygwin\jdk8u\hotspot\src\share\vm\prims\jni.cpp, line 1613]
Event: 13.602 Thread 0x000000001cba5000 Exception <a 'java/lang/NoSuchMethodError': <clinit>> (0x00000000e8fa8078) thrown at [D:\src\AOSP-openjdk-cygwin\jdk8u\hotspot\src\share\vm\prims\jni.cpp, line 1613]

Events (10 events):
Event: 22.884 loading class org/gradle/api/internal/tasks/compile/incremental/classpath/ClasspathSnapshot done
Event: 22.885 loading class org/gradle/api/internal/tasks/compile/incremental/recomp/PreviousCompilationData
Event: 22.885 loading class org/gradle/api/internal/tasks/compile/incremental/recomp/PreviousCompilationData done
Event: 22.886 loading class org/gradle/api/internal/tasks/compile/CompileJavaBuildOperationReportingCompiler$Result
Event: 22.886 loading class org/gradle/api/internal/tasks/compile/CompileJavaBuildOperationReportingCompiler$Result done
Event: 22.887 loading class org/gradle/api/internal/OverlappingOutputs
Event: 22.887 loading class org/gradle/api/internal/OverlappingOutputs done
Event: 22.895 Thread 0x000000001b567800 Uncommon trap: trap_request=0xffffff65 fr.pc=0x0000000003b6a1b8
Event: 22.895 Thread 0x000000001b567800 DEOPT PACKING pc=0x0000000003b6a1b8 sp=0x0000000023c1e790
Event: 22.895 Thread 0x000000001b567800 DEOPT UNPACKING pc=0x000000000287557b sp=0x0000000023c1e6b8 mode 2


Dynamic libraries:
0x00007ff7db830000 - 0x00007ff7db861000 	C:\Program Files\Android\Android Studio1\jre\bin\java.exe
0x00007ffbb9b20000 - 0x00007ffbb9d10000 	C:\WINDOWS\SYSTEM32\ntdll.dll
0x00007ffb9f130000 - 0x00007ffb9f144000 	C:\Program Files\AVG\Antivirus\aswhook.dll
0x00007ffbb96a0000 - 0x00007ffbb9752000 	C:\WINDOWS\System32\KERNEL32.DLL
0x00007ffbb6ef0000 - 0x00007ffbb7193000 	C:\WINDOWS\System32\KERNELBASE.dll
0x00007ffbb9a30000 - 0x00007ffbb9ad3000 	C:\WINDOWS\System32\ADVAPI32.dll
0x00007ffbb8890000 - 0x00007ffbb892e000 	C:\WINDOWS\System32\msvcrt.dll
0x00007ffbb8bc0000 - 0x00007ffbb8c57000 	C:\WINDOWS\System32\sechost.dll
0x00007ffbb84d0000 - 0x00007ffbb85f0000 	C:\WINDOWS\System32\RPCRT4.dll
0x00007ffbb8670000 - 0x00007ffbb8804000 	C:\WINDOWS\System32\USER32.dll
0x00007ffbb6ec0000 - 0x00007ffbb6ee1000 	C:\WINDOWS\System32\win32u.dll
0x00007ffbb9760000 - 0x00007ffbb9786000 	C:\WINDOWS\System32\GDI32.dll
0x00007ffbb6b50000 - 0x00007ffbb6ce4000 	C:\WINDOWS\System32\gdi32full.dll
0x00007ffbb6ab0000 - 0x00007ffbb6b4e000 	C:\WINDOWS\System32\msvcp_win.dll
0x00007ffbb6cf0000 - 0x00007ffbb6dea000 	C:\WINDOWS\System32\ucrtbase.dll
0x00007ffba40d0000 - 0x00007ffba4355000 	C:\WINDOWS\WinSxS\amd64_microsoft.windows.common-controls_6595b64144ccf1df_6.0.18362.418_none_e6c6b287130d565d\COMCTL32.dll
0x00007ffbb7bd0000 - 0x00007ffbb7f06000 	C:\WINDOWS\System32\combase.dll
0x00007ffbb7970000 - 0x00007ffbb79f0000 	C:\WINDOWS\System32\bcryptPrimitives.dll
0x00007ffbb8b10000 - 0x00007ffbb8b3e000 	C:\WINDOWS\System32\IMM32.DLL
0x00000000503c0000 - 0x0000000050492000 	C:\Program Files\Android\Android Studio1\jre\jre\bin\msvcr100.dll
0x0000000076d20000 - 0x0000000077561000 	C:\Program Files\Android\Android Studio1\jre\jre\bin\server\jvm.dll
0x00007ffbb9790000 - 0x00007ffbb9798000 	C:\WINDOWS\System32\PSAPI.DLL
0x00007ffbad140000 - 0x00007ffbad149000 	C:\WINDOWS\SYSTEM32\WSOCK32.dll
0x00007ffbb97a0000 - 0x00007ffbb980f000 	C:\WINDOWS\System32\WS2_32.dll
0x00007ffbb0730000 - 0x00007ffbb0754000 	C:\WINDOWS\SYSTEM32\WINMM.dll
0x00007ffbb0d60000 - 0x00007ffbb0d6a000 	C:\WINDOWS\SYSTEM32\VERSION.dll
0x00007ffbac1c0000 - 0x00007ffbac1ed000 	C:\WINDOWS\SYSTEM32\WINMMBASE.dll
0x00007ffbb71a0000 - 0x00007ffbb71ea000 	C:\WINDOWS\System32\cfgmgr32.dll
0x00007ffbb0d70000 - 0x00007ffbb0d7f000 	C:\Program Files\Android\Android Studio1\jre\jre\bin\verify.dll
0x00007ffbaa090000 - 0x00007ffbaa0b9000 	C:\Program Files\Android\Android Studio1\jre\jre\bin\java.dll
0x00007ffbac870000 - 0x00007ffbac886000 	C:\Program Files\Android\Android Studio1\jre\jre\bin\zip.dll
0x00007ffbb8cc0000 - 0x00007ffbb93a5000 	C:\WINDOWS\System32\SHELL32.dll
0x00007ffbb8930000 - 0x00007ffbb89d9000 	C:\WINDOWS\System32\shcore.dll
0x00007ffbb71f0000 - 0x00007ffbb796f000 	C:\WINDOWS\System32\windows.storage.dll
0x00007ffbb6a90000 - 0x00007ffbb6aaf000 	C:\WINDOWS\System32\profapi.dll
0x00007ffbb6a20000 - 0x00007ffbb6a6a000 	C:\WINDOWS\System32\powrprof.dll
0x00007ffbb69f0000 - 0x00007ffbb6a00000 	C:\WINDOWS\System32\UMPDC.dll
0x00007ffbb8c60000 - 0x00007ffbb8cb2000 	C:\WINDOWS\System32\shlwapi.dll
0x00007ffbb6a00000 - 0x00007ffbb6a11000 	C:\WINDOWS\System32\kernel.appcore.dll
0x00007ffbb6ea0000 - 0x00007ffbb6eb7000 	C:\WINDOWS\System32\cryptsp.dll
0x00007ffbaa310000 - 0x00007ffbaa32a000 	C:\Program Files\Android\Android Studio1\jre\jre\bin\net.dll
0x00007ffbb6200000 - 0x00007ffbb6267000 	C:\WINDOWS\system32\mswsock.dll
0x00007ffba95b0000 - 0x00007ffba95c1000 	C:\Program Files\Android\Android Studio1\jre\jre\bin\nio.dll
0x00007ffba9200000 - 0x00007ffba921e000 	C:\Users\Diackson Marques\.gradle\native\25\windows-amd64\native-platform.dll
0x00007ffbafdb0000 - 0x00007ffbafdbd000 	C:\Program Files\Android\Android Studio1\jre\jre\bin\management.dll
0x00007ffbb5d70000 - 0x00007ffbb5da3000 	C:\WINDOWS\system32\rsaenh.dll
0x00007ffbb7b40000 - 0x00007ffbb7b66000 	C:\WINDOWS\System32\bcrypt.dll
0x00007ffbb68e0000 - 0x00007ffbb6905000 	C:\WINDOWS\SYSTEM32\USERENV.dll
0x00007ffbb63d0000 - 0x00007ffbb63dc000 	C:\WINDOWS\SYSTEM32\CRYPTBASE.dll
0x00007ffbb5f10000 - 0x00007ffbb5f4a000 	C:\WINDOWS\SYSTEM32\IPHLPAPI.DLL
0x00007ffbb9a20000 - 0x00007ffbb9a28000 	C:\WINDOWS\System32\NSI.dll
0x00007ffbb11e0000 - 0x00007ffbb11f6000 	C:\WINDOWS\SYSTEM32\dhcpcsvc6.DLL
0x00007ffbb22c0000 - 0x00007ffbb22dc000 	C:\WINDOWS\SYSTEM32\dhcpcsvc.DLL
0x00007ffbb5f50000 - 0x00007ffbb601a000 	C:\WINDOWS\SYSTEM32\DNSAPI.dll

VM Arguments:
jvm_args: -Xmx1536m -Dfile.encoding=windows-1252 -Duser.country=BR -Duser.language=pt -Duser.variant 
java_command: org.gradle.launcher.daemon.bootstrap.GradleDaemon 5.1.1
java_class_path (initial): C:\Users\Diackson Marques\.gradle\wrapper\dists\gradle-5.1.1-all\97z1ksx6lirer3kbvdnh7jtjg\gradle-5.1.1\lib\gradle-launcher-5.1.1.jar
Launcher Type: SUN_STANDARD

Environment Variables:
PATH=C:\Program Files (x86)\Common Files\Oracle\Java\javapath;C:\ProgramData\Oracle\Java\javapath;C:\Program Files (x86)\Intel\iCLS Client\;C:\Program Files\Intel\iCLS Client\;C:\WINDOWS\system32;C:\WINDOWS;C:\WINDOWS\System32\Wbem;C:\WINDOWS\System32\WindowsPowerShell\v1.0\;C:\Program Files (x86)\Intel\Intel(R) Management Engine Components\DAL;C:\Program Files\Intel\Intel(R) Management Engine Components\DAL;C:\Program Files (x86)\Intel\Intel(R) Management Engine Components\IPT;C:\Program Files\Intel\Intel(R) Management Engine Components\IPT;C:\WINDOWS\System32\OpenSSH\;C:\Program Files\Git\cmd;C:\Users\Diackson Marques\AppData\Local\Microsoft\WindowsApps;C:\Users\Diackson Marques\AppData\Local\Programs\MiKTeX 2.9\miktex\bin\x64\;
USERNAME=Diackson Marques
OS=Windows_NT
PROCESSOR_IDENTIFIER=Intel64 Family 6 Model 142 Stepping 9, GenuineIntel



---------------  S Y S T E M  ---------------

OS: Windows 10.0 , 64 bit Build 18362 (10.0.18362.329)

CPU:total 4 (initial active 4) (2 cores per cpu, 2 threads per core) family 6 model 142 stepping 9, cmov, cx8, fxsr, mmx, sse, sse2, sse3, ssse3, sse4.1, sse4.2, popcnt, avx, avx2, aes, clmul, erms, 3dnowpref, lzcnt, ht, tsc, tscinvbit, bmi1, bmi2, adx

Memory: 4k page, physical 4066916k(399200k free), swap 4271716k(5264k free)

vm_info: OpenJDK 64-Bit Server VM (25.152-b01) for windows-amd64 JRE (1.8.0_152-release-1343-b01), built by "builder" with MS VC++ 10.0 (VS2010)

time: Mon Nov 04 17:31:56 2019
elapsed time: 23 seconds (0d 0h 0m 23s)

