#
# There is insufficient memory for the Java Runtime Environment to continue.
# Native memory allocation (malloc) failed to allocate 131088 bytes for Chunk::new
# Possible reasons:
#   The system is out of physical RAM or swap space
#   In 32 bit mode, the process size limit was hit
# Possible solutions:
#   Reduce memory load on the system
#   Increase physical memory or swap space
#   Check if swap backing store is full
#   Use 64 bit Java on a 64 bit OS
#   Decrease Java heap size (-Xmx/-Xms)
#   Decrease number of Java threads
#   Decrease Java thread stack sizes (-Xss)
#   Set larger code cache with -XX:ReservedCodeCacheSize=
# This output file may be truncated or incomplete.
#
#  Out of Memory Error (allocation.cpp:390), pid=8024, tid=0x0000000000001b18
#
# JRE version: OpenJDK Runtime Environment (8.0_152-b01) (build 1.8.0_152-release-1343-b01)
# Java VM: OpenJDK 64-Bit Server VM (25.152-b01 mixed mode windows-amd64 compressed oops)
# Failed to write core dump. Minidumps are not enabled by default on client versions of Windows
#

---------------  T H R E A D  ---------------

Current thread (0x0000000015e0d800):  JavaThread "C2 CompilerThread0" daemon [_thread_in_native, id=6936, stack(0x0000000017480000,0x0000000017580000)]

Stack: [0x0000000017480000,0x0000000017580000]
[error occurred during error reporting (printing stack bounds), id 0xc0000005]

Native frames: (J=compiled Java code, j=interpreted, Vv=VM code, C=native code)


Current CompileTask:
C2:2702663 21692       4       com.android.tools.r8.ir.regalloc.LinearScanRegisterAllocator::performLinearScan (922 bytes)


---------------  P R O C E S S  ---------------

Java Threads: ( => current thread )
  0x000000001d0c3000 JavaThread "ForkJoinPool.commonPool-worker-3" daemon [_thread_blocked, id=6724, stack(0x00000000257b0000,0x00000000258b0000)]
  0x000000001d0c2000 JavaThread "ForkJoinPool.commonPool-worker-2" daemon [_thread_blocked, id=7756, stack(0x0000000023eb0000,0x0000000023fb0000)]
  0x000000001d0ba000 JavaThread "ForkJoinPool.commonPool-worker-1" daemon [_thread_blocked, id=8444, stack(0x0000000023db0000,0x0000000023eb0000)]
  0x000000001d0be800 JavaThread "Cache worker for Java compile cache (C:\Users\Diackson Marques\Desktop\BelezaOnline_2\.gradle\5.1.1\javaCompile)" [_thread_blocked, id=9304, stack(0x00000000258e0000,0x00000000259e0000)]
  0x000000001d0b7000 JavaThread "Cache worker for execution history cache (C:\Users\Diackson Marques\Desktop\BelezaOnline_2\.gradle\5.1.1\executionHistory)" [_thread_blocked, id=2396, stack(0x00000000256b0000,0x00000000257b0000)]
  0x000000001d0b6000 JavaThread "Execution worker for ':' Thread 3" [_thread_blocked, id=5676, stack(0x00000000255b0000,0x00000000256b0000)]
  0x000000001d0b7800 JavaThread "Execution worker for ':' Thread 2" [_thread_in_native, id=3032, stack(0x00000000247b0000,0x00000000248b0000)]
  0x000000001d0bd000 JavaThread "Execution worker for ':'" [_thread_blocked, id=10504, stack(0x00000000240b0000,0x00000000241b0000)]
  0x000000001d0bc000 JavaThread "Cache worker for file content cache (C:\Users\Diackson Marques\Desktop\BelezaOnline_2\.gradle\5.1.1\fileContent)" [_thread_blocked, id=7796, stack(0x00000000238b0000,0x00000000239b0000)]
  0x000000001bb1f800 JavaThread "Cache worker for Build Output Cleanup Cache (C:\Users\Diackson Marques\Desktop\BelezaOnline_2\.gradle\buildOutputCleanup)" [_thread_blocked, id=5700, stack(0x00000000233d0000,0x00000000234d0000)]
  0x000000001bb26000 JavaThread "Build operations Thread 4" [_thread_blocked, id=8448, stack(0x00000000232d0000,0x00000000233d0000)]
  0x000000001bb25800 JavaThread "Build operations Thread 3" [_thread_blocked, id=8952, stack(0x0000000022420000,0x0000000022520000)]
  0x000000001bb24000 JavaThread "Build operations Thread 2" [_thread_blocked, id=1012, stack(0x0000000021ad0000,0x0000000021bd0000)]
  0x000000001bb24800 JavaThread "Build operations" [_thread_blocked, id=1696, stack(0x00000000213b0000,0x00000000214b0000)]
  0x000000001bb20000 JavaThread "Cache worker for cache directory md-rule (C:\Users\Diackson Marques\.gradle\caches\5.1.1\md-rule)" [_thread_blocked, id=8072, stack(0x00000000210b0000,0x00000000211b0000)]
  0x000000001bb22800 JavaThread "Cache worker for cache directory md-supplier (C:\Users\Diackson Marques\.gradle\caches\5.1.1\md-supplier)" [_thread_blocked, id=2544, stack(0x0000000020fb0000,0x00000000210b0000)]
  0x000000001bb23000 JavaThread "Cache worker for file hash cache (C:\Users\Diackson Marques\Desktop\BelezaOnline_2\.gradle\5.1.1\fileHashes)" [_thread_blocked, id=9732, stack(0x000000001f7e0000,0x000000001f8e0000)]
  0x000000001bb21800 JavaThread "Thread-168" [_thread_blocked, id=3504, stack(0x000000001f6e0000,0x000000001f7e0000)]
  0x000000001bb18000 JavaThread "Stdin handler" [_thread_blocked, id=10328, stack(0x000000001cb90000,0x000000001cc90000)]
  0x000000001bb1e000 JavaThread "Asynchronous log dispatcher for DefaultDaemonConnection: socket connection from /127.0.0.1:58467 to /127.0.0.1:58773" [_thread_blocked, id=6328, stack(0x000000001a5f0000,0x000000001a6f0000)]
  0x000000001bb1d000 JavaThread "Daemon worker Thread 9" [_thread_blocked, id=2320, stack(0x000000001a2f0000,0x000000001a3f0000)]
  0x000000001bb1c800 JavaThread "Cancel handler" [_thread_blocked, id=8428, stack(0x000000001a1f0000,0x000000001a2f0000)]
  0x000000001bb1e800 JavaThread "Handler for socket connection from /127.0.0.1:58467 to /127.0.0.1:58773" [_thread_in_native, id=3976, stack(0x0000000019ef0000,0x0000000019ff0000)]
  0x000000001bb1b000 JavaThread "Daemon Thread 9" [_thread_blocked, id=120, stack(0x0000000019df0000,0x0000000019ef0000)]
  0x000000001bb19800 JavaThread "Cache worker for Java compile cache (C:\Users\Diackson Marques\.gradle\caches\5.1.1\javaCompile)" [_thread_blocked, id=2172, stack(0x0000000023fb0000,0x00000000240b0000)]
  0x000000001d0c1800 JavaThread "Cache worker for file content cache (C:\Users\Diackson Marques\.gradle\caches\5.1.1\fileContent)" [_thread_blocked, id=7104, stack(0x00000000237b0000,0x00000000238b0000)]
  0x000000001d0b5800 JavaThread "Memory manager" [_thread_blocked, id=9112, stack(0x0000000022d20000,0x0000000022e20000)]
  0x0000000017e4b000 JavaThread "Cache worker for execution history cache (C:\Users\Diackson Marques\.gradle\caches\5.1.1\executionHistory)" [_thread_blocked, id=9988, stack(0x000000001f8e0000,0x000000001f9e0000)]
  0x0000000017e45000 JavaThread "Cache worker for journal cache (C:\Users\Diackson Marques\.gradle\caches\journal-1)" [_thread_blocked, id=9600, stack(0x000000001a8f0000,0x000000001a9f0000)]
  0x0000000017e4c000 JavaThread "File lock request listener" [_thread_in_native, id=7196, stack(0x000000001a7f0000,0x000000001a8f0000)]
  0x0000000018b1f800 JavaThread "Cache worker for file hash cache (C:\Users\Diackson Marques\.gradle\caches\5.1.1\fileHashes)" [_thread_blocked, id=7148, stack(0x000000001a6f0000,0x000000001a7f0000)]
  0x00000000185de800 JavaThread "Daemon periodic checks" [_thread_blocked, id=6528, stack(0x0000000019cf0000,0x0000000019df0000)]
  0x0000000018c01800 JavaThread "Incoming local TCP Connector on port 58467" [_thread_in_native, id=9144, stack(0x0000000019a90000,0x0000000019b90000)]
  0x00000000177a8800 JavaThread "Service Thread" daemon [_thread_blocked, id=1196, stack(0x0000000017b80000,0x0000000017c80000)]
  0x0000000015e1c800 JavaThread "C1 CompilerThread2" daemon [_thread_blocked, id=9712, stack(0x0000000017680000,0x0000000017780000)]
  0x0000000015e10800 JavaThread "C2 CompilerThread1" daemon [_thread_in_native, id=10464, stack(0x0000000017580000,0x0000000017680000)]
=>0x0000000015e0d800 JavaThread "C2 CompilerThread0" daemon [_thread_in_native, id=6936, stack(0x0000000017480000,0x0000000017580000)]
  0x0000000015e0c000 JavaThread "Attach Listener" daemon [_thread_blocked, id=8344, stack(0x0000000017380000,0x0000000017480000)]
  0x0000000015e0b000 JavaThread "Signal Dispatcher" daemon [_thread_blocked, id=2488, stack(0x0000000017280000,0x0000000017380000)]
  0x000000000249b800 JavaThread "Finalizer" daemon [_thread_blocked, id=10064, stack(0x0000000017070000,0x0000000017170000)]
  0x0000000015dd8000 JavaThread "Reference Handler" daemon [_thread_blocked, id=3828, stack(0x0000000016f70000,0x0000000017070000)]
  0x000000000239e800 JavaThread "main" [_thread_blocked, id=6776, stack(0x0000000002270000,0x0000000002370000)]

Other Threads:
  0x0000000015dd6000 VMThread [stack: 0x0000000016e70000,0x0000000016f70000] [id=6012]
  0x00000000177a9000 WatcherThread [stack: 0x0000000017c80000,0x0000000017d80000] [id=1976]

VM state:not at safepoint (normal execution)

VM Mutex/Monitor currently owned by a thread: None

Heap:
 PSYoungGen      total 350720K, used 57232K [0x00000000e0000000, 0x00000000f9300000, 0x0000000100000000)
  eden space 322048K, 13% used [0x00000000e0000000,0x00000000e2bc1678,0x00000000f3a80000)
  from space 28672K, 43% used [0x00000000f5580000,0x00000000f61a2d08,0x00000000f7180000)
  to   space 27648K, 0% used [0x00000000f3a80000,0x00000000f3a80000,0x00000000f5580000)
 ParOldGen       total 116736K, used 49364K [0x00000000a0000000, 0x00000000a7200000, 0x00000000e0000000)
  object space 116736K, 42% used [0x00000000a0000000,0x00000000a3035308,0x00000000a7200000)
 Metaspace       used 92310K, capacity 96337K, committed 98496K, reserved 1134592K
  class space    used 11575K, capacity 12342K, committed 12760K, reserved 1048576K

Card table byte_map: [0x0000000011860000,0x0000000011b70000] byte_map_base: 0x0000000011360000

Marking Bits: (ParMarkBitMap*) 0x000000006ba95aa0
 Begin Bits: [0x0000000012170000, 0x0000000013970000)
 End Bits:   [0x0000000013970000, 0x0000000015170000)

Polling page: 0x0000000000870000

CodeCache: size=245760Kb used=60925Kb max_used=60967Kb free=184834Kb
 bounds [0x00000000024a0000, 0x0000000006080000, 0x00000000114a0000]
 total_blobs=18093 nmethods=17218 adapters=786
 compilation: enabled

Compilation events (10 events):
Event: 2702.489 Thread 0x0000000015e1c800 21726       2       com.android.build.gradle.internal.pipeline.SubStream$SubStreamAdapter::write (202 bytes)
Event: 2702.490 Thread 0x0000000015e1c800 nmethod 21726 0x0000000004520e50 code [0x0000000004521140, 0x0000000004521848]
Event: 2702.490 Thread 0x0000000015e1c800 21725       2       com.google.gson.internal.bind.TypeAdapters::newFactory (10 bytes)
Event: 2702.490 Thread 0x0000000015e1c800 nmethod 21725 0x0000000005b1c590 code [0x0000000005b1c6e0, 0x0000000005b1c890]
Event: 2702.597 Thread 0x0000000015e1c800 21727       2       org.gradle.api.internal.changedetection.state.CacheBackedTaskHistoryRepository::collectActionImplementations (65 bytes)
Event: 2702.598 Thread 0x0000000015e1c800 nmethod 21727 0x0000000005b1bcd0 code [0x0000000005b1bea0, 0x0000000005b1c2c8]
Event: 2702.598 Thread 0x0000000015e1c800 21728       2       org.gradle.api.internal.project.taskfactory.StandardTaskAction::getActionImplementation (27 bytes)
Event: 2702.600 Thread 0x0000000015e1c800 nmethod 21728 0x0000000005b1aad0 code [0x0000000005b1ace0, 0x0000000005b1b408]
Event: 2702.600 Thread 0x0000000015e1c800 21729       2       org.gradle.api.internal.tasks.properties.GetInputPropertiesVisitor$1::create (5 bytes)
Event: 2702.600 Thread 0x0000000015e1c800 nmethod 21729 0x0000000005b1a750 code [0x0000000005b1a8c0, 0x0000000005b1aa28]

GC Heap History (10 events):
Event: 2527.873 GC heap before
{Heap before GC invocations=24 (full 3):
 PSYoungGen      total 291840K, used 291507K [0x00000000e0000000, 0x00000000f6500000, 0x0000000100000000)
  eden space 271360K, 100% used [0x00000000e0000000,0x00000000f0900000,0x00000000f0900000)
  from space 20480K, 98% used [0x00000000f5100000,0x00000000f64acc40,0x00000000f6500000)
  to   space 31232K, 0% used [0x00000000f2800000,0x00000000f2800000,0x00000000f4680000)
 ParOldGen       total 84480K, used 58293K [0x00000000a0000000, 0x00000000a5280000, 0x00000000e0000000)
  object space 84480K, 69% used [0x00000000a0000000,0x00000000a38ed688,0x00000000a5280000)
 Metaspace       used 93051K, capacity 97736K, committed 98008K, reserved 1134592K
  class space    used 11792K, capacity 12710K, committed 12760K, reserved 1048576K
Event: 2527.944 GC heap after
Heap after GC invocations=24 (full 3):
 PSYoungGen      total 275456K, used 15184K [0x00000000e0000000, 0x00000000f5180000, 0x0000000100000000)
  eden space 260096K, 0% used [0x00000000e0000000,0x00000000e0000000,0x00000000efe00000)
  from space 15360K, 98% used [0x00000000f2800000,0x00000000f36d4080,0x00000000f3700000)
  to   space 27136K, 0% used [0x00000000f3700000,0x00000000f3700000,0x00000000f5180000)
 ParOldGen       total 84480K, used 58309K [0x00000000a0000000, 0x00000000a5280000, 0x00000000e0000000)
  object space 84480K, 69% used [0x00000000a0000000,0x00000000a38f1688,0x00000000a5280000)
 Metaspace       used 93051K, capacity 97736K, committed 98008K, reserved 1134592K
  class space    used 11792K, capacity 12710K, committed 12760K, reserved 1048576K
}
Event: 2542.759 GC heap before
{Heap before GC invocations=25 (full 3):
 PSYoungGen      total 275456K, used 275178K [0x00000000e0000000, 0x00000000f5180000, 0x0000000100000000)
  eden space 260096K, 99% used [0x00000000e0000000,0x00000000efde69a0,0x00000000efe00000)
  from space 15360K, 98% used [0x00000000f2800000,0x00000000f36d4080,0x00000000f3700000)
  to   space 27136K, 0% used [0x00000000f3700000,0x00000000f3700000,0x00000000f5180000)
 ParOldGen       total 84480K, used 58309K [0x00000000a0000000, 0x00000000a5280000, 0x00000000e0000000)
  object space 84480K, 69% used [0x00000000a0000000,0x00000000a38f1688,0x00000000a5280000)
 Metaspace       used 93368K, capacity 98140K, committed 98264K, reserved 1134592K
  class space    used 11808K, capacity 12732K, committed 12760K, reserved 1048576K
Event: 2542.823 GC heap after
Heap after GC invocations=25 (full 3):
 PSYoungGen      total 268800K, used 18981K [0x00000000e0000000, 0x00000000f4a00000, 0x0000000100000000)
  eden space 249344K, 0% used [0x00000000e0000000,0x00000000e0000000,0x00000000ef380000)
  from space 19456K, 97% used [0x00000000f3700000,0x00000000f4989430,0x00000000f4a00000)
  to   space 30208K, 0% used [0x00000000f0f00000,0x00000000f0f00000,0x00000000f2c80000)
 ParOldGen       total 84480K, used 58317K [0x00000000a0000000, 0x00000000a5280000, 0x00000000e0000000)
  object space 84480K, 69% used [0x00000000a0000000,0x00000000a38f3688,0x00000000a5280000)
 Metaspace       used 93368K, capacity 98140K, committed 98264K, reserved 1134592K
  class space    used 11808K, capacity 12732K, committed 12760K, reserved 1048576K
}
Event: 2542.978 GC heap before
{Heap before GC invocations=26 (full 3):
 PSYoungGen      total 268800K, used 26404K [0x00000000e0000000, 0x00000000f4a00000, 0x0000000100000000)
  eden space 249344K, 2% used [0x00000000e0000000,0x00000000e073ff30,0x00000000ef380000)
  from space 19456K, 97% used [0x00000000f3700000,0x00000000f4989430,0x00000000f4a00000)
  to   space 30208K, 0% used [0x00000000f0f00000,0x00000000f0f00000,0x00000000f2c80000)
 ParOldGen       total 84480K, used 58317K [0x00000000a0000000, 0x00000000a5280000, 0x00000000e0000000)
  object space 84480K, 69% used [0x00000000a0000000,0x00000000a38f3688,0x00000000a5280000)
 Metaspace       used 93483K, capacity 98313K, committed 98496K, reserved 1134592K
  class space    used 11823K, capacity 12760K, committed 12760K, reserved 1048576K
Event: 2543.018 GC heap after
Heap after GC invocations=26 (full 3):
 PSYoungGen      total 307712K, used 13280K [0x00000000e0000000, 0x00000000f7180000, 0x0000000100000000)
  eden space 277504K, 0% used [0x00000000e0000000,0x00000000e0000000,0x00000000f0f00000)
  from space 30208K, 43% used [0x00000000f0f00000,0x00000000f1bf80d0,0x00000000f2c80000)
  to   space 28672K, 0% used [0x00000000f5580000,0x00000000f5580000,0x00000000f7180000)
 ParOldGen       total 84480K, used 58325K [0x00000000a0000000, 0x00000000a5280000, 0x00000000e0000000)
  object space 84480K, 69% used [0x00000000a0000000,0x00000000a38f5688,0x00000000a5280000)
 Metaspace       used 93483K, capacity 98313K, committed 98496K, reserved 1134592K
  class space    used 11823K, capacity 12760K, committed 12760K, reserved 1048576K
}
Event: 2543.018 GC heap before
{Heap before GC invocations=27 (full 4):
 PSYoungGen      total 307712K, used 13280K [0x00000000e0000000, 0x00000000f7180000, 0x0000000100000000)
  eden space 277504K, 0% used [0x00000000e0000000,0x00000000e0000000,0x00000000f0f00000)
  from space 30208K, 43% used [0x00000000f0f00000,0x00000000f1bf80d0,0x00000000f2c80000)
  to   space 28672K, 0% used [0x00000000f5580000,0x00000000f5580000,0x00000000f7180000)
 ParOldGen       total 84480K, used 58325K [0x00000000a0000000, 0x00000000a5280000, 0x00000000e0000000)
  object space 84480K, 69% used [0x00000000a0000000,0x00000000a38f5688,0x00000000a5280000)
 Metaspace       used 93483K, capacity 98313K, committed 98496K, reserved 1134592K
  class space    used 11823K, capacity 12760K, committed 12760K, reserved 1048576K
Event: 2544.195 GC heap after
Heap after GC invocations=27 (full 4):
 PSYoungGen      total 307712K, used 0K [0x00000000e0000000, 0x00000000f7180000, 0x0000000100000000)
  eden space 277504K, 0% used [0x00000000e0000000,0x00000000e0000000,0x00000000f0f00000)
  from space 30208K, 0% used [0x00000000f0f00000,0x00000000f0f00000,0x00000000f2c80000)
  to   space 28672K, 0% used [0x00000000f5580000,0x00000000f5580000,0x00000000f7180000)
 ParOldGen       total 116736K, used 49356K [0x00000000a0000000, 0x00000000a7200000, 0x00000000e0000000)
  object space 116736K, 42% used [0x00000000a0000000,0x00000000a3033308,0x00000000a7200000)
 Metaspace       used 91629K, capacity 95445K, committed 98496K, reserved 1134592K
  class space    used 11521K, capacity 12248K, committed 12760K, reserved 1048576K
}
Event: 2702.021 GC heap before
{Heap before GC invocations=28 (full 4):
 PSYoungGen      total 307712K, used 277504K [0x00000000e0000000, 0x00000000f7180000, 0x0000000100000000)
  eden space 277504K, 100% used [0x00000000e0000000,0x00000000f0f00000,0x00000000f0f00000)
  from space 30208K, 0% used [0x00000000f0f00000,0x00000000f0f00000,0x00000000f2c80000)
  to   space 28672K, 0% used [0x00000000f5580000,0x00000000f5580000,0x00000000f7180000)
 ParOldGen       total 116736K, used 49356K [0x00000000a0000000, 0x00000000a7200000, 0x00000000e0000000)
  object space 116736K, 42% used [0x00000000a0000000,0x00000000a3033308,0x00000000a7200000)
 Metaspace       used 92093K, capacity 96069K, committed 98496K, reserved 1134592K
  class space    used 11571K, capacity 12340K, committed 12760K, reserved 1048576K
Event: 2702.045 GC heap after
Heap after GC invocations=28 (full 4):
 PSYoungGen      total 350720K, used 12427K [0x00000000e0000000, 0x00000000f9300000, 0x0000000100000000)
  eden space 322048K, 0% used [0x00000000e0000000,0x00000000e0000000,0x00000000f3a80000)
  from space 28672K, 43% used [0x00000000f5580000,0x00000000f61a2d08,0x00000000f7180000)
  to   space 27648K, 0% used [0x00000000f3a80000,0x00000000f3a80000,0x00000000f5580000)
 ParOldGen       total 116736K, used 49364K [0x00000000a0000000, 0x00000000a7200000, 0x00000000e0000000)
  object space 116736K, 42% used [0x00000000a0000000,0x00000000a3035308,0x00000000a7200000)
 Metaspace       used 92093K, capacity 96069K, committed 98496K, reserved 1134592K
  class space    used 11571K, capacity 12340K, committed 12760K, reserved 1048576K
}

Deoptimization events (10 events):
Event: 2702.101 Thread 0x000000001d0ba000 Uncommon trap: reason=bimorphic action=maybe_recompile pc=0x0000000004e34704 method=com.android.tools.r8.ir.code.ValueType.fromTypeLattice(Lcom/android/tools/r8/ir/analysis/type/TypeLatticeElement;)Lcom/android/tools/r8/ir/code/ValueType; @ 23
Event: 2702.101 Thread 0x000000001d0ba000 Uncommon trap: reason=bimorphic action=maybe_recompile pc=0x0000000004e34704 method=com.android.tools.r8.ir.code.ValueType.fromTypeLattice(Lcom/android/tools/r8/ir/analysis/type/TypeLatticeElement;)Lcom/android/tools/r8/ir/code/ValueType; @ 23
Event: 2702.101 Thread 0x000000001d0ba000 Uncommon trap: reason=bimorphic action=maybe_recompile pc=0x0000000004e34704 method=com.android.tools.r8.ir.code.ValueType.fromTypeLattice(Lcom/android/tools/r8/ir/analysis/type/TypeLatticeElement;)Lcom/android/tools/r8/ir/code/ValueType; @ 23
Event: 2702.101 Thread 0x000000001d0ba000 Uncommon trap: reason=bimorphic action=maybe_recompile pc=0x0000000004e31610 method=com.android.tools.r8.ir.code.ValueType.fromTypeLattice(Lcom/android/tools/r8/ir/analysis/type/TypeLatticeElement;)Lcom/android/tools/r8/ir/code/ValueType; @ 23
Event: 2702.103 Thread 0x000000001d0ba000 Uncommon trap: reason=bimorphic action=maybe_recompile pc=0x00000000057c2a1c method=com.android.tools.r8.ir.code.ValueType.fromTypeLattice(Lcom/android/tools/r8/ir/analysis/type/TypeLatticeElement;)Lcom/android/tools/r8/ir/code/ValueType; @ 23
Event: 2702.103 Thread 0x000000001d0ba000 Uncommon trap: reason=bimorphic action=maybe_recompile pc=0x0000000004eb4464 method=com.android.tools.r8.ir.code.ValueType.fromTypeLattice(Lcom/android/tools/r8/ir/analysis/type/TypeLatticeElement;)Lcom/android/tools/r8/ir/code/ValueType; @ 23
Event: 2702.103 Thread 0x000000001d0ba000 Uncommon trap: reason=bimorphic action=maybe_recompile pc=0x0000000005d77a60 method=com.android.tools.r8.ir.code.ValueType.fromTypeLattice(Lcom/android/tools/r8/ir/analysis/type/TypeLatticeElement;)Lcom/android/tools/r8/ir/code/ValueType; @ 23
Event: 2702.103 Thread 0x000000001d0ba000 Uncommon trap: reason=bimorphic action=maybe_recompile pc=0x0000000004eb6070 method=com.android.tools.r8.ir.code.ValueType.fromTypeLattice(Lcom/android/tools/r8/ir/analysis/type/TypeLatticeElement;)Lcom/android/tools/r8/ir/code/ValueType; @ 23
Event: 2702.103 Thread 0x000000001d0ba000 Uncommon trap: reason=bimorphic action=maybe_recompile pc=0x0000000005da6398 method=com.android.tools.r8.ir.code.ValueType.fromTypeLattice(Lcom/android/tools/r8/ir/analysis/type/TypeLatticeElement;)Lcom/android/tools/r8/ir/code/ValueType; @ 23
Event: 2702.150 Thread 0x000000001d0ba000 Uncommon trap: reason=unstable_if action=reinterpret pc=0x0000000003e72a94 method=com.android.tools.r8.com.google.common.collect.ImmutableSet.construct(I[Ljava/lang/Object;)Lcom/android/tools/r8/com/google/common/collect/ImmutableSet; @ 201

Classes redefined (0 events):
No events

Internal exceptions (10 events):
Event: 2693.003 Thread 0x000000001bb1d000 Implicit null exception at 0x0000000003583cbd to 0x000000000358865d
Event: 2693.005 Thread 0x000000001bb1d000 Implicit null exception at 0x00000000035920c4 to 0x0000000003598581
Event: 2693.267 Thread 0x000000001bb1d000 Exception <a 'sun/nio/fs/WindowsException'> (0x00000000e15287a0) thrown at [D:\src\AOSP-openjdk-cygwin\jdk8u\hotspot\src\share\vm\prims\jni.cpp, line 709]
Event: 2697.557 Thread 0x000000001d0bd000 Implicit null exception at 0x0000000002d0dc32 to 0x0000000002d14c2d
Event: 2702.014 Thread 0x000000001d0ba000 Exception <a 'sun/nio/fs/WindowsException'> (0x00000000f0d20428) thrown at [D:\src\AOSP-openjdk-cygwin\jdk8u\hotspot\src\share\vm\prims\jni.cpp, line 709]
Event: 2702.429 Thread 0x000000001d0ba000 Exception <a 'sun/nio/fs/WindowsException'> (0x00000000e22b4768) thrown at [D:\src\AOSP-openjdk-cygwin\jdk8u\hotspot\src\share\vm\prims\jni.cpp, line 709]
Event: 2702.444 Thread 0x000000001d0ba000 Exception <a 'sun/nio/fs/WindowsException'> (0x00000000e22bd1c8) thrown at [D:\src\AOSP-openjdk-cygwin\jdk8u\hotspot\src\share\vm\prims\jni.cpp, line 709]
Event: 2702.446 Thread 0x000000001d0ba000 Exception <a 'sun/nio/fs/WindowsException'> (0x00000000e22c4f38) thrown at [D:\src\AOSP-openjdk-cygwin\jdk8u\hotspot\src\share\vm\prims\jni.cpp, line 709]
Event: 2702.448 Thread 0x000000001d0ba000 Exception <a 'sun/nio/fs/WindowsException'> (0x00000000e22cd7f0) thrown at [D:\src\AOSP-openjdk-cygwin\jdk8u\hotspot\src\share\vm\prims\jni.cpp, line 709]
Event: 2702.467 Thread 0x000000001d0ba000 Exception <a 'sun/nio/fs/WindowsException'> (0x00000000e24277d0) thrown at [D:\src\AOSP-openjdk-cygwin\jdk8u\hotspot\src\share\vm\prims\jni.cpp, line 709]

Events (10 events):
Event: 2702.358 Thread 0x000000001d0ba000 DEOPT PACKING pc=0x0000000005019853 sp=0x0000000023eadff0
Event: 2702.358 Thread 0x000000001d0ba000 DEOPT UNPACKING pc=0x00000000024e75d0 sp=0x0000000023eade30 mode 0
Event: 2702.394 Thread 0x000000001d0ba000 DEOPT PACKING pc=0x0000000005760b7a sp=0x0000000023eae1a0
Event: 2702.394 Thread 0x000000001d0ba000 DEOPT UNPACKING pc=0x00000000024e75d0 sp=0x0000000023eadf80 mode 0
Event: 2702.416 loading class com/android/tools/r8/cf/code/CfArrayLength
Event: 2702.416 loading class com/android/tools/r8/cf/code/CfArrayLength done
Event: 2702.420 Thread 0x000000001d0ba000 DEOPT PACKING pc=0x000000000327d83e sp=0x0000000023eae8b0
Event: 2702.420 Thread 0x000000001d0ba000 DEOPT UNPACKING pc=0x00000000024e75d0 sp=0x0000000023eae620 mode 0
Event: 2702.426 Thread 0x000000001d0ba000 DEOPT PACKING pc=0x00000000035e37c6 sp=0x0000000023eae1f0
Event: 2702.426 Thread 0x000000001d0ba000 DEOPT UNPACKING pc=0x00000000024e75d0 sp=0x0000000023eadf68 mode 0


Dynamic libraries:
0x00007ff6e5a30000 - 0x00007ff6e5a61000 	C:\Program Files\Android\Android Studio1\jre\bin\java.exe
0x00007ff9190c0000 - 0x00007ff9192b0000 	C:\WINDOWS\SYSTEM32\ntdll.dll
0x00007ff8fa470000 - 0x00007ff8fa484000 	C:\Program Files\AVG\Antivirus\aswhook.dll
0x00007ff917460000 - 0x00007ff917512000 	C:\WINDOWS\System32\KERNEL32.DLL
0x00007ff9160b0000 - 0x00007ff916353000 	C:\WINDOWS\System32\KERNELBASE.dll
0x00007ff918650000 - 0x00007ff9186f3000 	C:\WINDOWS\System32\ADVAPI32.dll
0x00007ff917390000 - 0x00007ff91742e000 	C:\WINDOWS\System32\msvcrt.dll
0x00007ff9171d0000 - 0x00007ff917267000 	C:\WINDOWS\System32\sechost.dll
0x00007ff917270000 - 0x00007ff917390000 	C:\WINDOWS\System32\RPCRT4.dll
0x00007ff9175d0000 - 0x00007ff917764000 	C:\WINDOWS\System32\USER32.dll
0x00007ff917140000 - 0x00007ff917161000 	C:\WINDOWS\System32\win32u.dll
0x00007ff918700000 - 0x00007ff918726000 	C:\WINDOWS\System32\GDI32.dll
0x00007ff916460000 - 0x00007ff9165f4000 	C:\WINDOWS\System32\gdi32full.dll
0x00007ff916650000 - 0x00007ff9166ee000 	C:\WINDOWS\System32\msvcp_win.dll
0x00007ff916360000 - 0x00007ff91645a000 	C:\WINDOWS\System32\ucrtbase.dll
0x00007ff9083b0000 - 0x00007ff908635000 	C:\WINDOWS\WinSxS\amd64_microsoft.windows.common-controls_6595b64144ccf1df_6.0.18362.418_none_e6c6b287130d565d\COMCTL32.dll
0x00007ff9177e0000 - 0x00007ff917b16000 	C:\WINDOWS\System32\combase.dll
0x00007ff916f20000 - 0x00007ff916fa0000 	C:\WINDOWS\System32\bcryptPrimitives.dll
0x00007ff918730000 - 0x00007ff91875e000 	C:\WINDOWS\System32\IMM32.DLL
0x000000006c7a0000 - 0x000000006c872000 	C:\Program Files\Android\Android Studio1\jre\jre\bin\msvcr100.dll
0x000000006b2d0000 - 0x000000006bb11000 	C:\Program Files\Android\Android Studio1\jre\jre\bin\server\jvm.dll
0x00007ff917b20000 - 0x00007ff917b28000 	C:\WINDOWS\System32\PSAPI.DLL
0x00007ff90bbc0000 - 0x00007ff90bbc9000 	C:\WINDOWS\SYSTEM32\WSOCK32.dll
0x00007ff918760000 - 0x00007ff9187cf000 	C:\WINDOWS\System32\WS2_32.dll
0x00007ff913070000 - 0x00007ff913094000 	C:\WINDOWS\SYSTEM32\WINMM.dll
0x00007ff90f210000 - 0x00007ff90f21a000 	C:\WINDOWS\SYSTEM32\VERSION.dll
0x00007ff913040000 - 0x00007ff91306d000 	C:\WINDOWS\SYSTEM32\WINMMBASE.dll
0x00007ff916600000 - 0x00007ff91664a000 	C:\WINDOWS\System32\cfgmgr32.dll
0x00007ff913120000 - 0x00007ff91312f000 	C:\Program Files\Android\Android Studio1\jre\jre\bin\verify.dll
0x00007ff90e530000 - 0x00007ff90e559000 	C:\Program Files\Android\Android Studio1\jre\jre\bin\java.dll
0x00007ff911590000 - 0x00007ff9115a6000 	C:\Program Files\Android\Android Studio1\jre\jre\bin\zip.dll
0x00007ff918990000 - 0x00007ff919075000 	C:\WINDOWS\System32\SHELL32.dll
0x00007ff917520000 - 0x00007ff9175c9000 	C:\WINDOWS\System32\shcore.dll
0x00007ff9166f0000 - 0x00007ff916e6f000 	C:\WINDOWS\System32\windows.storage.dll
0x00007ff916010000 - 0x00007ff91602f000 	C:\WINDOWS\System32\profapi.dll
0x00007ff915fc0000 - 0x00007ff91600a000 	C:\WINDOWS\System32\powrprof.dll
0x00007ff915f90000 - 0x00007ff915fa0000 	C:\WINDOWS\System32\UMPDC.dll
0x00007ff918930000 - 0x00007ff918982000 	C:\WINDOWS\System32\shlwapi.dll
0x00007ff915fa0000 - 0x00007ff915fb1000 	C:\WINDOWS\System32\kernel.appcore.dll
0x00007ff917120000 - 0x00007ff917137000 	C:\WINDOWS\System32\cryptsp.dll
0x00007ff90c370000 - 0x00007ff90c38a000 	C:\Program Files\Android\Android Studio1\jre\jre\bin\net.dll
0x00007ff9157a0000 - 0x00007ff915807000 	C:\WINDOWS\system32\mswsock.dll
0x00007ff90b490000 - 0x00007ff90b4a1000 	C:\Program Files\Android\Android Studio1\jre\jre\bin\nio.dll
0x00007ff908370000 - 0x00007ff90838e000 	C:\Users\Diackson Marques\.gradle\native\25\windows-amd64\native-platform.dll
0x00007ff913100000 - 0x00007ff91310d000 	C:\Program Files\Android\Android Studio1\jre\jre\bin\management.dll
0x00007ff915310000 - 0x00007ff915343000 	C:\WINDOWS\system32\rsaenh.dll
0x00007ff916fa0000 - 0x00007ff916fc6000 	C:\WINDOWS\System32\bcrypt.dll
0x00007ff915eb0000 - 0x00007ff915ed5000 	C:\WINDOWS\SYSTEM32\USERENV.dll
0x00007ff9159d0000 - 0x00007ff9159dc000 	C:\WINDOWS\SYSTEM32\CRYPTBASE.dll
0x00007ff9154b0000 - 0x00007ff9154ea000 	C:\WINDOWS\SYSTEM32\IPHLPAPI.DLL
0x00007ff917c00000 - 0x00007ff917c08000 	C:\WINDOWS\System32\NSI.dll
0x00007ff90f850000 - 0x00007ff90f866000 	C:\WINDOWS\SYSTEM32\dhcpcsvc6.DLL
0x00007ff9101a0000 - 0x00007ff9101bc000 	C:\WINDOWS\SYSTEM32\dhcpcsvc.DLL
0x00007ff9154f0000 - 0x00007ff9155ba000 	C:\WINDOWS\SYSTEM32\DNSAPI.dll

VM Arguments:
jvm_args: -Xmx1536m -Dfile.encoding=windows-1252 -Duser.country=BR -Duser.language=pt -Duser.variant 
java_command: org.gradle.launcher.daemon.bootstrap.GradleDaemon 5.1.1
java_class_path (initial): C:\Users\Diackson Marques\.gradle\wrapper\dists\gradle-5.1.1-all\97z1ksx6lirer3kbvdnh7jtjg\gradle-5.1.1\lib\gradle-launcher-5.1.1.jar
Launcher Type: SUN_STANDARD

Environment Variables:
PATH=C:\Program Files (x86)\Common Files\Oracle\Java\javapath;C:\ProgramData\Oracle\Java\javapath;C:\Program Files (x86)\Intel\iCLS Client\;C:\Program Files\Intel\iCLS Client\;C:\WINDOWS\system32;C:\WINDOWS;C:\WINDOWS\System32\Wbem;C:\WINDOWS\System32\WindowsPowerShell\v1.0\;C:\Program Files (x86)\Intel\Intel(R) Management Engine Components\DAL;C:\Program Files\Intel\Intel(R) Management Engine Components\DAL;C:\Program Files (x86)\Intel\Intel(R) Management Engine Components\IPT;C:\Program Files\Intel\Intel(R) Management Engine Components\IPT;C:\WINDOWS\System32\OpenSSH\;C:\Program Files\Git\cmd;C:\Users\Diackson Marques\AppData\Local\Microsoft\WindowsApps;C:\Users\Diackson Marques\AppData\Local\Programs\MiKTeX 2.9\miktex\bin\x64\;
USERNAME=Diackson Marques
OS=Windows_NT
PROCESSOR_IDENTIFIER=Intel64 Family 6 Model 142 Stepping 9, GenuineIntel



---------------  S Y S T E M  ---------------

OS: Windows 10.0 , 64 bit Build 18362 (10.0.18362.329)

CPU:total 4 (initial active 4) (2 cores per cpu, 2 threads per core) family 6 model 142 stepping 9, cmov, cx8, fxsr, mmx, sse, sse2, sse3, ssse3, sse4.1, sse4.2, popcnt, avx, avx2, aes, clmul, erms, 3dnowpref, lzcnt, ht, tsc, tscinvbit, bmi1, bmi2, adx

Memory: 4k page, physical 4066916k(439348k free), swap 4271716k(1312k free)

vm_info: OpenJDK 64-Bit Server VM (25.152-b01) for windows-amd64 JRE (1.8.0_152-release-1343-b01), built by "builder" with MS VC++ 10.0 (VS2010)

time: Tue Oct 22 21:13:53 2019
elapsed time: 2702 seconds (0d 0h 45m 2s)

