#
# There is insufficient memory for the Java Runtime Environment to continue.
# Native memory allocation (malloc) failed to allocate 1060336 bytes for Chunk::new
# Possible reasons:
#   The system is out of physical RAM or swap space
#   In 32 bit mode, the process size limit was hit
# Possible solutions:
#   Reduce memory load on the system
#   Increase physical memory or swap space
#   Check if swap backing store is full
#   Use 64 bit Java on a 64 bit OS
#   Decrease Java heap size (-Xmx/-Xms)
#   Decrease number of Java threads
#   Decrease Java thread stack sizes (-Xss)
#   Set larger code cache with -XX:ReservedCodeCacheSize=
# This output file may be truncated or incomplete.
#
#  Out of Memory Error (allocation.cpp:390), pid=1320, tid=0x0000000000001a04
#
# JRE version: OpenJDK Runtime Environment (8.0_152-b01) (build 1.8.0_152-release-1343-b01)
# Java VM: OpenJDK 64-Bit Server VM (25.152-b01 mixed mode windows-amd64 compressed oops)
# Failed to write core dump. Minidumps are not enabled by default on client versions of Windows
#

---------------  T H R E A D  ---------------

Current thread (0x00000000163be000):  JavaThread "C2 CompilerThread0" daemon [_thread_in_native, id=6660, stack(0x0000000017a30000,0x0000000017b30000)]

Stack: [0x0000000017a30000,0x0000000017b30000]
[error occurred during error reporting (printing stack bounds), id 0xc0000005]

Native frames: (J=compiled Java code, j=interpreted, Vv=VM code, C=native code)


Current CompileTask:
C2:  16526 7900   !   4       com.sun.org.apache.xerces.internal.parsers.AbstractSAXParser::startElement (318 bytes)


---------------  P R O C E S S  ---------------

Java Threads: ( => current thread )
  0x000000001b5e8000 JavaThread "Cache worker for execution history cache (C:\Users\Diackson Marques\Desktop\BelezaOnline_2\.gradle\5.1.1\executionHistory)" [_thread_blocked, id=10092, stack(0x0000000023cf0000,0x0000000023df0000)]
  0x000000001b5e6800 JavaThread "Execution worker for ':' Thread 3" [_thread_blocked, id=2368, stack(0x0000000023bf0000,0x0000000023cf0000)]
  0x000000001b5e7800 JavaThread "Execution worker for ':' Thread 2" [_thread_blocked, id=12240, stack(0x0000000023af0000,0x0000000023bf0000)]
  0x000000001b5db800 JavaThread "Execution worker for ':'" [_thread_in_native, id=3808, stack(0x00000000239f0000,0x0000000023af0000)]
  0x000000001b5e2000 JavaThread "Cache worker for file content cache (C:\Users\Diackson Marques\Desktop\BelezaOnline_2\.gradle\5.1.1\fileContent)" [_thread_blocked, id=2936, stack(0x00000000238f0000,0x00000000239f0000)]
  0x000000001b5de800 JavaThread "Cache worker for file content cache (C:\Users\Diackson Marques\.gradle\caches\5.1.1\fileContent)" [_thread_blocked, id=1392, stack(0x00000000237f0000,0x00000000238f0000)]
  0x000000001b5e1800 JavaThread "Memory manager" [_thread_blocked, id=1712, stack(0x00000000234f0000,0x00000000235f0000)]
  0x000000001b5dd000 JavaThread "Cache worker for Build Output Cleanup Cache (C:\Users\Diackson Marques\Desktop\BelezaOnline_2\.gradle\buildOutputCleanup)" [_thread_blocked, id=5924, stack(0x00000000223f0000,0x00000000224f0000)]
  0x000000001b5da800 JavaThread "Build operations Thread 4" [_thread_blocked, id=700, stack(0x0000000021bc0000,0x0000000021cc0000)]
  0x000000001b5dc000 JavaThread "Build operations Thread 3" [_thread_blocked, id=5568, stack(0x0000000021ac0000,0x0000000021bc0000)]
  0x000000001b5e0800 JavaThread "Build operations Thread 2" [_thread_blocked, id=9128, stack(0x00000000219c0000,0x0000000021ac0000)]
  0x0000000017e0f800 JavaThread "Build operations" [_thread_blocked, id=10496, stack(0x0000000021440000,0x0000000021540000)]
  0x0000000017e09800 JavaThread "Cache worker for execution history cache (C:\Users\Diackson Marques\.gradle\caches\5.1.1\executionHistory)" [_thread_blocked, id=1776, stack(0x000000001fed0000,0x000000001ffd0000)]
  0x0000000017e0b800 JavaThread "Cache worker for cache directory md-rule (C:\Users\Diackson Marques\.gradle\caches\5.1.1\md-rule)" [_thread_blocked, id=1248, stack(0x000000001fdd0000,0x000000001fed0000)]
  0x0000000017e0e800 JavaThread "Cache worker for cache directory md-supplier (C:\Users\Diackson Marques\.gradle\caches\5.1.1\md-supplier)" [_thread_blocked, id=4904, stack(0x000000001d330000,0x000000001d430000)]
  0x0000000017e0c800 JavaThread "Cache worker for file hash cache (C:\Users\Diackson Marques\Desktop\BelezaOnline_2\.gradle\5.1.1\fileHashes)" [_thread_blocked, id=9684, stack(0x000000001d230000,0x000000001d330000)]
  0x0000000017e0d000 JavaThread "Cache worker for journal cache (C:\Users\Diackson Marques\.gradle\caches\journal-1)" [_thread_blocked, id=9860, stack(0x000000001ae90000,0x000000001af90000)]
  0x0000000017e12800 JavaThread "File lock request listener" [_thread_in_native, id=4728, stack(0x000000001ad90000,0x000000001ae90000)]
  0x0000000018f1d800 JavaThread "Cache worker for file hash cache (C:\Users\Diackson Marques\.gradle\caches\5.1.1\fileHashes)" [_thread_blocked, id=9428, stack(0x000000001ac90000,0x000000001ad90000)]
  0x00000000195d9800 JavaThread "Thread-8" [_thread_blocked, id=884, stack(0x000000001ab90000,0x000000001ac90000)]
  0x00000000195d6800 JavaThread "Stdin handler" [_thread_blocked, id=9660, stack(0x000000001aa90000,0x000000001ab90000)]
  0x00000000195d3800 JavaThread "Asynchronous log dispatcher for DefaultDaemonConnection: socket connection from /127.0.0.1:64654 to /127.0.0.1:64655" [_thread_blocked, id=6384, stack(0x000000001a990000,0x000000001aa90000)]
  0x000000001951d000 JavaThread "Daemon worker" [_thread_blocked, id=10780, stack(0x000000001a890000,0x000000001a990000)]
  0x000000001951c000 JavaThread "Cancel handler" [_thread_blocked, id=10872, stack(0x000000001a790000,0x000000001a890000)]
  0x00000000192fb800 JavaThread "Handler for socket connection from /127.0.0.1:64654 to /127.0.0.1:64655" [_thread_in_native, id=10272, stack(0x000000001a490000,0x000000001a590000)]
  0x00000000192f9000 JavaThread "Daemon" [_thread_blocked, id=8980, stack(0x000000001a390000,0x000000001a490000)]
  0x00000000192f6800 JavaThread "Daemon periodic checks" [_thread_blocked, id=2564, stack(0x000000001a290000,0x000000001a390000)]
  0x0000000018beb800 JavaThread "Incoming local TCP Connector on port 64654" [_thread_in_native, id=9236, stack(0x000000001a040000,0x000000001a140000)]
  0x000000001641e800 JavaThread "Service Thread" daemon [_thread_blocked, id=8184, stack(0x0000000018130000,0x0000000018230000)]
  0x00000000163c9800 JavaThread "C1 CompilerThread2" daemon [_thread_blocked, id=11824, stack(0x0000000017c30000,0x0000000017d30000)]
  0x00000000163c1000 JavaThread "C2 CompilerThread1" daemon [_thread_in_native, id=8860, stack(0x0000000017b30000,0x0000000017c30000)]
=>0x00000000163be000 JavaThread "C2 CompilerThread0" daemon [_thread_in_native, id=6660, stack(0x0000000017a30000,0x0000000017b30000)]
  0x00000000163bd000 JavaThread "Attach Listener" daemon [_thread_blocked, id=9256, stack(0x0000000017930000,0x0000000017a30000)]
  0x00000000163bc000 JavaThread "Signal Dispatcher" daemon [_thread_blocked, id=6692, stack(0x0000000017830000,0x0000000017930000)]
  0x0000000002a4c800 JavaThread "Finalizer" daemon [_thread_blocked, id=8440, stack(0x0000000017620000,0x0000000017720000)]
  0x0000000002a43000 JavaThread "Reference Handler" daemon [_thread_blocked, id=11768, stack(0x0000000017520000,0x0000000017620000)]
  0x000000000286e800 JavaThread "main" [_thread_blocked, id=3252, stack(0x0000000002760000,0x0000000002860000)]

Other Threads:
  0x0000000016386000 VMThread [stack: 0x0000000017420000,0x0000000017520000] [id=4240]
  0x0000000017d58800 WatcherThread [stack: 0x0000000018230000,0x0000000018330000] [id=6656]

VM state:not at safepoint (normal execution)

VM Mutex/Monitor currently owned by a thread: None

Heap:
 PSYoungGen      total 193024K, used 80093K [0x00000000e0000000, 0x00000000eca80000, 0x0000000100000000)
  eden space 178688K, 36% used [0x00000000e0000000,0x00000000e4086508,0x00000000eae80000)
  from space 14336K, 97% used [0x00000000eae80000,0x00000000ebc31010,0x00000000ebc80000)
  to   space 12800K, 0% used [0x00000000ebd00000,0x00000000ebd00000,0x00000000ec980000)
 ParOldGen       total 82944K, used 33611K [0x00000000a0000000, 0x00000000a5100000, 0x00000000e0000000)
  object space 82944K, 40% used [0x00000000a0000000,0x00000000a20d2c60,0x00000000a5100000)
 Metaspace       used 62636K, capacity 64642K, committed 64920K, reserved 1105920K
  class space    used 8395K, capacity 8834K, committed 8864K, reserved 1048576K

Card table byte_map: [0x0000000011e10000,0x0000000012120000] byte_map_base: 0x0000000011910000

Marking Bits: (ParMarkBitMap*) 0x000000005d005aa0
 Begin Bits: [0x0000000012720000, 0x0000000013f20000)
 End Bits:   [0x0000000013f20000, 0x0000000015720000)

Polling page: 0x0000000000ea0000

CodeCache: size=245760Kb used=22725Kb max_used=22725Kb free=223034Kb
 bounds [0x0000000002a50000, 0x00000000040a0000, 0x0000000011a50000]
 total_blobs=7956 nmethods=7150 adapters=719
 compilation: enabled

Compilation events (10 events):
Event: 16.415 Thread 0x00000000163c9800 8021       2       com.android.ide.common.resources.MergedResourceWriter::getFolderName (48 bytes)
Event: 16.415 Thread 0x00000000163c9800 nmethod 8021 0x0000000004090f50 code [0x0000000004091100, 0x00000000040914a8]
Event: 16.415 Thread 0x00000000163c9800 8022       2       com.android.ide.common.resources.CompileResourceRequest::<init> (109 bytes)
Event: 16.416 Thread 0x00000000163c9800 nmethod 8022 0x0000000004091790 code [0x0000000004091940, 0x0000000004091d48]
Event: 16.459 Thread 0x00000000163c9800 8024       2       sun.nio.fs.WindowsPathParser::parse (384 bytes)
Event: 16.461 Thread 0x00000000163c9800 nmethod 8024 0x0000000004092010 code [0x0000000004092380, 0x0000000004093968]
Event: 16.466 Thread 0x00000000163c9800 8025       2       java.nio.file.Files$2::next (5 bytes)
Event: 16.466 Thread 0x00000000163c9800 nmethod 8025 0x0000000004094f10 code [0x00000000040950a0, 0x0000000004095368]
Event: 16.466 Thread 0x00000000163c9800 8026   !   2       java.nio.file.Files$2::next (26 bytes)
Event: 16.466 Thread 0x00000000163c9800 nmethod 8026 0x0000000004095550 code [0x00000000040956e0, 0x00000000040959a8]

GC Heap History (10 events):
Event: 8.818 GC heap before
{Heap before GC invocations=14 (full 2):
 PSYoungGen      total 146944K, used 2753K [0x00000000e0000000, 0x00000000ea500000, 0x0000000100000000)
  eden space 138240K, 0% used [0x00000000e0000000,0x00000000e0000000,0x00000000e8700000)
  from space 8704K, 31% used [0x00000000e8f80000,0x00000000e9230520,0x00000000e9800000)
  to   space 8704K, 0% used [0x00000000e8700000,0x00000000e8700000,0x00000000e8f80000)
 ParOldGen       total 31232K, used 15039K [0x00000000a0000000, 0x00000000a1e80000, 0x00000000e0000000)
  object space 31232K, 48% used [0x00000000a0000000,0x00000000a0eafce0,0x00000000a1e80000)
 Metaspace       used 34749K, capacity 35442K, committed 35496K, reserved 1079296K
  class space    used 4792K, capacity 4998K, committed 5040K, reserved 1048576K
Event: 8.916 GC heap after
Heap after GC invocations=14 (full 2):
 PSYoungGen      total 146944K, used 0K [0x00000000e0000000, 0x00000000ea500000, 0x0000000100000000)
  eden space 138240K, 0% used [0x00000000e0000000,0x00000000e0000000,0x00000000e8700000)
  from space 8704K, 0% used [0x00000000e8f80000,0x00000000e8f80000,0x00000000e9800000)
  to   space 8704K, 0% used [0x00000000e8700000,0x00000000e8700000,0x00000000e8f80000)
 ParOldGen       total 49152K, used 15808K [0x00000000a0000000, 0x00000000a3000000, 0x00000000e0000000)
  object space 49152K, 32% used [0x00000000a0000000,0x00000000a0f70268,0x00000000a3000000)
 Metaspace       used 34744K, capacity 35424K, committed 35496K, reserved 1079296K
  class space    used 4791K, capacity 4995K, committed 5040K, reserved 1048576K
}
Event: 10.682 GC heap before
{Heap before GC invocations=15 (full 2):
 PSYoungGen      total 146944K, used 138240K [0x00000000e0000000, 0x00000000ea500000, 0x0000000100000000)
  eden space 138240K, 100% used [0x00000000e0000000,0x00000000e8700000,0x00000000e8700000)
  from space 8704K, 0% used [0x00000000e8f80000,0x00000000e8f80000,0x00000000e9800000)
  to   space 8704K, 0% used [0x00000000e8700000,0x00000000e8700000,0x00000000e8f80000)
 ParOldGen       total 49152K, used 15808K [0x00000000a0000000, 0x00000000a3000000, 0x00000000e0000000)
  object space 49152K, 32% used [0x00000000a0000000,0x00000000a0f70268,0x00000000a3000000)
 Metaspace       used 47128K, capacity 48216K, committed 48552K, reserved 1091584K
  class space    used 6416K, capacity 6719K, committed 6832K, reserved 1048576K
Event: 10.699 GC heap after
Heap after GC invocations=15 (full 2):
 PSYoungGen      total 146944K, used 8696K [0x00000000e0000000, 0x00000000ec980000, 0x0000000100000000)
  eden space 138240K, 0% used [0x00000000e0000000,0x00000000e0000000,0x00000000e8700000)
  from space 8704K, 99% used [0x00000000e8700000,0x00000000e8f7e0e0,0x00000000e8f80000)
  to   space 12800K, 0% used [0x00000000ebd00000,0x00000000ebd00000,0x00000000ec980000)
 ParOldGen       total 49152K, used 23817K [0x00000000a0000000, 0x00000000a3000000, 0x00000000e0000000)
  object space 49152K, 48% used [0x00000000a0000000,0x00000000a1742578,0x00000000a3000000)
 Metaspace       used 47128K, capacity 48216K, committed 48552K, reserved 1091584K
  class space    used 6416K, capacity 6719K, committed 6832K, reserved 1048576K
}
Event: 11.967 GC heap before
{Heap before GC invocations=16 (full 2):
 PSYoungGen      total 146944K, used 115014K [0x00000000e0000000, 0x00000000ec980000, 0x0000000100000000)
  eden space 138240K, 76% used [0x00000000e0000000,0x00000000e67d38f0,0x00000000e8700000)
  from space 8704K, 99% used [0x00000000e8700000,0x00000000e8f7e0e0,0x00000000e8f80000)
  to   space 12800K, 0% used [0x00000000ebd00000,0x00000000ebd00000,0x00000000ec980000)
 ParOldGen       total 49152K, used 23817K [0x00000000a0000000, 0x00000000a3000000, 0x00000000e0000000)
  object space 49152K, 48% used [0x00000000a0000000,0x00000000a1742578,0x00000000a3000000)
 Metaspace       used 57621K, capacity 59044K, committed 59160K, reserved 1099776K
  class space    used 7795K, capacity 8141K, committed 8224K, reserved 1048576K
Event: 11.986 GC heap after
Heap after GC invocations=16 (full 2):
 PSYoungGen      total 191488K, used 11961K [0x00000000e0000000, 0x00000000eca80000, 0x0000000100000000)
  eden space 178688K, 0% used [0x00000000e0000000,0x00000000e0000000,0x00000000eae80000)
  from space 12800K, 93% used [0x00000000ebd00000,0x00000000ec8ae5e0,0x00000000ec980000)
  to   space 14336K, 0% used [0x00000000eae80000,0x00000000eae80000,0x00000000ebc80000)
 ParOldGen       total 49152K, used 31783K [0x00000000a0000000, 0x00000000a3000000, 0x00000000e0000000)
  object space 49152K, 64% used [0x00000000a0000000,0x00000000a1f09e20,0x00000000a3000000)
 Metaspace       used 57621K, capacity 59044K, committed 59160K, reserved 1099776K
  class space    used 7795K, capacity 8141K, committed 8224K, reserved 1048576K
}
Event: 11.986 GC heap before
{Heap before GC invocations=17 (full 3):
 PSYoungGen      total 191488K, used 11961K [0x00000000e0000000, 0x00000000eca80000, 0x0000000100000000)
  eden space 178688K, 0% used [0x00000000e0000000,0x00000000e0000000,0x00000000eae80000)
  from space 12800K, 93% used [0x00000000ebd00000,0x00000000ec8ae5e0,0x00000000ec980000)
  to   space 14336K, 0% used [0x00000000eae80000,0x00000000eae80000,0x00000000ebc80000)
 ParOldGen       total 49152K, used 31783K [0x00000000a0000000, 0x00000000a3000000, 0x00000000e0000000)
  object space 49152K, 64% used [0x00000000a0000000,0x00000000a1f09e20,0x00000000a3000000)
 Metaspace       used 57621K, capacity 59044K, committed 59160K, reserved 1099776K
  class space    used 7795K, capacity 8141K, committed 8224K, reserved 1048576K
Event: 12.212 GC heap after
Heap after GC invocations=17 (full 3):
 PSYoungGen      total 191488K, used 0K [0x00000000e0000000, 0x00000000eca80000, 0x0000000100000000)
  eden space 178688K, 0% used [0x00000000e0000000,0x00000000e0000000,0x00000000eae80000)
  from space 12800K, 0% used [0x00000000ebd00000,0x00000000ebd00000,0x00000000ec980000)
  to   space 14336K, 0% used [0x00000000eae80000,0x00000000eae80000,0x00000000ebc80000)
 ParOldGen       total 82944K, used 33603K [0x00000000a0000000, 0x00000000a5100000, 0x00000000e0000000)
  object space 82944K, 40% used [0x00000000a0000000,0x00000000a20d0c60,0x00000000a5100000)
 Metaspace       used 57621K, capacity 59044K, committed 59160K, reserved 1099776K
  class space    used 7795K, capacity 8141K, committed 8224K, reserved 1048576K
}
Event: 15.512 GC heap before
{Heap before GC invocations=18 (full 3):
 PSYoungGen      total 191488K, used 178688K [0x00000000e0000000, 0x00000000eca80000, 0x0000000100000000)
  eden space 178688K, 100% used [0x00000000e0000000,0x00000000eae80000,0x00000000eae80000)
  from space 12800K, 0% used [0x00000000ebd00000,0x00000000ebd00000,0x00000000ec980000)
  to   space 14336K, 0% used [0x00000000eae80000,0x00000000eae80000,0x00000000ebc80000)
 ParOldGen       total 82944K, used 33603K [0x00000000a0000000, 0x00000000a5100000, 0x00000000e0000000)
  object space 82944K, 40% used [0x00000000a0000000,0x00000000a20d0c60,0x00000000a5100000)
 Metaspace       used 62263K, capacity 64254K, committed 64408K, reserved 1105920K
  class space    used 8382K, capacity 8834K, committed 8864K, reserved 1048576K
Event: 15.533 GC heap after
Heap after GC invocations=18 (full 3):
 PSYoungGen      total 193024K, used 14020K [0x00000000e0000000, 0x00000000eca80000, 0x0000000100000000)
  eden space 178688K, 0% used [0x00000000e0000000,0x00000000e0000000,0x00000000eae80000)
  from space 14336K, 97% used [0x00000000eae80000,0x00000000ebc31010,0x00000000ebc80000)
  to   space 12800K, 0% used [0x00000000ebd00000,0x00000000ebd00000,0x00000000ec980000)
 ParOldGen       total 82944K, used 33611K [0x00000000a0000000, 0x00000000a5100000, 0x00000000e0000000)
  object space 82944K, 40% used [0x00000000a0000000,0x00000000a20d2c60,0x00000000a5100000)
 Metaspace       used 62263K, capacity 64254K, committed 64408K, reserved 1105920K
  class space    used 8382K, capacity 8834K, committed 8864K, reserved 1048576K
}

Deoptimization events (10 events):
Event: 16.008 Thread 0x000000001b5db800 Uncommon trap: reason=class_check action=maybe_recompile pc=0x0000000004004e68 method=com.sun.org.apache.xerces.internal.dom.NamedNodeMapImpl.findNamePoint(Ljava/lang/String;I)I @ 54
Event: 16.008 Thread 0x000000001b5db800 Uncommon trap: reason=class_check action=maybe_recompile pc=0x0000000004004e68 method=com.sun.org.apache.xerces.internal.dom.NamedNodeMapImpl.findNamePoint(Ljava/lang/String;I)I @ 54
Event: 16.008 Thread 0x000000001b5db800 Uncommon trap: reason=class_check action=maybe_recompile pc=0x0000000004004e68 method=com.sun.org.apache.xerces.internal.dom.NamedNodeMapImpl.findNamePoint(Ljava/lang/String;I)I @ 54
Event: 16.008 Thread 0x000000001b5db800 Uncommon trap: reason=class_check action=maybe_recompile pc=0x0000000004004e68 method=com.sun.org.apache.xerces.internal.dom.NamedNodeMapImpl.findNamePoint(Ljava/lang/String;I)I @ 54
Event: 16.294 Thread 0x000000001b5db800 Uncommon trap: reason=unstable_if action=reinterpret pc=0x00000000038c9338 method=com.sun.org.apache.xerces.internal.impl.XMLEntityScanner.scanLiteral(ILcom/sun/org/apache/xerces/internal/xni/XMLString;Z)I @ 44
Event: 16.298 Thread 0x000000001b5db800 Uncommon trap: reason=unstable_if action=reinterpret pc=0x0000000003ffb354 method=com.sun.org.apache.xerces.internal.impl.XMLDocumentFragmentScannerImpl$FragmentContentDriver.next()I @ 823
Event: 16.300 Thread 0x000000001b5db800 Uncommon trap: reason=unstable_if action=reinterpret pc=0x0000000003f7cebc method=com.sun.org.apache.xerces.internal.impl.XMLEntityScanner.scanQName(Lcom/sun/org/apache/xerces/internal/xni/QName;Lcom/sun/org/apache/xerces/internal/impl/XMLScanner$NameType
Event: 16.333 Thread 0x000000001b5db800 Uncommon trap: reason=unstable_if action=reinterpret pc=0x0000000003fb4024 method=com.android.utils.PositionXmlParser$DomBuilder.getCurrentPosition()Lcom/android/utils/PositionXmlParser$Position; @ 65
Event: 16.334 Thread 0x000000001b5db800 Uncommon trap: reason=unstable_if action=reinterpret pc=0x0000000003f22b40 method=com.android.utils.PositionXmlParser$DomBuilder.findOpeningTag(Lcom/android/utils/PositionXmlParser$Position;)Lcom/android/utils/PositionXmlParser$Position; @ 81
Event: 16.335 Thread 0x000000001b5db800 Uncommon trap: reason=unstable_if action=reinterpret pc=0x0000000003f5f430 method=com.sun.org.apache.xerces.internal.impl.XMLEntityScanner.scanContent(Lcom/sun/org/apache/xerces/internal/xni/XMLString;)I @ 44

Classes redefined (0 events):
No events

Internal exceptions (10 events):
Event: 12.218 Thread 0x000000001951d000 Exception <a 'java/lang/NoSuchMethodError': java.lang.Object.lambda$static$2(Ljava/util/Set;Ljava/util/Set;)Z> (0x00000000e0044928) thrown at [D:\src\AOSP-openjdk-cygwin\jdk8u\hotspot\src\share\vm\interpreter\linkResolver.cpp, line 584]
Event: 12.219 Thread 0x000000001951d000 Exception <a 'java/lang/NoSuchMethodError': java.lang.Object.lambda$static$3(Ljava/util/Set;Ljava/util/Set;)Z> (0x00000000e0047280) thrown at [D:\src\AOSP-openjdk-cygwin\jdk8u\hotspot\src\share\vm\interpreter\linkResolver.cpp, line 584]
Event: 12.789 Thread 0x00000000195d9800 Exception <a 'java/lang/NoSuchMethodError': <clinit>> (0x00000000e2880ea8) thrown at [D:\src\AOSP-openjdk-cygwin\jdk8u\hotspot\src\share\vm\prims\jni.cpp, line 1613]
Event: 12.790 Thread 0x00000000195d9800 Exception <a 'java/lang/NoSuchMethodError': <clinit>> (0x00000000e288cb20) thrown at [D:\src\AOSP-openjdk-cygwin\jdk8u\hotspot\src\share\vm\prims\jni.cpp, line 1613]
Event: 12.790 Thread 0x00000000195d9800 Exception <a 'java/lang/NoSuchMethodError': <clinit>> (0x00000000e2899008) thrown at [D:\src\AOSP-openjdk-cygwin\jdk8u\hotspot\src\share\vm\prims\jni.cpp, line 1613]
Event: 12.823 Thread 0x00000000195d9800 Exception <a 'java/lang/NoSuchMethodError': <clinit>> (0x00000000e28a4ec8) thrown at [D:\src\AOSP-openjdk-cygwin\jdk8u\hotspot\src\share\vm\prims\jni.cpp, line 1613]
Event: 12.824 Thread 0x00000000195d9800 Exception <a 'java/lang/NoSuchMethodError': <clinit>> (0x00000000e2bf2fd8) thrown at [D:\src\AOSP-openjdk-cygwin\jdk8u\hotspot\src\share\vm\prims\jni.cpp, line 1613]
Event: 12.824 Thread 0x00000000195d9800 Exception <a 'java/lang/NoSuchMethodError': <clinit>> (0x00000000e2bf4af0) thrown at [D:\src\AOSP-openjdk-cygwin\jdk8u\hotspot\src\share\vm\prims\jni.cpp, line 1613]
Event: 13.788 Thread 0x00000000195d9800 Exception <a 'java/lang/NoSuchMethodError': <clinit>> (0x00000000e686f720) thrown at [D:\src\AOSP-openjdk-cygwin\jdk8u\hotspot\src\share\vm\prims\jni.cpp, line 1613]
Event: 14.054 Thread 0x000000001b5db800 Exception <a 'java/lang/NoSuchMethodError': <clinit>> (0x00000000e7ad5620) thrown at [D:\src\AOSP-openjdk-cygwin\jdk8u\hotspot\src\share\vm\prims\jni.cpp, line 1613]

Events (10 events):
Event: 16.374 loading class com/google/common/collect/LinkedListMultimap$NodeIterator
Event: 16.374 loading class com/google/common/collect/LinkedListMultimap$NodeIterator done
Event: 16.375 loading class com/google/common/collect/LinkedListMultimap$1ValuesImpl$1
Event: 16.375 loading class com/google/common/collect/LinkedListMultimap$1ValuesImpl$1 done
Event: 16.376 loading class com/google/common/collect/StandardTable$RowMap
Event: 16.376 loading class com/google/common/collect/StandardTable$RowMap done
Event: 16.376 loading class com/google/common/collect/StandardTable$Row
Event: 16.376 loading class com/google/common/collect/StandardTable$Row done
Event: 16.390 loading class com/android/ide/common/resources/CompileResourceRequest
Event: 16.390 loading class com/android/ide/common/resources/CompileResourceRequest done


Dynamic libraries:
0x00007ff7ee8d0000 - 0x00007ff7ee901000 	C:\Program Files\Android\Android Studio1\jre\bin\java.exe
0x00007ffc9a100000 - 0x00007ffc9a2e1000 	C:\WINDOWS\SYSTEM32\ntdll.dll
0x00007ffc78080000 - 0x00007ffc78092000 	C:\Program Files\AVG\Antivirus\aswhook.dll
0x00007ffc9a000000 - 0x00007ffc9a0b1000 	C:\WINDOWS\System32\KERNEL32.DLL
0x00007ffc96a60000 - 0x00007ffc96cd3000 	C:\WINDOWS\System32\KERNELBASE.dll
0x00007ffc98e10000 - 0x00007ffc98eb1000 	C:\WINDOWS\System32\ADVAPI32.dll
0x00007ffc99980000 - 0x00007ffc99a1e000 	C:\WINDOWS\System32\msvcrt.dll
0x00007ffc99fa0000 - 0x00007ffc99ffb000 	C:\WINDOWS\System32\sechost.dll
0x00007ffc97890000 - 0x00007ffc979b4000 	C:\WINDOWS\System32\RPCRT4.dll
0x00007ffc97700000 - 0x00007ffc97890000 	C:\WINDOWS\System32\USER32.dll
0x00007ffc964d0000 - 0x00007ffc964f0000 	C:\WINDOWS\System32\win32u.dll
0x00007ffc994b0000 - 0x00007ffc994d8000 	C:\WINDOWS\System32\GDI32.dll
0x00007ffc96540000 - 0x00007ffc966d1000 	C:\WINDOWS\System32\gdi32full.dll
0x00007ffc96ce0000 - 0x00007ffc96d7f000 	C:\WINDOWS\System32\msvcp_win.dll
0x00007ffc96d80000 - 0x00007ffc96e78000 	C:\WINDOWS\System32\ucrtbase.dll
0x00007ffc8fdc0000 - 0x00007ffc90029000 	C:\WINDOWS\WinSxS\amd64_microsoft.windows.common-controls_6595b64144ccf1df_6.0.17134.885_none_fb42a3473065565f\COMCTL32.dll
0x00007ffc994e0000 - 0x00007ffc99802000 	C:\WINDOWS\System32\combase.dll
0x00007ffc96980000 - 0x00007ffc969f9000 	C:\WINDOWS\System32\bcryptPrimitives.dll
0x00007ffc99060000 - 0x00007ffc9908d000 	C:\WINDOWS\System32\IMM32.DLL
0x000000005c680000 - 0x000000005c752000 	C:\Program Files\Android\Android Studio1\jre\jre\bin\msvcr100.dll
0x000000005c840000 - 0x000000005d081000 	C:\Program Files\Android\Android Studio1\jre\jre\bin\server\jvm.dll
0x00007ffc98e00000 - 0x00007ffc98e08000 	C:\WINDOWS\System32\PSAPI.DLL
0x00007ffc85e50000 - 0x00007ffc85e59000 	C:\WINDOWS\SYSTEM32\WSOCK32.dll
0x00007ffc99440000 - 0x00007ffc994ac000 	C:\WINDOWS\System32\WS2_32.dll
0x00007ffc94630000 - 0x00007ffc94653000 	C:\WINDOWS\SYSTEM32\WINMM.dll
0x00007ffc85500000 - 0x00007ffc8550a000 	C:\WINDOWS\SYSTEM32\VERSION.dll
0x00007ffc94600000 - 0x00007ffc9462a000 	C:\WINDOWS\SYSTEM32\WINMMBASE.dll
0x00007ffc964f0000 - 0x00007ffc96539000 	C:\WINDOWS\System32\cfgmgr32.dll
0x00007ffc92160000 - 0x00007ffc9216f000 	C:\Program Files\Android\Android Studio1\jre\jre\bin\verify.dll
0x00007ffc91dc0000 - 0x00007ffc91de9000 	C:\Program Files\Android\Android Studio1\jre\jre\bin\java.dll
0x00007ffc91e20000 - 0x00007ffc91e36000 	C:\Program Files\Android\Android Studio1\jre\jre\bin\zip.dll
0x00007ffc979c0000 - 0x00007ffc98e00000 	C:\WINDOWS\System32\SHELL32.dll
0x00007ffc975b0000 - 0x00007ffc97659000 	C:\WINDOWS\System32\shcore.dll
0x00007ffc96e80000 - 0x00007ffc9758d000 	C:\WINDOWS\System32\windows.storage.dll
0x00007ffc993e0000 - 0x00007ffc99431000 	C:\WINDOWS\System32\shlwapi.dll
0x00007ffc964b0000 - 0x00007ffc964c1000 	C:\WINDOWS\System32\kernel.appcore.dll
0x00007ffc96490000 - 0x00007ffc964af000 	C:\WINDOWS\System32\profapi.dll
0x00007ffc96410000 - 0x00007ffc9645c000 	C:\WINDOWS\System32\powrprof.dll
0x00007ffc96460000 - 0x00007ffc9646a000 	C:\WINDOWS\System32\FLTLIB.DLL
0x00007ffc912b0000 - 0x00007ffc912ca000 	C:\Program Files\Android\Android Studio1\jre\jre\bin\net.dll
0x00007ffc95c30000 - 0x00007ffc95c96000 	C:\WINDOWS\system32\mswsock.dll
0x00007ffc8d8a0000 - 0x00007ffc8d8b1000 	C:\Program Files\Android\Android Studio1\jre\jre\bin\nio.dll
0x00007ffc8d8c0000 - 0x00007ffc8d8de000 	C:\Users\Diackson Marques\.gradle\native\25\windows-amd64\native-platform.dll
0x00007ffc91ff0000 - 0x00007ffc91ffd000 	C:\Program Files\Android\Android Studio1\jre\jre\bin\management.dll
0x00007ffc95df0000 - 0x00007ffc95e07000 	C:\WINDOWS\SYSTEM32\CRYPTSP.dll
0x00007ffc95820000 - 0x00007ffc95853000 	C:\WINDOWS\system32\rsaenh.dll
0x00007ffc95f10000 - 0x00007ffc95f35000 	C:\WINDOWS\SYSTEM32\bcrypt.dll
0x00007ffc96340000 - 0x00007ffc96368000 	C:\WINDOWS\SYSTEM32\USERENV.dll
0x00007ffc95de0000 - 0x00007ffc95deb000 	C:\WINDOWS\SYSTEM32\CRYPTBASE.dll
0x00007ffc959c0000 - 0x00007ffc959f8000 	C:\WINDOWS\SYSTEM32\IPHLPAPI.DLL
0x00007ffc9a0c0000 - 0x00007ffc9a0c8000 	C:\WINDOWS\System32\NSI.dll
0x00007ffc8d150000 - 0x00007ffc8d166000 	C:\WINDOWS\SYSTEM32\dhcpcsvc6.DLL
0x00007ffc8e560000 - 0x00007ffc8e57a000 	C:\WINDOWS\SYSTEM32\dhcpcsvc.DLL

VM Arguments:
jvm_args: -Xmx1536m -Dfile.encoding=windows-1252 -Duser.country=BR -Duser.language=pt -Duser.variant 
java_command: org.gradle.launcher.daemon.bootstrap.GradleDaemon 5.1.1
java_class_path (initial): C:\Users\Diackson Marques\.gradle\wrapper\dists\gradle-5.1.1-all\97z1ksx6lirer3kbvdnh7jtjg\gradle-5.1.1\lib\gradle-launcher-5.1.1.jar
Launcher Type: SUN_STANDARD

Environment Variables:
PATH=C:\Program Files (x86)\Common Files\Oracle\Java\javapath;C:\ProgramData\Oracle\Java\javapath;C:\Program Files (x86)\Intel\iCLS Client\;C:\Program Files\Intel\iCLS Client\;C:\WINDOWS\system32;C:\WINDOWS;C:\WINDOWS\System32\Wbem;C:\WINDOWS\System32\WindowsPowerShell\v1.0\;C:\Program Files (x86)\Intel\Intel(R) Management Engine Components\DAL;C:\Program Files\Intel\Intel(R) Management Engine Components\DAL;C:\Program Files (x86)\Intel\Intel(R) Management Engine Components\IPT;C:\Program Files\Intel\Intel(R) Management Engine Components\IPT;C:\WINDOWS\System32\OpenSSH\;C:\Users\Diackson Marques\AppData\Local\Microsoft\WindowsApps;C:\Users\Diackson Marques\AppData\Local\Programs\MiKTeX 2.9\miktex\bin\x64\
USERNAME=Diackson Marques
OS=Windows_NT
PROCESSOR_IDENTIFIER=Intel64 Family 6 Model 142 Stepping 9, GenuineIntel



---------------  S Y S T E M  ---------------

OS: Windows 10.0 , 64 bit Build 17134 (10.0.17134.753)

CPU:total 4 (initial active 4) (2 cores per cpu, 2 threads per core) family 6 model 142 stepping 9, cmov, cx8, fxsr, mmx, sse, sse2, sse3, ssse3, sse4.1, sse4.2, popcnt, avx, avx2, aes, clmul, erms, 3dnowpref, lzcnt, ht, tsc, tscinvbit, bmi1, bmi2, adx

Memory: 4k page, physical 4066916k(197812k free), swap 4271716k(5240k free)

vm_info: OpenJDK 64-Bit Server VM (25.152-b01) for windows-amd64 JRE (1.8.0_152-release-1343-b01), built by "builder" with MS VC++ 10.0 (VS2010)

time: Tue Aug 20 21:39:52 2019
elapsed time: 16 seconds (0d 0h 0m 16s)

