#
# There is insufficient memory for the Java Runtime Environment to continue.
# Native memory allocation (malloc) failed to allocate 1632976 bytes for Chunk::new
# Possible reasons:
#   The system is out of physical RAM or swap space
#   In 32 bit mode, the process size limit was hit
# Possible solutions:
#   Reduce memory load on the system
#   Increase physical memory or swap space
#   Check if swap backing store is full
#   Use 64 bit Java on a 64 bit OS
#   Decrease Java heap size (-Xmx/-Xms)
#   Decrease number of Java threads
#   Decrease Java thread stack sizes (-Xss)
#   Set larger code cache with -XX:ReservedCodeCacheSize=
# This output file may be truncated or incomplete.
#
#  Out of Memory Error (allocation.cpp:390), pid=8704, tid=0x0000000000000838
#
# JRE version: OpenJDK Runtime Environment (8.0_152-b01) (build 1.8.0_152-release-1343-b01)
# Java VM: OpenJDK 64-Bit Server VM (25.152-b01 mixed mode windows-amd64 compressed oops)
# Failed to write core dump. Minidumps are not enabled by default on client versions of Windows
#

---------------  T H R E A D  ---------------

Current thread (0x0000000016a9d800):  JavaThread "C2 CompilerThread0" daemon [_thread_in_native, id=2104, stack(0x0000000018130000,0x0000000018230000)]

Stack: [0x0000000018130000,0x0000000018230000]
[error occurred during error reporting (printing stack bounds), id 0xc0000005]

Native frames: (J=compiled Java code, j=interpreted, Vv=VM code, C=native code)


Current CompileTask:
C2:  27692 8291   !   4       java.io.ObjectOutputStream::writeObject0 (619 bytes)


---------------  P R O C E S S  ---------------

Java Threads: ( => current thread )
  0x000000001a0eb000 JavaThread "stdout" [_thread_in_native, id=7476, stack(0x0000000024540000,0x0000000024640000)]
  0x000000001a0e6800 JavaThread "stderr" [_thread_in_native, id=6192, stack(0x0000000024440000,0x0000000024540000)]
  0x000000001a0ec800 JavaThread "pool-2-thread-1" [_thread_blocked, id=2608, stack(0x0000000024140000,0x0000000024240000)]
  0x000000001a0e9800 JavaThread "Cache worker for execution history cache (C:\Users\Diackson Marques\Desktop\BelezaOnline_2\.gradle\5.1.1\executionHistory)" [_thread_blocked, id=5724, stack(0x0000000024040000,0x0000000024140000)]
  0x000000001a0ed800 JavaThread "Execution worker for ':' Thread 3" [_thread_blocked, id=2324, stack(0x0000000023d40000,0x0000000023e40000)]
  0x000000001a0ec000 JavaThread "Execution worker for ':' Thread 2" [_thread_blocked, id=560, stack(0x0000000023c40000,0x0000000023d40000)]
  0x000000001a0df000 JavaThread "Execution worker for ':'" [_thread_in_native, id=9572, stack(0x0000000023b40000,0x0000000023c40000)]
  0x000000001a0e5000 JavaThread "Cache worker for file content cache (C:\Users\Diackson Marques\Desktop\BelezaOnline_2\.gradle\5.1.1\fileContent)" [_thread_blocked, id=1884, stack(0x0000000023840000,0x0000000023940000)]
  0x000000001a0e4800 JavaThread "Cache worker for file content cache (C:\Users\Diackson Marques\.gradle\caches\5.1.1\fileContent)" [_thread_blocked, id=7092, stack(0x0000000023740000,0x0000000023840000)]
  0x000000001a0e3800 JavaThread "Memory manager" [_thread_blocked, id=1944, stack(0x0000000023640000,0x0000000023740000)]
  0x000000001a0e6000 JavaThread "Cache worker for Build Output Cleanup Cache (C:\Users\Diackson Marques\Desktop\BelezaOnline_2\.gradle\buildOutputCleanup)" [_thread_blocked, id=6756, stack(0x0000000022340000,0x0000000022440000)]
  0x000000001a0de000 JavaThread "Build operations Thread 4" [_thread_blocked, id=6920, stack(0x0000000022040000,0x0000000022140000)]
  0x000000001a0e1000 JavaThread "Build operations Thread 3" [_thread_blocked, id=10460, stack(0x0000000021f40000,0x0000000022040000)]
  0x000000001a0df800 JavaThread "Build operations Thread 2" [_thread_blocked, id=8660, stack(0x00000000219d0000,0x0000000021ad0000)]
  0x000000001a0e0800 JavaThread "Build operations" [_thread_blocked, id=9948, stack(0x0000000020480000,0x0000000020580000)]
  0x000000001a004800 JavaThread "Cache worker for execution history cache (C:\Users\Diackson Marques\.gradle\caches\5.1.1\executionHistory)" [_thread_blocked, id=9924, stack(0x0000000020380000,0x0000000020480000)]
  0x000000001a002800 JavaThread "Cache worker for cache directory md-rule (C:\Users\Diackson Marques\.gradle\caches\5.1.1\md-rule)" [_thread_blocked, id=6752, stack(0x0000000020280000,0x0000000020380000)]
  0x000000001a004000 JavaThread "Cache worker for cache directory md-supplier (C:\Users\Diackson Marques\.gradle\caches\5.1.1\md-supplier)" [_thread_blocked, id=10056, stack(0x0000000020180000,0x0000000020280000)]
  0x000000001a005800 JavaThread "Cache worker for file hash cache (C:\Users\Diackson Marques\Desktop\BelezaOnline_2\.gradle\5.1.1\fileHashes)" [_thread_blocked, id=7144, stack(0x000000001d840000,0x000000001d940000)]
  0x000000001a006000 JavaThread "Cache worker for journal cache (C:\Users\Diackson Marques\.gradle\caches\journal-1)" [_thread_blocked, id=3672, stack(0x000000001b5a0000,0x000000001b6a0000)]
  0x0000000019cbf800 JavaThread "File lock request listener" [_thread_in_native, id=4916, stack(0x000000001b4a0000,0x000000001b5a0000)]
  0x0000000019ece800 JavaThread "Cache worker for file hash cache (C:\Users\Diackson Marques\.gradle\caches\5.1.1\fileHashes)" [_thread_blocked, id=8224, stack(0x000000001b3a0000,0x000000001b4a0000)]
  0x0000000019b29000 JavaThread "Thread-8" [_thread_blocked, id=9164, stack(0x000000001b2a0000,0x000000001b3a0000)]
  0x0000000019b28800 JavaThread "Stdin handler" [_thread_blocked, id=9332, stack(0x000000001b1a0000,0x000000001b2a0000)]
  0x00000000198b0000 JavaThread "Asynchronous log dispatcher for DefaultDaemonConnection: socket connection from /127.0.0.1:54448 to /127.0.0.1:54449" [_thread_blocked, id=4212, stack(0x000000001b0a0000,0x000000001b1a0000)]
  0x000000001a082800 JavaThread "Daemon worker" [_thread_in_vm, id=7148, stack(0x000000001afa0000,0x000000001b0a0000)]
  0x0000000019ede000 JavaThread "Cancel handler" [_thread_blocked, id=7872, stack(0x000000001aea0000,0x000000001afa0000)]
  0x00000000196a8800 JavaThread "Handler for socket connection from /127.0.0.1:54448 to /127.0.0.1:54449" [_thread_in_native, id=10248, stack(0x000000001aba0000,0x000000001aca0000)]
  0x0000000019468000 JavaThread "Daemon" [_thread_blocked, id=7640, stack(0x000000001aaa0000,0x000000001aba0000)]
  0x0000000019a0b800 JavaThread "Daemon periodic checks" [_thread_blocked, id=3336, stack(0x000000001a9a0000,0x000000001aaa0000)]
  0x0000000019330800 JavaThread "Incoming local TCP Connector on port 54448" [_thread_in_native, id=1500, stack(0x000000001a740000,0x000000001a840000)]
  0x0000000016afe800 JavaThread "Service Thread" daemon [_thread_blocked, id=2560, stack(0x0000000018830000,0x0000000018930000)]
  0x0000000016aaa800 JavaThread "C1 CompilerThread2" daemon [_thread_in_vm, id=2456, stack(0x0000000018330000,0x0000000018430000)]
  0x0000000016aa0800 JavaThread "C2 CompilerThread1" daemon [_thread_in_native, id=3812, stack(0x0000000018230000,0x0000000018330000)]
=>0x0000000016a9d800 JavaThread "C2 CompilerThread0" daemon [_thread_in_native, id=2104, stack(0x0000000018130000,0x0000000018230000)]
  0x0000000016a9c000 JavaThread "Attach Listener" daemon [_thread_blocked, id=5136, stack(0x0000000018030000,0x0000000018130000)]
  0x0000000016a9b000 JavaThread "Signal Dispatcher" daemon [_thread_blocked, id=6488, stack(0x0000000017f30000,0x0000000018030000)]
  0x000000000303b800 JavaThread "Finalizer" daemon [_thread_blocked, id=8368, stack(0x0000000017d20000,0x0000000017e20000)]
  0x0000000016a68000 JavaThread "Reference Handler" daemon [_thread_blocked, id=8292, stack(0x0000000017c20000,0x0000000017d20000)]
  0x000000000312e800 JavaThread "main" [_thread_blocked, id=4120, stack(0x0000000002da0000,0x0000000002ea0000)]

Other Threads:
  0x0000000016a66000 VMThread [stack: 0x0000000017b20000,0x0000000017c20000] [id=3268]
  0x0000000018449800 WatcherThread [stack: 0x0000000018930000,0x0000000018a30000] [id=11124]

VM state:not at safepoint (normal execution)

VM Mutex/Monitor currently owned by a thread: None

Heap:
 PSYoungGen      total 217600K, used 71063K [0x00000000e0000000, 0x00000000f1580000, 0x0000000100000000)
  eden space 200704K, 26% used [0x00000000e0000000,0x00000000e34e67b0,0x00000000ec400000)
  from space 16896K, 99% used [0x00000000ec400000,0x00000000ed47f6b8,0x00000000ed480000)
  to   space 19968K, 0% used [0x00000000f0200000,0x00000000f0200000,0x00000000f1580000)
 ParOldGen       total 82944K, used 36016K [0x00000000a0000000, 0x00000000a5100000, 0x00000000e0000000)
  object space 82944K, 43% used [0x00000000a0000000,0x00000000a232c148,0x00000000a5100000)
 Metaspace       used 62928K, capacity 64779K, committed 64920K, reserved 1105920K
  class space    used 8415K, capacity 8831K, committed 8864K, reserved 1048576K

Card table byte_map: [0x00000000124f0000,0x0000000012800000] byte_map_base: 0x0000000011ff0000

Marking Bits: (ParMarkBitMap*) 0x0000000074c25aa0
 Begin Bits: [0x0000000012e00000, 0x0000000014600000)
 End Bits:   [0x0000000014600000, 0x0000000015e00000)

Polling page: 0x0000000001490000

CodeCache: size=245760Kb used=22582Kb max_used=22582Kb free=223177Kb
 bounds [0x0000000003130000, 0x0000000004760000, 0x0000000012130000]
 total_blobs=8143 nmethods=7334 adapters=722
 compilation: enabled

Compilation events (10 events):
Event: 27.671 Thread 0x0000000016aa0800 nmethod 8371 0x000000000343de90 code [0x000000000343dfe0, 0x000000000343e0c8]
Event: 27.672 Thread 0x0000000016aa0800 8372       4       com.google.common.collect.ImmutableSortedMap$1EntrySet$1::get (39 bytes)
Event: 27.677 Thread 0x0000000016aa0800 nmethod 8372 0x000000000341b5d0 code [0x000000000341b740, 0x000000000341b9d8]
Event: 27.677 Thread 0x0000000016aa0800 8373       4       java.util.TimSort::sort (229 bytes)
Event: 27.681 Thread 0x0000000016aaa800 8374       3       java.util.stream.FindOps$FindOp::<init> (32 bytes)
Event: 27.681 Thread 0x0000000016aaa800 nmethod 8374 0x0000000003b15d50 code [0x0000000003b15ea0, 0x0000000003b160b0]
Event: 27.681 Thread 0x0000000016aaa800 8375   !   3       java.io.ObjectStreamClass::invokeWriteObject (79 bytes)
Event: 27.682 Thread 0x0000000016aaa800 nmethod 8375 0x000000000473f990 code [0x000000000473fba0, 0x0000000004740618]
Event: 27.682 Thread 0x0000000016aaa800 8376       3       java.io.ObjectOutputStream::defaultWriteObject (54 bytes)
Event: 27.683 Thread 0x0000000016aaa800 nmethod 8376 0x0000000003dc5cd0 code [0x0000000003dc5ec0, 0x0000000003dc6668]

GC Heap History (10 events):
Event: 7.100 GC heap before
{Heap before GC invocations=12 (full 2):
 PSYoungGen      total 163328K, used 5303K [0x00000000e0000000, 0x00000000ecb80000, 0x0000000100000000)
  eden space 150528K, 0% used [0x00000000e0000000,0x00000000e0000000,0x00000000e9300000)
  from space 12800K, 41% used [0x00000000e9f00000,0x00000000ea42de10,0x00000000eab80000)
  to   space 12288K, 0% used [0x00000000e9300000,0x00000000e9300000,0x00000000e9f00000)
 ParOldGen       total 36864K, used 16325K [0x00000000a0000000, 0x00000000a2400000, 0x00000000e0000000)
  object space 36864K, 44% used [0x00000000a0000000,0x00000000a0ff1500,0x00000000a2400000)
 Metaspace       used 34742K, capacity 35430K, committed 35496K, reserved 1079296K
  class space    used 4792K, capacity 4996K, committed 5040K, reserved 1048576K
Event: 7.175 GC heap after
Heap after GC invocations=12 (full 2):
 PSYoungGen      total 163328K, used 0K [0x00000000e0000000, 0x00000000ecb80000, 0x0000000100000000)
  eden space 150528K, 0% used [0x00000000e0000000,0x00000000e0000000,0x00000000e9300000)
  from space 12800K, 0% used [0x00000000e9f00000,0x00000000e9f00000,0x00000000eab80000)
  to   space 12288K, 0% used [0x00000000e9300000,0x00000000e9300000,0x00000000e9f00000)
 ParOldGen       total 49664K, used 15498K [0x00000000a0000000, 0x00000000a3080000, 0x00000000e0000000)
  object space 49664K, 31% used [0x00000000a0000000,0x00000000a0f22a50,0x00000000a3080000)
 Metaspace       used 34741K, capacity 35424K, committed 35496K, reserved 1079296K
  class space    used 4792K, capacity 4995K, committed 5040K, reserved 1048576K
}
Event: 9.364 GC heap before
{Heap before GC invocations=13 (full 2):
 PSYoungGen      total 163328K, used 150528K [0x00000000e0000000, 0x00000000ecb80000, 0x0000000100000000)
  eden space 150528K, 100% used [0x00000000e0000000,0x00000000e9300000,0x00000000e9300000)
  from space 12800K, 0% used [0x00000000e9f00000,0x00000000e9f00000,0x00000000eab80000)
  to   space 12288K, 0% used [0x00000000e9300000,0x00000000e9300000,0x00000000e9f00000)
 ParOldGen       total 49664K, used 15498K [0x00000000a0000000, 0x00000000a3080000, 0x00000000e0000000)
  object space 49664K, 31% used [0x00000000a0000000,0x00000000a0f22a50,0x00000000a3080000)
 Metaspace       used 49996K, capacity 51074K, committed 51368K, reserved 1093632K
  class space    used 6718K, capacity 7010K, committed 7088K, reserved 1048576K
Event: 9.381 GC heap after
Heap after GC invocations=13 (full 2):
 PSYoungGen      total 162816K, used 12277K [0x00000000e0000000, 0x00000000ee580000, 0x0000000100000000)
  eden space 150528K, 0% used [0x00000000e0000000,0x00000000e0000000,0x00000000e9300000)
  from space 12288K, 99% used [0x00000000e9300000,0x00000000e9efd448,0x00000000e9f00000)
  to   space 15872K, 0% used [0x00000000ed600000,0x00000000ed600000,0x00000000ee580000)
 ParOldGen       total 49664K, used 21439K [0x00000000a0000000, 0x00000000a3080000, 0x00000000e0000000)
  object space 49664K, 43% used [0x00000000a0000000,0x00000000a14efed0,0x00000000a3080000)
 Metaspace       used 49996K, capacity 51074K, committed 51368K, reserved 1093632K
  class space    used 6718K, capacity 7010K, committed 7088K, reserved 1048576K
}
Event: 10.849 GC heap before
{Heap before GC invocations=14 (full 2):
 PSYoungGen      total 162816K, used 124303K [0x00000000e0000000, 0x00000000ee580000, 0x0000000100000000)
  eden space 150528K, 74% used [0x00000000e0000000,0x00000000e6d66860,0x00000000e9300000)
  from space 12288K, 99% used [0x00000000e9300000,0x00000000e9efd448,0x00000000e9f00000)
  to   space 15872K, 0% used [0x00000000ed600000,0x00000000ed600000,0x00000000ee580000)
 ParOldGen       total 49664K, used 21439K [0x00000000a0000000, 0x00000000a3080000, 0x00000000e0000000)
  object space 49664K, 43% used [0x00000000a0000000,0x00000000a14efed0,0x00000000a3080000)
 Metaspace       used 57517K, capacity 59059K, committed 59160K, reserved 1099776K
  class space    used 7762K, capacity 8123K, committed 8224K, reserved 1048576K
Event: 10.869 GC heap after
Heap after GC invocations=14 (full 2):
 PSYoungGen      total 216064K, used 11534K [0x00000000e0000000, 0x00000000ee500000, 0x0000000100000000)
  eden space 200704K, 0% used [0x00000000e0000000,0x00000000e0000000,0x00000000ec400000)
  from space 15360K, 75% used [0x00000000ed600000,0x00000000ee143b38,0x00000000ee500000)
  to   space 16896K, 0% used [0x00000000ec400000,0x00000000ec400000,0x00000000ed480000)
 ParOldGen       total 49664K, used 29910K [0x00000000a0000000, 0x00000000a3080000, 0x00000000e0000000)
  object space 49664K, 60% used [0x00000000a0000000,0x00000000a1d359e0,0x00000000a3080000)
 Metaspace       used 57517K, capacity 59059K, committed 59160K, reserved 1099776K
  class space    used 7762K, capacity 8123K, committed 8224K, reserved 1048576K
}
Event: 10.869 GC heap before
{Heap before GC invocations=15 (full 3):
 PSYoungGen      total 216064K, used 11534K [0x00000000e0000000, 0x00000000ee500000, 0x0000000100000000)
  eden space 200704K, 0% used [0x00000000e0000000,0x00000000e0000000,0x00000000ec400000)
  from space 15360K, 75% used [0x00000000ed600000,0x00000000ee143b38,0x00000000ee500000)
  to   space 16896K, 0% used [0x00000000ec400000,0x00000000ec400000,0x00000000ed480000)
 ParOldGen       total 49664K, used 29910K [0x00000000a0000000, 0x00000000a3080000, 0x00000000e0000000)
  object space 49664K, 60% used [0x00000000a0000000,0x00000000a1d359e0,0x00000000a3080000)
 Metaspace       used 57517K, capacity 59059K, committed 59160K, reserved 1099776K
  class space    used 7762K, capacity 8123K, committed 8224K, reserved 1048576K
Event: 11.124 GC heap after
Heap after GC invocations=15 (full 3):
 PSYoungGen      total 216064K, used 0K [0x00000000e0000000, 0x00000000ee500000, 0x0000000100000000)
  eden space 200704K, 0% used [0x00000000e0000000,0x00000000e0000000,0x00000000ec400000)
  from space 15360K, 0% used [0x00000000ed600000,0x00000000ed600000,0x00000000ee500000)
  to   space 16896K, 0% used [0x00000000ec400000,0x00000000ec400000,0x00000000ed480000)
 ParOldGen       total 82944K, used 33844K [0x00000000a0000000, 0x00000000a5100000, 0x00000000e0000000)
  object space 82944K, 40% used [0x00000000a0000000,0x00000000a210d3e8,0x00000000a5100000)
 Metaspace       used 57517K, capacity 59059K, committed 59160K, reserved 1099776K
  class space    used 7762K, capacity 8123K, committed 8224K, reserved 1048576K
}
Event: 26.544 GC heap before
{Heap before GC invocations=16 (full 3):
 PSYoungGen      total 216064K, used 200704K [0x00000000e0000000, 0x00000000ee500000, 0x0000000100000000)
  eden space 200704K, 100% used [0x00000000e0000000,0x00000000ec400000,0x00000000ec400000)
  from space 15360K, 0% used [0x00000000ed600000,0x00000000ed600000,0x00000000ee500000)
  to   space 16896K, 0% used [0x00000000ec400000,0x00000000ec400000,0x00000000ed480000)
 ParOldGen       total 82944K, used 33844K [0x00000000a0000000, 0x00000000a5100000, 0x00000000e0000000)
  object space 82944K, 40% used [0x00000000a0000000,0x00000000a210d3e8,0x00000000a5100000)
 Metaspace       used 62745K, capacity 64637K, committed 64920K, reserved 1105920K
  class space    used 8403K, capacity 8830K, committed 8864K, reserved 1048576K
Event: 26.637 GC heap after
Heap after GC invocations=16 (full 3):
 PSYoungGen      total 217600K, used 16893K [0x00000000e0000000, 0x00000000f1580000, 0x0000000100000000)
  eden space 200704K, 0% used [0x00000000e0000000,0x00000000e0000000,0x00000000ec400000)
  from space 16896K, 99% used [0x00000000ec400000,0x00000000ed47f6b8,0x00000000ed480000)
  to   space 19968K, 0% used [0x00000000f0200000,0x00000000f0200000,0x00000000f1580000)
 ParOldGen       total 82944K, used 36016K [0x00000000a0000000, 0x00000000a5100000, 0x00000000e0000000)
  object space 82944K, 43% used [0x00000000a0000000,0x00000000a232c148,0x00000000a5100000)
 Metaspace       used 62745K, capacity 64637K, committed 64920K, reserved 1105920K
  class space    used 8403K, capacity 8830K, committed 8864K, reserved 1048576K
}

Deoptimization events (10 events):
Event: 26.680 Thread 0x000000001a0df000 Uncommon trap: reason=unstable_if action=reinterpret pc=0x0000000003e7ecc0 method=java.nio.Buffer.limit(I)Ljava/nio/Buffer; @ 33
Event: 26.785 Thread 0x000000001a0df000 Uncommon trap: reason=unstable_if action=reinterpret pc=0x00000000046d2514 method=sun.nio.cs.UTF_8$Encoder.encodeArrayLoop(Ljava/nio/CharBuffer;Ljava/nio/ByteBuffer;)Ljava/nio/charset/CoderResult; @ 87
Event: 26.861 Thread 0x000000001a0df000 Uncommon trap: reason=bimorphic action=maybe_recompile pc=0x00000000046d54cc method=com.google.common.base.CharMatcher.indexIn(Ljava/lang/CharSequence;I)I @ 31
Event: 26.861 Thread 0x000000001a0df000 Uncommon trap: reason=bimorphic action=maybe_recompile pc=0x00000000046d54cc method=com.google.common.base.CharMatcher.indexIn(Ljava/lang/CharSequence;I)I @ 31
Event: 26.861 Thread 0x000000001a0df000 Uncommon trap: reason=bimorphic action=maybe_recompile pc=0x00000000046d54cc method=com.google.common.base.CharMatcher.indexIn(Ljava/lang/CharSequence;I)I @ 31
Event: 26.861 Thread 0x000000001a0df000 Uncommon trap: reason=bimorphic action=maybe_recompile pc=0x00000000046d54cc method=com.google.common.base.CharMatcher.indexIn(Ljava/lang/CharSequence;I)I @ 31
Event: 26.861 Thread 0x000000001a0e9800 Uncommon trap: reason=unstable_if action=reinterpret pc=0x0000000003f2f5f8 method=com.esotericsoftware.kryo.io.Output.writeBytes([BII)V @ 61
Event: 26.872 Thread 0x000000001a0e9800 Uncommon trap: reason=unstable_if action=reinterpret pc=0x00000000044094d8 method=com.google.common.collect.MapMakerInternalMap$Segment.drainKeyReferenceQueue(Ljava/lang/ref/ReferenceQueue;)V @ 8
Event: 26.878 Thread 0x000000001a0ec000 Uncommon trap: reason=unstable_if action=reinterpret pc=0x0000000003551970 method=java.lang.String.regionMatches(ZILjava/lang/String;II)Z @ 123
Event: 27.050 Thread 0x000000001a0ec000 Uncommon trap: reason=bimorphic action=maybe_recompile pc=0x000000000455655c method=org.gradle.internal.snapshot.DirectorySnapshot.accept(Lorg/gradle/internal/snapshot/FileSystemSnapshotVisitor;)V @ 52

Classes redefined (0 events):
No events

Internal exceptions (10 events):
Event: 10.832 Thread 0x000000001a082800 Exception <a 'java/lang/NoSuchMethodError': java.lang.Object.lambda$static$3(Ljava/util/Set;Ljava/util/Set;)Z> (0x00000000e69cb3e0) thrown at [D:\src\AOSP-openjdk-cygwin\jdk8u\hotspot\src\share\vm\interpreter\linkResolver.cpp, line 584]
Event: 12.869 Thread 0x0000000019b29000 Exception <a 'java/lang/NoSuchMethodError': <clinit>> (0x00000000e1ef3f00) thrown at [D:\src\AOSP-openjdk-cygwin\jdk8u\hotspot\src\share\vm\prims\jni.cpp, line 1613]
Event: 12.870 Thread 0x0000000019b29000 Exception <a 'java/lang/NoSuchMethodError': <clinit>> (0x00000000e1effb78) thrown at [D:\src\AOSP-openjdk-cygwin\jdk8u\hotspot\src\share\vm\prims\jni.cpp, line 1613]
Event: 12.872 Thread 0x0000000019b29000 Exception <a 'java/lang/NoSuchMethodError': <clinit>> (0x00000000e1f0c060) thrown at [D:\src\AOSP-openjdk-cygwin\jdk8u\hotspot\src\share\vm\prims\jni.cpp, line 1613]
Event: 12.883 Thread 0x0000000019b29000 Exception <a 'java/lang/NoSuchMethodError': <clinit>> (0x00000000e6357a88) thrown at [D:\src\AOSP-openjdk-cygwin\jdk8u\hotspot\src\share\vm\prims\jni.cpp, line 1613]
Event: 12.885 Thread 0x0000000019b29000 Exception <a 'java/lang/NoSuchMethodError': <clinit>> (0x00000000e6368aa0) thrown at [D:\src\AOSP-openjdk-cygwin\jdk8u\hotspot\src\share\vm\prims\jni.cpp, line 1613]
Event: 12.885 Thread 0x0000000019b29000 Exception <a 'java/lang/NoSuchMethodError': <clinit>> (0x00000000e636a5b8) thrown at [D:\src\AOSP-openjdk-cygwin\jdk8u\hotspot\src\share\vm\prims\jni.cpp, line 1613]
Event: 12.978 Thread 0x0000000019b29000 Exception <a 'java/lang/NoSuchMethodError': <clinit>> (0x00000000e690d7f0) thrown at [D:\src\AOSP-openjdk-cygwin\jdk8u\hotspot\src\share\vm\prims\jni.cpp, line 1613]
Event: 13.279 Thread 0x000000001a0df000 Exception <a 'java/lang/NoSuchMethodError': <clinit>> (0x00000000e8089448) thrown at [D:\src\AOSP-openjdk-cygwin\jdk8u\hotspot\src\share\vm\prims\jni.cpp, line 1613]
Event: 16.573 Thread 0x000000001a0df000 Exception <a 'java/lang/NoSuchMethodError': java.lang.Object.lambda$negate$1(Ljava/lang/Object;)Z> (0x00000000eb50e040) thrown at [D:\src\AOSP-openjdk-cygwin\jdk8u\hotspot\src\share\vm\interpreter\linkResolver.cpp, line 584]

Events (10 events):
Event: 27.290 Thread 0x0000000016aaa800 flushing nmethod 0x000000000439cf10
Event: 27.290 Thread 0x0000000016aaa800 flushing nmethod 0x00000000043a3290
Event: 27.291 Thread 0x0000000016aaa800 flushing nmethod 0x00000000043dca50
Event: 27.291 Thread 0x0000000016aaa800 flushing nmethod 0x0000000004434590
Event: 27.291 Thread 0x0000000016aaa800 flushing nmethod 0x000000000447de10
Event: 27.291 Thread 0x0000000016aaa800 flushing nmethod 0x00000000044fb290
Event: 27.291 Thread 0x0000000016aaa800 flushing nmethod 0x00000000044fded0
Event: 27.292 Thread 0x0000000016aaa800 flushing nmethod 0x000000000452a090
Event: 27.677 loading class org/gradle/api/internal/tasks/CompositeTaskOutputPropertySpec$1
Event: 27.677 loading class org/gradle/api/internal/tasks/CompositeTaskOutputPropertySpec$1 done


Dynamic libraries:
0x00007ff685440000 - 0x00007ff685471000 	C:\Program Files\Android\Android Studio1\jre\bin\java.exe
0x00007ffb2b2a0000 - 0x00007ffb2b490000 	C:\WINDOWS\SYSTEM32\ntdll.dll
0x00007ffb02570000 - 0x00007ffb02584000 	C:\Program Files\AVG\Antivirus\aswhook.dll
0x00007ffb2b1a0000 - 0x00007ffb2b252000 	C:\WINDOWS\System32\KERNEL32.DLL
0x00007ffb28ed0000 - 0x00007ffb29173000 	C:\WINDOWS\System32\KERNELBASE.dll
0x00007ffb294d0000 - 0x00007ffb29573000 	C:\WINDOWS\System32\ADVAPI32.dll
0x00007ffb299d0000 - 0x00007ffb29a6e000 	C:\WINDOWS\System32\msvcrt.dll
0x00007ffb29b40000 - 0x00007ffb29bd7000 	C:\WINDOWS\System32\sechost.dll
0x00007ffb29f40000 - 0x00007ffb2a060000 	C:\WINDOWS\System32\RPCRT4.dll
0x00007ffb2a060000 - 0x00007ffb2a1f4000 	C:\WINDOWS\System32\USER32.dll
0x00007ffb28b10000 - 0x00007ffb28b31000 	C:\WINDOWS\System32\win32u.dll
0x00007ffb29a70000 - 0x00007ffb29a96000 	C:\WINDOWS\System32\GDI32.dll
0x00007ffb28b40000 - 0x00007ffb28cd4000 	C:\WINDOWS\System32\gdi32full.dll
0x00007ffb28e30000 - 0x00007ffb28ece000 	C:\WINDOWS\System32\msvcp_win.dll
0x00007ffb291a0000 - 0x00007ffb2929a000 	C:\WINDOWS\System32\ucrtbase.dll
0x00007ffb10d10000 - 0x00007ffb10f95000 	C:\WINDOWS\WinSxS\amd64_microsoft.windows.common-controls_6595b64144ccf1df_6.0.18362.418_none_e6c6b287130d565d\COMCTL32.dll
0x00007ffb29690000 - 0x00007ffb299c6000 	C:\WINDOWS\System32\combase.dll
0x00007ffb28310000 - 0x00007ffb28390000 	C:\WINDOWS\System32\bcryptPrimitives.dll
0x00007ffb29aa0000 - 0x00007ffb29ace000 	C:\WINDOWS\System32\IMM32.DLL
0x00000000742a0000 - 0x0000000074372000 	C:\Program Files\Android\Android Studio1\jre\jre\bin\msvcr100.dll
0x0000000074460000 - 0x0000000074ca1000 	C:\Program Files\Android\Android Studio1\jre\jre\bin\server\jvm.dll
0x00007ffb29ce0000 - 0x00007ffb29ce8000 	C:\WINDOWS\System32\PSAPI.DLL
0x00007ffb1a7c0000 - 0x00007ffb1a7c9000 	C:\WINDOWS\SYSTEM32\WSOCK32.dll
0x00007ffb29ed0000 - 0x00007ffb29f3f000 	C:\WINDOWS\System32\WS2_32.dll
0x00007ffb23770000 - 0x00007ffb23794000 	C:\WINDOWS\SYSTEM32\WINMM.dll
0x00007ffb23bf0000 - 0x00007ffb23bfa000 	C:\WINDOWS\SYSTEM32\VERSION.dll
0x00007ffb23740000 - 0x00007ffb2376d000 	C:\WINDOWS\SYSTEM32\WINMMBASE.dll
0x00007ffb28230000 - 0x00007ffb2827a000 	C:\WINDOWS\System32\cfgmgr32.dll
0x00007ffb22c50000 - 0x00007ffb22c5f000 	C:\Program Files\Android\Android Studio1\jre\jre\bin\verify.dll
0x00007ffb10910000 - 0x00007ffb10939000 	C:\Program Files\Android\Android Studio1\jre\jre\bin\java.dll
0x00007ffb108f0000 - 0x00007ffb10906000 	C:\Program Files\Android\Android Studio1\jre\jre\bin\zip.dll
0x00007ffb2a7b0000 - 0x00007ffb2ae95000 	C:\WINDOWS\System32\SHELL32.dll
0x00007ffb29580000 - 0x00007ffb29629000 	C:\WINDOWS\System32\shcore.dll
0x00007ffb28390000 - 0x00007ffb28b0f000 	C:\WINDOWS\System32\windows.storage.dll
0x00007ffb281a0000 - 0x00007ffb281bf000 	C:\WINDOWS\System32\profapi.dll
0x00007ffb281e0000 - 0x00007ffb2822a000 	C:\WINDOWS\System32\powrprof.dll
0x00007ffb28170000 - 0x00007ffb28180000 	C:\WINDOWS\System32\UMPDC.dll
0x00007ffb29ae0000 - 0x00007ffb29b32000 	C:\WINDOWS\System32\shlwapi.dll
0x00007ffb281c0000 - 0x00007ffb281d1000 	C:\WINDOWS\System32\kernel.appcore.dll
0x00007ffb29180000 - 0x00007ffb29197000 	C:\WINDOWS\System32\cryptsp.dll
0x00007ffb10220000 - 0x00007ffb1023a000 	C:\Program Files\Android\Android Studio1\jre\jre\bin\net.dll
0x00007ffb27980000 - 0x00007ffb279e7000 	C:\WINDOWS\system32\mswsock.dll
0x00007ffb10200000 - 0x00007ffb10211000 	C:\Program Files\Android\Android Studio1\jre\jre\bin\nio.dll
0x00007ffb0bf10000 - 0x00007ffb0bf2e000 	C:\Users\Diackson Marques\.gradle\native\25\windows-amd64\native-platform.dll
0x00007ffb10960000 - 0x00007ffb1096d000 	C:\Program Files\Android\Android Studio1\jre\jre\bin\management.dll
0x00007ffb274f0000 - 0x00007ffb27523000 	C:\WINDOWS\system32\rsaenh.dll
0x00007ffb282e0000 - 0x00007ffb28306000 	C:\WINDOWS\System32\bcrypt.dll
0x00007ffb28090000 - 0x00007ffb280b5000 	C:\WINDOWS\SYSTEM32\USERENV.dll
0x00007ffb27b50000 - 0x00007ffb27b5c000 	C:\WINDOWS\SYSTEM32\CRYPTBASE.dll
0x00007ffb27690000 - 0x00007ffb276ca000 	C:\WINDOWS\SYSTEM32\IPHLPAPI.DLL
0x00007ffb29ad0000 - 0x00007ffb29ad8000 	C:\WINDOWS\System32\NSI.dll
0x00007ffb1faf0000 - 0x00007ffb1fb06000 	C:\WINDOWS\SYSTEM32\dhcpcsvc6.DLL
0x00007ffb1fbc0000 - 0x00007ffb1fbdc000 	C:\WINDOWS\SYSTEM32\dhcpcsvc.DLL
0x00007ffb276d0000 - 0x00007ffb2779a000 	C:\WINDOWS\SYSTEM32\DNSAPI.dll

VM Arguments:
jvm_args: -Xmx1536m -Dfile.encoding=windows-1252 -Duser.country=BR -Duser.language=pt -Duser.variant 
java_command: org.gradle.launcher.daemon.bootstrap.GradleDaemon 5.1.1
java_class_path (initial): C:\Users\Diackson Marques\.gradle\wrapper\dists\gradle-5.1.1-all\97z1ksx6lirer3kbvdnh7jtjg\gradle-5.1.1\lib\gradle-launcher-5.1.1.jar
Launcher Type: SUN_STANDARD

Environment Variables:
PATH=C:\Program Files (x86)\Common Files\Oracle\Java\javapath;C:\ProgramData\Oracle\Java\javapath;C:\Program Files (x86)\Intel\iCLS Client\;C:\Program Files\Intel\iCLS Client\;C:\WINDOWS\system32;C:\WINDOWS;C:\WINDOWS\System32\Wbem;C:\WINDOWS\System32\WindowsPowerShell\v1.0\;C:\Program Files (x86)\Intel\Intel(R) Management Engine Components\DAL;C:\Program Files\Intel\Intel(R) Management Engine Components\DAL;C:\Program Files (x86)\Intel\Intel(R) Management Engine Components\IPT;C:\Program Files\Intel\Intel(R) Management Engine Components\IPT;C:\WINDOWS\System32\OpenSSH\;C:\Program Files\Git\cmd;C:\Users\Diackson Marques\AppData\Local\Microsoft\WindowsApps;C:\Users\Diackson Marques\AppData\Local\Programs\MiKTeX 2.9\miktex\bin\x64\;
USERNAME=Diackson Marques
OS=Windows_NT
PROCESSOR_IDENTIFIER=Intel64 Family 6 Model 142 Stepping 9, GenuineIntel



---------------  S Y S T E M  ---------------

OS: Windows 10.0 , 64 bit Build 18362 (10.0.18362.329)

CPU:total 4 (initial active 4) (2 cores per cpu, 2 threads per core) family 6 model 142 stepping 9, cmov, cx8, fxsr, mmx, sse, sse2, sse3, ssse3, sse4.1, sse4.2, popcnt, avx, avx2, aes, clmul, erms, 3dnowpref, lzcnt, ht, tsc, tscinvbit, bmi1, bmi2, adx

Memory: 4k page, physical 4066916k(556664k free), swap 4271716k(6392k free)

vm_info: OpenJDK 64-Bit Server VM (25.152-b01) for windows-amd64 JRE (1.8.0_152-release-1343-b01), built by "builder" with MS VC++ 10.0 (VS2010)

time: Tue Oct 29 19:47:19 2019
elapsed time: 27 seconds (0d 0h 0m 27s)

