#
# There is insufficient memory for the Java Runtime Environment to continue.
# Native memory allocation (malloc) failed to allocate 998160 bytes for Chunk::new
# Possible reasons:
#   The system is out of physical RAM or swap space
#   In 32 bit mode, the process size limit was hit
# Possible solutions:
#   Reduce memory load on the system
#   Increase physical memory or swap space
#   Check if swap backing store is full
#   Use 64 bit Java on a 64 bit OS
#   Decrease Java heap size (-Xmx/-Xms)
#   Decrease number of Java threads
#   Decrease Java thread stack sizes (-Xss)
#   Set larger code cache with -XX:ReservedCodeCacheSize=
# This output file may be truncated or incomplete.
#
#  Out of Memory Error (allocation.cpp:390), pid=6280, tid=0x0000000000001cc4
#
# JRE version: OpenJDK Runtime Environment (8.0_152-b01) (build 1.8.0_152-release-1343-b01)
# Java VM: OpenJDK 64-Bit Server VM (25.152-b01 mixed mode windows-amd64 compressed oops)
# Failed to write core dump. Minidumps are not enabled by default on client versions of Windows
#

---------------  T H R E A D  ---------------

Current thread (0x000000001698c800):  JavaThread "C2 CompilerThread0" daemon [_thread_in_native, id=7364, stack(0x0000000018020000,0x0000000018120000)]

Stack: [0x0000000018020000,0x0000000018120000]
[error occurred during error reporting (printing stack bounds), id 0xc0000005]

Native frames: (J=compiled Java code, j=interpreted, Vv=VM code, C=native code)


Current CompileTask:
C2:2419387 11759       4       java.io.ObjectOutputStream::writeClassDesc (60 bytes)


---------------  P R O C E S S  ---------------

Java Threads: ( => current thread )
  0x000000001d575000 JavaThread "Cache worker for Build Output Cleanup Cache (C:\Users\Diackson Marques\Desktop\BelezaOnline_2\.gradle\buildOutputCleanup)" [_thread_blocked, id=6476, stack(0x0000000024d40000,0x0000000024e40000)]
  0x000000001d575800 JavaThread "Build operations Thread 4" [_thread_blocked, id=224, stack(0x0000000024910000,0x0000000024a10000)]
  0x000000001d573800 JavaThread "Build operations Thread 3" [_thread_blocked, id=11096, stack(0x0000000024510000,0x0000000024610000)]
  0x000000001d570800 JavaThread "Build operations Thread 2" [_thread_blocked, id=8560, stack(0x0000000024010000,0x0000000024110000)]
  0x000000001c718800 JavaThread "Build operations" [_thread_blocked, id=11732, stack(0x0000000023f10000,0x0000000024010000)]
  0x000000001c71e800 JavaThread "Cache worker for cache directory md-rule (C:\Users\Diackson Marques\.gradle\caches\5.1.1\md-rule)" [_thread_blocked, id=12004, stack(0x0000000022fd0000,0x00000000230d0000)]
  0x000000001c715800 JavaThread "Cache worker for cache directory md-supplier (C:\Users\Diackson Marques\.gradle\caches\5.1.1\md-supplier)" [_thread_blocked, id=6012, stack(0x0000000022790000,0x0000000022890000)]
  0x000000001c71c800 JavaThread "Cache worker for file hash cache (C:\Users\Diackson Marques\Desktop\BelezaOnline_2\.gradle\5.1.1\fileHashes)" [_thread_blocked, id=8216, stack(0x0000000020e80000,0x0000000020f80000)]
  0x000000001c711000 JavaThread "Thread-49" [_thread_in_vm, id=7452, stack(0x0000000020d80000,0x0000000020e80000)]
  0x000000001c714000 JavaThread "Stdin handler" [_thread_blocked, id=4220, stack(0x000000001ebd0000,0x000000001ecd0000)]
  0x000000001c718000 JavaThread "Asynchronous log dispatcher for DefaultDaemonConnection: socket connection from /127.0.0.1:59639 to /127.0.0.1:59735" [_thread_blocked, id=8404, stack(0x000000001da30000,0x000000001db30000)]
  0x000000001c70f800 JavaThread "Daemon worker Thread 3" [_thread_in_Java, id=5996, stack(0x000000001d930000,0x000000001da30000)]
  0x000000001c713800 JavaThread "Cancel handler" [_thread_blocked, id=9256, stack(0x000000001b190000,0x000000001b290000)]
  0x000000001c710800 JavaThread "Handler for socket connection from /127.0.0.1:59639 to /127.0.0.1:59735" [_thread_in_native, id=3032, stack(0x000000001ae90000,0x000000001af90000)]
  0x000000001c716800 JavaThread "Daemon Thread 3" [_thread_blocked, id=6076, stack(0x000000001a990000,0x000000001aa90000)]
  0x000000001c71d000 JavaThread "Memory manager" [_thread_blocked, id=11960, stack(0x0000000022890000,0x0000000022990000)]
  0x000000001c712800 JavaThread "Cache worker for execution history cache (C:\Users\Diackson Marques\.gradle\caches\5.1.1\executionHistory)" [_thread_blocked, id=5012, stack(0x0000000020590000,0x0000000020690000)]
  0x000000001699f800 JavaThread "Cache worker for journal cache (C:\Users\Diackson Marques\.gradle\caches\journal-1)" [_thread_blocked, id=7340, stack(0x000000001b490000,0x000000001b590000)]
  0x0000000019359000 JavaThread "File lock request listener" [_thread_in_native, id=3664, stack(0x000000001b390000,0x000000001b490000)]
  0x0000000019507000 JavaThread "Cache worker for file hash cache (C:\Users\Diackson Marques\.gradle\caches\5.1.1\fileHashes)" [_thread_blocked, id=2580, stack(0x000000001b290000,0x000000001b390000)]
  0x00000000194d6800 JavaThread "Daemon periodic checks" [_thread_blocked, id=11492, stack(0x000000001a890000,0x000000001a990000)]
  0x0000000019ace800 JavaThread "Incoming local TCP Connector on port 59639" [_thread_in_native, id=4156, stack(0x000000001a630000,0x000000001a730000)]
  0x0000000018348800 JavaThread "Service Thread" daemon [_thread_blocked, id=8408, stack(0x0000000018720000,0x0000000018820000)]
  0x000000001699f000 JavaThread "C1 CompilerThread2" daemon [_thread_blocked, id=1736, stack(0x0000000018220000,0x0000000018320000)]
  0x0000000016993000 JavaThread "C2 CompilerThread1" daemon [_thread_in_native, id=8956, stack(0x0000000018120000,0x0000000018220000)]
=>0x000000001698c800 JavaThread "C2 CompilerThread0" daemon [_thread_in_native, id=7364, stack(0x0000000018020000,0x0000000018120000)]
  0x000000001698b000 JavaThread "Attach Listener" daemon [_thread_blocked, id=5460, stack(0x0000000017f20000,0x0000000018020000)]
  0x000000001698a000 JavaThread "Signal Dispatcher" daemon [_thread_blocked, id=12084, stack(0x0000000017e20000,0x0000000017f20000)]
  0x000000000301b800 JavaThread "Finalizer" daemon [_thread_blocked, id=3824, stack(0x0000000017c10000,0x0000000017d10000)]
  0x0000000016958000 JavaThread "Reference Handler" daemon [_thread_blocked, id=6652, stack(0x0000000017b10000,0x0000000017c10000)]
  0x0000000002f1e800 JavaThread "main" [_thread_blocked, id=2776, stack(0x0000000002e00000,0x0000000002f00000)]

Other Threads:
  0x0000000016956000 VMThread [stack: 0x0000000017a10000,0x0000000017b10000] [id=12032]
  0x00000000169ed800 WatcherThread [stack: 0x0000000018820000,0x0000000018920000] [id=5344]

VM state:not at safepoint (normal execution)

VM Mutex/Monitor currently owned by a thread: None

Heap:
 PSYoungGen      total 154112K, used 70967K [0x00000000e0000000, 0x00000000eb500000, 0x0000000100000000)
  eden space 133120K, 37% used [0x00000000e0000000,0x00000000e311fed0,0x00000000e8200000)
  from space 20992K, 98% used [0x00000000e9580000,0x00000000ea9adf50,0x00000000eaa00000)
  to   space 11264K, 0% used [0x00000000eaa00000,0x00000000eaa00000,0x00000000eb500000)
 ParOldGen       total 107520K, used 41709K [0x00000000a0000000, 0x00000000a6900000, 0x00000000e0000000)
  object space 107520K, 38% used [0x00000000a0000000,0x00000000a28bb6e8,0x00000000a6900000)
 Metaspace       used 77547K, capacity 80598K, committed 80792K, reserved 1120256K
  class space    used 9992K, capacity 10574K, committed 10648K, reserved 1048576K

Card table byte_map: [0x00000000123e0000,0x00000000126f0000] byte_map_base: 0x0000000011ee0000

Marking Bits: (ParMarkBitMap*) 0x00000000774e5aa0
 Begin Bits: [0x0000000012cf0000, 0x00000000144f0000)
 End Bits:   [0x00000000144f0000, 0x0000000015cf0000)

Polling page: 0x0000000002d80000

CodeCache: size=245760Kb used=32196Kb max_used=32548Kb free=213563Kb
 bounds [0x0000000003020000, 0x0000000005030000, 0x0000000012020000]
 total_blobs=10833 nmethods=9970 adapters=775
 compilation: enabled

Compilation events (10 events):
Event: 2419.275 Thread 0x000000001699f000 11788       3       org.gradle.api.internal.artifacts.ivyservice.moduleconverter.dependencies.ExternalModuleIvyDependencyDescriptorFactory::nullToEmpty (11 bytes)
Event: 2419.275 Thread 0x000000001699f000 nmethod 11788 0x000000000478bd50 code [0x000000000478bea0, 0x000000000478c050]
Event: 2419.275 Thread 0x000000001699f000 11789       3       org.gradle.api.internal.artifacts.dependencies.DefaultExternalModuleDependency_Decorated::getAttributes (37 bytes)
Event: 2419.276 Thread 0x000000001699f000 nmethod 11789 0x0000000004c89b90 code [0x0000000004c89da0, 0x0000000004c8a7c8]
Event: 2419.276 Thread 0x000000001699f000 11791       3       org.gradle.api.internal.artifacts.ivyservice.resolveengine.graph.selectors.SelectorStateResolverResults::hasSoftForce (50 bytes)
Event: 2419.276 Thread 0x000000001699f000 nmethod 11791 0x00000000031ce750 code [0x00000000031ce900, 0x00000000031ceee8]
Event: 2419.276 Thread 0x000000001699f000 11790       3       org.gradle.api.internal.artifacts.dependencies.AbstractModuleDependency::getAttributes (23 bytes)
Event: 2419.277 Thread 0x000000001699f000 nmethod 11790 0x0000000003e1cc10 code [0x0000000003e1cd80, 0x0000000003e1cfe8]
Event: 2419.277 Thread 0x000000001699f000 11792       3       org.gradle.api.internal.artifacts.ivyservice.resolveengine.graph.builder.PendingDependencies::turnIntoHardDependencies (46 bytes)
Event: 2419.278 Thread 0x000000001699f000 nmethod 11792 0x0000000003cf8650 code [0x0000000003cf8840, 0x0000000003cf92f8]

GC Heap History (10 events):
Event: 25.117 GC heap before
{Heap before GC invocations=16 (full 3):
 PSYoungGen      total 139776K, used 5401K [0x00000000e0000000, 0x00000000eb180000, 0x0000000100000000)
  eden space 121856K, 0% used [0x00000000e0000000,0x00000000e0000000,0x00000000e7700000)
  from space 17920K, 30% used [0x00000000e7700000,0x00000000e7c46710,0x00000000e8880000)
  to   space 17408K, 0% used [0x00000000ea080000,0x00000000ea080000,0x00000000eb180000)
 ParOldGen       total 71168K, used 30785K [0x00000000a0000000, 0x00000000a4580000, 0x00000000e0000000)
  object space 71168K, 43% used [0x00000000a0000000,0x00000000a1e10420,0x00000000a4580000)
 Metaspace       used 57398K, capacity 59048K, committed 59160K, reserved 1099776K
  class space    used 7727K, capacity 8136K, committed 8216K, reserved 1048576K
Event: 25.350 GC heap after
Heap after GC invocations=16 (full 3):
 PSYoungGen      total 139776K, used 0K [0x00000000e0000000, 0x00000000eb180000, 0x0000000100000000)
  eden space 121856K, 0% used [0x00000000e0000000,0x00000000e0000000,0x00000000e7700000)
  from space 17920K, 0% used [0x00000000e7700000,0x00000000e7700000,0x00000000e8880000)
  to   space 17408K, 0% used [0x00000000ea080000,0x00000000ea080000,0x00000000eb180000)
 ParOldGen       total 107520K, used 30694K [0x00000000a0000000, 0x00000000a6900000, 0x00000000e0000000)
  object space 107520K, 28% used [0x00000000a0000000,0x00000000a1df99f0,0x00000000a6900000)
 Metaspace       used 57398K, capacity 59048K, committed 59160K, reserved 1099776K
  class space    used 7727K, capacity 8136K, committed 8216K, reserved 1048576K
}
Event: 30.219 GC heap before
{Heap before GC invocations=17 (full 3):
 PSYoungGen      total 139776K, used 121856K [0x00000000e0000000, 0x00000000eb180000, 0x0000000100000000)
  eden space 121856K, 100% used [0x00000000e0000000,0x00000000e7700000,0x00000000e7700000)
  from space 17920K, 0% used [0x00000000e7700000,0x00000000e7700000,0x00000000e8880000)
  to   space 17408K, 0% used [0x00000000ea080000,0x00000000ea080000,0x00000000eb180000)
 ParOldGen       total 107520K, used 30694K [0x00000000a0000000, 0x00000000a6900000, 0x00000000e0000000)
  object space 107520K, 28% used [0x00000000a0000000,0x00000000a1df99f0,0x00000000a6900000)
 Metaspace       used 62156K, capacity 64274K, committed 64536K, reserved 1105920K
  class space    used 8467K, capacity 8943K, committed 8984K, reserved 1048576K
Event: 30.242 GC heap after
Heap after GC invocations=17 (full 3):
 PSYoungGen      total 154112K, used 9152K [0x00000000e0000000, 0x00000000eac80000, 0x0000000100000000)
  eden space 141824K, 0% used [0x00000000e0000000,0x00000000e0000000,0x00000000e8a80000)
  from space 12288K, 74% used [0x00000000ea080000,0x00000000ea9703a8,0x00000000eac80000)
  to   space 17408K, 0% used [0x00000000e8a80000,0x00000000e8a80000,0x00000000e9b80000)
 ParOldGen       total 107520K, used 30702K [0x00000000a0000000, 0x00000000a6900000, 0x00000000e0000000)
  object space 107520K, 28% used [0x00000000a0000000,0x00000000a1dfb9f0,0x00000000a6900000)
 Metaspace       used 62156K, capacity 64274K, committed 64536K, reserved 1105920K
  class space    used 8467K, capacity 8943K, committed 8984K, reserved 1048576K
}
Event: 38.386 GC heap before
{Heap before GC invocations=18 (full 3):
 PSYoungGen      total 154112K, used 150976K [0x00000000e0000000, 0x00000000eac80000, 0x0000000100000000)
  eden space 141824K, 100% used [0x00000000e0000000,0x00000000e8a80000,0x00000000e8a80000)
  from space 12288K, 74% used [0x00000000ea080000,0x00000000ea9703a8,0x00000000eac80000)
  to   space 17408K, 0% used [0x00000000e8a80000,0x00000000e8a80000,0x00000000e9b80000)
 ParOldGen       total 107520K, used 30702K [0x00000000a0000000, 0x00000000a6900000, 0x00000000e0000000)
  object space 107520K, 28% used [0x00000000a0000000,0x00000000a1dfb9f0,0x00000000a6900000)
 Metaspace       used 66235K, capacity 68700K, committed 68888K, reserved 1107968K
  class space    used 8911K, capacity 9468K, committed 9496K, reserved 1048576K
Event: 38.409 GC heap after
Heap after GC invocations=18 (full 3):
 PSYoungGen      total 159232K, used 14802K [0x00000000e0000000, 0x00000000ec380000, 0x0000000100000000)
  eden space 141824K, 0% used [0x00000000e0000000,0x00000000e0000000,0x00000000e8a80000)
  from space 17408K, 85% used [0x00000000e8a80000,0x00000000e98f4958,0x00000000e9b80000)
  to   space 18944K, 0% used [0x00000000eb100000,0x00000000eb100000,0x00000000ec380000)
 ParOldGen       total 107520K, used 30710K [0x00000000a0000000, 0x00000000a6900000, 0x00000000e0000000)
  object space 107520K, 28% used [0x00000000a0000000,0x00000000a1dfd9f0,0x00000000a6900000)
 Metaspace       used 66235K, capacity 68700K, committed 68888K, reserved 1107968K
  class space    used 8911K, capacity 9468K, committed 9496K, reserved 1048576K
}
Event: 1904.752 GC heap before
{Heap before GC invocations=19 (full 3):
 PSYoungGen      total 159232K, used 156626K [0x00000000e0000000, 0x00000000ec380000, 0x0000000100000000)
  eden space 141824K, 100% used [0x00000000e0000000,0x00000000e8a80000,0x00000000e8a80000)
  from space 17408K, 85% used [0x00000000e8a80000,0x00000000e98f4958,0x00000000e9b80000)
  to   space 18944K, 0% used [0x00000000eb100000,0x00000000eb100000,0x00000000ec380000)
 ParOldGen       total 107520K, used 30710K [0x00000000a0000000, 0x00000000a6900000, 0x00000000e0000000)
  object space 107520K, 28% used [0x00000000a0000000,0x00000000a1dfd9f0,0x00000000a6900000)
 Metaspace       used 72659K, capacity 75490K, committed 75544K, reserved 1114112K
  class space    used 9417K, capacity 10008K, committed 10008K, reserved 1048576K
Event: 1904.794 GC heap after
Heap after GC invocations=19 (full 3):
 PSYoungGen      total 156160K, used 18916K [0x00000000e0000000, 0x00000000ec380000, 0x0000000100000000)
  eden space 137216K, 0% used [0x00000000e0000000,0x00000000e0000000,0x00000000e8600000)
  from space 18944K, 99% used [0x00000000eb100000,0x00000000ec379130,0x00000000ec380000)
  to   space 23552K, 0% used [0x00000000e9580000,0x00000000e9580000,0x00000000eac80000)
 ParOldGen       total 107520K, used 35689K [0x00000000a0000000, 0x00000000a6900000, 0x00000000e0000000)
  object space 107520K, 33% used [0x00000000a0000000,0x00000000a22da628,0x00000000a6900000)
 Metaspace       used 72659K, capacity 75490K, committed 75544K, reserved 1114112K
  class space    used 9417K, capacity 10008K, committed 10008K, reserved 1048576K
}
Event: 1914.913 GC heap before
{Heap before GC invocations=20 (full 3):
 PSYoungGen      total 156160K, used 156132K [0x00000000e0000000, 0x00000000ec380000, 0x0000000100000000)
  eden space 137216K, 100% used [0x00000000e0000000,0x00000000e8600000,0x00000000e8600000)
  from space 18944K, 99% used [0x00000000eb100000,0x00000000ec379130,0x00000000ec380000)
  to   space 23552K, 0% used [0x00000000e9580000,0x00000000e9580000,0x00000000eac80000)
 ParOldGen       total 107520K, used 35689K [0x00000000a0000000, 0x00000000a6900000, 0x00000000e0000000)
  object space 107520K, 33% used [0x00000000a0000000,0x00000000a22da628,0x00000000a6900000)
 Metaspace       used 76737K, capacity 79642K, committed 79896K, reserved 1118208K
  class space    used 9891K, capacity 10452K, committed 10520K, reserved 1048576K
Event: 1915.044 GC heap after
Heap after GC invocations=20 (full 3):
 PSYoungGen      total 154112K, used 20663K [0x00000000e0000000, 0x00000000eb500000, 0x0000000100000000)
  eden space 133120K, 0% used [0x00000000e0000000,0x00000000e0000000,0x00000000e8200000)
  from space 20992K, 98% used [0x00000000e9580000,0x00000000ea9adf50,0x00000000eaa00000)
  to   space 11264K, 0% used [0x00000000eaa00000,0x00000000eaa00000,0x00000000eb500000)
 ParOldGen       total 107520K, used 41709K [0x00000000a0000000, 0x00000000a6900000, 0x00000000e0000000)
  object space 107520K, 38% used [0x00000000a0000000,0x00000000a28bb6e8,0x00000000a6900000)
 Metaspace       used 76737K, capacity 79642K, committed 79896K, reserved 1118208K
  class space    used 9891K, capacity 10452K, committed 10520K, reserved 1048576K
}

Deoptimization events (10 events):
Event: 2418.432 Thread 0x000000001c70f800 Uncommon trap: reason=unstable_if action=reinterpret pc=0x0000000003759d44 method=java.lang.ThreadLocal$ThreadLocalMap.expungeStaleEntry(I)I @ 100
Event: 2418.719 Thread 0x000000001c70f800 Uncommon trap: reason=unstable_if action=reinterpret pc=0x00000000037fed50 method=java.lang.ref.SoftReference.get()Ljava/lang/Object; @ 6
Event: 2418.722 Thread 0x000000001c70f800 Uncommon trap: reason=unstable_if action=reinterpret pc=0x0000000003cde110 method=java.lang.ref.SoftReference.get()Ljava/lang/Object; @ 6
Event: 2418.722 Thread 0x000000001c70f800 Uncommon trap: reason=unstable_if action=reinterpret pc=0x00000000039709a4 method=java.lang.ref.SoftReference.get()Ljava/lang/Object; @ 6
Event: 2418.726 Thread 0x000000001c70f800 Uncommon trap: reason=speculate_class_check action=maybe_recompile pc=0x0000000004f3cf54 method=com.google.common.collect.ImmutableList.listIterator()Lcom/google/common/collect/UnmodifiableListIterator; @ 2
Event: 2419.073 Thread 0x000000001c70f800 Uncommon trap: reason=unstable_if action=reinterpret pc=0x0000000004e98fec method=org.gradle.api.internal.artifacts.ivyservice.resolveengine.graph.builder.EdgeState.<init>(Lorg/gradle/api/internal/artifacts/ivyservice/resolveengine/graph/builder/NodeState
Event: 2419.118 Thread 0x000000001c70f800 Uncommon trap: reason=class_check action=maybe_recompile pc=0x00000000045d0310 method=org.gradle.api.internal.artifacts.transform.DefaultTransformationDependency.hashCode()I @ 4
Event: 2419.118 Thread 0x000000001c70f800 Uncommon trap: reason=class_check action=maybe_recompile pc=0x00000000045d0310 method=org.gradle.api.internal.artifacts.transform.DefaultTransformationDependency.hashCode()I @ 4
Event: 2419.118 Thread 0x000000001c70f800 Uncommon trap: reason=class_check action=maybe_recompile pc=0x00000000045d0310 method=org.gradle.api.internal.artifacts.transform.DefaultTransformationDependency.hashCode()I @ 4
Event: 2419.118 Thread 0x000000001c70f800 Uncommon trap: reason=class_check action=maybe_recompile pc=0x00000000045d0310 method=org.gradle.api.internal.artifacts.transform.DefaultTransformationDependency.hashCode()I @ 4

Classes redefined (0 events):
No events

Internal exceptions (10 events):
Event: 2417.963 Thread 0x000000001c70f800 Exception <a 'java/lang/NoSuchMethodError': <clinit>> (0x00000000e16d6cd0) thrown at [D:\src\AOSP-openjdk-cygwin\jdk8u\hotspot\src\share\vm\prims\jni.cpp, line 1613]
Event: 2418.118 Thread 0x000000001c70f800 Exception <a 'java/lang/NoSuchMethodError': <clinit>> (0x00000000e17292d8) thrown at [D:\src\AOSP-openjdk-cygwin\jdk8u\hotspot\src\share\vm\prims\jni.cpp, line 1613]
Event: 2418.309 Thread 0x000000001c70f800 Exception <a 'java/lang/NoSuchMethodError': <clinit>> (0x00000000e1845348) thrown at [D:\src\AOSP-openjdk-cygwin\jdk8u\hotspot\src\share\vm\prims\jni.cpp, line 1613]
Event: 2418.309 Thread 0x000000001c70f800 Exception <a 'java/lang/NoSuchMethodError': <clinit>> (0x00000000e18492b8) thrown at [D:\src\AOSP-openjdk-cygwin\jdk8u\hotspot\src\share\vm\prims\jni.cpp, line 1613]
Event: 2418.310 Thread 0x000000001c70f800 Exception <a 'java/lang/NoSuchMethodError': <clinit>> (0x00000000e184adc0) thrown at [D:\src\AOSP-openjdk-cygwin\jdk8u\hotspot\src\share\vm\prims\jni.cpp, line 1613]
Event: 2418.310 Thread 0x000000001c70f800 Exception <a 'java/lang/NoSuchMethodError': <clinit>> (0x00000000e184c590) thrown at [D:\src\AOSP-openjdk-cygwin\jdk8u\hotspot\src\share\vm\prims\jni.cpp, line 1613]
Event: 2418.310 Thread 0x000000001c70f800 Exception <a 'java/lang/NoSuchMethodError': <clinit>> (0x00000000e184dc10) thrown at [D:\src\AOSP-openjdk-cygwin\jdk8u\hotspot\src\share\vm\prims\jni.cpp, line 1613]
Event: 2418.722 Thread 0x000000001c70f800 Implicit null exception at 0x0000000003cdd6f7 to 0x0000000003cde0f1
Event: 2418.722 Thread 0x000000001c70f800 Implicit null exception at 0x0000000003970323 to 0x0000000003970991
Event: 2418.727 Thread 0x000000001c70f800 Exception <a 'sun/nio/fs/WindowsException'> (0x00000000e217b518) thrown at [D:\src\AOSP-openjdk-cygwin\jdk8u\hotspot\src\share\vm\prims\jni.cpp, line 709]

Events (10 events):
Event: 2419.118 Thread 0x000000001c70f800 Uncommon trap: trap_request=0xffffffde fr.pc=0x00000000045d0310
Event: 2419.118 Thread 0x000000001c70f800 DEOPT PACKING pc=0x00000000045d0310 sp=0x000000001da2bf00
Event: 2419.118 Thread 0x000000001c70f800 DEOPT UNPACKING pc=0x000000000306557b sp=0x000000001da2be98 mode 2
Event: 2419.118 Thread 0x000000001c70f800 Uncommon trap: trap_request=0xffffffde fr.pc=0x00000000045d0310
Event: 2419.118 Thread 0x000000001c70f800 DEOPT PACKING pc=0x00000000045d0310 sp=0x000000001da2bf00
Event: 2419.118 Thread 0x000000001c70f800 DEOPT UNPACKING pc=0x000000000306557b sp=0x000000001da2be98 mode 2
Event: 2419.126 loading class org/gradle/api/internal/AbstractTask$19
Event: 2419.126 loading class org/gradle/api/internal/AbstractTask$19 done
Event: 2419.281 loading class org/gradle/internal/Describables$1
Event: 2419.281 loading class org/gradle/internal/Describables$1 done


Dynamic libraries:
0x00007ff714c10000 - 0x00007ff714c41000 	C:\Program Files\Android\Android Studio1\jre\bin\java.exe
0x00007ffbb9b20000 - 0x00007ffbb9d10000 	C:\WINDOWS\SYSTEM32\ntdll.dll
0x00007ffb9f130000 - 0x00007ffb9f144000 	C:\Program Files\AVG\Antivirus\aswhook.dll
0x00007ffbb96a0000 - 0x00007ffbb9752000 	C:\WINDOWS\System32\KERNEL32.DLL
0x00007ffbb6ef0000 - 0x00007ffbb7193000 	C:\WINDOWS\System32\KERNELBASE.dll
0x00007ffbb9a30000 - 0x00007ffbb9ad3000 	C:\WINDOWS\System32\ADVAPI32.dll
0x00007ffbb8890000 - 0x00007ffbb892e000 	C:\WINDOWS\System32\msvcrt.dll
0x00007ffbb8bc0000 - 0x00007ffbb8c57000 	C:\WINDOWS\System32\sechost.dll
0x00007ffbb84d0000 - 0x00007ffbb85f0000 	C:\WINDOWS\System32\RPCRT4.dll
0x00007ffbb8670000 - 0x00007ffbb8804000 	C:\WINDOWS\System32\USER32.dll
0x00007ffbb6ec0000 - 0x00007ffbb6ee1000 	C:\WINDOWS\System32\win32u.dll
0x00007ffbb9760000 - 0x00007ffbb9786000 	C:\WINDOWS\System32\GDI32.dll
0x00007ffbb6b50000 - 0x00007ffbb6ce4000 	C:\WINDOWS\System32\gdi32full.dll
0x00007ffbb6ab0000 - 0x00007ffbb6b4e000 	C:\WINDOWS\System32\msvcp_win.dll
0x00007ffbb6cf0000 - 0x00007ffbb6dea000 	C:\WINDOWS\System32\ucrtbase.dll
0x00007ffba40d0000 - 0x00007ffba4355000 	C:\WINDOWS\WinSxS\amd64_microsoft.windows.common-controls_6595b64144ccf1df_6.0.18362.418_none_e6c6b287130d565d\COMCTL32.dll
0x00007ffbb7bd0000 - 0x00007ffbb7f06000 	C:\WINDOWS\System32\combase.dll
0x00007ffbb7970000 - 0x00007ffbb79f0000 	C:\WINDOWS\System32\bcryptPrimitives.dll
0x00007ffbb8b10000 - 0x00007ffbb8b3e000 	C:\WINDOWS\System32\IMM32.DLL
0x00000000503c0000 - 0x0000000050492000 	C:\Program Files\Android\Android Studio1\jre\jre\bin\msvcr100.dll
0x0000000076d20000 - 0x0000000077561000 	C:\Program Files\Android\Android Studio1\jre\jre\bin\server\jvm.dll
0x00007ffbb9790000 - 0x00007ffbb9798000 	C:\WINDOWS\System32\PSAPI.DLL
0x00007ffbad140000 - 0x00007ffbad149000 	C:\WINDOWS\SYSTEM32\WSOCK32.dll
0x00007ffbb97a0000 - 0x00007ffbb980f000 	C:\WINDOWS\System32\WS2_32.dll
0x00007ffbb0730000 - 0x00007ffbb0754000 	C:\WINDOWS\SYSTEM32\WINMM.dll
0x00007ffbb0d60000 - 0x00007ffbb0d6a000 	C:\WINDOWS\SYSTEM32\VERSION.dll
0x00007ffbac1c0000 - 0x00007ffbac1ed000 	C:\WINDOWS\SYSTEM32\WINMMBASE.dll
0x00007ffbb71a0000 - 0x00007ffbb71ea000 	C:\WINDOWS\System32\cfgmgr32.dll
0x00007ffbb3100000 - 0x00007ffbb310f000 	C:\Program Files\Android\Android Studio1\jre\jre\bin\verify.dll
0x00007ffbaf200000 - 0x00007ffbaf229000 	C:\Program Files\Android\Android Studio1\jre\jre\bin\java.dll
0x00007ffbb2230000 - 0x00007ffbb2246000 	C:\Program Files\Android\Android Studio1\jre\jre\bin\zip.dll
0x00007ffbb8cc0000 - 0x00007ffbb93a5000 	C:\WINDOWS\System32\SHELL32.dll
0x00007ffbb8930000 - 0x00007ffbb89d9000 	C:\WINDOWS\System32\shcore.dll
0x00007ffbb71f0000 - 0x00007ffbb796f000 	C:\WINDOWS\System32\windows.storage.dll
0x00007ffbb6a90000 - 0x00007ffbb6aaf000 	C:\WINDOWS\System32\profapi.dll
0x00007ffbb6a20000 - 0x00007ffbb6a6a000 	C:\WINDOWS\System32\powrprof.dll
0x00007ffbb69f0000 - 0x00007ffbb6a00000 	C:\WINDOWS\System32\UMPDC.dll
0x00007ffbb8c60000 - 0x00007ffbb8cb2000 	C:\WINDOWS\System32\shlwapi.dll
0x00007ffbb6a00000 - 0x00007ffbb6a11000 	C:\WINDOWS\System32\kernel.appcore.dll
0x00007ffbb6ea0000 - 0x00007ffbb6eb7000 	C:\WINDOWS\System32\cryptsp.dll
0x00007ffbad270000 - 0x00007ffbad28a000 	C:\Program Files\Android\Android Studio1\jre\jre\bin\net.dll
0x00007ffbb6200000 - 0x00007ffbb6267000 	C:\WINDOWS\system32\mswsock.dll
0x00007ffbaa040000 - 0x00007ffbaa051000 	C:\Program Files\Android\Android Studio1\jre\jre\bin\nio.dll
0x00007ffba5fa0000 - 0x00007ffba5fbe000 	C:\Users\Diackson Marques\.gradle\native\25\windows-amd64\native-platform.dll
0x00007ffbac980000 - 0x00007ffbac98d000 	C:\Program Files\Android\Android Studio1\jre\jre\bin\management.dll
0x00007ffbb5d70000 - 0x00007ffbb5da3000 	C:\WINDOWS\system32\rsaenh.dll
0x00007ffbb7b40000 - 0x00007ffbb7b66000 	C:\WINDOWS\System32\bcrypt.dll
0x00007ffbb68e0000 - 0x00007ffbb6905000 	C:\WINDOWS\SYSTEM32\USERENV.dll
0x00007ffbb63d0000 - 0x00007ffbb63dc000 	C:\WINDOWS\SYSTEM32\CRYPTBASE.dll
0x00007ffbb5f10000 - 0x00007ffbb5f4a000 	C:\WINDOWS\SYSTEM32\IPHLPAPI.DLL
0x00007ffbb9a20000 - 0x00007ffbb9a28000 	C:\WINDOWS\System32\NSI.dll
0x00007ffbb11e0000 - 0x00007ffbb11f6000 	C:\WINDOWS\SYSTEM32\dhcpcsvc6.DLL
0x00007ffbb22c0000 - 0x00007ffbb22dc000 	C:\WINDOWS\SYSTEM32\dhcpcsvc.DLL
0x00007ffbb5f50000 - 0x00007ffbb601a000 	C:\WINDOWS\SYSTEM32\DNSAPI.dll
0x00007ffba0c80000 - 0x00007ffba0ca4000 	C:\Program Files\Android\Android Studio1\jre\jre\bin\sunec.dll
0x00007ffbac3a0000 - 0x00007ffbac3aa000 	C:\Windows\System32\rasadhlp.dll
0x00007ffbb0b00000 - 0x00007ffbb0b77000 	C:\WINDOWS\System32\fwpuclnt.dll
0x00007ffba9ca0000 - 0x00007ffba9cab000 	C:\Program Files\Android\Android Studio1\jre\jre\bin\sunmscapi.dll
0x00007ffbb79f0000 - 0x00007ffbb7b39000 	C:\WINDOWS\System32\CRYPT32.dll
0x00007ffbb6a70000 - 0x00007ffbb6a82000 	C:\WINDOWS\System32\MSASN1.dll

VM Arguments:
jvm_args: -Xmx1536m -Dfile.encoding=windows-1252 -Duser.country=BR -Duser.language=pt -Duser.variant 
java_command: org.gradle.launcher.daemon.bootstrap.GradleDaemon 5.1.1
java_class_path (initial): C:\Users\Diackson Marques\.gradle\wrapper\dists\gradle-5.1.1-all\97z1ksx6lirer3kbvdnh7jtjg\gradle-5.1.1\lib\gradle-launcher-5.1.1.jar
Launcher Type: SUN_STANDARD

Environment Variables:
PATH=C:\Program Files (x86)\Common Files\Oracle\Java\javapath;C:\ProgramData\Oracle\Java\javapath;C:\Program Files (x86)\Intel\iCLS Client\;C:\Program Files\Intel\iCLS Client\;C:\WINDOWS\system32;C:\WINDOWS;C:\WINDOWS\System32\Wbem;C:\WINDOWS\System32\WindowsPowerShell\v1.0\;C:\Program Files (x86)\Intel\Intel(R) Management Engine Components\DAL;C:\Program Files\Intel\Intel(R) Management Engine Components\DAL;C:\Program Files (x86)\Intel\Intel(R) Management Engine Components\IPT;C:\Program Files\Intel\Intel(R) Management Engine Components\IPT;C:\WINDOWS\System32\OpenSSH\;C:\Program Files\Git\cmd;C:\Users\Diackson Marques\AppData\Local\Microsoft\WindowsApps;C:\Users\Diackson Marques\AppData\Local\Programs\MiKTeX 2.9\miktex\bin\x64\;
USERNAME=Diackson Marques
OS=Windows_NT
PROCESSOR_IDENTIFIER=Intel64 Family 6 Model 142 Stepping 9, GenuineIntel



---------------  S Y S T E M  ---------------

OS: Windows 10.0 , 64 bit Build 18362 (10.0.18362.329)

CPU:total 4 (initial active 4) (2 cores per cpu, 2 threads per core) family 6 model 142 stepping 9, cmov, cx8, fxsr, mmx, sse, sse2, sse3, ssse3, sse4.1, sse4.2, popcnt, avx, avx2, aes, clmul, erms, 3dnowpref, lzcnt, ht, tsc, tscinvbit, bmi1, bmi2, adx

Memory: 4k page, physical 4066916k(261532k free), swap 4271716k(4472k free)

vm_info: OpenJDK 64-Bit Server VM (25.152-b01) for windows-amd64 JRE (1.8.0_152-release-1343-b01), built by "builder" with MS VC++ 10.0 (VS2010)

time: Tue Nov 05 09:08:35 2019
elapsed time: 2419 seconds (0d 0h 40m 19s)

