#
# There is insufficient memory for the Java Runtime Environment to continue.
# Native memory allocation (malloc) failed to allocate 1002496 bytes for Chunk::new
# Possible reasons:
#   The system is out of physical RAM or swap space
#   In 32 bit mode, the process size limit was hit
# Possible solutions:
#   Reduce memory load on the system
#   Increase physical memory or swap space
#   Check if swap backing store is full
#   Use 64 bit Java on a 64 bit OS
#   Decrease Java heap size (-Xmx/-Xms)
#   Decrease number of Java threads
#   Decrease Java thread stack sizes (-Xss)
#   Set larger code cache with -XX:ReservedCodeCacheSize=
# This output file may be truncated or incomplete.
#
#  Out of Memory Error (allocation.cpp:390), pid=3692, tid=0x0000000000001f7c
#
# JRE version: OpenJDK Runtime Environment (8.0_152-b01) (build 1.8.0_152-release-1343-b01)
# Java VM: OpenJDK 64-Bit Server VM (25.152-b01 mixed mode windows-amd64 compressed oops)
# Failed to write core dump. Minidumps are not enabled by default on client versions of Windows
#

---------------  T H R E A D  ---------------

Current thread (0x0000000016312000):  JavaThread "C2 CompilerThread1" daemon [_thread_in_native, id=8060, stack(0x0000000017a70000,0x0000000017b70000)]

Stack: [0x0000000017a70000,0x0000000017b70000]
[error occurred during error reporting (printing stack bounds), id 0xc0000005]

Native frames: (J=compiled Java code, j=interpreted, Vv=VM code, C=native code)


Current CompileTask:
C2:3294189 21938       4       java.nio.file.FileTreeIterator::fetchNextIfNeeded (65 bytes)


---------------  P R O C E S S  ---------------

Java Threads: ( => current thread )
  0x0000000018794800 JavaThread "ForkJoinPool-4-worker-18" daemon [_thread_new, id=5868, stack(0x0000000000000000,0x0000000000000000)]
  0x0000000018798000 JavaThread "ForkJoinPool-4-worker-8" daemon [_thread_blocked, id=968, stack(0x0000000028af0000,0x0000000028bf0000)]
  0x0000000018799800 JavaThread "ForkJoinPool-4-worker-15" daemon [_thread_blocked, id=4776, stack(0x00000000289f0000,0x0000000028af0000)]
  0x0000000018796000 JavaThread "ForkJoinPool-4-worker-13" daemon [_thread_blocked, id=7316, stack(0x0000000028370000,0x0000000028470000)]
  0x0000000018799000 JavaThread "ForkJoinPool-4-worker-9" daemon [_thread_blocked, id=2616, stack(0x0000000028790000,0x0000000028890000)]
  0x000000001879a800 JavaThread "ForkJoinPool-4-worker-14" daemon [_thread_blocked, id=3712, stack(0x0000000028690000,0x0000000028790000)]
  0x0000000016329000 JavaThread "ForkJoinPool-4-worker-12" daemon [_thread_blocked, id=4600, stack(0x0000000028590000,0x0000000028690000)]
  0x000000001b15b000 JavaThread "ForkJoinPool-4-worker-10" daemon [_thread_blocked, id=2136, stack(0x0000000028490000,0x0000000028590000)]
  0x000000001b157000 JavaThread "ForkJoinPool-4-worker-11" daemon [_thread_blocked, id=2720, stack(0x0000000027e10000,0x0000000027f10000)]
  0x000000001b155000 JavaThread "ForkJoinPool-4-worker-5" daemon [_thread_blocked, id=1680, stack(0x0000000027d10000,0x0000000027e10000)]
  0x000000001b158800 JavaThread "ForkJoinPool-4-worker-7" daemon [_thread_blocked, id=3100, stack(0x0000000027c10000,0x0000000027d10000)]
  0x000000001d6c7800 JavaThread "ForkJoinPool-4-worker-6" daemon [_thread_blocked, id=9728, stack(0x0000000027b10000,0x0000000027c10000)]
  0x000000001d6c7000 JavaThread "ForkJoinPool-4-worker-4" daemon [_thread_blocked, id=6676, stack(0x00000000273b0000,0x00000000274b0000)]
  0x000000001d6c6000 JavaThread "ForkJoinPool-4-worker-0" daemon [_thread_blocked, id=5872, stack(0x00000000272b0000,0x00000000273b0000)]
  0x000000001d6be000 JavaThread "ForkJoinPool-4-worker-3" daemon [_thread_blocked, id=3516, stack(0x00000000271b0000,0x00000000272b0000)]
  0x000000001d6c3000 JavaThread "ForkJoinPool-4-worker-2" daemon [_thread_blocked, id=8336, stack(0x00000000260a0000,0x00000000261a0000)]
  0x000000001d6c2800 JavaThread "ForkJoinPool-4-worker-1" daemon [_thread_blocked, id=9244, stack(0x00000000255a0000,0x00000000256a0000)]
  0x000000001b15b800 JavaThread "ForkJoinPool.commonPool-worker-2" daemon [_thread_blocked, id=5552, stack(0x00000000254a0000,0x00000000255a0000)]
  0x000000001b15a000 JavaThread "ForkJoinPool.commonPool-worker-1" daemon [_thread_blocked, id=4996, stack(0x00000000247a0000,0x00000000248a0000)]
  0x000000001b14f000 JavaThread "stdout" daemon [_thread_in_native, id=5548, stack(0x0000000024fa0000,0x00000000250a0000)]
  0x000000001b155800 JavaThread "stderr" daemon [_thread_in_native, id=6900, stack(0x0000000024cc0000,0x0000000024dc0000)]
  0x000000001b14e000 JavaThread "pool-8-thread-1" [_thread_blocked, id=3004, stack(0x0000000024bc0000,0x0000000024cc0000)]
  0x000000001b151000 JavaThread "Cache worker for Java compile cache (C:\Users\Diackson Marques\Desktop\BelezaOnline_2\.gradle\5.1.1\javaCompile)" [_thread_blocked, id=10032, stack(0x00000000243a0000,0x00000000244a0000)]
  0x000000001ebdd800 JavaThread "Cache worker for execution history cache (C:\Users\Diackson Marques\Desktop\BelezaOnline_2\.gradle\5.1.1\executionHistory)" [_thread_blocked, id=9144, stack(0x00000000242a0000,0x00000000243a0000)]
  0x000000001ebdc800 JavaThread "Execution worker for ':' Thread 3" [_thread_blocked, id=7448, stack(0x00000000241a0000,0x00000000242a0000)]
  0x000000001ebdb800 JavaThread "Execution worker for ':' Thread 2" [_thread_blocked, id=1104, stack(0x0000000023c90000,0x0000000023d90000)]
  0x000000001ebda000 JavaThread "Execution worker for ':'" [_thread_blocked, id=7064, stack(0x0000000023b90000,0x0000000023c90000)]
  0x000000001ebd9800 JavaThread "Cache worker for file content cache (C:\Users\Diackson Marques\Desktop\BelezaOnline_2\.gradle\5.1.1\fileContent)" [_thread_blocked, id=8324, stack(0x00000000248c0000,0x00000000249c0000)]
  0x000000001ebdf000 JavaThread "Cache worker for Build Output Cleanup Cache (C:\Users\Diackson Marques\Desktop\BelezaOnline_2\.gradle\buildOutputCleanup)" [_thread_blocked, id=4076, stack(0x00000000236a0000,0x00000000237a0000)]
  0x000000001ebdb000 JavaThread "Build operations Thread 4" [_thread_blocked, id=8352, stack(0x00000000235a0000,0x00000000236a0000)]
  0x000000001ebde000 JavaThread "Build operations Thread 3" [_thread_blocked, id=4892, stack(0x0000000021f50000,0x0000000022050000)]
  0x000000001ebd8800 JavaThread "Build operations Thread 2" [_thread_blocked, id=928, stack(0x0000000021850000,0x0000000021950000)]
  0x000000001ebd7000 JavaThread "Build operations" [_thread_blocked, id=5716, stack(0x0000000021750000,0x0000000021850000)]
  0x000000001ebcf800 JavaThread "Cache worker for cache directory md-rule (C:\Users\Diackson Marques\.gradle\caches\5.1.1\md-rule)" [_thread_blocked, id=9096, stack(0x0000000021650000,0x0000000021750000)]
  0x000000001ebd5000 JavaThread "Cache worker for cache directory md-supplier (C:\Users\Diackson Marques\.gradle\caches\5.1.1\md-supplier)" [_thread_blocked, id=6460, stack(0x0000000021550000,0x0000000021650000)]
  0x000000001ebd4000 JavaThread "Cache worker for file hash cache (C:\Users\Diackson Marques\Desktop\BelezaOnline_2\.gradle\5.1.1\fileHashes)" [_thread_blocked, id=2836, stack(0x000000001e690000,0x000000001e790000)]
  0x000000001ebd0800 JavaThread "Thread-69" [_thread_blocked, id=6520, stack(0x000000001e350000,0x000000001e450000)]
  0x000000001ebd1000 JavaThread "Stdin handler" [_thread_blocked, id=4484, stack(0x000000001d080000,0x000000001d180000)]
  0x000000001ebd2000 JavaThread "Asynchronous log dispatcher for DefaultDaemonConnection: socket connection from /127.0.0.1:52011 to /127.0.0.1:52165" [_thread_blocked, id=4124, stack(0x000000001aae0000,0x000000001abe0000)]
  0x000000001ebd6800 JavaThread "Cancel handler" [_thread_blocked, id=9376, stack(0x000000001a6e0000,0x000000001a7e0000)]
  0x000000001ebd3800 JavaThread "Handler for socket connection from /127.0.0.1:52011 to /127.0.0.1:52165" [_thread_in_native, id=5240, stack(0x000000001a3e0000,0x000000001a4e0000)]
  0x000000001ebd5800 JavaThread "Cache worker for Java compile cache (C:\Users\Diackson Marques\.gradle\caches\5.1.1\javaCompile)" [_thread_blocked, id=7368, stack(0x00000000246a0000,0x00000000247a0000)]
  0x000000001b159800 JavaThread "Cache worker for file content cache (C:\Users\Diackson Marques\.gradle\caches\5.1.1\fileContent)" [_thread_blocked, id=1580, stack(0x0000000023a90000,0x0000000023b90000)]
  0x000000001b152800 JavaThread "Daemon worker Thread 3" [_thread_blocked, id=6844, stack(0x000000001a7e0000,0x000000001a8e0000)]
  0x000000001b14f800 JavaThread "Daemon Thread 3" [_thread_blocked, id=596, stack(0x000000001a2e0000,0x000000001a3e0000)]
  0x000000001d6c4000 JavaThread "Memory manager" [_thread_blocked, id=9844, stack(0x0000000022050000,0x0000000022150000)]
  0x000000001d6bd000 JavaThread "Cache worker for execution history cache (C:\Users\Diackson Marques\.gradle\caches\5.1.1\executionHistory)" [_thread_blocked, id=1868, stack(0x000000001f9c0000,0x000000001fac0000)]
  0x0000000016326000 JavaThread "Cache worker for journal cache (C:\Users\Diackson Marques\.gradle\caches\journal-1)" [_thread_blocked, id=2228, stack(0x000000001ade0000,0x000000001aee0000)]
  0x00000000196d7000 JavaThread "File lock request listener" [_thread_in_native, id=1140, stack(0x000000001ace0000,0x000000001ade0000)]
  0x00000000196d0800 JavaThread "Cache worker for file hash cache (C:\Users\Diackson Marques\.gradle\caches\5.1.1\fileHashes)" [_thread_blocked, id=1108, stack(0x000000001abe0000,0x000000001ace0000)]
  0x00000000190c2000 JavaThread "Daemon periodic checks" [_thread_blocked, id=8132, stack(0x000000001a1e0000,0x000000001a2e0000)]
  0x00000000190bb000 JavaThread "Incoming local TCP Connector on port 52011" [_thread_in_native, id=6240, stack(0x0000000019f80000,0x000000001a080000)]
  0x0000000017ca9800 JavaThread "Service Thread" daemon [_thread_blocked, id=5172, stack(0x0000000018070000,0x0000000018170000)]
  0x0000000016328800 JavaThread "C1 CompilerThread2" daemon [_thread_blocked, id=8652, stack(0x0000000017b70000,0x0000000017c70000)]
=>0x0000000016312000 JavaThread "C2 CompilerThread1" daemon [_thread_in_native, id=8060, stack(0x0000000017a70000,0x0000000017b70000)]
  0x000000001630d800 JavaThread "C2 CompilerThread0" daemon [_thread_in_native, id=7704, stack(0x0000000017970000,0x0000000017a70000)]
  0x000000001630c000 JavaThread "Attach Listener" daemon [_thread_blocked, id=9780, stack(0x0000000017870000,0x0000000017970000)]
  0x000000001630a800 JavaThread "Signal Dispatcher" daemon [_thread_blocked, id=7908, stack(0x0000000017770000,0x0000000017870000)]
  0x000000000299b800 JavaThread "Finalizer" daemon [_thread_blocked, id=7192, stack(0x0000000017560000,0x0000000017660000)]
  0x00000000162d8000 JavaThread "Reference Handler" daemon [_thread_blocked, id=9368, stack(0x0000000017460000,0x0000000017560000)]
  0x000000000288e800 JavaThread "main" [_thread_blocked, id=6992, stack(0x00000000026d0000,0x00000000027d0000)]

Other Threads:
  0x00000000162d6000 VMThread [stack: 0x0000000017360000,0x0000000017460000] [id=6772]
  0x0000000017caa000 WatcherThread [stack: 0x0000000018170000,0x0000000018270000] [id=1972]

VM state:not at safepoint (normal execution)

VM Mutex/Monitor currently owned by a thread: None

Heap:
 PSYoungGen      total 214528K, used 193151K [0x00000000e0000000, 0x00000000f0380000, 0x0000000100000000)
  eden space 174592K, 87% used [0x00000000e0000000,0x00000000e95a2040,0x00000000eaa80000)
  from space 39936K, 99% used [0x00000000ed280000,0x00000000ef97dde0,0x00000000ef980000)
  to   space 40960K, 0% used [0x00000000eaa80000,0x00000000eaa80000,0x00000000ed280000)
 ParOldGen       total 140800K, used 85886K [0x00000000a0000000, 0x00000000a8980000, 0x00000000e0000000)
  object space 140800K, 60% used [0x00000000a0000000,0x00000000a53df8a0,0x00000000a8980000)
 Metaspace       used 92874K, capacity 96510K, committed 96856K, reserved 1134592K
  class space    used 11566K, capacity 12277K, committed 12376K, reserved 1048576K

Card table byte_map: [0x0000000011d60000,0x0000000012070000] byte_map_base: 0x0000000011860000

Marking Bits: (ParMarkBitMap*) 0x0000000050fe5aa0
 Begin Bits: [0x0000000012670000, 0x0000000013e70000)
 End Bits:   [0x0000000013e70000, 0x0000000015670000)

Polling page: 0x00000000009f0000

CodeCache: size=245760Kb used=60858Kb max_used=61003Kb free=184901Kb
 bounds [0x00000000029a0000, 0x0000000006580000, 0x00000000119a0000]
 total_blobs=18652 nmethods=17782 adapters=781
 compilation: enabled

Compilation events (10 events):
Event: 3294.111 Thread 0x0000000016328800 21956       3       com.android.tools.r8.com.google.common.collect.HashBiMap::put (8 bytes)
Event: 3294.111 Thread 0x0000000016328800 nmethod 21956 0x0000000003477710 code [0x0000000003477880, 0x0000000003477a08]
Event: 3294.113 Thread 0x0000000016328800 21957       3       com.android.tools.r8.com.google.common.collect.HashBiMap$BiEntry::<init> (18 bytes)
Event: 3294.113 Thread 0x0000000016328800 nmethod 21957 0x0000000002c68090 code [0x0000000002c68200, 0x0000000002c684b0]
Event: 3294.115 Thread 0x0000000016328800 21958       3       com.android.tools.r8.com.google.common.collect.HashBiMap::insert (188 bytes)
Event: 3294.116 Thread 0x0000000016328800 nmethod 21958 0x000000000373da10 code [0x000000000373dba0, 0x000000000373e270]
Event: 3294.117 Thread 0x0000000016328800 21959       3       com.android.tools.r8.com.google.common.collect.HashBiMap::rehashIfNecessary (87 bytes)
Event: 3294.118 Thread 0x0000000016328800 nmethod 21959 0x0000000002f754d0 code [0x0000000002f756a0, 0x0000000002f75c88]
Event: 3294.131 Thread 0x0000000016328800 21960       3       com.android.tools.r8.graph.DexItemFactory$$Lambda$699/75909179::apply (15 bytes)
Event: 3294.131 Thread 0x0000000016328800 nmethod 21960 0x00000000037b2cd0 code [0x00000000037b2e60, 0x00000000037b3310]

GC Heap History (10 events):
Event: 3286.415 GC heap before
{Heap before GC invocations=28 (full 4):
 PSYoungGen      total 215552K, used 206017K [0x00000000e0000000, 0x00000000f0380000, 0x0000000100000000)
  eden space 174592K, 100% used [0x00000000e0000000,0x00000000eaa80000,0x00000000eaa80000)
  from space 40960K, 76% used [0x00000000eaa80000,0x00000000ec930520,0x00000000ed280000)
  to   space 39936K, 0% used [0x00000000ed280000,0x00000000ed280000,0x00000000ef980000)
 ParOldGen       total 140800K, used 54142K [0x00000000a0000000, 0x00000000a8980000, 0x00000000e0000000)
  object space 140800K, 38% used [0x00000000a0000000,0x00000000a34df900,0x00000000a8980000)
 Metaspace       used 91455K, capacity 94978K, committed 95192K, reserved 1132544K
  class space    used 11421K, capacity 12119K, committed 12248K, reserved 1048576K
Event: 3286.500 GC heap after
Heap after GC invocations=28 (full 4):
 PSYoungGen      total 214528K, used 14928K [0x00000000e0000000, 0x00000000f0380000, 0x0000000100000000)
  eden space 174592K, 0% used [0x00000000e0000000,0x00000000e0000000,0x00000000eaa80000)
  from space 39936K, 37% used [0x00000000ed280000,0x00000000ee114260,0x00000000ef980000)
  to   space 40960K, 0% used [0x00000000eaa80000,0x00000000eaa80000,0x00000000ed280000)
 ParOldGen       total 140800K, used 69183K [0x00000000a0000000, 0x00000000a8980000, 0x00000000e0000000)
  object space 140800K, 49% used [0x00000000a0000000,0x00000000a438fc18,0x00000000a8980000)
 Metaspace       used 91455K, capacity 94978K, committed 95192K, reserved 1132544K
  class space    used 11421K, capacity 12119K, committed 12248K, reserved 1048576K
}
Event: 3287.753 GC heap before
{Heap before GC invocations=29 (full 4):
 PSYoungGen      total 214528K, used 189520K [0x00000000e0000000, 0x00000000f0380000, 0x0000000100000000)
  eden space 174592K, 100% used [0x00000000e0000000,0x00000000eaa80000,0x00000000eaa80000)
  from space 39936K, 37% used [0x00000000ed280000,0x00000000ee114260,0x00000000ef980000)
  to   space 40960K, 0% used [0x00000000eaa80000,0x00000000eaa80000,0x00000000ed280000)
 ParOldGen       total 140800K, used 69183K [0x00000000a0000000, 0x00000000a8980000, 0x00000000e0000000)
  object space 140800K, 49% used [0x00000000a0000000,0x00000000a438fc18,0x00000000a8980000)
 Metaspace       used 91494K, capacity 95110K, committed 95448K, reserved 1132544K
  class space    used 11421K, capacity 12119K, committed 12248K, reserved 1048576K
Event: 3287.787 GC heap after
Heap after GC invocations=29 (full 4):
 PSYoungGen      total 215552K, used 13427K [0x00000000e0000000, 0x00000000f0380000, 0x0000000100000000)
  eden space 174592K, 0% used [0x00000000e0000000,0x00000000e0000000,0x00000000eaa80000)
  from space 40960K, 32% used [0x00000000eaa80000,0x00000000eb79cfe8,0x00000000ed280000)
  to   space 39936K, 0% used [0x00000000ed280000,0x00000000ed280000,0x00000000ef980000)
 ParOldGen       total 140800K, used 73921K [0x00000000a0000000, 0x00000000a8980000, 0x00000000e0000000)
  object space 140800K, 52% used [0x00000000a0000000,0x00000000a48306e8,0x00000000a8980000)
 Metaspace       used 91494K, capacity 95110K, committed 95448K, reserved 1132544K
  class space    used 11421K, capacity 12119K, committed 12248K, reserved 1048576K
}
Event: 3288.901 GC heap before
{Heap before GC invocations=30 (full 4):
 PSYoungGen      total 215552K, used 187908K [0x00000000e0000000, 0x00000000f0380000, 0x0000000100000000)
  eden space 174592K, 99% used [0x00000000e0000000,0x00000000eaa64300,0x00000000eaa80000)
  from space 40960K, 32% used [0x00000000eaa80000,0x00000000eb79cfe8,0x00000000ed280000)
  to   space 39936K, 0% used [0x00000000ed280000,0x00000000ed280000,0x00000000ef980000)
 ParOldGen       total 140800K, used 73921K [0x00000000a0000000, 0x00000000a8980000, 0x00000000e0000000)
  object space 140800K, 52% used [0x00000000a0000000,0x00000000a48306e8,0x00000000a8980000)
 Metaspace       used 91571K, capacity 95136K, committed 95448K, reserved 1132544K
  class space    used 11423K, capacity 12122K, committed 12248K, reserved 1048576K
Event: 3288.915 GC heap after
Heap after GC invocations=30 (full 4):
 PSYoungGen      total 214528K, used 8759K [0x00000000e0000000, 0x00000000f0380000, 0x0000000100000000)
  eden space 174592K, 0% used [0x00000000e0000000,0x00000000e0000000,0x00000000eaa80000)
  from space 39936K, 21% used [0x00000000ed280000,0x00000000edb0dd98,0x00000000ef980000)
  to   space 40960K, 0% used [0x00000000eaa80000,0x00000000eaa80000,0x00000000ed280000)
 ParOldGen       total 140800K, used 78061K [0x00000000a0000000, 0x00000000a8980000, 0x00000000e0000000)
  object space 140800K, 55% used [0x00000000a0000000,0x00000000a4c3b710,0x00000000a8980000)
 Metaspace       used 91571K, capacity 95136K, committed 95448K, reserved 1132544K
  class space    used 11423K, capacity 12122K, committed 12248K, reserved 1048576K
}
Event: 3290.642 GC heap before
{Heap before GC invocations=31 (full 4):
 PSYoungGen      total 214528K, used 183351K [0x00000000e0000000, 0x00000000f0380000, 0x0000000100000000)
  eden space 174592K, 100% used [0x00000000e0000000,0x00000000eaa80000,0x00000000eaa80000)
  from space 39936K, 21% used [0x00000000ed280000,0x00000000edb0dd98,0x00000000ef980000)
  to   space 40960K, 0% used [0x00000000eaa80000,0x00000000eaa80000,0x00000000ed280000)
 ParOldGen       total 140800K, used 78061K [0x00000000a0000000, 0x00000000a8980000, 0x00000000e0000000)
  object space 140800K, 55% used [0x00000000a0000000,0x00000000a4c3b710,0x00000000a8980000)
 Metaspace       used 91910K, capacity 95460K, committed 95704K, reserved 1132544K
  class space    used 11456K, capacity 12158K, committed 12248K, reserved 1048576K
Event: 3290.653 GC heap after
Heap after GC invocations=31 (full 4):
 PSYoungGen      total 215552K, used 3356K [0x00000000e0000000, 0x00000000f0380000, 0x0000000100000000)
  eden space 174592K, 0% used [0x00000000e0000000,0x00000000e0000000,0x00000000eaa80000)
  from space 40960K, 8% used [0x00000000eaa80000,0x00000000eadc72d8,0x00000000ed280000)
  to   space 39936K, 0% used [0x00000000ed280000,0x00000000ed280000,0x00000000ef980000)
 ParOldGen       total 140800K, used 78313K [0x00000000a0000000, 0x00000000a8980000, 0x00000000e0000000)
  object space 140800K, 55% used [0x00000000a0000000,0x00000000a4c7a720,0x00000000a8980000)
 Metaspace       used 91910K, capacity 95460K, committed 95704K, reserved 1132544K
  class space    used 11456K, capacity 12158K, committed 12248K, reserved 1048576K
}
Event: 3292.436 GC heap before
{Heap before GC invocations=32 (full 4):
 PSYoungGen      total 215552K, used 177948K [0x00000000e0000000, 0x00000000f0380000, 0x0000000100000000)
  eden space 174592K, 100% used [0x00000000e0000000,0x00000000eaa80000,0x00000000eaa80000)
  from space 40960K, 8% used [0x00000000eaa80000,0x00000000eadc72d8,0x00000000ed280000)
  to   space 39936K, 0% used [0x00000000ed280000,0x00000000ed280000,0x00000000ef980000)
 ParOldGen       total 140800K, used 78313K [0x00000000a0000000, 0x00000000a8980000, 0x00000000e0000000)
  object space 140800K, 55% used [0x00000000a0000000,0x00000000a4c7a720,0x00000000a8980000)
 Metaspace       used 92736K, capacity 96364K, committed 96600K, reserved 1134592K
  class space    used 11562K, capacity 12272K, committed 12376K, reserved 1048576K
Event: 3292.485 GC heap after
Heap after GC invocations=32 (full 4):
 PSYoungGen      total 214528K, used 39927K [0x00000000e0000000, 0x00000000f0380000, 0x0000000100000000)
  eden space 174592K, 0% used [0x00000000e0000000,0x00000000e0000000,0x00000000eaa80000)
  from space 39936K, 99% used [0x00000000ed280000,0x00000000ef97dde0,0x00000000ef980000)
  to   space 40960K, 0% used [0x00000000eaa80000,0x00000000eaa80000,0x00000000ed280000)
 ParOldGen       total 140800K, used 85886K [0x00000000a0000000, 0x00000000a8980000, 0x00000000e0000000)
  object space 140800K, 60% used [0x00000000a0000000,0x00000000a53df8a0,0x00000000a8980000)
 Metaspace       used 92736K, capacity 96364K, committed 96600K, reserved 1134592K
  class space    used 11562K, capacity 12272K, committed 12376K, reserved 1048576K
}

Deoptimization events (10 events):
Event: 3292.946 Thread 0x000000001d6c2800 Uncommon trap: reason=array_check action=maybe_recompile pc=0x00000000064474e4 method=java.util.TimSort.mergeLo(IIII)V @ 245
Event: 3292.950 Thread 0x000000001d6c2800 Uncommon trap: reason=array_check action=maybe_recompile pc=0x0000000006447494 method=java.util.TimSort.mergeLo(IIII)V @ 212
Event: 3292.952 Thread 0x000000001d6c2800 Uncommon trap: reason=array_check action=maybe_recompile pc=0x00000000060492a4 method=java.util.TimSort.mergeHi(IIII)V @ 250
Event: 3292.955 Thread 0x000000001d6c2800 Uncommon trap: reason=array_check action=maybe_recompile pc=0x00000000064474e4 method=java.util.TimSort.mergeLo(IIII)V @ 245
Event: 3292.958 Thread 0x000000001d6c2800 Uncommon trap: reason=array_check action=maybe_recompile pc=0x00000000060492a4 method=java.util.TimSort.mergeHi(IIII)V @ 250
Event: 3292.983 Thread 0x000000001d6c2800 Uncommon trap: reason=unstable_if action=reinterpret pc=0x0000000005aab860 method=com.android.tools.r8.dex.DexOutputBuffer.ensureSpaceFor(I)V @ 8
Event: 3293.137 Thread 0x000000001d6c2800 Uncommon trap: reason=unstable_if action=reinterpret pc=0x0000000004c11dbc method=java.lang.Long.numberOfTrailingZeros(J)I @ 3
Event: 3293.260 Thread 0x000000001d6c2800 Uncommon trap: reason=unstable_if action=reinterpret pc=0x00000000045350c4 method=java.nio.Bits.copyFromArray(Ljava/lang/Object;JJJJ)V @ 18
Event: 3293.590 Thread 0x000000001d6be000 Uncommon trap: reason=unloaded action=reinterpret pc=0x000000000643589c method=com.android.tools.r8.code.BaseInstructionFactory.create(IILcom/android/tools/r8/code/BytecodeStream;Lcom/android/tools/r8/graph/OffsetToObjectMapping;)Lcom/android/tools/r8/cod
Event: 3294.034 Thread 0x000000001b158800 Uncommon trap: reason=null_check action=make_not_entrant pc=0x00000000065529d0 method=com.android.tools.r8.dex.DexParser.debugInfoAt(I)Lcom/android/tools/r8/graph/DexDebugInfo; @ 11

Classes redefined (0 events):
No events

Internal exceptions (10 events):
Event: 3294.079 Thread 0x000000001b155000 Exception <a 'sun/nio/fs/WindowsException'> (0x00000000e8a47318) thrown at [D:\src\AOSP-openjdk-cygwin\jdk8u\hotspot\src\share\vm\prims\jni.cpp, line 709]
Event: 3294.103 Thread 0x000000001b157000 Exception <a 'java/lang/OutOfMemoryError'> (0x00000000e8d4fba8) thrown at [D:\src\AOSP-openjdk-cygwin\jdk8u\hotspot\src\share\vm\prims\unsafe.cpp, line 634]
Event: 3294.105 Thread 0x000000001b157000 Exception <a 'sun/nio/fs/WindowsException'> (0x00000000e8d61010) thrown at [D:\src\AOSP-openjdk-cygwin\jdk8u\hotspot\src\share\vm\prims\jni.cpp, line 709]
Event: 3294.111 Thread 0x000000001b15b000 Exception <a 'sun/nio/fs/WindowsException'> (0x00000000e921a910) thrown at [D:\src\AOSP-openjdk-cygwin\jdk8u\hotspot\src\share\vm\prims\jni.cpp, line 709]
Event: 3294.135 Thread 0x0000000016329000 Exception <a 'sun/nio/fs/WindowsException'> (0x00000000e9278478) thrown at [D:\src\AOSP-openjdk-cygwin\jdk8u\hotspot\src\share\vm\prims\jni.cpp, line 709]
Event: 3294.141 Thread 0x000000001879a800 Exception <a 'sun/nio/fs/WindowsException'> (0x00000000e92ce208) thrown at [D:\src\AOSP-openjdk-cygwin\jdk8u\hotspot\src\share\vm\prims\jni.cpp, line 709]
Event: 3294.145 Thread 0x0000000018799000 Exception <a 'sun/nio/fs/WindowsException'> (0x00000000e9331ff8) thrown at [D:\src\AOSP-openjdk-cygwin\jdk8u\hotspot\src\share\vm\prims\jni.cpp, line 709]
Event: 3294.151 Thread 0x0000000018796000 Exception <a 'sun/nio/fs/WindowsException'> (0x00000000e93909d0) thrown at [D:\src\AOSP-openjdk-cygwin\jdk8u\hotspot\src\share\vm\prims\jni.cpp, line 709]
Event: 3294.169 Thread 0x0000000018799800 Exception <a 'sun/nio/fs/WindowsException'> (0x00000000e93fb5e8) thrown at [D:\src\AOSP-openjdk-cygwin\jdk8u\hotspot\src\share\vm\prims\jni.cpp, line 709]
Event: 3294.172 Thread 0x0000000018798000 Exception <a 'sun/nio/fs/WindowsException'> (0x00000000e949aaf8) thrown at [D:\src\AOSP-openjdk-cygwin\jdk8u\hotspot\src\share\vm\prims\jni.cpp, line 709]

Events (10 events):
Event: 3294.143 Executing VM operation: RevokeBias
Event: 3294.144 Executing VM operation: RevokeBias done
Event: 3294.144 Executing VM operation: RevokeBias
Event: 3294.144 Executing VM operation: RevokeBias done
Event: 3294.146 Thread 0x0000000018796000 Thread added: 0x0000000018796000
Event: 3294.152 Thread 0x0000000018799800 Thread added: 0x0000000018799800
Event: 3294.166 Executing VM operation: RevokeBias
Event: 3294.166 Executing VM operation: RevokeBias done
Event: 3294.170 Thread 0x0000000018798000 Thread added: 0x0000000018798000
Event: 3294.176 Thread 0x0000000018794800 Thread added: 0x0000000018794800


Dynamic libraries:
0x00007ff709580000 - 0x00007ff7095b1000 	C:\Program Files\Android\Android Studio1\jre\bin\java.exe
0x00007ffebc020000 - 0x00007ffebc210000 	C:\WINDOWS\SYSTEM32\ntdll.dll
0x00007ffea2eb0000 - 0x00007ffea2ec4000 	C:\Program Files\AVG\Antivirus\aswhook.dll
0x00007ffeba270000 - 0x00007ffeba322000 	C:\WINDOWS\System32\KERNEL32.DLL
0x00007ffeb98d0000 - 0x00007ffeb9b73000 	C:\WINDOWS\System32\KERNELBASE.dll
0x00007ffebacf0000 - 0x00007ffebad93000 	C:\WINDOWS\System32\ADVAPI32.dll
0x00007ffebadd0000 - 0x00007ffebae6e000 	C:\WINDOWS\System32\msvcrt.dll
0x00007ffebae70000 - 0x00007ffebaf07000 	C:\WINDOWS\System32\sechost.dll
0x00007ffeba330000 - 0x00007ffeba450000 	C:\WINDOWS\System32\RPCRT4.dll
0x00007ffebb7b0000 - 0x00007ffebb944000 	C:\WINDOWS\System32\USER32.dll
0x00007ffeba080000 - 0x00007ffeba0a1000 	C:\WINDOWS\System32\win32u.dll
0x00007ffebada0000 - 0x00007ffebadc6000 	C:\WINDOWS\System32\GDI32.dll
0x00007ffeb9ee0000 - 0x00007ffeba074000 	C:\WINDOWS\System32\gdi32full.dll
0x00007ffeb90b0000 - 0x00007ffeb914e000 	C:\WINDOWS\System32\msvcp_win.dll
0x00007ffeb8fb0000 - 0x00007ffeb90aa000 	C:\WINDOWS\System32\ucrtbase.dll
0x00007ffe9cb80000 - 0x00007ffe9ce05000 	C:\WINDOWS\WinSxS\amd64_microsoft.windows.common-controls_6595b64144ccf1df_6.0.18362.418_none_e6c6b287130d565d\COMCTL32.dll
0x00007ffebb1f0000 - 0x00007ffebb526000 	C:\WINDOWS\System32\combase.dll
0x00007ffeb9cd0000 - 0x00007ffeb9d50000 	C:\WINDOWS\System32\bcryptPrimitives.dll
0x00007ffeba100000 - 0x00007ffeba12e000 	C:\WINDOWS\System32\IMM32.DLL
0x0000000051a60000 - 0x0000000051b32000 	C:\Program Files\Android\Android Studio1\jre\jre\bin\msvcr100.dll
0x0000000050820000 - 0x0000000051061000 	C:\Program Files\Android\Android Studio1\jre\jre\bin\server\jvm.dll
0x00007ffeba0f0000 - 0x00007ffeba0f8000 	C:\WINDOWS\System32\PSAPI.DLL
0x00007ffeaf930000 - 0x00007ffeaf939000 	C:\WINDOWS\SYSTEM32\WSOCK32.dll
0x00007ffebac80000 - 0x00007ffebacef000 	C:\WINDOWS\System32\WS2_32.dll
0x00007ffeb2430000 - 0x00007ffeb2454000 	C:\WINDOWS\SYSTEM32\WINMM.dll
0x00007ffeb39b0000 - 0x00007ffeb39ba000 	C:\WINDOWS\SYSTEM32\VERSION.dll
0x00007ffeb2400000 - 0x00007ffeb242d000 	C:\WINDOWS\SYSTEM32\WINMMBASE.dll
0x00007ffeb9e90000 - 0x00007ffeb9eda000 	C:\WINDOWS\System32\cfgmgr32.dll
0x00007ffeb53a0000 - 0x00007ffeb53af000 	C:\Program Files\Android\Android Studio1\jre\jre\bin\verify.dll
0x00007ffea3eb0000 - 0x00007ffea3ed9000 	C:\Program Files\Android\Android Studio1\jre\jre\bin\java.dll
0x00007ffeb17c0000 - 0x00007ffeb17d6000 	C:\Program Files\Android\Android Studio1\jre\jre\bin\zip.dll
0x00007ffeba590000 - 0x00007ffebac75000 	C:\WINDOWS\System32\SHELL32.dll
0x00007ffebb530000 - 0x00007ffebb5d9000 	C:\WINDOWS\System32\shcore.dll
0x00007ffeb9150000 - 0x00007ffeb98cf000 	C:\WINDOWS\System32\windows.storage.dll
0x00007ffeb8f00000 - 0x00007ffeb8f1f000 	C:\WINDOWS\System32\profapi.dll
0x00007ffeb8f40000 - 0x00007ffeb8f8a000 	C:\WINDOWS\System32\powrprof.dll
0x00007ffeb8ef0000 - 0x00007ffeb8f00000 	C:\WINDOWS\System32\UMPDC.dll
0x00007ffeba190000 - 0x00007ffeba1e2000 	C:\WINDOWS\System32\shlwapi.dll
0x00007ffeb8f90000 - 0x00007ffeb8fa1000 	C:\WINDOWS\System32\kernel.appcore.dll
0x00007ffeba0b0000 - 0x00007ffeba0c7000 	C:\WINDOWS\System32\cryptsp.dll
0x00007ffea5390000 - 0x00007ffea53aa000 	C:\Program Files\Android\Android Studio1\jre\jre\bin\net.dll
0x00007ffeb8700000 - 0x00007ffeb8767000 	C:\WINDOWS\system32\mswsock.dll
0x00007ffea4fd0000 - 0x00007ffea4fe1000 	C:\Program Files\Android\Android Studio1\jre\jre\bin\nio.dll
0x00007ffea3790000 - 0x00007ffea37ae000 	C:\Users\Diackson Marques\.gradle\native\25\windows-amd64\native-platform.dll
0x00007ffeb3eb0000 - 0x00007ffeb3ebd000 	C:\Program Files\Android\Android Studio1\jre\jre\bin\management.dll
0x00007ffeb8270000 - 0x00007ffeb82a3000 	C:\WINDOWS\system32\rsaenh.dll
0x00007ffeb9d50000 - 0x00007ffeb9d76000 	C:\WINDOWS\System32\bcrypt.dll
0x00007ffeb8e10000 - 0x00007ffeb8e35000 	C:\WINDOWS\SYSTEM32\USERENV.dll
0x00007ffeb8930000 - 0x00007ffeb893c000 	C:\WINDOWS\SYSTEM32\CRYPTBASE.dll
0x00007ffeb8410000 - 0x00007ffeb844a000 	C:\WINDOWS\SYSTEM32\IPHLPAPI.DLL
0x00007ffebb5f0000 - 0x00007ffebb5f8000 	C:\WINDOWS\System32\NSI.dll
0x00007ffeb2d80000 - 0x00007ffeb2d96000 	C:\WINDOWS\SYSTEM32\dhcpcsvc6.DLL
0x00007ffeb2e50000 - 0x00007ffeb2e6c000 	C:\WINDOWS\SYSTEM32\dhcpcsvc.DLL
0x00007ffeb8450000 - 0x00007ffeb851a000 	C:\WINDOWS\SYSTEM32\DNSAPI.dll
0x00007ffeb7f30000 - 0x00007ffeb7f61000 	C:\WINDOWS\SYSTEM32\ntmarta.dll

VM Arguments:
jvm_args: -Xmx1536m -Dfile.encoding=windows-1252 -Duser.country=BR -Duser.language=pt -Duser.variant 
java_command: org.gradle.launcher.daemon.bootstrap.GradleDaemon 5.1.1
java_class_path (initial): C:\Users\Diackson Marques\.gradle\wrapper\dists\gradle-5.1.1-all\97z1ksx6lirer3kbvdnh7jtjg\gradle-5.1.1\lib\gradle-launcher-5.1.1.jar
Launcher Type: SUN_STANDARD

Environment Variables:
PATH=C:\Program Files (x86)\Common Files\Oracle\Java\javapath;C:\ProgramData\Oracle\Java\javapath;C:\Program Files (x86)\Intel\iCLS Client\;C:\Program Files\Intel\iCLS Client\;C:\WINDOWS\system32;C:\WINDOWS;C:\WINDOWS\System32\Wbem;C:\WINDOWS\System32\WindowsPowerShell\v1.0\;C:\Program Files (x86)\Intel\Intel(R) Management Engine Components\DAL;C:\Program Files\Intel\Intel(R) Management Engine Components\DAL;C:\Program Files (x86)\Intel\Intel(R) Management Engine Components\IPT;C:\Program Files\Intel\Intel(R) Management Engine Components\IPT;C:\WINDOWS\System32\OpenSSH\;C:\Program Files\Git\cmd;C:\Users\Diackson Marques\AppData\Local\Microsoft\WindowsApps;C:\Users\Diackson Marques\AppData\Local\Programs\MiKTeX 2.9\miktex\bin\x64\;
USERNAME=Diackson Marques
OS=Windows_NT
PROCESSOR_IDENTIFIER=Intel64 Family 6 Model 142 Stepping 9, GenuineIntel



---------------  S Y S T E M  ---------------

OS: Windows 10.0 , 64 bit Build 18362 (10.0.18362.329)

CPU:total 4 (initial active 4) (2 cores per cpu, 2 threads per core) family 6 model 142 stepping 9, cmov, cx8, fxsr, mmx, sse, sse2, sse3, ssse3, sse4.1, sse4.2, popcnt, avx, avx2, aes, clmul, erms, 3dnowpref, lzcnt, ht, tsc, tscinvbit, bmi1, bmi2, adx

Memory: 4k page, physical 4066916k(289544k free), swap 4271716k(5372k free)

vm_info: OpenJDK 64-Bit Server VM (25.152-b01) for windows-amd64 JRE (1.8.0_152-release-1343-b01), built by "builder" with MS VC++ 10.0 (VS2010)

time: Mon Oct 28 16:59:42 2019
elapsed time: 3294 seconds (0d 0h 54m 54s)

