#
# There is insufficient memory for the Java Runtime Environment to continue.
# Native memory allocation (malloc) failed to allocate 131088 bytes for Chunk::new
# Possible reasons:
#   The system is out of physical RAM or swap space
#   In 32 bit mode, the process size limit was hit
# Possible solutions:
#   Reduce memory load on the system
#   Increase physical memory or swap space
#   Check if swap backing store is full
#   Use 64 bit Java on a 64 bit OS
#   Decrease Java heap size (-Xmx/-Xms)
#   Decrease number of Java threads
#   Decrease Java thread stack sizes (-Xss)
#   Set larger code cache with -XX:ReservedCodeCacheSize=
# This output file may be truncated or incomplete.
#
#  Out of Memory Error (allocation.cpp:390), pid=6784, tid=0x0000000000001d3c
#
# JRE version: OpenJDK Runtime Environment (8.0_152-b01) (build 1.8.0_152-release-1343-b01)
# Java VM: OpenJDK 64-Bit Server VM (25.152-b01 mixed mode windows-amd64 compressed oops)
# Failed to write core dump. Minidumps are not enabled by default on client versions of Windows
#

---------------  T H R E A D  ---------------

Current thread (0x00000000167ef000):  JavaThread "C2 CompilerThread0" daemon [_thread_in_native, id=7484, stack(0x0000000017e50000,0x0000000017f50000)]

Stack: [0x0000000017e50000,0x0000000017f50000]
[error occurred during error reporting (printing stack bounds), id 0xc0000005]

Native frames: (J=compiled Java code, j=interpreted, Vv=VM code, C=native code)


Current CompileTask:
C2:  21633 7764   !   4       com.sun.tools.javac.parser.JavaTokenizer::readToken (2243 bytes)


---------------  P R O C E S S  ---------------

Java Threads: ( => current thread )
  0x000000001dab1000 JavaThread "Cache worker for Java compile cache (C:\Users\Diackson Marques\Desktop\BelezaOnline_2\.gradle\5.1.1\javaCompile)" [_thread_blocked, id=12240, stack(0x0000000022ef0000,0x0000000022ff0000)]
  0x000000001dab7000 JavaThread "Cache worker for Java compile cache (C:\Users\Diackson Marques\.gradle\caches\5.1.1\javaCompile)" [_thread_blocked, id=11852, stack(0x0000000022df0000,0x0000000022ef0000)]
  0x000000001cc0f000 JavaThread "Cache worker for execution history cache (C:\Users\Diackson Marques\Desktop\BelezaOnline_2\.gradle\5.1.1\executionHistory)" [_thread_blocked, id=2620, stack(0x0000000022cf0000,0x0000000022df0000)]
  0x000000001cc0c000 JavaThread "Execution worker for ':' Thread 3" [_thread_blocked, id=11108, stack(0x00000000229f0000,0x0000000022af0000)]
  0x000000001cc0b800 JavaThread "Execution worker for ':' Thread 2" [_thread_blocked, id=9912, stack(0x00000000228f0000,0x00000000229f0000)]
  0x000000001cc0e800 JavaThread "Execution worker for ':'" [_thread_in_native, id=10776, stack(0x00000000227f0000,0x00000000228f0000)]
  0x000000001cc04000 JavaThread "Cache worker for file content cache (C:\Users\Diackson Marques\Desktop\BelezaOnline_2\.gradle\5.1.1\fileContent)" [_thread_blocked, id=9288, stack(0x00000000226f0000,0x00000000227f0000)]
  0x000000001cc0a800 JavaThread "Cache worker for file content cache (C:\Users\Diackson Marques\.gradle\caches\5.1.1\fileContent)" [_thread_blocked, id=11732, stack(0x00000000225f0000,0x00000000226f0000)]
  0x000000001cc03000 JavaThread "Memory manager" [_thread_blocked, id=11308, stack(0x00000000222f0000,0x00000000223f0000)]
  0x000000001cc01800 JavaThread "Cache worker for Build Output Cleanup Cache (C:\Users\Diackson Marques\Desktop\BelezaOnline_2\.gradle\buildOutputCleanup)" [_thread_blocked, id=7740, stack(0x00000000211a0000,0x00000000212a0000)]
  0x000000001cc00000 JavaThread "Build operations Thread 4" [_thread_blocked, id=11592, stack(0x0000000020ca0000,0x0000000020da0000)]
  0x000000001cc01000 JavaThread "Build operations Thread 3" [_thread_blocked, id=8528, stack(0x0000000020ba0000,0x0000000020ca0000)]
  0x000000001cc07000 JavaThread "Build operations Thread 2" [_thread_blocked, id=3316, stack(0x0000000020aa0000,0x0000000020ba0000)]
  0x000000001cc06000 JavaThread "Build operations" [_thread_blocked, id=3560, stack(0x00000000209a0000,0x0000000020aa0000)]
  0x000000001cc05800 JavaThread "Cache worker for execution history cache (C:\Users\Diackson Marques\.gradle\caches\5.1.1\executionHistory)" [_thread_blocked, id=11564, stack(0x00000000204a0000,0x00000000205a0000)]
  0x000000001ba98000 JavaThread "Cache worker for cache directory md-rule (C:\Users\Diackson Marques\.gradle\caches\5.1.1\md-rule)" [_thread_blocked, id=8664, stack(0x00000000203a0000,0x00000000204a0000)]
  0x000000001ba97800 JavaThread "Cache worker for cache directory md-supplier (C:\Users\Diackson Marques\.gradle\caches\5.1.1\md-supplier)" [_thread_blocked, id=9800, stack(0x00000000202a0000,0x00000000203a0000)]
  0x000000001ba96800 JavaThread "Cache worker for file hash cache (C:\Users\Diackson Marques\Desktop\BelezaOnline_2\.gradle\5.1.1\fileHashes)" [_thread_blocked, id=11280, stack(0x000000001d560000,0x000000001d660000)]
  0x0000000019c5b000 JavaThread "Cache worker for journal cache (C:\Users\Diackson Marques\.gradle\caches\journal-1)" [_thread_blocked, id=11128, stack(0x000000001b2c0000,0x000000001b3c0000)]
  0x0000000019c5a800 JavaThread "File lock request listener" [_thread_in_native, id=1880, stack(0x000000001b1c0000,0x000000001b2c0000)]
  0x0000000019c58000 JavaThread "Cache worker for file hash cache (C:\Users\Diackson Marques\.gradle\caches\5.1.1\fileHashes)" [_thread_blocked, id=7228, stack(0x000000001b0c0000,0x000000001b1c0000)]
  0x00000000198f9800 JavaThread "Thread-8" [_thread_blocked, id=9688, stack(0x000000001afc0000,0x000000001b0c0000)]
  0x00000000193b3800 JavaThread "Stdin handler" [_thread_blocked, id=11548, stack(0x000000001aec0000,0x000000001afc0000)]
  0x00000000193b3000 JavaThread "Asynchronous log dispatcher for DefaultDaemonConnection: socket connection from /127.0.0.1:57206 to /127.0.0.1:57207" [_thread_blocked, id=8404, stack(0x000000001adc0000,0x000000001aec0000)]
  0x0000000018e2a800 JavaThread "Daemon worker" [_thread_blocked, id=344, stack(0x000000001acc0000,0x000000001adc0000)]
  0x00000000198e6800 JavaThread "Cancel handler" [_thread_blocked, id=11104, stack(0x000000001abc0000,0x000000001acc0000)]
  0x000000001942d800 JavaThread "Handler for socket connection from /127.0.0.1:57206 to /127.0.0.1:57207" [_thread_in_native, id=10356, stack(0x000000001a8c0000,0x000000001a9c0000)]
  0x000000001942c800 JavaThread "Daemon" [_thread_blocked, id=2984, stack(0x000000001a7c0000,0x000000001a8c0000)]
  0x0000000018e8c800 JavaThread "Daemon periodic checks" [_thread_blocked, id=4576, stack(0x000000001a6c0000,0x000000001a7c0000)]
  0x000000001971a000 JavaThread "Incoming local TCP Connector on port 57206" [_thread_in_native, id=7840, stack(0x000000001a460000,0x000000001a560000)]
  0x000000001684e800 JavaThread "Service Thread" daemon [_thread_blocked, id=4908, stack(0x0000000018550000,0x0000000018650000)]
  0x00000000167fb800 JavaThread "C1 CompilerThread2" daemon [_thread_in_native, id=11096, stack(0x0000000018050000,0x0000000018150000)]
  0x00000000167f2000 JavaThread "C2 CompilerThread1" daemon [_thread_in_native, id=8060, stack(0x0000000017f50000,0x0000000018050000)]
=>0x00000000167ef000 JavaThread "C2 CompilerThread0" daemon [_thread_in_native, id=7484, stack(0x0000000017e50000,0x0000000017f50000)]
  0x00000000167ee000 JavaThread "Attach Listener" daemon [_thread_blocked, id=1932, stack(0x0000000017d50000,0x0000000017e50000)]
  0x00000000167ea800 JavaThread "Signal Dispatcher" daemon [_thread_blocked, id=8072, stack(0x0000000017c50000,0x0000000017d50000)]
  0x0000000002e5b800 JavaThread "Finalizer" daemon [_thread_blocked, id=11244, stack(0x0000000017a40000,0x0000000017b40000)]
  0x00000000167b8000 JavaThread "Reference Handler" daemon [_thread_blocked, id=1168, stack(0x0000000017940000,0x0000000017a40000)]
  0x000000000139e800 JavaThread "main" [_thread_blocked, id=2264, stack(0x0000000002c60000,0x0000000002d60000)]

Other Threads:
  0x00000000167b6000 VMThread [stack: 0x0000000017840000,0x0000000017940000] [id=5792]
  0x0000000018171800 WatcherThread [stack: 0x0000000018650000,0x0000000018750000] [id=11076]

VM state:not at safepoint (normal execution)

VM Mutex/Monitor currently owned by a thread: None

Heap:
 PSYoungGen      total 143360K, used 80653K [0x00000000e0000000, 0x00000000ead00000, 0x0000000100000000)
  eden space 131072K, 52% used [0x00000000e0000000,0x00000000e4373778,0x00000000e8000000)
  from space 12288K, 94% used [0x00000000e8000000,0x00000000e8b4ffb0,0x00000000e8c00000)
  to   space 13824K, 0% used [0x00000000e9f80000,0x00000000e9f80000,0x00000000ead00000)
 ParOldGen       total 78336K, used 32547K [0x00000000a0000000, 0x00000000a4c80000, 0x00000000e0000000)
  object space 78336K, 41% used [0x00000000a0000000,0x00000000a1fc8fe8,0x00000000a4c80000)
 Metaspace       used 65603K, capacity 67570K, committed 67608K, reserved 1110016K
  class space    used 8815K, capacity 9232K, committed 9264K, reserved 1048576K

Card table byte_map: [0x0000000012220000,0x0000000012530000] byte_map_base: 0x0000000011d20000

Marking Bits: (ParMarkBitMap*) 0x00000000774e5aa0
 Begin Bits: [0x0000000012b30000, 0x0000000014330000)
 End Bits:   [0x0000000014330000, 0x0000000015b30000)

Polling page: 0x0000000001310000

CodeCache: size=245760Kb used=22502Kb max_used=22505Kb free=223257Kb
 bounds [0x0000000002e60000, 0x0000000004470000, 0x0000000011e60000]
 total_blobs=7860 nmethods=7045 adapters=728
 compilation: enabled

Compilation events (10 events):
Event: 21.546 Thread 0x00000000167fb800 nmethod 7767 0x0000000004463490 code [0x0000000004463680, 0x00000000044640b8]
Event: 21.546 Thread 0x00000000167fb800 7765       3       com.sun.tools.javac.parser.JavacParser::strval (38 bytes)
Event: 21.548 Thread 0x00000000167fb800 nmethod 7765 0x0000000004464550 code [0x00000000044647a0, 0x00000000044656c8]
Event: 21.548 Thread 0x00000000167fb800 7770       1       com.sun.tools.javac.parser.JavacParser$EmptyEndPosTable::getEndPos (2 bytes)
Event: 21.548 Thread 0x00000000167fb800 nmethod 7770 0x000000000445a010 code [0x000000000445a160, 0x000000000445a270]
Event: 21.552 Thread 0x00000000167f2000 nmethod 7761% 0x0000000004468ed0 code [0x0000000004469040, 0x0000000004469658]
Event: 21.552 Thread 0x00000000167f2000 7766       4       com.sun.tools.javac.util.UnsharedNameTable::fromChars (28 bytes)
Event: 21.568 Thread 0x00000000167fb800 7771  s    3       java.io.FileDescriptor::attach (73 bytes)
Event: 21.569 Thread 0x00000000167fb800 nmethod 7771 0x0000000004467b10 code [0x0000000004467d00, 0x0000000004468908]
Event: 21.573 Thread 0x00000000167f2000 nmethod 7766 0x000000000446bc50 code [0x000000000446bde0, 0x000000000446c968]

GC Heap History (10 events):
Event: 11.165 GC heap before
{Heap before GC invocations=16 (full 2):
 PSYoungGen      total 81920K, used 75776K [0x00000000e0000000, 0x00000000e7800000, 0x0000000100000000)
  eden space 75776K, 100% used [0x00000000e0000000,0x00000000e4a00000,0x00000000e4a00000)
  from space 6144K, 0% used [0x00000000e4a00000,0x00000000e4a00000,0x00000000e5000000)
  to   space 7680K, 0% used [0x00000000e7080000,0x00000000e7080000,0x00000000e7800000)
 ParOldGen       total 50688K, used 18291K [0x00000000a0000000, 0x00000000a3180000, 0x00000000e0000000)
  object space 50688K, 36% used [0x00000000a0000000,0x00000000a11dcf78,0x00000000a3180000)
 Metaspace       used 43336K, capacity 44256K, committed 44584K, reserved 1087488K
  class space    used 5826K, capacity 6088K, committed 6192K, reserved 1048576K
Event: 11.180 GC heap after
Heap after GC invocations=16 (full 2):
 PSYoungGen      total 108544K, used 7669K [0x00000000e0000000, 0x00000000e7800000, 0x0000000100000000)
  eden space 100864K, 0% used [0x00000000e0000000,0x00000000e0000000,0x00000000e6280000)
  from space 7680K, 99% used [0x00000000e7080000,0x00000000e77fd410,0x00000000e7800000)
  to   space 10240K, 0% used [0x00000000e6400000,0x00000000e6400000,0x00000000e6e00000)
 ParOldGen       total 50688K, used 22603K [0x00000000a0000000, 0x00000000a3180000, 0x00000000e0000000)
  object space 50688K, 44% used [0x00000000a0000000,0x00000000a1612ee8,0x00000000a3180000)
 Metaspace       used 43336K, capacity 44256K, committed 44584K, reserved 1087488K
  class space    used 5826K, capacity 6088K, committed 6192K, reserved 1048576K
}
Event: 13.496 GC heap before
{Heap before GC invocations=17 (full 2):
 PSYoungGen      total 108544K, used 108533K [0x00000000e0000000, 0x00000000e7800000, 0x0000000100000000)
  eden space 100864K, 100% used [0x00000000e0000000,0x00000000e6280000,0x00000000e6280000)
  from space 7680K, 99% used [0x00000000e7080000,0x00000000e77fd410,0x00000000e7800000)
  to   space 10240K, 0% used [0x00000000e6400000,0x00000000e6400000,0x00000000e6e00000)
 ParOldGen       total 50688K, used 22603K [0x00000000a0000000, 0x00000000a3180000, 0x00000000e0000000)
  object space 50688K, 44% used [0x00000000a0000000,0x00000000a1612ee8,0x00000000a3180000)
 Metaspace       used 50251K, capacity 51338K, committed 51624K, reserved 1093632K
  class space    used 6733K, capacity 7022K, committed 7088K, reserved 1048576K
Event: 13.515 GC heap after
Heap after GC invocations=17 (full 2):
 PSYoungGen      total 112640K, used 8779K [0x00000000e0000000, 0x00000000e9700000, 0x0000000100000000)
  eden space 102400K, 0% used [0x00000000e0000000,0x00000000e0000000,0x00000000e6400000)
  from space 10240K, 85% used [0x00000000e6400000,0x00000000e6c92eb8,0x00000000e6e00000)
  to   space 11264K, 0% used [0x00000000e8c00000,0x00000000e8c00000,0x00000000e9700000)
 ParOldGen       total 50688K, used 27359K [0x00000000a0000000, 0x00000000a3180000, 0x00000000e0000000)
  object space 50688K, 53% used [0x00000000a0000000,0x00000000a1ab7ef0,0x00000000a3180000)
 Metaspace       used 50251K, capacity 51338K, committed 51624K, reserved 1093632K
  class space    used 6733K, capacity 7022K, committed 7088K, reserved 1048576K
}
Event: 14.869 GC heap before
{Heap before GC invocations=18 (full 2):
 PSYoungGen      total 112640K, used 91170K [0x00000000e0000000, 0x00000000e9700000, 0x0000000100000000)
  eden space 102400K, 80% used [0x00000000e0000000,0x00000000e5075a70,0x00000000e6400000)
  from space 10240K, 85% used [0x00000000e6400000,0x00000000e6c92eb8,0x00000000e6e00000)
  to   space 11264K, 0% used [0x00000000e8c00000,0x00000000e8c00000,0x00000000e9700000)
 ParOldGen       total 50688K, used 27359K [0x00000000a0000000, 0x00000000a3180000, 0x00000000e0000000)
  object space 50688K, 53% used [0x00000000a0000000,0x00000000a1ab7ef0,0x00000000a3180000)
 Metaspace       used 57483K, capacity 59010K, committed 59160K, reserved 1099776K
  class space    used 7754K, capacity 8122K, committed 8240K, reserved 1048576K
Event: 14.885 GC heap after
Heap after GC invocations=18 (full 2):
 PSYoungGen      total 142336K, used 10024K [0x00000000e0000000, 0x00000000e9a00000, 0x0000000100000000)
  eden space 131072K, 0% used [0x00000000e0000000,0x00000000e0000000,0x00000000e8000000)
  from space 11264K, 88% used [0x00000000e8c00000,0x00000000e95ca0a0,0x00000000e9700000)
  to   space 12288K, 0% used [0x00000000e8000000,0x00000000e8000000,0x00000000e8c00000)
 ParOldGen       total 50688K, used 31203K [0x00000000a0000000, 0x00000000a3180000, 0x00000000e0000000)
  object space 50688K, 61% used [0x00000000a0000000,0x00000000a1e78e20,0x00000000a3180000)
 Metaspace       used 57483K, capacity 59010K, committed 59160K, reserved 1099776K
  class space    used 7754K, capacity 8122K, committed 8240K, reserved 1048576K
}
Event: 14.885 GC heap before
{Heap before GC invocations=19 (full 3):
 PSYoungGen      total 142336K, used 10024K [0x00000000e0000000, 0x00000000e9a00000, 0x0000000100000000)
  eden space 131072K, 0% used [0x00000000e0000000,0x00000000e0000000,0x00000000e8000000)
  from space 11264K, 88% used [0x00000000e8c00000,0x00000000e95ca0a0,0x00000000e9700000)
  to   space 12288K, 0% used [0x00000000e8000000,0x00000000e8000000,0x00000000e8c00000)
 ParOldGen       total 50688K, used 31203K [0x00000000a0000000, 0x00000000a3180000, 0x00000000e0000000)
  object space 50688K, 61% used [0x00000000a0000000,0x00000000a1e78e20,0x00000000a3180000)
 Metaspace       used 57483K, capacity 59010K, committed 59160K, reserved 1099776K
  class space    used 7754K, capacity 8122K, committed 8240K, reserved 1048576K
Event: 15.101 GC heap after
Heap after GC invocations=19 (full 3):
 PSYoungGen      total 142336K, used 0K [0x00000000e0000000, 0x00000000e9a00000, 0x0000000100000000)
  eden space 131072K, 0% used [0x00000000e0000000,0x00000000e0000000,0x00000000e8000000)
  from space 11264K, 0% used [0x00000000e8c00000,0x00000000e8c00000,0x00000000e9700000)
  to   space 12288K, 0% used [0x00000000e8000000,0x00000000e8000000,0x00000000e8c00000)
 ParOldGen       total 78336K, used 32539K [0x00000000a0000000, 0x00000000a4c80000, 0x00000000e0000000)
  object space 78336K, 41% used [0x00000000a0000000,0x00000000a1fc6fe8,0x00000000a4c80000)
 Metaspace       used 57483K, capacity 59010K, committed 59160K, reserved 1099776K
  class space    used 7754K, capacity 8122K, committed 8240K, reserved 1048576K
}
Event: 18.357 GC heap before
{Heap before GC invocations=20 (full 3):
 PSYoungGen      total 142336K, used 131072K [0x00000000e0000000, 0x00000000e9a00000, 0x0000000100000000)
  eden space 131072K, 100% used [0x00000000e0000000,0x00000000e8000000,0x00000000e8000000)
  from space 11264K, 0% used [0x00000000e8c00000,0x00000000e8c00000,0x00000000e9700000)
  to   space 12288K, 0% used [0x00000000e8000000,0x00000000e8000000,0x00000000e8c00000)
 ParOldGen       total 78336K, used 32539K [0x00000000a0000000, 0x00000000a4c80000, 0x00000000e0000000)
  object space 78336K, 41% used [0x00000000a0000000,0x00000000a1fc6fe8,0x00000000a4c80000)
 Metaspace       used 61383K, capacity 63390K, committed 63512K, reserved 1103872K
  class space    used 8286K, capacity 8740K, committed 8752K, reserved 1048576K
Event: 18.377 GC heap after
Heap after GC invocations=20 (full 3):
 PSYoungGen      total 143360K, used 11583K [0x00000000e0000000, 0x00000000ead00000, 0x0000000100000000)
  eden space 131072K, 0% used [0x00000000e0000000,0x00000000e0000000,0x00000000e8000000)
  from space 12288K, 94% used [0x00000000e8000000,0x00000000e8b4ffb0,0x00000000e8c00000)
  to   space 13824K, 0% used [0x00000000e9f80000,0x00000000e9f80000,0x00000000ead00000)
 ParOldGen       total 78336K, used 32547K [0x00000000a0000000, 0x00000000a4c80000, 0x00000000e0000000)
  object space 78336K, 41% used [0x00000000a0000000,0x00000000a1fc8fe8,0x00000000a4c80000)
 Metaspace       used 61383K, capacity 63390K, committed 63512K, reserved 1103872K
  class space    used 8286K, capacity 8740K, committed 8752K, reserved 1048576K
}

Deoptimization events (10 events):
Event: 19.479 Thread 0x000000001cc0e800 Uncommon trap: reason=unstable_if action=reinterpret pc=0x0000000003272170 method=java.lang.String.regionMatches(ZILjava/lang/String;II)Z @ 123
Event: 20.356 Thread 0x000000001cc0e800 Uncommon trap: reason=class_check action=maybe_recompile pc=0x0000000003beb1f0 method=java.util.regex.Matcher.search(I)Z @ 86
Event: 20.382 Thread 0x000000001cc0e800 Uncommon trap: reason=class_check action=maybe_recompile pc=0x0000000003beb1f0 method=java.util.regex.Matcher.search(I)Z @ 86
Event: 20.383 Thread 0x000000001cc0e800 Uncommon trap: reason=class_check action=maybe_recompile pc=0x0000000003b7da08 method=java.util.regex.Matcher.search(I)Z @ 86
Event: 20.383 Thread 0x000000001cc0e800 Uncommon trap: reason=class_check action=maybe_recompile pc=0x0000000003a2a498 method=java.util.regex.Matcher.search(I)Z @ 86
Event: 20.929 Thread 0x000000001cc0e800 Uncommon trap: reason=unstable_if action=reinterpret pc=0x0000000003930d08 method=java.lang.StringCoding$StringDecoder.decode([BII)[C @ 20
Event: 21.099 Thread 0x000000001cc0e800 Uncommon trap: reason=unstable_if action=reinterpret pc=0x00000000033cf61c method=sun.nio.cs.UTF_8$Decoder.decodeArrayLoop(Ljava/nio/ByteBuffer;Ljava/nio/CharBuffer;)Ljava/nio/charset/CoderResult; @ 84
Event: 21.128 Thread 0x000000001cc0e800 Uncommon trap: reason=unstable_if action=reinterpret pc=0x00000000043598c8 method=com.sun.tools.javac.parser.UnicodeReader.scanChar()V @ 37
Event: 21.305 Thread 0x000000001cc0e800 Uncommon trap: reason=unstable_if action=reinterpret pc=0x0000000004357fd4 method=com.sun.tools.javac.parser.UnicodeReader.scanChar()V @ 37
Event: 21.431 Thread 0x000000001cc0e800 Uncommon trap: reason=unstable_if action=reinterpret pc=0x000000000442def8 method=com.sun.tools.javac.parser.JavaTokenizer.readToken()Lcom/sun/tools/javac/parser/Tokens$Token; @ 1279

Classes redefined (0 events):
No events

Internal exceptions (10 events):
Event: 15.237 Thread 0x0000000018e2a800 Exception <a 'java/lang/NoSuchMethodError': java.lang.Object.lambda$static$2(Ljava/util/Set;Ljava/util/Set;)Z> (0x00000000e065a838) thrown at [D:\src\AOSP-openjdk-cygwin\jdk8u\hotspot\src\share\vm\interpreter\linkResolver.cpp, line 584]
Event: 15.237 Thread 0x0000000018e2a800 Exception <a 'java/lang/NoSuchMethodError': java.lang.Object.lambda$static$3(Ljava/util/Set;Ljava/util/Set;)Z> (0x00000000e065d190) thrown at [D:\src\AOSP-openjdk-cygwin\jdk8u\hotspot\src\share\vm\interpreter\linkResolver.cpp, line 584]
Event: 15.911 Thread 0x00000000198f9800 Exception <a 'java/lang/NoSuchMethodError': <clinit>> (0x00000000e2983488) thrown at [D:\src\AOSP-openjdk-cygwin\jdk8u\hotspot\src\share\vm\prims\jni.cpp, line 1613]
Event: 15.912 Thread 0x00000000198f9800 Exception <a 'java/lang/NoSuchMethodError': <clinit>> (0x00000000e301bd28) thrown at [D:\src\AOSP-openjdk-cygwin\jdk8u\hotspot\src\share\vm\prims\jni.cpp, line 1613]
Event: 15.913 Thread 0x00000000198f9800 Exception <a 'java/lang/NoSuchMethodError': <clinit>> (0x00000000e3028268) thrown at [D:\src\AOSP-openjdk-cygwin\jdk8u\hotspot\src\share\vm\prims\jni.cpp, line 1613]
Event: 15.950 Thread 0x00000000198f9800 Exception <a 'java/lang/NoSuchMethodError': <clinit>> (0x00000000e3034300) thrown at [D:\src\AOSP-openjdk-cygwin\jdk8u\hotspot\src\share\vm\prims\jni.cpp, line 1613]
Event: 15.951 Thread 0x00000000198f9800 Exception <a 'java/lang/NoSuchMethodError': <clinit>> (0x00000000e32d4fc0) thrown at [D:\src\AOSP-openjdk-cygwin\jdk8u\hotspot\src\share\vm\prims\jni.cpp, line 1613]
Event: 15.952 Thread 0x00000000198f9800 Exception <a 'java/lang/NoSuchMethodError': <clinit>> (0x00000000e32d6ad8) thrown at [D:\src\AOSP-openjdk-cygwin\jdk8u\hotspot\src\share\vm\prims\jni.cpp, line 1613]
Event: 18.170 Thread 0x00000000198f9800 Exception <a 'java/lang/NoSuchMethodError': <clinit>> (0x00000000e770bf78) thrown at [D:\src\AOSP-openjdk-cygwin\jdk8u\hotspot\src\share\vm\prims\jni.cpp, line 1613]
Event: 19.312 Thread 0x000000001cc0e800 Exception <a 'java/lang/NoSuchMethodError': <clinit>> (0x00000000e24d1158) thrown at [D:\src\AOSP-openjdk-cygwin\jdk8u\hotspot\src\share\vm\prims\jni.cpp, line 1613]

Events (10 events):
Event: 21.305 Thread 0x000000001cc0e800 Uncommon trap: trap_request=0xffffff65 fr.pc=0x0000000004357fd4
Event: 21.305 Thread 0x000000001cc0e800 DEOPT PACKING pc=0x0000000004357fd4 sp=0x00000000228e7c80
Event: 21.305 Thread 0x000000001cc0e800 DEOPT UNPACKING pc=0x0000000002ea557b sp=0x00000000228e7bc0 mode 2
Event: 21.327 Thread 0x000000001cc0e800 DEOPT PACKING pc=0x0000000004397c83 sp=0x00000000228eb030
Event: 21.327 Thread 0x000000001cc0e800 DEOPT UNPACKING pc=0x0000000002ea75d0 sp=0x00000000228eae30 mode 0
Event: 21.412 Thread 0x000000001cc0e800 DEOPT PACKING pc=0x0000000004397c83 sp=0x00000000228eb030
Event: 21.412 Thread 0x000000001cc0e800 DEOPT UNPACKING pc=0x0000000002ea75d0 sp=0x00000000228eae30 mode 0
Event: 21.431 Thread 0x000000001cc0e800 Uncommon trap: trap_request=0xffffff65 fr.pc=0x000000000442def8
Event: 21.431 Thread 0x000000001cc0e800 DEOPT PACKING pc=0x000000000442def8 sp=0x00000000228eaac0
Event: 21.431 Thread 0x000000001cc0e800 DEOPT UNPACKING pc=0x0000000002ea557b sp=0x00000000228eaab8 mode 2


Dynamic libraries:
0x00007ff611ae0000 - 0x00007ff611b11000 	C:\Program Files\Android\Android Studio1\jre\bin\java.exe
0x00007ffbb9b20000 - 0x00007ffbb9d10000 	C:\WINDOWS\SYSTEM32\ntdll.dll
0x00007ffb9f130000 - 0x00007ffb9f144000 	C:\Program Files\AVG\Antivirus\aswhook.dll
0x00007ffbb96a0000 - 0x00007ffbb9752000 	C:\WINDOWS\System32\KERNEL32.DLL
0x00007ffbb6ef0000 - 0x00007ffbb7193000 	C:\WINDOWS\System32\KERNELBASE.dll
0x00007ffbb9a30000 - 0x00007ffbb9ad3000 	C:\WINDOWS\System32\ADVAPI32.dll
0x00007ffbb8890000 - 0x00007ffbb892e000 	C:\WINDOWS\System32\msvcrt.dll
0x00007ffbb8bc0000 - 0x00007ffbb8c57000 	C:\WINDOWS\System32\sechost.dll
0x00007ffbb84d0000 - 0x00007ffbb85f0000 	C:\WINDOWS\System32\RPCRT4.dll
0x00007ffbb8670000 - 0x00007ffbb8804000 	C:\WINDOWS\System32\USER32.dll
0x00007ffbb6ec0000 - 0x00007ffbb6ee1000 	C:\WINDOWS\System32\win32u.dll
0x00007ffbb9760000 - 0x00007ffbb9786000 	C:\WINDOWS\System32\GDI32.dll
0x00007ffbb6b50000 - 0x00007ffbb6ce4000 	C:\WINDOWS\System32\gdi32full.dll
0x00007ffbb6ab0000 - 0x00007ffbb6b4e000 	C:\WINDOWS\System32\msvcp_win.dll
0x00007ffbb6cf0000 - 0x00007ffbb6dea000 	C:\WINDOWS\System32\ucrtbase.dll
0x00007ffba40d0000 - 0x00007ffba4355000 	C:\WINDOWS\WinSxS\amd64_microsoft.windows.common-controls_6595b64144ccf1df_6.0.18362.418_none_e6c6b287130d565d\COMCTL32.dll
0x00007ffbb7bd0000 - 0x00007ffbb7f06000 	C:\WINDOWS\System32\combase.dll
0x00007ffbb7970000 - 0x00007ffbb79f0000 	C:\WINDOWS\System32\bcryptPrimitives.dll
0x00007ffbb8b10000 - 0x00007ffbb8b3e000 	C:\WINDOWS\System32\IMM32.DLL
0x00000000503c0000 - 0x0000000050492000 	C:\Program Files\Android\Android Studio1\jre\jre\bin\msvcr100.dll
0x0000000076d20000 - 0x0000000077561000 	C:\Program Files\Android\Android Studio1\jre\jre\bin\server\jvm.dll
0x00007ffbb9790000 - 0x00007ffbb9798000 	C:\WINDOWS\System32\PSAPI.DLL
0x00007ffbad140000 - 0x00007ffbad149000 	C:\WINDOWS\SYSTEM32\WSOCK32.dll
0x00007ffbb97a0000 - 0x00007ffbb980f000 	C:\WINDOWS\System32\WS2_32.dll
0x00007ffbb0730000 - 0x00007ffbb0754000 	C:\WINDOWS\SYSTEM32\WINMM.dll
0x00007ffbb0d60000 - 0x00007ffbb0d6a000 	C:\WINDOWS\SYSTEM32\VERSION.dll
0x00007ffbac1c0000 - 0x00007ffbac1ed000 	C:\WINDOWS\SYSTEM32\WINMMBASE.dll
0x00007ffbb71a0000 - 0x00007ffbb71ea000 	C:\WINDOWS\System32\cfgmgr32.dll
0x00007ffbb2df0000 - 0x00007ffbb2dff000 	C:\Program Files\Android\Android Studio1\jre\jre\bin\verify.dll
0x00007ffbacee0000 - 0x00007ffbacf09000 	C:\Program Files\Android\Android Studio1\jre\jre\bin\java.dll
0x00007ffbae970000 - 0x00007ffbae986000 	C:\Program Files\Android\Android Studio1\jre\jre\bin\zip.dll
0x00007ffbb8cc0000 - 0x00007ffbb93a5000 	C:\WINDOWS\System32\SHELL32.dll
0x00007ffbb8930000 - 0x00007ffbb89d9000 	C:\WINDOWS\System32\shcore.dll
0x00007ffbb71f0000 - 0x00007ffbb796f000 	C:\WINDOWS\System32\windows.storage.dll
0x00007ffbb6a90000 - 0x00007ffbb6aaf000 	C:\WINDOWS\System32\profapi.dll
0x00007ffbb6a20000 - 0x00007ffbb6a6a000 	C:\WINDOWS\System32\powrprof.dll
0x00007ffbb69f0000 - 0x00007ffbb6a00000 	C:\WINDOWS\System32\UMPDC.dll
0x00007ffbb8c60000 - 0x00007ffbb8cb2000 	C:\WINDOWS\System32\shlwapi.dll
0x00007ffbb6a00000 - 0x00007ffbb6a11000 	C:\WINDOWS\System32\kernel.appcore.dll
0x00007ffbb6ea0000 - 0x00007ffbb6eb7000 	C:\WINDOWS\System32\cryptsp.dll
0x00007ffbac8e0000 - 0x00007ffbac8fa000 	C:\Program Files\Android\Android Studio1\jre\jre\bin\net.dll
0x00007ffbb6200000 - 0x00007ffbb6267000 	C:\WINDOWS\system32\mswsock.dll
0x00007ffbac870000 - 0x00007ffbac881000 	C:\Program Files\Android\Android Studio1\jre\jre\bin\nio.dll
0x00007ffba8df0000 - 0x00007ffba8e0e000 	C:\Users\Diackson Marques\.gradle\native\25\windows-amd64\native-platform.dll
0x00007ffbb0a00000 - 0x00007ffbb0a0d000 	C:\Program Files\Android\Android Studio1\jre\jre\bin\management.dll
0x00007ffbb5d70000 - 0x00007ffbb5da3000 	C:\WINDOWS\system32\rsaenh.dll
0x00007ffbb7b40000 - 0x00007ffbb7b66000 	C:\WINDOWS\System32\bcrypt.dll
0x00007ffbb68e0000 - 0x00007ffbb6905000 	C:\WINDOWS\SYSTEM32\USERENV.dll
0x00007ffbb63d0000 - 0x00007ffbb63dc000 	C:\WINDOWS\SYSTEM32\CRYPTBASE.dll
0x00007ffbb5f10000 - 0x00007ffbb5f4a000 	C:\WINDOWS\SYSTEM32\IPHLPAPI.DLL
0x00007ffbb9a20000 - 0x00007ffbb9a28000 	C:\WINDOWS\System32\NSI.dll
0x00007ffbb11e0000 - 0x00007ffbb11f6000 	C:\WINDOWS\SYSTEM32\dhcpcsvc6.DLL
0x00007ffbb22c0000 - 0x00007ffbb22dc000 	C:\WINDOWS\SYSTEM32\dhcpcsvc.DLL
0x00007ffbb5f50000 - 0x00007ffbb601a000 	C:\WINDOWS\SYSTEM32\DNSAPI.dll

VM Arguments:
jvm_args: -Xmx1536m -Dfile.encoding=windows-1252 -Duser.country=BR -Duser.language=pt -Duser.variant 
java_command: org.gradle.launcher.daemon.bootstrap.GradleDaemon 5.1.1
java_class_path (initial): C:\Users\Diackson Marques\.gradle\wrapper\dists\gradle-5.1.1-all\97z1ksx6lirer3kbvdnh7jtjg\gradle-5.1.1\lib\gradle-launcher-5.1.1.jar
Launcher Type: SUN_STANDARD

Environment Variables:
PATH=C:\Program Files (x86)\Common Files\Oracle\Java\javapath;C:\ProgramData\Oracle\Java\javapath;C:\Program Files (x86)\Intel\iCLS Client\;C:\Program Files\Intel\iCLS Client\;C:\WINDOWS\system32;C:\WINDOWS;C:\WINDOWS\System32\Wbem;C:\WINDOWS\System32\WindowsPowerShell\v1.0\;C:\Program Files (x86)\Intel\Intel(R) Management Engine Components\DAL;C:\Program Files\Intel\Intel(R) Management Engine Components\DAL;C:\Program Files (x86)\Intel\Intel(R) Management Engine Components\IPT;C:\Program Files\Intel\Intel(R) Management Engine Components\IPT;C:\WINDOWS\System32\OpenSSH\;C:\Program Files\Git\cmd;C:\Users\Diackson Marques\AppData\Local\Microsoft\WindowsApps;C:\Users\Diackson Marques\AppData\Local\Programs\MiKTeX 2.9\miktex\bin\x64\;
USERNAME=Diackson Marques
OS=Windows_NT
PROCESSOR_IDENTIFIER=Intel64 Family 6 Model 142 Stepping 9, GenuineIntel



---------------  S Y S T E M  ---------------

OS: Windows 10.0 , 64 bit Build 18362 (10.0.18362.329)

CPU:total 4 (initial active 4) (2 cores per cpu, 2 threads per core) family 6 model 142 stepping 9, cmov, cx8, fxsr, mmx, sse, sse2, sse3, ssse3, sse4.1, sse4.2, popcnt, avx, avx2, aes, clmul, erms, 3dnowpref, lzcnt, ht, tsc, tscinvbit, bmi1, bmi2, adx

Memory: 4k page, physical 4066916k(375088k free), swap 4271716k(4648k free)

vm_info: OpenJDK 64-Bit Server VM (25.152-b01) for windows-amd64 JRE (1.8.0_152-release-1343-b01), built by "builder" with MS VC++ 10.0 (VS2010)

time: Mon Nov 04 20:55:01 2019
elapsed time: 21 seconds (0d 0h 0m 21s)

