#
# There is insufficient memory for the Java Runtime Environment to continue.
# Native memory allocation (malloc) failed to allocate 867696 bytes for Chunk::new
# Possible reasons:
#   The system is out of physical RAM or swap space
#   In 32 bit mode, the process size limit was hit
# Possible solutions:
#   Reduce memory load on the system
#   Increase physical memory or swap space
#   Check if swap backing store is full
#   Use 64 bit Java on a 64 bit OS
#   Decrease Java heap size (-Xmx/-Xms)
#   Decrease number of Java threads
#   Decrease Java thread stack sizes (-Xss)
#   Set larger code cache with -XX:ReservedCodeCacheSize=
# This output file may be truncated or incomplete.
#
#  Out of Memory Error (allocation.cpp:390), pid=9532, tid=0x000000000000207c
#
# JRE version: OpenJDK Runtime Environment (8.0_152-b01) (build 1.8.0_152-release-1343-b01)
# Java VM: OpenJDK 64-Bit Server VM (25.152-b01 mixed mode windows-amd64 compressed oops)
# Failed to write core dump. Minidumps are not enabled by default on client versions of Windows
#

---------------  T H R E A D  ---------------

Current thread (0x00000000168e3800):  JavaThread "C2 CompilerThread1" daemon [_thread_in_native, id=8316, stack(0x0000000018040000,0x0000000018140000)]

Stack: [0x0000000018040000,0x0000000018140000]
[error occurred during error reporting (printing stack bounds), id 0xc0000005]

Native frames: (J=compiled Java code, j=interpreted, Vv=VM code, C=native code)


Current CompileTask:
C2: 310784 11297       4       org.gradle.api.internal.artifacts.transform.AttributeMatchingVariantSelector::doSelect (426 bytes)


---------------  P R O C E S S  ---------------

Java Threads: ( => current thread )
  0x000000001c7ce000 JavaThread "stdout" [_thread_in_native, id=4508, stack(0x0000000024ea0000,0x0000000024fa0000)]
  0x000000001c7c3000 JavaThread "stderr" [_thread_in_native, id=8388, stack(0x0000000024da0000,0x0000000024ea0000)]
  0x000000001c7c4800 JavaThread "pool-7-thread-1" [_thread_blocked, id=4376, stack(0x0000000024ca0000,0x0000000024da0000)]
  0x000000001c7ca000 JavaThread "Cache worker for execution history cache (C:\Users\Diackson Marques\Desktop\BelezaOnline_2\.gradle\5.1.1\executionHistory)" [_thread_blocked, id=9076, stack(0x0000000024ba0000,0x0000000024ca0000)]
  0x000000001c7c5800 JavaThread "Execution worker for ':' Thread 3" [_thread_blocked, id=1268, stack(0x0000000024aa0000,0x0000000024ba0000)]
  0x000000001c7c4000 JavaThread "Execution worker for ':' Thread 2" [_thread_blocked, id=3664, stack(0x00000000249a0000,0x0000000024aa0000)]
  0x000000001c7c2800 JavaThread "Execution worker for ':'" [_thread_blocked, id=3220, stack(0x00000000248a0000,0x00000000249a0000)]
  0x000000001c7c8000 JavaThread "Cache worker for file content cache (C:\Users\Diackson Marques\Desktop\BelezaOnline_2\.gradle\5.1.1\fileContent)" [_thread_blocked, id=7480, stack(0x00000000243a0000,0x00000000244a0000)]
  0x000000001cb7a000 JavaThread "Cache worker for Build Output Cleanup Cache (C:\Users\Diackson Marques\Desktop\BelezaOnline_2\.gradle\buildOutputCleanup)" [_thread_blocked, id=3196, stack(0x00000000242a0000,0x00000000243a0000)]
  0x000000001cb7a800 JavaThread "Build operations Thread 4" [_thread_blocked, id=10112, stack(0x0000000023da0000,0x0000000023ea0000)]
  0x000000001cb77800 JavaThread "Build operations Thread 3" [_thread_blocked, id=5992, stack(0x0000000023aa0000,0x0000000023ba0000)]
  0x000000001cb77000 JavaThread "Build operations Thread 2" [_thread_blocked, id=4564, stack(0x0000000023860000,0x0000000023960000)]
  0x000000001cb78800 JavaThread "Build operations" [_thread_blocked, id=7940, stack(0x0000000022460000,0x0000000022560000)]
  0x000000001cb6f800 JavaThread "Cache worker for cache directory md-rule (C:\Users\Diackson Marques\.gradle\caches\5.1.1\md-rule)" [_thread_blocked, id=6232, stack(0x0000000021f60000,0x0000000022060000)]
  0x000000001cb76000 JavaThread "Cache worker for cache directory md-supplier (C:\Users\Diackson Marques\.gradle\caches\5.1.1\md-supplier)" [_thread_blocked, id=9156, stack(0x0000000021e60000,0x0000000021f60000)]
  0x000000001cb6e800 JavaThread "Cache worker for file hash cache (C:\Users\Diackson Marques\Desktop\BelezaOnline_2\.gradle\5.1.1\fileHashes)" [_thread_blocked, id=7292, stack(0x0000000021d60000,0x0000000021e60000)]
  0x000000001cb6e000 JavaThread "Thread-50" [_thread_blocked, id=4680, stack(0x0000000020570000,0x0000000020670000)]
  0x000000001cb70000 JavaThread "Stdin handler" [_thread_blocked, id=3840, stack(0x0000000020090000,0x0000000020190000)]
  0x000000001cb72800 JavaThread "Asynchronous log dispatcher for DefaultDaemonConnection: socket connection from /127.0.0.1:50606 to /127.0.0.1:50652" [_thread_blocked, id=5136, stack(0x000000001ff90000,0x0000000020090000)]
  0x000000001cb71800 JavaThread "Cancel handler" [_thread_blocked, id=7312, stack(0x000000001b0b0000,0x000000001b1b0000)]
  0x000000001cb74800 JavaThread "Handler for socket connection from /127.0.0.1:50606 to /127.0.0.1:50652" [_thread_in_native, id=2436, stack(0x000000001adb0000,0x000000001aeb0000)]
  0x000000001c7c6000 JavaThread "Daemon worker Thread 2" [_thread_blocked, id=2132, stack(0x000000001d650000,0x000000001d750000)]
  0x000000001c7c9800 JavaThread "Daemon Thread 2" [_thread_blocked, id=3740, stack(0x000000001a8b0000,0x000000001a9b0000)]
  0x000000001cb6d000 JavaThread "Cache worker for file content cache (C:\Users\Diackson Marques\.gradle\caches\5.1.1\fileContent)" [_thread_blocked, id=9868, stack(0x00000000239a0000,0x0000000023aa0000)]
  0x000000001cb74000 JavaThread "Memory manager" [_thread_blocked, id=6516, stack(0x0000000023560000,0x0000000023660000)]
  0x000000001cb6c800 JavaThread "Cache worker for execution history cache (C:\Users\Diackson Marques\.gradle\caches\5.1.1\executionHistory)" [_thread_blocked, id=6864, stack(0x0000000020190000,0x0000000020290000)]
  0x000000001996c800 JavaThread "Cache worker for journal cache (C:\Users\Diackson Marques\.gradle\caches\journal-1)" [_thread_blocked, id=4552, stack(0x000000001b3b0000,0x000000001b4b0000)]
  0x000000001996a000 JavaThread "File lock request listener" [_thread_in_native, id=9296, stack(0x000000001b2b0000,0x000000001b3b0000)]
  0x00000000199cd000 JavaThread "Cache worker for file hash cache (C:\Users\Diackson Marques\.gradle\caches\5.1.1\fileHashes)" [_thread_blocked, id=5884, stack(0x000000001b1b0000,0x000000001b2b0000)]
  0x0000000019368800 JavaThread "Daemon periodic checks" [_thread_blocked, id=7656, stack(0x000000001a7b0000,0x000000001a8b0000)]
  0x0000000019b14800 JavaThread "Incoming local TCP Connector on port 50606" [_thread_in_native, id=656, stack(0x000000001a550000,0x000000001a650000)]
  0x0000000018268800 JavaThread "Service Thread" daemon [_thread_blocked, id=2828, stack(0x0000000018640000,0x0000000018740000)]
  0x00000000168ed000 JavaThread "C1 CompilerThread2" daemon [_thread_blocked, id=3248, stack(0x0000000018140000,0x0000000018240000)]
=>0x00000000168e3800 JavaThread "C2 CompilerThread1" daemon [_thread_in_native, id=8316, stack(0x0000000018040000,0x0000000018140000)]
  0x00000000168de800 JavaThread "C2 CompilerThread0" daemon [_thread_blocked, id=5620, stack(0x0000000017f40000,0x0000000018040000)]
  0x00000000168dd000 JavaThread "Attach Listener" daemon [_thread_blocked, id=3080, stack(0x0000000017e40000,0x0000000017f40000)]
  0x00000000168db800 JavaThread "Signal Dispatcher" daemon [_thread_blocked, id=1528, stack(0x0000000017d40000,0x0000000017e40000)]
  0x0000000002f6b800 JavaThread "Finalizer" daemon [_thread_blocked, id=8556, stack(0x0000000017b30000,0x0000000017c30000)]
  0x00000000168a8000 JavaThread "Reference Handler" daemon [_thread_blocked, id=5484, stack(0x0000000017a30000,0x0000000017b30000)]
  0x00000000014ee800 JavaThread "main" [_thread_blocked, id=4524, stack(0x0000000002d70000,0x0000000002e70000)]

Other Threads:
  0x00000000168a6000 VMThread [stack: 0x0000000017930000,0x0000000017a30000] [id=5552]
  0x000000001691a800 WatcherThread [stack: 0x0000000018740000,0x0000000018840000] [id=4952]

VM state:not at safepoint (normal execution)

VM Mutex/Monitor currently owned by a thread: None

Heap:
 PSYoungGen      total 235520K, used 96097K [0x00000000e0000000, 0x00000000f1780000, 0x0000000100000000)
  eden space 214528K, 38% used [0x00000000e0000000,0x00000000e5153228,0x00000000ed180000)
  from space 20992K, 61% used [0x00000000ed180000,0x00000000ede054f8,0x00000000ee600000)
  to   space 20992K, 0% used [0x00000000f0300000,0x00000000f0300000,0x00000000f1780000)
 ParOldGen       total 87040K, used 58279K [0x00000000a0000000, 0x00000000a5500000, 0x00000000e0000000)
  object space 87040K, 66% used [0x00000000a0000000,0x00000000a38e9e60,0x00000000a5500000)
 Metaspace       used 71303K, capacity 73952K, committed 74136K, reserved 1114112K
  class space    used 9337K, capacity 9859K, committed 9904K, reserved 1048576K

Card table byte_map: [0x0000000012330000,0x0000000012640000] byte_map_base: 0x0000000011e30000

Marking Bits: (ParMarkBitMap*) 0x0000000064b25aa0
 Begin Bits: [0x0000000012c40000, 0x0000000014440000)
 End Bits:   [0x0000000014440000, 0x0000000015c40000)

Polling page: 0x00000000014a0000

CodeCache: size=245760Kb used=30377Kb max_used=30391Kb free=215382Kb
 bounds [0x0000000002f70000, 0x0000000004d50000, 0x0000000011f70000]
 total_blobs=10371 nmethods=9550 adapters=733
 compilation: enabled

Compilation events (10 events):
Event: 310.187 Thread 0x00000000168ed000 11298       1       org.gradle.internal.resources.AbstractTrackedResourceLock::getDisplayName (5 bytes)
Event: 310.187 Thread 0x00000000168ed000 nmethod 11298 0x0000000004d01590 code [0x0000000004d016e0, 0x0000000004d017f0]
Event: 310.187 Thread 0x00000000168de800 11300       4       com.google.common.io.Files::getFileExtension (42 bytes)
Event: 310.203 Thread 0x00000000168de800 nmethod 11300 0x0000000004d22b50 code [0x0000000004d22d00, 0x0000000004d23498]
Event: 310.204 Thread 0x00000000168de800 11303       4       org.gradle.internal.snapshot.RelativePathStringTracker::enter (75 bytes)
Event: 310.211 Thread 0x00000000168de800 nmethod 11303 0x0000000004d22210 code [0x0000000004d22380, 0x0000000004d228b8]
Event: 310.211 Thread 0x00000000168de800 11301   !   4       java.io.File::toPath (54 bytes)
Event: 310.215 Thread 0x00000000168de800 nmethod 11301 0x0000000004d04890 code [0x0000000004d04a00, 0x0000000004d04de8]
Event: 310.215 Thread 0x00000000168de800 11302       4       com.google.common.collect.Sets::newLinkedHashSet (8 bytes)
Event: 310.217 Thread 0x00000000168de800 nmethod 11302 0x0000000004d1c610 code [0x0000000004d1c760, 0x0000000004d1c8b8]

GC Heap History (10 events):
Event: 10.502 GC heap before
{Heap before GC invocations=14 (full 2):
 PSYoungGen      total 150528K, used 133401K [0x00000000e0000000, 0x00000000ed200000, 0x0000000100000000)
  eden space 138752K, 87% used [0x00000000e0000000,0x00000000e76c9058,0x00000000e8780000)
  from space 11776K, 99% used [0x00000000e8780000,0x00000000e92fd3c0,0x00000000e9300000)
  to   space 15360K, 0% used [0x00000000ec300000,0x00000000ec300000,0x00000000ed200000)
 ParOldGen       total 52736K, used 20930K [0x00000000a0000000, 0x00000000a3380000, 0x00000000e0000000)
  object space 52736K, 39% used [0x00000000a0000000,0x00000000a1470b28,0x00000000a3380000)
 Metaspace       used 57527K, capacity 59016K, committed 59160K, reserved 1099776K
  class space    used 7756K, capacity 8125K, committed 8240K, reserved 1048576K
Event: 10.539 GC heap after
Heap after GC invocations=14 (full 2):
 PSYoungGen      total 198656K, used 12486K [0x00000000e0000000, 0x00000000ed300000, 0x0000000100000000)
  eden space 183296K, 0% used [0x00000000e0000000,0x00000000e0000000,0x00000000eb300000)
  from space 15360K, 81% used [0x00000000ec300000,0x00000000ecf31a28,0x00000000ed200000)
  to   space 16384K, 0% used [0x00000000eb300000,0x00000000eb300000,0x00000000ec300000)
 ParOldGen       total 52736K, used 28832K [0x00000000a0000000, 0x00000000a3380000, 0x00000000e0000000)
  object space 52736K, 54% used [0x00000000a0000000,0x00000000a1c28180,0x00000000a3380000)
 Metaspace       used 57527K, capacity 59016K, committed 59160K, reserved 1099776K
  class space    used 7756K, capacity 8125K, committed 8240K, reserved 1048576K
}
Event: 10.539 GC heap before
{Heap before GC invocations=15 (full 3):
 PSYoungGen      total 198656K, used 12486K [0x00000000e0000000, 0x00000000ed300000, 0x0000000100000000)
  eden space 183296K, 0% used [0x00000000e0000000,0x00000000e0000000,0x00000000eb300000)
  from space 15360K, 81% used [0x00000000ec300000,0x00000000ecf31a28,0x00000000ed200000)
  to   space 16384K, 0% used [0x00000000eb300000,0x00000000eb300000,0x00000000ec300000)
 ParOldGen       total 52736K, used 28832K [0x00000000a0000000, 0x00000000a3380000, 0x00000000e0000000)
  object space 52736K, 54% used [0x00000000a0000000,0x00000000a1c28180,0x00000000a3380000)
 Metaspace       used 57527K, capacity 59016K, committed 59160K, reserved 1099776K
  class space    used 7756K, capacity 8125K, committed 8240K, reserved 1048576K
Event: 10.870 GC heap after
Heap after GC invocations=15 (full 3):
 PSYoungGen      total 198656K, used 0K [0x00000000e0000000, 0x00000000ed300000, 0x0000000100000000)
  eden space 183296K, 0% used [0x00000000e0000000,0x00000000e0000000,0x00000000eb300000)
  from space 15360K, 0% used [0x00000000ec300000,0x00000000ec300000,0x00000000ed200000)
  to   space 16384K, 0% used [0x00000000eb300000,0x00000000eb300000,0x00000000ec300000)
 ParOldGen       total 87040K, used 34249K [0x00000000a0000000, 0x00000000a5500000, 0x00000000e0000000)
  object space 87040K, 39% used [0x00000000a0000000,0x00000000a21725f0,0x00000000a5500000)
 Metaspace       used 57527K, capacity 59016K, committed 59160K, reserved 1099776K
  class space    used 7756K, capacity 8125K, committed 8240K, reserved 1048576K
}
Event: 13.813 GC heap before
{Heap before GC invocations=16 (full 3):
 PSYoungGen      total 198656K, used 183296K [0x00000000e0000000, 0x00000000ed300000, 0x0000000100000000)
  eden space 183296K, 100% used [0x00000000e0000000,0x00000000eb300000,0x00000000eb300000)
  from space 15360K, 0% used [0x00000000ec300000,0x00000000ec300000,0x00000000ed200000)
  to   space 16384K, 0% used [0x00000000eb300000,0x00000000eb300000,0x00000000ec300000)
 ParOldGen       total 87040K, used 34249K [0x00000000a0000000, 0x00000000a5500000, 0x00000000e0000000)
  object space 87040K, 39% used [0x00000000a0000000,0x00000000a21725f0,0x00000000a5500000)
 Metaspace       used 62380K, capacity 64408K, committed 64664K, reserved 1105920K
  class space    used 8408K, capacity 8855K, committed 8880K, reserved 1048576K
Event: 13.846 GC heap after
Heap after GC invocations=16 (full 3):
 PSYoungGen      total 199680K, used 16376K [0x00000000e0000000, 0x00000000f0280000, 0x0000000100000000)
  eden space 183296K, 0% used [0x00000000e0000000,0x00000000e0000000,0x00000000eb300000)
  from space 16384K, 99% used [0x00000000eb300000,0x00000000ec2fe178,0x00000000ec300000)
  to   space 22016K, 0% used [0x00000000eed00000,0x00000000eed00000,0x00000000f0280000)
 ParOldGen       total 87040K, used 42755K [0x00000000a0000000, 0x00000000a5500000, 0x00000000e0000000)
  object space 87040K, 49% used [0x00000000a0000000,0x00000000a29c0f68,0x00000000a5500000)
 Metaspace       used 62380K, capacity 64408K, committed 64664K, reserved 1105920K
  class space    used 8408K, capacity 8855K, committed 8880K, reserved 1048576K
}
Event: 29.599 GC heap before
{Heap before GC invocations=17 (full 3):
 PSYoungGen      total 199680K, used 199672K [0x00000000e0000000, 0x00000000f0280000, 0x0000000100000000)
  eden space 183296K, 100% used [0x00000000e0000000,0x00000000eb300000,0x00000000eb300000)
  from space 16384K, 99% used [0x00000000eb300000,0x00000000ec2fe178,0x00000000ec300000)
  to   space 22016K, 0% used [0x00000000eed00000,0x00000000eed00000,0x00000000f0280000)
 ParOldGen       total 87040K, used 42755K [0x00000000a0000000, 0x00000000a5500000, 0x00000000e0000000)
  object space 87040K, 49% used [0x00000000a0000000,0x00000000a29c0f68,0x00000000a5500000)
 Metaspace       used 65355K, capacity 67524K, committed 67608K, reserved 1107968K
  class space    used 8745K, capacity 9209K, committed 9264K, reserved 1048576K
Event: 29.633 GC heap after
Heap after GC invocations=17 (full 3):
 PSYoungGen      total 228352K, used 9453K [0x00000000e0000000, 0x00000000efa80000, 0x0000000100000000)
  eden space 214528K, 0% used [0x00000000e0000000,0x00000000e0000000,0x00000000ed180000)
  from space 13824K, 68% used [0x00000000eed00000,0x00000000ef63b570,0x00000000efa80000)
  to   space 20992K, 0% used [0x00000000ed180000,0x00000000ed180000,0x00000000ee600000)
 ParOldGen       total 87040K, used 58271K [0x00000000a0000000, 0x00000000a5500000, 0x00000000e0000000)
  object space 87040K, 66% used [0x00000000a0000000,0x00000000a38e7e60,0x00000000a5500000)
 Metaspace       used 65355K, capacity 67524K, committed 67608K, reserved 1107968K
  class space    used 8745K, capacity 9209K, committed 9264K, reserved 1048576K
}
Event: 308.314 GC heap before
{Heap before GC invocations=18 (full 3):
 PSYoungGen      total 228352K, used 223981K [0x00000000e0000000, 0x00000000efa80000, 0x0000000100000000)
  eden space 214528K, 100% used [0x00000000e0000000,0x00000000ed180000,0x00000000ed180000)
  from space 13824K, 68% used [0x00000000eed00000,0x00000000ef63b570,0x00000000efa80000)
  to   space 20992K, 0% used [0x00000000ed180000,0x00000000ed180000,0x00000000ee600000)
 ParOldGen       total 87040K, used 58271K [0x00000000a0000000, 0x00000000a5500000, 0x00000000e0000000)
  object space 87040K, 66% used [0x00000000a0000000,0x00000000a38e7e60,0x00000000a5500000)
 Metaspace       used 70942K, capacity 73474K, committed 73624K, reserved 1114112K
  class space    used 9329K, capacity 9846K, committed 9904K, reserved 1048576K
Event: 308.331 GC heap after
Heap after GC invocations=18 (full 3):
 PSYoungGen      total 235520K, used 12821K [0x00000000e0000000, 0x00000000f1780000, 0x0000000100000000)
  eden space 214528K, 0% used [0x00000000e0000000,0x00000000e0000000,0x00000000ed180000)
  from space 20992K, 61% used [0x00000000ed180000,0x00000000ede054f8,0x00000000ee600000)
  to   space 20992K, 0% used [0x00000000f0300000,0x00000000f0300000,0x00000000f1780000)
 ParOldGen       total 87040K, used 58279K [0x00000000a0000000, 0x00000000a5500000, 0x00000000e0000000)
  object space 87040K, 66% used [0x00000000a0000000,0x00000000a38e9e60,0x00000000a5500000)
 Metaspace       used 70942K, capacity 73474K, committed 73624K, reserved 1114112K
  class space    used 9329K, capacity 9846K, committed 9904K, reserved 1048576K
}

Deoptimization events (10 events):
Event: 308.263 Thread 0x000000001cb74800 Uncommon trap: reason=class_check action=maybe_recompile pc=0x00000000046071e0 method=java.lang.reflect.Array.newInstance(Ljava/lang/Class;I)Ljava/lang/Object; @ 2
Event: 308.331 Thread 0x00000000168a8000 Uncommon trap: reason=unstable_if action=reinterpret pc=0x00000000039facf4 method=java.lang.ref.Reference.tryHandlePending(Z)Z @ 20
Event: 308.341 Thread 0x000000001c7c6000 Uncommon trap: reason=null_check action=make_not_entrant pc=0x0000000003262b80 method=java.lang.ThreadLocal$ThreadLocalMap.getEntryAfterMiss(Ljava/lang/ThreadLocal;ILjava/lang/ThreadLocal$ThreadLocalMap$Entry;)Ljava/lang/ThreadLocal$ThreadLocalMap$Entry; 
Event: 308.755 Thread 0x000000001c7c6000 Uncommon trap: reason=bimorphic action=maybe_recompile pc=0x00000000047ccc10 method=com.google.common.collect.AbstractMapBasedMultimap$WrappedCollection.refreshIfEmpty()V @ 40
Event: 308.774 Thread 0x000000001c7c6000 Uncommon trap: reason=class_check action=maybe_recompile pc=0x0000000003cecfe8 method=java.util.regex.Matcher.search(I)Z @ 86
Event: 308.774 Thread 0x000000001c7c6000 Uncommon trap: reason=class_check action=maybe_recompile pc=0x000000000374da5c method=java.util.regex.Matcher.search(I)Z @ 86
Event: 309.050 Thread 0x000000001c7c2800 Uncommon trap: reason=bimorphic action=maybe_recompile pc=0x000000000456a2b0 method=com.sun.org.apache.xerces.internal.dom.ElementImpl.getAttributes()Lorg/w3c/dom/NamedNodeMap; @ 8
Event: 309.728 Thread 0x000000001c7c5800 Uncommon trap: reason=unstable_if action=reinterpret pc=0x000000000466112c method=com.google.common.collect.MapMakerInternalMap$Segment.put(Ljava/lang/Object;ILjava/lang/Object;Z)Ljava/lang/Object; @ 92
Event: 309.733 Thread 0x000000001c7c5800 Uncommon trap: reason=class_check action=maybe_recompile pc=0x0000000004286f64 method=org.gradle.internal.fingerprint.impl.AbsolutePathFingerprintingStrategy$1.visit(Lorg/gradle/internal/snapshot/FileSystemLocationSnapshot;)V @ 11
Event: 309.762 Thread 0x000000001c7c5800 Uncommon trap: reason=unstable_if action=reinterpret pc=0x0000000004a55c78 method=com.google.common.cache.LongAdder.add(J)V @ 95

Classes redefined (0 events):
No events

Internal exceptions (10 events):
Event: 287.887 Thread 0x000000001c7c6000 Implicit null exception at 0x000000000418076f to 0x00000000041807f6
Event: 288.481 Thread 0x000000001c7c6000 Exception <a 'sun/nio/fs/WindowsException'> (0x00000000e57ae038) thrown at [D:\src\AOSP-openjdk-cygwin\jdk8u\hotspot\src\share\vm\prims\jni.cpp, line 709]
Event: 290.375 Thread 0x000000001c7cf800 Implicit null exception at 0x00000000047e0bf0 to 0x00000000047e167d
Event: 298.462 Thread 0x000000001c7cf800 Exception <a 'java/io/IOException'> (0x00000000ecadeab0) thrown at [D:\src\AOSP-openjdk-cygwin\jdk8u\hotspot\src\share\vm\prims\jni.cpp, line 709]
Event: 298.462 Thread 0x000000001c7cf800 Exception <a 'java/lang/reflect/InvocationTargetException'> (0x00000000ecadf098) thrown at [D:\src\AOSP-openjdk-cygwin\jdk8u\hotspot\src\share\vm\runtime\reflection.cpp, line 1092]
Event: 298.521 Thread 0x000000001c7c3000 Exception <a 'java/lang/NoSuchMethodError': <clinit>> (0x00000000e87b0718) thrown at [D:\src\AOSP-openjdk-cygwin\jdk8u\hotspot\src\share\vm\prims\jni.cpp, line 1613]
Event: 298.522 Thread 0x000000001c7c3000 Exception <a 'java/lang/NoSuchMethodError': <clinit>> (0x00000000ecb82d30) thrown at [D:\src\AOSP-openjdk-cygwin\jdk8u\hotspot\src\share\vm\prims\jni.cpp, line 1613]
Event: 298.545 Thread 0x000000001c7c3000 Exception <a 'java/lang/NoSuchMethodError': <clinit>> (0x00000000ecb8f350) thrown at [D:\src\AOSP-openjdk-cygwin\jdk8u\hotspot\src\share\vm\prims\jni.cpp, line 1613]
Event: 308.341 Thread 0x000000001c7c6000 Implicit null exception at 0x00000000032626c2 to 0x0000000003262b61
Event: 308.713 Thread 0x000000001c7c6000 Exception <a 'sun/nio/fs/WindowsException'> (0x00000000e0cab720) thrown at [D:\src\AOSP-openjdk-cygwin\jdk8u\hotspot\src\share\vm\prims\jni.cpp, line 709]

Events (10 events):
Event: 310.199 Executing VM operation: RevokeBias done
Event: 310.199 Executing VM operation: RevokeBias
Event: 310.199 Executing VM operation: RevokeBias done
Event: 310.199 Executing VM operation: RevokeBias
Event: 310.199 Executing VM operation: RevokeBias done
Event: 310.207 Thread 0x000000001c7c4800 Thread added: 0x000000001c7c4800
Event: 310.217 Thread 0x00000000168de800 flushing nmethod 0x000000000352d4d0
Event: 310.217 Thread 0x00000000168de800 flushing nmethod 0x000000000354fcd0
Event: 310.250 Thread 0x000000001c7c3000 Thread added: 0x000000001c7c3000
Event: 310.250 Thread 0x000000001c7ce000 Thread added: 0x000000001c7ce000


Dynamic libraries:
0x00007ff640a60000 - 0x00007ff640a91000 	C:\Program Files\Android\Android Studio1\jre\bin\java.exe
0x00007ffd23e80000 - 0x00007ffd24070000 	C:\WINDOWS\SYSTEM32\ntdll.dll
0x00007ffd1ce40000 - 0x00007ffd1ce54000 	C:\Program Files\AVG\Antivirus\aswhook.dll
0x00007ffd23af0000 - 0x00007ffd23ba2000 	C:\WINDOWS\System32\KERNEL32.DLL
0x00007ffd20e30000 - 0x00007ffd210d3000 	C:\WINDOWS\System32\KERNELBASE.dll
0x00007ffd23c80000 - 0x00007ffd23d23000 	C:\WINDOWS\System32\ADVAPI32.dll
0x00007ffd23d30000 - 0x00007ffd23dce000 	C:\WINDOWS\System32\msvcrt.dll
0x00007ffd238c0000 - 0x00007ffd23957000 	C:\WINDOWS\System32\sechost.dll
0x00007ffd21fe0000 - 0x00007ffd22100000 	C:\WINDOWS\System32\RPCRT4.dll
0x00007ffd230a0000 - 0x00007ffd23234000 	C:\WINDOWS\System32\USER32.dll
0x00007ffd21d20000 - 0x00007ffd21d41000 	C:\WINDOWS\System32\win32u.dll
0x00007ffd22cd0000 - 0x00007ffd22cf6000 	C:\WINDOWS\System32\GDI32.dll
0x00007ffd21a80000 - 0x00007ffd21c14000 	C:\WINDOWS\System32\gdi32full.dll
0x00007ffd21860000 - 0x00007ffd218fe000 	C:\WINDOWS\System32\msvcp_win.dll
0x00007ffd21900000 - 0x00007ffd219fa000 	C:\WINDOWS\System32\ucrtbase.dll
0x00007ffd0a520000 - 0x00007ffd0a7a5000 	C:\WINDOWS\WinSxS\amd64_microsoft.windows.common-controls_6595b64144ccf1df_6.0.18362.418_none_e6c6b287130d565d\COMCTL32.dll
0x00007ffd233c0000 - 0x00007ffd236f6000 	C:\WINDOWS\System32\combase.dll
0x00007ffd21a00000 - 0x00007ffd21a80000 	C:\WINDOWS\System32\bcryptPrimitives.dll
0x00007ffd23070000 - 0x00007ffd2309e000 	C:\WINDOWS\System32\IMM32.DLL
0x00000000641a0000 - 0x0000000064272000 	C:\Program Files\Android\Android Studio1\jre\jre\bin\msvcr100.dll
0x0000000064360000 - 0x0000000064ba1000 	C:\Program Files\Android\Android Studio1\jre\jre\bin\server\jvm.dll
0x00007ffd225d0000 - 0x00007ffd225d8000 	C:\WINDOWS\System32\PSAPI.DLL
0x00007ffd13040000 - 0x00007ffd13049000 	C:\WINDOWS\SYSTEM32\WSOCK32.dll
0x00007ffd23dd0000 - 0x00007ffd23e3f000 	C:\WINDOWS\System32\WS2_32.dll
0x00007ffd1eeb0000 - 0x00007ffd1eed4000 	C:\WINDOWS\SYSTEM32\WINMM.dll
0x00007ffd1be00000 - 0x00007ffd1be0a000 	C:\WINDOWS\SYSTEM32\VERSION.dll
0x00007ffd1ee80000 - 0x00007ffd1eead000 	C:\WINDOWS\SYSTEM32\WINMMBASE.dll
0x00007ffd21c20000 - 0x00007ffd21c6a000 	C:\WINDOWS\System32\cfgmgr32.dll
0x00007ffd1e780000 - 0x00007ffd1e78f000 	C:\Program Files\Android\Android Studio1\jre\jre\bin\verify.dll
0x00007ffd0af60000 - 0x00007ffd0af89000 	C:\Program Files\Android\Android Studio1\jre\jre\bin\java.dll
0x00007ffd1cc10000 - 0x00007ffd1cc26000 	C:\Program Files\Android\Android Studio1\jre\jre\bin\zip.dll
0x00007ffd225e0000 - 0x00007ffd22cc5000 	C:\WINDOWS\System32\SHELL32.dll
0x00007ffd23240000 - 0x00007ffd232e9000 	C:\WINDOWS\System32\shcore.dll
0x00007ffd210e0000 - 0x00007ffd2185f000 	C:\WINDOWS\System32\windows.storage.dll
0x00007ffd20df0000 - 0x00007ffd20e0f000 	C:\WINDOWS\System32\profapi.dll
0x00007ffd20d60000 - 0x00007ffd20daa000 	C:\WINDOWS\System32\powrprof.dll
0x00007ffd20d50000 - 0x00007ffd20d60000 	C:\WINDOWS\System32\UMPDC.dll
0x00007ffd23a90000 - 0x00007ffd23ae2000 	C:\WINDOWS\System32\shlwapi.dll
0x00007ffd20db0000 - 0x00007ffd20dc1000 	C:\WINDOWS\System32\kernel.appcore.dll
0x00007ffd20e10000 - 0x00007ffd20e27000 	C:\WINDOWS\System32\cryptsp.dll
0x00007ffd18d40000 - 0x00007ffd18d5a000 	C:\Program Files\Android\Android Studio1\jre\jre\bin\net.dll
0x00007ffd20560000 - 0x00007ffd205c7000 	C:\WINDOWS\system32\mswsock.dll
0x00007ffd0af40000 - 0x00007ffd0af51000 	C:\Program Files\Android\Android Studio1\jre\jre\bin\nio.dll
0x00007ffd06b80000 - 0x00007ffd06b9e000 	C:\Users\Diackson Marques\.gradle\native\25\windows-amd64\native-platform.dll
0x00007ffd1ae40000 - 0x00007ffd1ae4d000 	C:\Program Files\Android\Android Studio1\jre\jre\bin\management.dll
0x00007ffd200d0000 - 0x00007ffd20103000 	C:\WINDOWS\system32\rsaenh.dll
0x00007ffd21d50000 - 0x00007ffd21d76000 	C:\WINDOWS\System32\bcrypt.dll
0x00007ffd20c70000 - 0x00007ffd20c95000 	C:\WINDOWS\SYSTEM32\USERENV.dll
0x00007ffd20730000 - 0x00007ffd2073c000 	C:\WINDOWS\SYSTEM32\CRYPTBASE.dll
0x00007ffd20270000 - 0x00007ffd202aa000 	C:\WINDOWS\SYSTEM32\IPHLPAPI.DLL
0x00007ffd23970000 - 0x00007ffd23978000 	C:\WINDOWS\System32\NSI.dll
0x00007ffd16d50000 - 0x00007ffd16d66000 	C:\WINDOWS\SYSTEM32\dhcpcsvc6.DLL
0x00007ffd16be0000 - 0x00007ffd16bfc000 	C:\WINDOWS\SYSTEM32\dhcpcsvc.DLL
0x00007ffd202b0000 - 0x00007ffd2037a000 	C:\WINDOWS\SYSTEM32\DNSAPI.dll

VM Arguments:
jvm_args: -Xmx1536m -Dfile.encoding=windows-1252 -Duser.country=BR -Duser.language=pt -Duser.variant 
java_command: org.gradle.launcher.daemon.bootstrap.GradleDaemon 5.1.1
java_class_path (initial): C:\Users\Diackson Marques\.gradle\wrapper\dists\gradle-5.1.1-all\97z1ksx6lirer3kbvdnh7jtjg\gradle-5.1.1\lib\gradle-launcher-5.1.1.jar
Launcher Type: SUN_STANDARD

Environment Variables:
PATH=C:\Program Files (x86)\Common Files\Oracle\Java\javapath;C:\ProgramData\Oracle\Java\javapath;C:\Program Files (x86)\Intel\iCLS Client\;C:\Program Files\Intel\iCLS Client\;C:\WINDOWS\system32;C:\WINDOWS;C:\WINDOWS\System32\Wbem;C:\WINDOWS\System32\WindowsPowerShell\v1.0\;C:\Program Files (x86)\Intel\Intel(R) Management Engine Components\DAL;C:\Program Files\Intel\Intel(R) Management Engine Components\DAL;C:\Program Files (x86)\Intel\Intel(R) Management Engine Components\IPT;C:\Program Files\Intel\Intel(R) Management Engine Components\IPT;C:\WINDOWS\System32\OpenSSH\;C:\Program Files\Git\cmd;C:\Users\Diackson Marques\AppData\Local\Microsoft\WindowsApps;C:\Users\Diackson Marques\AppData\Local\Programs\MiKTeX 2.9\miktex\bin\x64\;
USERNAME=Diackson Marques
OS=Windows_NT
PROCESSOR_IDENTIFIER=Intel64 Family 6 Model 142 Stepping 9, GenuineIntel



---------------  S Y S T E M  ---------------

OS: Windows 10.0 , 64 bit Build 18362 (10.0.18362.329)

CPU:total 4 (initial active 4) (2 cores per cpu, 2 threads per core) family 6 model 142 stepping 9, cmov, cx8, fxsr, mmx, sse, sse2, sse3, ssse3, sse4.1, sse4.2, popcnt, avx, avx2, aes, clmul, erms, 3dnowpref, lzcnt, ht, tsc, tscinvbit, bmi1, bmi2, adx

Memory: 4k page, physical 4066916k(362476k free), swap 4271716k(5148k free)

vm_info: OpenJDK 64-Bit Server VM (25.152-b01) for windows-amd64 JRE (1.8.0_152-release-1343-b01), built by "builder" with MS VC++ 10.0 (VS2010)

time: Thu Oct 17 00:36:33 2019
elapsed time: 310 seconds (0d 0h 5m 10s)

