#
# There is insufficient memory for the Java Runtime Environment to continue.
# Native memory allocation (malloc) failed to allocate 1593776 bytes for Chunk::new
# Possible reasons:
#   The system is out of physical RAM or swap space
#   In 32 bit mode, the process size limit was hit
# Possible solutions:
#   Reduce memory load on the system
#   Increase physical memory or swap space
#   Check if swap backing store is full
#   Use 64 bit Java on a 64 bit OS
#   Decrease Java heap size (-Xmx/-Xms)
#   Decrease number of Java threads
#   Decrease Java thread stack sizes (-Xss)
#   Set larger code cache with -XX:ReservedCodeCacheSize=
# This output file may be truncated or incomplete.
#
#  Out of Memory Error (allocation.cpp:390), pid=2784, tid=0x0000000000002e8c
#
# JRE version: OpenJDK Runtime Environment (8.0_152-b01) (build 1.8.0_152-release-1343-b01)
# Java VM: OpenJDK 64-Bit Server VM (25.152-b01 mixed mode windows-amd64 compressed oops)
# Failed to write core dump. Minidumps are not enabled by default on client versions of Windows
#

---------------  T H R E A D  ---------------

Current thread (0x00000000160fc800):  JavaThread "C2 CompilerThread0" daemon [_thread_in_native, id=11916, stack(0x0000000017770000,0x0000000017870000)]

Stack: [0x0000000017770000,0x0000000017870000]
[error occurred during error reporting (printing stack bounds), id 0xc0000005]

Native frames: (J=compiled Java code, j=interpreted, Vv=VM code, C=native code)


Current CompileTask:
C2: 649306 18331       4       org.gradle.internal.graph.CachingDirectedGraphWalker::doSearch (659 bytes)


---------------  P R O C E S S  ---------------

Java Threads: ( => current thread )
  0x0000000021321000 JavaThread "Cache worker for execution history cache (C:\Users\Diackson Marques\Desktop\BelezaOnline_2\.gradle\5.1.1\executionHistory)" [_thread_blocked, id=11648, stack(0x00000000240b0000,0x00000000241b0000)]
  0x0000000021328000 JavaThread "Execution worker for ':' Thread 3" [_thread_blocked, id=11140, stack(0x0000000023fb0000,0x00000000240b0000)]
  0x0000000021325800 JavaThread "Execution worker for ':' Thread 2" [_thread_blocked, id=9056, stack(0x0000000023eb0000,0x0000000023fb0000)]
  0x0000000021326800 JavaThread "Execution worker for ':'" [_thread_blocked, id=1748, stack(0x00000000238b0000,0x00000000239b0000)]
  0x0000000021325000 JavaThread "Cache worker for file content cache (C:\Users\Diackson Marques\Desktop\BelezaOnline_2\.gradle\5.1.1\fileContent)" [_thread_blocked, id=6480, stack(0x00000000235b0000,0x00000000236b0000)]
  0x0000000021322000 JavaThread "Cache worker for Build Output Cleanup Cache (C:\Users\Diackson Marques\Desktop\BelezaOnline_2\.gradle\buildOutputCleanup)" [_thread_blocked, id=11172, stack(0x00000000232b0000,0x00000000233b0000)]
  0x000000002131f800 JavaThread "Build operations Thread 4" [_thread_blocked, id=3076, stack(0x0000000021db0000,0x0000000021eb0000)]
  0x000000002131f000 JavaThread "Build operations Thread 3" [_thread_blocked, id=5540, stack(0x0000000021cb0000,0x0000000021db0000)]
  0x0000000021320800 JavaThread "Build operations Thread 2" [_thread_blocked, id=3772, stack(0x00000000209e0000,0x0000000020ae0000)]
  0x0000000021322800 JavaThread "Build operations" [_thread_blocked, id=10172, stack(0x000000001e820000,0x000000001e920000)]
  0x0000000021323800 JavaThread "Cache worker for cache directory md-rule (C:\Users\Diackson Marques\.gradle\caches\5.1.1\md-rule)" [_thread_blocked, id=5856, stack(0x000000001d290000,0x000000001d390000)]
  0x000000002131e000 JavaThread "Cache worker for cache directory md-supplier (C:\Users\Diackson Marques\.gradle\caches\5.1.1\md-supplier)" [_thread_blocked, id=2216, stack(0x000000001cf80000,0x000000001d080000)]
  0x0000000020dba000 JavaThread "Cache worker for file hash cache (C:\Users\Diackson Marques\Desktop\BelezaOnline_2\.gradle\5.1.1\fileHashes)" [_thread_blocked, id=4128, stack(0x000000001ce80000,0x000000001cf80000)]
  0x0000000020db9000 JavaThread "Thread-52" [_thread_blocked, id=7732, stack(0x000000001a8e0000,0x000000001a9e0000)]
  0x0000000020db8800 JavaThread "Stdin handler" [_thread_blocked, id=10252, stack(0x000000001a7e0000,0x000000001a8e0000)]
  0x0000000020db7800 JavaThread "Asynchronous log dispatcher for DefaultDaemonConnection: socket connection from /127.0.0.1:56474 to /127.0.0.1:56546" [_thread_blocked, id=12236, stack(0x000000001a6e0000,0x000000001a7e0000)]
  0x0000000020dae000 JavaThread "Daemon worker Thread 2" [_thread_in_native, id=8168, stack(0x000000001a5e0000,0x000000001a6e0000)]
  0x0000000020db3000 JavaThread "Cancel handler" [_thread_blocked, id=9616, stack(0x000000001a4e0000,0x000000001a5e0000)]
  0x0000000020db2800 JavaThread "Handler for socket connection from /127.0.0.1:56474 to /127.0.0.1:56546" [_thread_in_native, id=2272, stack(0x000000001a1e0000,0x000000001a2e0000)]
  0x0000000020dae800 JavaThread "Daemon Thread 2" [_thread_blocked, id=4796, stack(0x000000001a0e0000,0x000000001a1e0000)]
  0x000000001b988000 JavaThread "Cache worker for Java compile cache (C:\Users\Diackson Marques\.gradle\caches\5.1.1\javaCompile)" [_thread_blocked, id=1388, stack(0x0000000023db0000,0x0000000023eb0000)]
  0x0000000020db7000 JavaThread "Cache worker for file content cache (C:\Users\Diackson Marques\.gradle\caches\5.1.1\fileContent)" [_thread_blocked, id=5088, stack(0x00000000231b0000,0x00000000232b0000)]
  0x0000000020daf800 JavaThread "Memory manager" [_thread_blocked, id=964, stack(0x0000000022eb0000,0x0000000022fb0000)]
  0x0000000019207000 JavaThread "Cache worker for execution history cache (C:\Users\Diackson Marques\.gradle\caches\5.1.1\executionHistory)" [_thread_blocked, id=1636, stack(0x000000001e440000,0x000000001e540000)]
  0x0000000019205000 JavaThread "Cache worker for journal cache (C:\Users\Diackson Marques\.gradle\caches\journal-1)" [_thread_blocked, id=4132, stack(0x000000001abe0000,0x000000001ace0000)]
  0x00000000186eb800 JavaThread "File lock request listener" [_thread_in_native, id=8920, stack(0x000000001aae0000,0x000000001abe0000)]
  0x0000000019292800 JavaThread "Cache worker for file hash cache (C:\Users\Diackson Marques\.gradle\caches\5.1.1\fileHashes)" [_thread_blocked, id=2716, stack(0x000000001a9e0000,0x000000001aae0000)]
  0x0000000018607800 JavaThread "Daemon periodic checks" [_thread_blocked, id=1920, stack(0x0000000019fe0000,0x000000001a0e0000)]
  0x0000000018612000 JavaThread "Incoming local TCP Connector on port 56474" [_thread_in_native, id=11100, stack(0x0000000019d80000,0x0000000019e80000)]
  0x000000001615d000 JavaThread "Service Thread" daemon [_thread_blocked, id=11392, stack(0x0000000017e70000,0x0000000017f70000)]
  0x0000000016109800 JavaThread "C1 CompilerThread2" daemon [_thread_blocked, id=2624, stack(0x0000000017970000,0x0000000017a70000)]
  0x00000000160ff800 JavaThread "C2 CompilerThread1" daemon [_thread_in_native, id=10912, stack(0x0000000017870000,0x0000000017970000)]
=>0x00000000160fc800 JavaThread "C2 CompilerThread0" daemon [_thread_in_native, id=11916, stack(0x0000000017770000,0x0000000017870000)]
  0x00000000160fb000 JavaThread "Attach Listener" daemon [_thread_blocked, id=476, stack(0x0000000017670000,0x0000000017770000)]
  0x00000000160fa000 JavaThread "Signal Dispatcher" daemon [_thread_blocked, id=1296, stack(0x0000000017570000,0x0000000017670000)]
  0x000000000278b800 JavaThread "Finalizer" daemon [_thread_blocked, id=8844, stack(0x0000000017360000,0x0000000017460000)]
  0x00000000160c8000 JavaThread "Reference Handler" daemon [_thread_blocked, id=10264, stack(0x0000000017260000,0x0000000017360000)]
  0x0000000000b2e800 JavaThread "main" [_thread_blocked, id=3440, stack(0x0000000002580000,0x0000000002680000)]

Other Threads:
  0x00000000160c6000 VMThread [stack: 0x0000000017160000,0x0000000017260000] [id=9656]
  0x000000001615e000 WatcherThread [stack: 0x0000000017f70000,0x0000000018070000] [id=4288]

VM state:not at safepoint (normal execution)

VM Mutex/Monitor currently owned by a thread: None

Heap:
 PSYoungGen      total 194560K, used 31767K [0x00000000e0000000, 0x00000000ed800000, 0x0000000100000000)
  eden space 167936K, 10% used [0x00000000e0000000,0x00000000e11f6f20,0x00000000ea400000)
  from space 26624K, 50% used [0x00000000ea400000,0x00000000eb10ecf0,0x00000000ebe00000)
  to   space 23040K, 0% used [0x00000000ec180000,0x00000000ec180000,0x00000000ed800000)
 ParOldGen       total 154112K, used 77322K [0x00000000a0000000, 0x00000000a9680000, 0x00000000e0000000)
  object space 154112K, 50% used [0x00000000a0000000,0x00000000a4b82818,0x00000000a9680000)
 Metaspace       used 89792K, capacity 93314K, committed 93464K, reserved 1130496K
  class space    used 11348K, capacity 12009K, committed 12080K, reserved 1048576K

Card table byte_map: [0x0000000011b50000,0x0000000011e60000] byte_map_base: 0x0000000011650000

Marking Bits: (ParMarkBitMap*) 0x00000000774e5aa0
 Begin Bits: [0x0000000012460000, 0x0000000013c60000)
 End Bits:   [0x0000000013c60000, 0x0000000015460000)

Polling page: 0x0000000000b30000

CodeCache: size=245760Kb used=51162Kb max_used=51162Kb free=194597Kb
 bounds [0x0000000002790000, 0x00000000059d0000, 0x0000000011790000]
 total_blobs=15906 nmethods=15025 adapters=791
 compilation: enabled

Compilation events (10 events):
Event: 649.103 Thread 0x0000000016109800 18399       3       org.gradle.api.internal.artifacts.metadata.ComponentArtifactIdentifierSerializer::write (10 bytes)
Event: 649.103 Thread 0x0000000016109800 nmethod 18399 0x00000000059be7d0 code [0x00000000059be940, 0x00000000059bebc8]
Event: 649.103 Thread 0x0000000016109800 18400       3       org.gradle.api.internal.artifacts.metadata.ComponentArtifactIdentifierSerializer::write (66 bytes)
Event: 649.104 Thread 0x0000000016109800 nmethod 18400 0x00000000059bec90 code [0x00000000059bee60, 0x00000000059bf508]
Event: 649.104 Thread 0x0000000016109800 18401       3       org.gradle.api.internal.artifacts.ivyservice.modulecache.artifacts.DefaultModuleArtifactCache$CachedArtifactSerializer::read (6 bytes)
Event: 649.104 Thread 0x0000000016109800 nmethod 18401 0x00000000059bf790 code [0x00000000059bf900, 0x00000000059bfaa8]
Event: 649.104 Thread 0x0000000016109800 18402       3       org.gradle.api.internal.artifacts.ivyservice.modulecache.artifacts.DefaultModuleArtifactCache$CachedArtifactSerializer::read (127 bytes)
Event: 649.106 Thread 0x0000000016109800 nmethod 18402 0x00000000059bfb50 code [0x00000000059bfde0, 0x00000000059c0e78]
Event: 649.106 Thread 0x0000000016109800 18403       3       org.gradle.api.internal.artifacts.ivyservice.modulecache.artifacts.DefaultCachedArtifact::<init> (28 bytes)
Event: 649.106 Thread 0x0000000016109800 nmethod 18403 0x00000000059c1790 code [0x00000000059c1900, 0x00000000059c1b50]

GC Heap History (10 events):
Event: 89.125 GC heap before
{Heap before GC invocations=33 (full 4):
 PSYoungGen      total 159232K, used 147278K [0x00000000e0000000, 0x00000000ebf80000, 0x0000000100000000)
  eden space 128512K, 100% used [0x00000000e0000000,0x00000000e7d80000,0x00000000e7d80000)
  from space 30720K, 61% used [0x00000000e9c00000,0x00000000eae53be8,0x00000000eba00000)
  to   space 31232K, 0% used [0x00000000e7d80000,0x00000000e7d80000,0x00000000e9c00000)
 ParOldGen       total 154112K, used 72892K [0x00000000a0000000, 0x00000000a9680000, 0x00000000e0000000)
  object space 154112K, 47% used [0x00000000a0000000,0x00000000a472f3d8,0x00000000a9680000)
 Metaspace       used 82179K, capacity 85220K, committed 85528K, reserved 1124352K
  class space    used 10590K, capacity 11190K, committed 11312K, reserved 1048576K
Event: 89.165 GC heap after
Heap after GC invocations=33 (full 4):
 PSYoungGen      total 159744K, used 15721K [0x00000000e0000000, 0x00000000ecb00000, 0x0000000100000000)
  eden space 128512K, 0% used [0x00000000e0000000,0x00000000e0000000,0x00000000e7d80000)
  from space 31232K, 50% used [0x00000000e7d80000,0x00000000e8cda480,0x00000000e9c00000)
  to   space 30208K, 0% used [0x00000000ead80000,0x00000000ead80000,0x00000000ecb00000)
 ParOldGen       total 154112K, used 72900K [0x00000000a0000000, 0x00000000a9680000, 0x00000000e0000000)
  object space 154112K, 47% used [0x00000000a0000000,0x00000000a47313d8,0x00000000a9680000)
 Metaspace       used 82179K, capacity 85220K, committed 85528K, reserved 1124352K
  class space    used 10590K, capacity 11190K, committed 11312K, reserved 1048576K
}
Event: 90.324 GC heap before
{Heap before GC invocations=34 (full 4):
 PSYoungGen      total 159744K, used 144233K [0x00000000e0000000, 0x00000000ecb00000, 0x0000000100000000)
  eden space 128512K, 100% used [0x00000000e0000000,0x00000000e7d80000,0x00000000e7d80000)
  from space 31232K, 50% used [0x00000000e7d80000,0x00000000e8cda480,0x00000000e9c00000)
  to   space 30208K, 0% used [0x00000000ead80000,0x00000000ead80000,0x00000000ecb00000)
 ParOldGen       total 154112K, used 72900K [0x00000000a0000000, 0x00000000a9680000, 0x00000000e0000000)
  object space 154112K, 47% used [0x00000000a0000000,0x00000000a47313d8,0x00000000a9680000)
 Metaspace       used 82312K, capacity 85434K, committed 85784K, reserved 1124352K
  class space    used 10591K, capacity 11191K, committed 11312K, reserved 1048576K
Event: 90.356 GC heap after
Heap after GC invocations=34 (full 4):
 PSYoungGen      total 177664K, used 12710K [0x00000000e0000000, 0x00000000ec980000, 0x0000000100000000)
  eden space 148992K, 0% used [0x00000000e0000000,0x00000000e0000000,0x00000000e9180000)
  from space 28672K, 44% used [0x00000000ead80000,0x00000000eb9e9898,0x00000000ec980000)
  to   space 28672K, 0% used [0x00000000e9180000,0x00000000e9180000,0x00000000ead80000)
 ParOldGen       total 154112K, used 72908K [0x00000000a0000000, 0x00000000a9680000, 0x00000000e0000000)
  object space 154112K, 47% used [0x00000000a0000000,0x00000000a47333d8,0x00000000a9680000)
 Metaspace       used 82312K, capacity 85434K, committed 85784K, reserved 1124352K
  class space    used 10591K, capacity 11191K, committed 11312K, reserved 1048576K
}
Event: 94.985 GC heap before
{Heap before GC invocations=35 (full 4):
 PSYoungGen      total 177664K, used 161697K [0x00000000e0000000, 0x00000000ec980000, 0x0000000100000000)
  eden space 148992K, 99% used [0x00000000e0000000,0x00000000e917edd0,0x00000000e9180000)
  from space 28672K, 44% used [0x00000000ead80000,0x00000000eb9e9898,0x00000000ec980000)
  to   space 28672K, 0% used [0x00000000e9180000,0x00000000e9180000,0x00000000ead80000)
 ParOldGen       total 154112K, used 72908K [0x00000000a0000000, 0x00000000a9680000, 0x00000000e0000000)
  object space 154112K, 47% used [0x00000000a0000000,0x00000000a47333d8,0x00000000a9680000)
 Metaspace       used 83221K, capacity 86300K, committed 86424K, reserved 1124352K
  class space    used 10723K, capacity 11340K, committed 11440K, reserved 1048576K
Event: 95.020 GC heap after
Heap after GC invocations=35 (full 4):
 PSYoungGen      total 177664K, used 10330K [0x00000000e0000000, 0x00000000edc80000, 0x0000000100000000)
  eden space 148992K, 0% used [0x00000000e0000000,0x00000000e0000000,0x00000000e9180000)
  from space 28672K, 36% used [0x00000000e9180000,0x00000000e9b96a28,0x00000000ead80000)
  to   space 27648K, 0% used [0x00000000ec180000,0x00000000ec180000,0x00000000edc80000)
 ParOldGen       total 154112K, used 77306K [0x00000000a0000000, 0x00000000a9680000, 0x00000000e0000000)
  object space 154112K, 50% used [0x00000000a0000000,0x00000000a4b7e818,0x00000000a9680000)
 Metaspace       used 83221K, capacity 86300K, committed 86424K, reserved 1124352K
  class space    used 10723K, capacity 11340K, committed 11440K, reserved 1048576K
}
Event: 102.157 GC heap before
{Heap before GC invocations=36 (full 4):
 PSYoungGen      total 177664K, used 159322K [0x00000000e0000000, 0x00000000edc80000, 0x0000000100000000)
  eden space 148992K, 100% used [0x00000000e0000000,0x00000000e9180000,0x00000000e9180000)
  from space 28672K, 36% used [0x00000000e9180000,0x00000000e9b96a28,0x00000000ead80000)
  to   space 27648K, 0% used [0x00000000ec180000,0x00000000ec180000,0x00000000edc80000)
 ParOldGen       total 154112K, used 77306K [0x00000000a0000000, 0x00000000a9680000, 0x00000000e0000000)
  object space 154112K, 50% used [0x00000000a0000000,0x00000000a4b7e818,0x00000000a9680000)
 Metaspace       used 86652K, capacity 90076K, committed 90264K, reserved 1128448K
  class space    used 11188K, capacity 11846K, committed 11952K, reserved 1048576K
Event: 102.181 GC heap after
Heap after GC invocations=36 (full 4):
 PSYoungGen      total 190976K, used 10090K [0x00000000e0000000, 0x00000000ed800000, 0x0000000100000000)
  eden space 167936K, 0% used [0x00000000e0000000,0x00000000e0000000,0x00000000ea400000)
  from space 23040K, 43% used [0x00000000ec180000,0x00000000ecb5abf0,0x00000000ed800000)
  to   space 26624K, 0% used [0x00000000ea400000,0x00000000ea400000,0x00000000ebe00000)
 ParOldGen       total 154112K, used 77314K [0x00000000a0000000, 0x00000000a9680000, 0x00000000e0000000)
  object space 154112K, 50% used [0x00000000a0000000,0x00000000a4b80818,0x00000000a9680000)
 Metaspace       used 86652K, capacity 90076K, committed 90264K, reserved 1128448K
  class space    used 11188K, capacity 11846K, committed 11952K, reserved 1048576K
}
Event: 648.757 GC heap before
{Heap before GC invocations=37 (full 4):
 PSYoungGen      total 190976K, used 178026K [0x00000000e0000000, 0x00000000ed800000, 0x0000000100000000)
  eden space 167936K, 100% used [0x00000000e0000000,0x00000000ea400000,0x00000000ea400000)
  from space 23040K, 43% used [0x00000000ec180000,0x00000000ecb5abf0,0x00000000ed800000)
  to   space 26624K, 0% used [0x00000000ea400000,0x00000000ea400000,0x00000000ebe00000)
 ParOldGen       total 154112K, used 77314K [0x00000000a0000000, 0x00000000a9680000, 0x00000000e0000000)
  object space 154112K, 50% used [0x00000000a0000000,0x00000000a4b80818,0x00000000a9680000)
 Metaspace       used 89782K, capacity 93314K, committed 93464K, reserved 1130496K
  class space    used 11348K, capacity 12009K, committed 12080K, reserved 1048576K
Event: 648.793 GC heap after
Heap after GC invocations=37 (full 4):
 PSYoungGen      total 194560K, used 13371K [0x00000000e0000000, 0x00000000ed800000, 0x0000000100000000)
  eden space 167936K, 0% used [0x00000000e0000000,0x00000000e0000000,0x00000000ea400000)
  from space 26624K, 50% used [0x00000000ea400000,0x00000000eb10ecf0,0x00000000ebe00000)
  to   space 23040K, 0% used [0x00000000ec180000,0x00000000ec180000,0x00000000ed800000)
 ParOldGen       total 154112K, used 77322K [0x00000000a0000000, 0x00000000a9680000, 0x00000000e0000000)
  object space 154112K, 50% used [0x00000000a0000000,0x00000000a4b82818,0x00000000a9680000)
 Metaspace       used 89782K, capacity 93314K, committed 93464K, reserved 1130496K
  class space    used 11348K, capacity 12009K, committed 12080K, reserved 1048576K
}

Deoptimization events (10 events):
Event: 129.915 Thread 0x0000000020db2800 Uncommon trap: reason=class_check action=maybe_recompile pc=0x0000000004555ff0 method=java.util.concurrent.FutureTask.run()V @ 42
Event: 129.922 Thread 0x0000000018470800 Uncommon trap: reason=bimorphic action=maybe_recompile pc=0x000000000456ca54 method=java.util.HashMap.removeNode(ILjava/lang/Object;Ljava/lang/Object;ZZ)Ljava/util/HashMap$Node; @ 68
Event: 129.962 Thread 0x0000000019184000 Uncommon trap: reason=class_check action=maybe_recompile pc=0x00000000043b1964 method=java.util.concurrent.LinkedBlockingQueue.poll(JLjava/util/concurrent/TimeUnit;)Ljava/lang/Object; @ 8
Event: 129.963 Thread 0x0000000021322800 Uncommon trap: reason=unstable_if action=reinterpret pc=0x00000000038e1654 method=com.esotericsoftware.kryo.io.Input.require(I)I @ 180
Event: 647.542 Thread 0x0000000020dae800 Uncommon trap: reason=class_check action=maybe_recompile pc=0x00000000043b1964 method=java.util.concurrent.LinkedBlockingQueue.poll(JLjava/util/concurrent/TimeUnit;)Ljava/lang/Object; @ 8
Event: 647.634 Thread 0x0000000020db2800 Uncommon trap: reason=class_check action=maybe_recompile pc=0x0000000003ecbf20 method=java.lang.reflect.Array.newInstance(Ljava/lang/Class;I)Ljava/lang/Object; @ 2
Event: 647.926 Thread 0x0000000020dae000 Uncommon trap: reason=unstable_if action=reinterpret pc=0x00000000031242ec method=com.google.common.collect.MapMakerInternalMap$Segment.getEntry(Ljava/lang/Object;I)Lcom/google/common/collect/MapMakerInternalMap$InternalEntry; @ 4
Event: 648.114 Thread 0x0000000020dae000 Uncommon trap: reason=bimorphic action=maybe_recompile pc=0x0000000003eb6b44 method=com.google.common.collect.AbstractMapBasedMultimap$WrappedCollection.refreshIfEmpty()V @ 40
Event: 648.825 Thread 0x0000000020dae000 Uncommon trap: reason=class_check action=maybe_recompile pc=0x0000000003ddf084 method=com.sun.org.apache.xerces.internal.dom.ParentNode.getChildNodes()Lorg/w3c/dom/NodeList; @ 8
Event: 648.825 Thread 0x0000000020dae000 Uncommon trap: reason=class_check action=maybe_recompile pc=0x0000000003ddf084 method=com.sun.org.apache.xerces.internal.dom.ParentNode.getChildNodes()Lorg/w3c/dom/NodeList; @ 8

Classes redefined (0 events):
No events

Internal exceptions (10 events):
Event: 102.085 Thread 0x0000000019184000 Exception <a 'java/lang/NoSuchMethodError': <clinit>> (0x00000000e8eb60d8) thrown at [D:\src\AOSP-openjdk-cygwin\jdk8u\hotspot\src\share\vm\prims\jni.cpp, line 1613]
Event: 102.087 Thread 0x0000000019184000 Exception <a 'java/lang/NoSuchMethodError': <clinit>> (0x00000000e8ec6b20) thrown at [D:\src\AOSP-openjdk-cygwin\jdk8u\hotspot\src\share\vm\prims\jni.cpp, line 1613]
Event: 126.013 Thread 0x0000000018470800 Implicit null exception at 0x0000000003a855b4 to 0x0000000003a85841
Event: 126.013 Thread 0x0000000018470800 Implicit null exception at 0x0000000003394df6 to 0x0000000003395399
Event: 126.014 Thread 0x0000000018470800 Implicit null exception at 0x0000000003a7ec94 to 0x0000000003a7eea1
Event: 126.016 Thread 0x0000000018470800 Implicit null exception at 0x0000000003a6ab2f to 0x0000000003a6abb6
Event: 126.518 Thread 0x0000000018470800 Exception <a 'sun/nio/fs/WindowsException'> (0x00000000e19d4bd8) thrown at [D:\src\AOSP-openjdk-cygwin\jdk8u\hotspot\src\share\vm\prims\jni.cpp, line 709]
Event: 129.255 Thread 0x000000002132b000 Implicit null exception at 0x0000000005782860 to 0x0000000005782c69
Event: 129.264 Thread 0x000000002132b000 Implicit null exception at 0x0000000005759d7f to 0x000000000575a599
Event: 648.075 Thread 0x0000000020dae000 Exception <a 'sun/nio/fs/WindowsException'> (0x00000000e9447790) thrown at [D:\src\AOSP-openjdk-cygwin\jdk8u\hotspot\src\share\vm\prims\jni.cpp, line 709]

Events (10 events):
Event: 648.825 Thread 0x0000000020dae000 Uncommon trap: trap_request=0xffffffde fr.pc=0x0000000003ddf084
Event: 648.825 Thread 0x0000000020dae000 DEOPT PACKING pc=0x0000000003ddf084 sp=0x000000001a6d94c0
Event: 648.825 Thread 0x0000000020dae000 DEOPT UNPACKING pc=0x00000000027d557b sp=0x000000001a6d94a8 mode 2
Event: 648.825 Thread 0x0000000020dae000 Uncommon trap: trap_request=0xffffffde fr.pc=0x0000000003ddf084
Event: 648.825 Thread 0x0000000020dae000 DEOPT PACKING pc=0x0000000003ddf084 sp=0x000000001a6d94c0
Event: 648.825 Thread 0x0000000020dae000 DEOPT UNPACKING pc=0x00000000027d557b sp=0x000000001a6d94a8 mode 2
Event: 648.840 Executing VM operation: RevokeBias
Event: 648.840 Executing VM operation: RevokeBias done
Event: 648.840 Executing VM operation: RevokeBias
Event: 648.841 Executing VM operation: RevokeBias done


Dynamic libraries:
0x00007ff7db830000 - 0x00007ff7db861000 	C:\Program Files\Android\Android Studio1\jre\bin\java.exe
0x00007ffbb9b20000 - 0x00007ffbb9d10000 	C:\WINDOWS\SYSTEM32\ntdll.dll
0x00007ffb9f130000 - 0x00007ffb9f144000 	C:\Program Files\AVG\Antivirus\aswhook.dll
0x00007ffbb96a0000 - 0x00007ffbb9752000 	C:\WINDOWS\System32\KERNEL32.DLL
0x00007ffbb6ef0000 - 0x00007ffbb7193000 	C:\WINDOWS\System32\KERNELBASE.dll
0x00007ffbb9a30000 - 0x00007ffbb9ad3000 	C:\WINDOWS\System32\ADVAPI32.dll
0x00007ffbb8890000 - 0x00007ffbb892e000 	C:\WINDOWS\System32\msvcrt.dll
0x00007ffbb8bc0000 - 0x00007ffbb8c57000 	C:\WINDOWS\System32\sechost.dll
0x00007ffbb84d0000 - 0x00007ffbb85f0000 	C:\WINDOWS\System32\RPCRT4.dll
0x00007ffbb8670000 - 0x00007ffbb8804000 	C:\WINDOWS\System32\USER32.dll
0x00007ffbb6ec0000 - 0x00007ffbb6ee1000 	C:\WINDOWS\System32\win32u.dll
0x00007ffbb9760000 - 0x00007ffbb9786000 	C:\WINDOWS\System32\GDI32.dll
0x00007ffbb6b50000 - 0x00007ffbb6ce4000 	C:\WINDOWS\System32\gdi32full.dll
0x00007ffbb6ab0000 - 0x00007ffbb6b4e000 	C:\WINDOWS\System32\msvcp_win.dll
0x00007ffbb6cf0000 - 0x00007ffbb6dea000 	C:\WINDOWS\System32\ucrtbase.dll
0x00007ffba40d0000 - 0x00007ffba4355000 	C:\WINDOWS\WinSxS\amd64_microsoft.windows.common-controls_6595b64144ccf1df_6.0.18362.418_none_e6c6b287130d565d\COMCTL32.dll
0x00007ffbb7bd0000 - 0x00007ffbb7f06000 	C:\WINDOWS\System32\combase.dll
0x00007ffbb7970000 - 0x00007ffbb79f0000 	C:\WINDOWS\System32\bcryptPrimitives.dll
0x00007ffbb8b10000 - 0x00007ffbb8b3e000 	C:\WINDOWS\System32\IMM32.DLL
0x00000000503c0000 - 0x0000000050492000 	C:\Program Files\Android\Android Studio1\jre\jre\bin\msvcr100.dll
0x0000000076d20000 - 0x0000000077561000 	C:\Program Files\Android\Android Studio1\jre\jre\bin\server\jvm.dll
0x00007ffbb9790000 - 0x00007ffbb9798000 	C:\WINDOWS\System32\PSAPI.DLL
0x00007ffbad140000 - 0x00007ffbad149000 	C:\WINDOWS\SYSTEM32\WSOCK32.dll
0x00007ffbb97a0000 - 0x00007ffbb980f000 	C:\WINDOWS\System32\WS2_32.dll
0x00007ffbb0730000 - 0x00007ffbb0754000 	C:\WINDOWS\SYSTEM32\WINMM.dll
0x00007ffbb0d60000 - 0x00007ffbb0d6a000 	C:\WINDOWS\SYSTEM32\VERSION.dll
0x00007ffbac1c0000 - 0x00007ffbac1ed000 	C:\WINDOWS\SYSTEM32\WINMMBASE.dll
0x00007ffbb71a0000 - 0x00007ffbb71ea000 	C:\WINDOWS\System32\cfgmgr32.dll
0x00007ffbb3330000 - 0x00007ffbb333f000 	C:\Program Files\Android\Android Studio1\jre\jre\bin\verify.dll
0x00007ffbac970000 - 0x00007ffbac999000 	C:\Program Files\Android\Android Studio1\jre\jre\bin\java.dll
0x00007ffbb2df0000 - 0x00007ffbb2e06000 	C:\Program Files\Android\Android Studio1\jre\jre\bin\zip.dll
0x00007ffbb8cc0000 - 0x00007ffbb93a5000 	C:\WINDOWS\System32\SHELL32.dll
0x00007ffbb8930000 - 0x00007ffbb89d9000 	C:\WINDOWS\System32\shcore.dll
0x00007ffbb71f0000 - 0x00007ffbb796f000 	C:\WINDOWS\System32\windows.storage.dll
0x00007ffbb6a90000 - 0x00007ffbb6aaf000 	C:\WINDOWS\System32\profapi.dll
0x00007ffbb6a20000 - 0x00007ffbb6a6a000 	C:\WINDOWS\System32\powrprof.dll
0x00007ffbb69f0000 - 0x00007ffbb6a00000 	C:\WINDOWS\System32\UMPDC.dll
0x00007ffbb8c60000 - 0x00007ffbb8cb2000 	C:\WINDOWS\System32\shlwapi.dll
0x00007ffbb6a00000 - 0x00007ffbb6a11000 	C:\WINDOWS\System32\kernel.appcore.dll
0x00007ffbb6ea0000 - 0x00007ffbb6eb7000 	C:\WINDOWS\System32\cryptsp.dll
0x00007ffbae990000 - 0x00007ffbae9aa000 	C:\Program Files\Android\Android Studio1\jre\jre\bin\net.dll
0x00007ffbb6200000 - 0x00007ffbb6267000 	C:\WINDOWS\system32\mswsock.dll
0x00007ffbae970000 - 0x00007ffbae981000 	C:\Program Files\Android\Android Studio1\jre\jre\bin\nio.dll
0x00007ffbac080000 - 0x00007ffbac09e000 	C:\Users\Diackson Marques\.gradle\native\25\windows-amd64\native-platform.dll
0x00007ffbb0a90000 - 0x00007ffbb0a9d000 	C:\Program Files\Android\Android Studio1\jre\jre\bin\management.dll
0x00007ffbb5d70000 - 0x00007ffbb5da3000 	C:\WINDOWS\system32\rsaenh.dll
0x00007ffbb7b40000 - 0x00007ffbb7b66000 	C:\WINDOWS\System32\bcrypt.dll
0x00007ffbb68e0000 - 0x00007ffbb6905000 	C:\WINDOWS\SYSTEM32\USERENV.dll
0x00007ffbb63d0000 - 0x00007ffbb63dc000 	C:\WINDOWS\SYSTEM32\CRYPTBASE.dll
0x00007ffbb5f10000 - 0x00007ffbb5f4a000 	C:\WINDOWS\SYSTEM32\IPHLPAPI.DLL
0x00007ffbb9a20000 - 0x00007ffbb9a28000 	C:\WINDOWS\System32\NSI.dll
0x00007ffbb11e0000 - 0x00007ffbb11f6000 	C:\WINDOWS\SYSTEM32\dhcpcsvc6.DLL
0x00007ffbb22c0000 - 0x00007ffbb22dc000 	C:\WINDOWS\SYSTEM32\dhcpcsvc.DLL
0x00007ffbb5f50000 - 0x00007ffbb601a000 	C:\WINDOWS\SYSTEM32\DNSAPI.dll

VM Arguments:
jvm_args: -Xmx1536m -Dfile.encoding=windows-1252 -Duser.country=BR -Duser.language=pt -Duser.variant 
java_command: org.gradle.launcher.daemon.bootstrap.GradleDaemon 5.1.1
java_class_path (initial): C:\Users\Diackson Marques\.gradle\wrapper\dists\gradle-5.1.1-all\97z1ksx6lirer3kbvdnh7jtjg\gradle-5.1.1\lib\gradle-launcher-5.1.1.jar
Launcher Type: SUN_STANDARD

Environment Variables:
PATH=C:\Program Files (x86)\Common Files\Oracle\Java\javapath;C:\ProgramData\Oracle\Java\javapath;C:\Program Files (x86)\Intel\iCLS Client\;C:\Program Files\Intel\iCLS Client\;C:\WINDOWS\system32;C:\WINDOWS;C:\WINDOWS\System32\Wbem;C:\WINDOWS\System32\WindowsPowerShell\v1.0\;C:\Program Files (x86)\Intel\Intel(R) Management Engine Components\DAL;C:\Program Files\Intel\Intel(R) Management Engine Components\DAL;C:\Program Files (x86)\Intel\Intel(R) Management Engine Components\IPT;C:\Program Files\Intel\Intel(R) Management Engine Components\IPT;C:\WINDOWS\System32\OpenSSH\;C:\Program Files\Git\cmd;C:\Users\Diackson Marques\AppData\Local\Microsoft\WindowsApps;C:\Users\Diackson Marques\AppData\Local\Programs\MiKTeX 2.9\miktex\bin\x64\;
USERNAME=Diackson Marques
OS=Windows_NT
PROCESSOR_IDENTIFIER=Intel64 Family 6 Model 142 Stepping 9, GenuineIntel



---------------  S Y S T E M  ---------------

OS: Windows 10.0 , 64 bit Build 18362 (10.0.18362.329)

CPU:total 4 (initial active 4) (2 cores per cpu, 2 threads per core) family 6 model 142 stepping 9, cmov, cx8, fxsr, mmx, sse, sse2, sse3, ssse3, sse4.1, sse4.2, popcnt, avx, avx2, aes, clmul, erms, 3dnowpref, lzcnt, ht, tsc, tscinvbit, bmi1, bmi2, adx

Memory: 4k page, physical 4066916k(324956k free), swap 4271716k(5580k free)

vm_info: OpenJDK 64-Bit Server VM (25.152-b01) for windows-amd64 JRE (1.8.0_152-release-1343-b01), built by "builder" with MS VC++ 10.0 (VS2010)

time: Mon Nov 04 18:53:53 2019
elapsed time: 649 seconds (0d 0h 10m 49s)

