#
# There is insufficient memory for the Java Runtime Environment to continue.
# Native memory allocation (malloc) failed to allocate 724976 bytes for Chunk::new
# Possible reasons:
#   The system is out of physical RAM or swap space
#   In 32 bit mode, the process size limit was hit
# Possible solutions:
#   Reduce memory load on the system
#   Increase physical memory or swap space
#   Check if swap backing store is full
#   Use 64 bit Java on a 64 bit OS
#   Decrease Java heap size (-Xmx/-Xms)
#   Decrease number of Java threads
#   Decrease Java thread stack sizes (-Xss)
#   Set larger code cache with -XX:ReservedCodeCacheSize=
# This output file may be truncated or incomplete.
#
#  Out of Memory Error (allocation.cpp:390), pid=7172, tid=0x0000000000000438
#
# JRE version: OpenJDK Runtime Environment (8.0_152-b01) (build 1.8.0_152-release-1343-b01)
# Java VM: OpenJDK 64-Bit Server VM (25.152-b01 mixed mode windows-amd64 compressed oops)
# Failed to write core dump. Minidumps are not enabled by default on client versions of Windows
#

---------------  T H R E A D  ---------------

Current thread (0x00000000168ee800):  JavaThread "C2 CompilerThread0" daemon [_thread_in_native, id=1080, stack(0x0000000017f70000,0x0000000018070000)]

Stack: [0x0000000017f70000,0x0000000018070000]
[error occurred during error reporting (printing stack bounds), id 0xc0000005]

Native frames: (J=compiled Java code, j=interpreted, Vv=VM code, C=native code)


Current CompileTask:
C2:  44632 12258       4       org.objectweb.asm.Frame::execute (2273 bytes)


---------------  P R O C E S S  ---------------

Java Threads: ( => current thread )
  0x000000001da91800 JavaThread "ForkJoinPool.commonPool-worker-1" daemon [_thread_in_native, id=7112, stack(0x0000000024f60000,0x0000000025060000)]
  0x000000001da98000 JavaThread "ForkJoinPool.commonPool-worker-0" daemon [_thread_in_native, id=5664, stack(0x0000000024760000,0x0000000024860000)]
  0x000000001da94800 JavaThread "ForkJoinPool.commonPool-worker-2" daemon [_thread_in_native, id=2156, stack(0x0000000024d60000,0x0000000024e60000)]
  0x000000001da9e000 JavaThread "stdout" daemon [_thread_in_native, id=4664, stack(0x0000000024a60000,0x0000000024b60000)]
  0x000000001da9a800 JavaThread "stderr" daemon [_thread_in_native, id=5204, stack(0x0000000024960000,0x0000000024a60000)]
  0x000000001da9c800 JavaThread "pool-2-thread-1" [_thread_blocked, id=2824, stack(0x0000000024860000,0x0000000024960000)]
  0x000000001da93800 JavaThread "Cache worker for Java compile cache (C:\Users\Diackson Marques\Desktop\BelezaOnline_2\.gradle\5.1.1\javaCompile)" [_thread_blocked, id=8484, stack(0x0000000024060000,0x0000000024160000)]
  0x000000001da97800 JavaThread "Cache worker for Java compile cache (C:\Users\Diackson Marques\.gradle\caches\5.1.1\javaCompile)" [_thread_blocked, id=6668, stack(0x0000000023f60000,0x0000000024060000)]
  0x000000001da96800 JavaThread "Cache worker for execution history cache (C:\Users\Diackson Marques\Desktop\BelezaOnline_2\.gradle\5.1.1\executionHistory)" [_thread_blocked, id=10092, stack(0x0000000023e60000,0x0000000023f60000)]
  0x000000001da93000 JavaThread "Execution worker for ':' Thread 3" [_thread_blocked, id=11628, stack(0x0000000023b60000,0x0000000023c60000)]
  0x000000001da90800 JavaThread "Execution worker for ':' Thread 2" [_thread_blocked, id=7780, stack(0x0000000023a60000,0x0000000023b60000)]
  0x000000001da96000 JavaThread "Execution worker for ':'" [_thread_blocked, id=6632, stack(0x0000000023720000,0x0000000023820000)]
  0x000000001da95000 JavaThread "Cache worker for file content cache (C:\Users\Diackson Marques\Desktop\BelezaOnline_2\.gradle\5.1.1\fileContent)" [_thread_blocked, id=6548, stack(0x0000000023960000,0x0000000023a60000)]
  0x000000001c226000 JavaThread "Cache worker for file content cache (C:\Users\Diackson Marques\.gradle\caches\5.1.1\fileContent)" [_thread_blocked, id=10728, stack(0x0000000023860000,0x0000000023960000)]
  0x000000001c225000 JavaThread "Memory manager" [_thread_blocked, id=5028, stack(0x0000000022c20000,0x0000000022d20000)]
  0x000000001c224800 JavaThread "Cache worker for Build Output Cleanup Cache (C:\Users\Diackson Marques\Desktop\BelezaOnline_2\.gradle\buildOutputCleanup)" [_thread_blocked, id=9264, stack(0x0000000021a20000,0x0000000021b20000)]
  0x000000001c226800 JavaThread "Build operations Thread 4" [_thread_blocked, id=8140, stack(0x0000000021e30000,0x0000000021f30000)]
  0x000000001c229800 JavaThread "Build operations Thread 3" [_thread_blocked, id=9896, stack(0x0000000021d30000,0x0000000021e30000)]
  0x000000001c229000 JavaThread "Build operations Thread 2" [_thread_blocked, id=4012, stack(0x0000000021c30000,0x0000000021d30000)]
  0x000000001c228000 JavaThread "Build operations" [_thread_blocked, id=9960, stack(0x0000000021b30000,0x0000000021c30000)]
  0x0000000019ccf800 JavaThread "Cache worker for execution history cache (C:\Users\Diackson Marques\.gradle\caches\5.1.1\executionHistory)" [_thread_blocked, id=2564, stack(0x0000000021520000,0x0000000021620000)]
  0x0000000019cce800 JavaThread "Cache worker for cache directory md-rule (C:\Users\Diackson Marques\.gradle\caches\5.1.1\md-rule)" [_thread_blocked, id=9652, stack(0x000000001f250000,0x000000001f350000)]
  0x0000000019cce000 JavaThread "Cache worker for cache directory md-supplier (C:\Users\Diackson Marques\.gradle\caches\5.1.1\md-supplier)" [_thread_blocked, id=3016, stack(0x000000001f150000,0x000000001f250000)]
  0x0000000019cc9800 JavaThread "Cache worker for file hash cache (C:\Users\Diackson Marques\Desktop\BelezaOnline_2\.gradle\5.1.1\fileHashes)" [_thread_blocked, id=7768, stack(0x000000001d680000,0x000000001d780000)]
  0x0000000019ccb800 JavaThread "Cache worker for journal cache (C:\Users\Diackson Marques\.gradle\caches\journal-1)" [_thread_blocked, id=3156, stack(0x000000001b3e0000,0x000000001b4e0000)]
  0x0000000019cc8800 JavaThread "File lock request listener" [_thread_in_native, id=6452, stack(0x000000001b2e0000,0x000000001b3e0000)]
  0x0000000019cc7000 JavaThread "Cache worker for file hash cache (C:\Users\Diackson Marques\.gradle\caches\5.1.1\fileHashes)" [_thread_blocked, id=9488, stack(0x000000001b1e0000,0x000000001b2e0000)]
  0x0000000019ba1800 JavaThread "Thread-8" [_thread_blocked, id=4624, stack(0x000000001b0e0000,0x000000001b1e0000)]
  0x0000000019b8d800 JavaThread "Stdin handler" [_thread_blocked, id=7372, stack(0x000000001afe0000,0x000000001b0e0000)]
  0x0000000019bb1800 JavaThread "Asynchronous log dispatcher for DefaultDaemonConnection: socket connection from /127.0.0.1:59807 to /127.0.0.1:59808" [_thread_blocked, id=11136, stack(0x000000001aee0000,0x000000001afe0000)]
  0x0000000019bae000 JavaThread "Daemon worker" [_thread_blocked, id=6844, stack(0x000000001ade0000,0x000000001aee0000)]
  0x0000000019c56000 JavaThread "Cancel handler" [_thread_blocked, id=11408, stack(0x000000001ace0000,0x000000001ade0000)]
  0x0000000019875800 JavaThread "Handler for socket connection from /127.0.0.1:59807 to /127.0.0.1:59808" [_thread_in_native, id=10504, stack(0x000000001a9e0000,0x000000001aae0000)]
  0x0000000019546800 JavaThread "Daemon" [_thread_blocked, id=9412, stack(0x000000001a8e0000,0x000000001a9e0000)]
  0x00000000195cd000 JavaThread "Daemon periodic checks" [_thread_blocked, id=6912, stack(0x000000001a7e0000,0x000000001a8e0000)]
  0x00000000195d0000 JavaThread "Incoming local TCP Connector on port 59807" [_thread_in_native, id=7424, stack(0x000000001a580000,0x000000001a680000)]
  0x0000000018298800 JavaThread "Service Thread" daemon [_thread_blocked, id=12088, stack(0x0000000018670000,0x0000000018770000)]
  0x00000000168fb000 JavaThread "C1 CompilerThread2" daemon [_thread_in_native, id=7044, stack(0x0000000018170000,0x0000000018270000)]
  0x00000000168f4800 JavaThread "C2 CompilerThread1" daemon [_thread_in_native, id=11300, stack(0x0000000018070000,0x0000000018170000)]
=>0x00000000168ee800 JavaThread "C2 CompilerThread0" daemon [_thread_in_native, id=1080, stack(0x0000000017f70000,0x0000000018070000)]
  0x00000000168ed000 JavaThread "Attach Listener" daemon [_thread_blocked, id=9600, stack(0x0000000017e70000,0x0000000017f70000)]
  0x00000000168ec000 JavaThread "Signal Dispatcher" daemon [_thread_blocked, id=2148, stack(0x0000000017d70000,0x0000000017e70000)]
  0x0000000002f7c800 JavaThread "Finalizer" daemon [_thread_blocked, id=9900, stack(0x0000000017b60000,0x0000000017c60000)]
  0x0000000002f73000 JavaThread "Reference Handler" daemon [_thread_blocked, id=5024, stack(0x0000000017a60000,0x0000000017b60000)]
  0x00000000014fe800 JavaThread "main" [_thread_blocked, id=4640, stack(0x0000000002cb0000,0x0000000002db0000)]

Other Threads:
  0x00000000168b6000 VMThread [stack: 0x0000000017960000,0x0000000017a60000] [id=2636]
  0x000000001694e800 WatcherThread [stack: 0x0000000018770000,0x0000000018870000] [id=2212]

VM state:not at safepoint (normal execution)

VM Mutex/Monitor currently owned by a thread: None

Heap:
 PSYoungGen      total 208896K, used 73680K [0x00000000e0000000, 0x00000000f0400000, 0x0000000100000000)
  eden space 192000K, 37% used [0x00000000e0000000,0x00000000e45bd270,0x00000000ebb80000)
  from space 16896K, 13% used [0x00000000ed680000,0x00000000ed8b6e60,0x00000000ee700000)
  to   space 27648K, 0% used [0x00000000ebb80000,0x00000000ebb80000,0x00000000ed680000)
 ParOldGen       total 85504K, used 54069K [0x00000000a0000000, 0x00000000a5380000, 0x00000000e0000000)
  object space 85504K, 63% used [0x00000000a0000000,0x00000000a34cd618,0x00000000a5380000)
 Metaspace       used 72221K, capacity 74554K, committed 74776K, reserved 1114112K
  class space    used 9433K, capacity 9939K, committed 10032K, reserved 1048576K

Card table byte_map: [0x0000000012340000,0x0000000012650000] byte_map_base: 0x0000000011e40000

Marking Bits: (ParMarkBitMap*) 0x00000000774e5aa0
 Begin Bits: [0x0000000012c50000, 0x0000000014450000)
 End Bits:   [0x0000000014450000, 0x0000000015c50000)

Polling page: 0x00000000014a0000

CodeCache: size=245760Kb used=34990Kb max_used=34990Kb free=210769Kb
 bounds [0x0000000002f80000, 0x0000000005210000, 0x0000000011f80000]
 total_blobs=10884 nmethods=10048 adapters=748
 compilation: enabled

Compilation events (10 events):
Event: 44.570 Thread 0x00000000168fb000 12272       3       org.objectweb.asm.FieldWriter::getSize (262 bytes)
Event: 44.572 Thread 0x00000000168fb000 nmethod 12272 0x0000000003ab2510 code [0x0000000003ab2780, 0x0000000003ab39c8]
Event: 44.574 Thread 0x00000000168fb000 12273       3       org.objectweb.asm.FieldWriter::put (475 bytes)
Event: 44.576 Thread 0x00000000168fb000 nmethod 12273 0x0000000004521b90 code [0x0000000004521f40, 0x00000000045236b8]
Event: 44.591 Thread 0x00000000168fb000 12274       3       sun.nio.ch.FileChannelImpl::open (15 bytes)
Event: 44.592 Thread 0x00000000168fb000 nmethod 12274 0x0000000003e05550 code [0x0000000003e056c0, 0x0000000003e058c8]
Event: 44.599 Thread 0x00000000168fb000 12275       3       com.android.build.gradle.internal.incremental.AsmInterfaceNode::<init> (11 bytes)
Event: 44.599 Thread 0x00000000168fb000 nmethod 12275 0x000000000507f310 code [0x000000000507f480, 0x000000000507f6b0]
Event: 44.602 Thread 0x00000000168fb000 12276       3       org.objectweb.asm.tree.analysis.Analyzer::newControlFlowEdge (1 bytes)
Event: 44.603 Thread 0x00000000168fb000 nmethod 12276 0x0000000003c48210 code [0x0000000003c48360, 0x0000000003c484b0]

GC Heap History (10 events):
Event: 14.261 GC heap before
{Heap before GC invocations=18 (full 3):
 PSYoungGen      total 182272K, used 169472K [0x00000000e0000000, 0x00000000ec300000, 0x0000000100000000)
  eden space 169472K, 100% used [0x00000000e0000000,0x00000000ea580000,0x00000000ea580000)
  from space 12800K, 0% used [0x00000000eb380000,0x00000000eb380000,0x00000000ec000000)
  to   space 14336K, 0% used [0x00000000ea580000,0x00000000ea580000,0x00000000eb380000)
 ParOldGen       total 85504K, used 34304K [0x00000000a0000000, 0x00000000a5380000, 0x00000000e0000000)
  object space 85504K, 40% used [0x00000000a0000000,0x00000000a21800c0,0x00000000a5380000)
 Metaspace       used 61489K, capacity 63414K, committed 63512K, reserved 1103872K
  class space    used 8285K, capacity 8732K, committed 8752K, reserved 1048576K
Event: 14.284 GC heap after
Heap after GC invocations=18 (full 3):
 PSYoungGen      total 183808K, used 14334K [0x00000000e0000000, 0x00000000ee700000, 0x0000000100000000)
  eden space 169472K, 0% used [0x00000000e0000000,0x00000000e0000000,0x00000000ea580000)
  from space 14336K, 99% used [0x00000000ea580000,0x00000000eb37f838,0x00000000eb380000)
  to   space 16896K, 0% used [0x00000000ed680000,0x00000000ed680000,0x00000000ee700000)
 ParOldGen       total 85504K, used 35108K [0x00000000a0000000, 0x00000000a5380000, 0x00000000e0000000)
  object space 85504K, 41% used [0x00000000a0000000,0x00000000a22491c0,0x00000000a5380000)
 Metaspace       used 61489K, capacity 63414K, committed 63512K, reserved 1103872K
  class space    used 8285K, capacity 8732K, committed 8752K, reserved 1048576K
}
Event: 18.741 GC heap before
{Heap before GC invocations=19 (full 3):
 PSYoungGen      total 183808K, used 183806K [0x00000000e0000000, 0x00000000ee700000, 0x0000000100000000)
  eden space 169472K, 100% used [0x00000000e0000000,0x00000000ea580000,0x00000000ea580000)
  from space 14336K, 99% used [0x00000000ea580000,0x00000000eb37f838,0x00000000eb380000)
  to   space 16896K, 0% used [0x00000000ed680000,0x00000000ed680000,0x00000000ee700000)
 ParOldGen       total 85504K, used 35108K [0x00000000a0000000, 0x00000000a5380000, 0x00000000e0000000)
  object space 85504K, 41% used [0x00000000a0000000,0x00000000a22491c0,0x00000000a5380000)
 Metaspace       used 67655K, capacity 69624K, committed 69784K, reserved 1110016K
  class space    used 8916K, capacity 9351K, committed 9392K, reserved 1048576K
Event: 18.825 GC heap after
Heap after GC invocations=19 (full 3):
 PSYoungGen      total 207360K, used 16888K [0x00000000e0000000, 0x00000000eff00000, 0x0000000100000000)
  eden space 190464K, 0% used [0x00000000e0000000,0x00000000e0000000,0x00000000eba00000)
  from space 16896K, 99% used [0x00000000ed680000,0x00000000ee6fe070,0x00000000ee700000)
  to   space 29184K, 0% used [0x00000000eba00000,0x00000000eba00000,0x00000000ed680000)
 ParOldGen       total 85504K, used 61070K [0x00000000a0000000, 0x00000000a5380000, 0x00000000e0000000)
  object space 85504K, 71% used [0x00000000a0000000,0x00000000a3ba3938,0x00000000a5380000)
 Metaspace       used 67655K, capacity 69624K, committed 69784K, reserved 1110016K
  class space    used 8916K, capacity 9351K, committed 9392K, reserved 1048576K
}
Event: 35.643 GC heap before
{Heap before GC invocations=20 (full 3):
 PSYoungGen      total 207360K, used 207352K [0x00000000e0000000, 0x00000000eff00000, 0x0000000100000000)
  eden space 190464K, 100% used [0x00000000e0000000,0x00000000eba00000,0x00000000eba00000)
  from space 16896K, 99% used [0x00000000ed680000,0x00000000ee6fe070,0x00000000ee700000)
  to   space 29184K, 0% used [0x00000000eba00000,0x00000000eba00000,0x00000000ed680000)
 ParOldGen       total 85504K, used 61070K [0x00000000a0000000, 0x00000000a5380000, 0x00000000e0000000)
  object space 85504K, 71% used [0x00000000a0000000,0x00000000a3ba3938,0x00000000a5380000)
 Metaspace       used 71282K, capacity 73558K, committed 73624K, reserved 1114112K
  class space    used 9347K, capacity 9870K, committed 9904K, reserved 1048576K
Event: 35.675 GC heap after
Heap after GC invocations=20 (full 3):
 PSYoungGen      total 219648K, used 12415K [0x00000000e0000000, 0x00000000eff00000, 0x0000000100000000)
  eden space 190464K, 0% used [0x00000000e0000000,0x00000000e0000000,0x00000000eba00000)
  from space 29184K, 42% used [0x00000000eba00000,0x00000000ec61ffc0,0x00000000ed680000)
  to   space 16896K, 0% used [0x00000000ed680000,0x00000000ed680000,0x00000000ee700000)
 ParOldGen       total 85504K, used 70715K [0x00000000a0000000, 0x00000000a5380000, 0x00000000e0000000)
  object space 85504K, 82% used [0x00000000a0000000,0x00000000a450ec60,0x00000000a5380000)
 Metaspace       used 71282K, capacity 73558K, committed 73624K, reserved 1114112K
  class space    used 9347K, capacity 9870K, committed 9904K, reserved 1048576K
}
Event: 35.675 GC heap before
{Heap before GC invocations=21 (full 4):
 PSYoungGen      total 219648K, used 12415K [0x00000000e0000000, 0x00000000eff00000, 0x0000000100000000)
  eden space 190464K, 0% used [0x00000000e0000000,0x00000000e0000000,0x00000000eba00000)
  from space 29184K, 42% used [0x00000000eba00000,0x00000000ec61ffc0,0x00000000ed680000)
  to   space 16896K, 0% used [0x00000000ed680000,0x00000000ed680000,0x00000000ee700000)
 ParOldGen       total 85504K, used 70715K [0x00000000a0000000, 0x00000000a5380000, 0x00000000e0000000)
  object space 85504K, 82% used [0x00000000a0000000,0x00000000a450ec60,0x00000000a5380000)
 Metaspace       used 71282K, capacity 73558K, committed 73624K, reserved 1114112K
  class space    used 9347K, capacity 9870K, committed 9904K, reserved 1048576K
Event: 35.882 GC heap after
Heap after GC invocations=21 (full 4):
 PSYoungGen      total 219648K, used 0K [0x00000000e0000000, 0x00000000eff00000, 0x0000000100000000)
  eden space 190464K, 0% used [0x00000000e0000000,0x00000000e0000000,0x00000000eba00000)
  from space 29184K, 0% used [0x00000000eba00000,0x00000000eba00000,0x00000000ed680000)
  to   space 16896K, 0% used [0x00000000ed680000,0x00000000ed680000,0x00000000ee700000)
 ParOldGen       total 85504K, used 54061K [0x00000000a0000000, 0x00000000a5380000, 0x00000000e0000000)
  object space 85504K, 63% used [0x00000000a0000000,0x00000000a34cb618,0x00000000a5380000)
 Metaspace       used 71261K, capacity 73502K, committed 73624K, reserved 1114112K
  class space    used 9341K, capacity 9860K, committed 9904K, reserved 1048576K
}
Event: 42.353 GC heap before
{Heap before GC invocations=22 (full 4):
 PSYoungGen      total 219648K, used 190464K [0x00000000e0000000, 0x00000000eff00000, 0x0000000100000000)
  eden space 190464K, 100% used [0x00000000e0000000,0x00000000eba00000,0x00000000eba00000)
  from space 29184K, 0% used [0x00000000eba00000,0x00000000eba00000,0x00000000ed680000)
  to   space 16896K, 0% used [0x00000000ed680000,0x00000000ed680000,0x00000000ee700000)
 ParOldGen       total 85504K, used 54061K [0x00000000a0000000, 0x00000000a5380000, 0x00000000e0000000)
  object space 85504K, 63% used [0x00000000a0000000,0x00000000a34cb618,0x00000000a5380000)
 Metaspace       used 71552K, capacity 73778K, committed 73880K, reserved 1114112K
  class space    used 9378K, capacity 9888K, committed 9904K, reserved 1048576K
Event: 42.360 GC heap after
Heap after GC invocations=22 (full 4):
 PSYoungGen      total 208896K, used 2267K [0x00000000e0000000, 0x00000000f0400000, 0x0000000100000000)
  eden space 192000K, 0% used [0x00000000e0000000,0x00000000e0000000,0x00000000ebb80000)
  from space 16896K, 13% used [0x00000000ed680000,0x00000000ed8b6e60,0x00000000ee700000)
  to   space 27648K, 0% used [0x00000000ebb80000,0x00000000ebb80000,0x00000000ed680000)
 ParOldGen       total 85504K, used 54069K [0x00000000a0000000, 0x00000000a5380000, 0x00000000e0000000)
  object space 85504K, 63% used [0x00000000a0000000,0x00000000a34cd618,0x00000000a5380000)
 Metaspace       used 71552K, capacity 73778K, committed 73880K, reserved 1114112K
  class space    used 9378K, capacity 9888K, committed 9904K, reserved 1048576K
}

Deoptimization events (10 events):
Event: 40.678 Thread 0x0000000019bae000 Uncommon trap: reason=bimorphic action=maybe_recompile pc=0x0000000004fb3dbc method=java.io.ObjectOutputStream$BlockDataOutputStream.drain()V @ 36
Event: 42.863 Thread 0x0000000019bae000 Uncommon trap: reason=class_check action=maybe_recompile pc=0x00000000045c488c method=java.lang.StringCoding.encode(Ljava/nio/charset/Charset;[CII)[B @ 1
Event: 42.882 Thread 0x0000000019bae000 Uncommon trap: reason=bimorphic action=maybe_recompile pc=0x00000000043b1a4c method=java.util.HashMap.removeNode(ILjava/lang/Object;Ljava/lang/Object;ZZ)Ljava/util/HashMap$Node; @ 68
Event: 42.893 Thread 0x0000000019bae000 Uncommon trap: reason=bimorphic action=maybe_recompile pc=0x00000000032c25e0 method=java.util.stream.AbstractPipeline.copyInto(Ljava/util/stream/Sink;Ljava/util/Spliterator;)V @ 25
Event: 43.373 Thread 0x000000001da94800 Uncommon trap: reason=unstable_if action=reinterpret pc=0x00000000035254e8 method=java.util.zip.InflaterInputStream.read()I @ 15
Event: 43.823 Thread 0x000000001da94800 Uncommon trap: reason=unstable_if action=reinterpret pc=0x0000000003cc3700 method=java.util.regex.Matcher.appendReplacement(Ljava/lang/StringBuffer;Ljava/lang/String;)Ljava/util/regex/Matcher; @ 47
Event: 43.851 Thread 0x000000001da91800 Uncommon trap: reason=unstable_if action=reinterpret pc=0x0000000004f2a948 method=java.lang.Integer.equals(Ljava/lang/Object;)Z @ 18
Event: 44.469 Thread 0x000000001da98000 Uncommon trap: reason=unstable_if action=reinterpret pc=0x000000000481cf1c method=org.objectweb.asm.Item.isEqualTo(Lorg/objectweb/asm/Item;)Z @ 345
Event: 44.474 Thread 0x000000001da94800 Uncommon trap: reason=unstable_if action=reinterpret pc=0x00000000047262d0 method=org.objectweb.asm.Type.getArgumentsAndReturnSizes(Ljava/lang/String;)I @ 130
Event: 44.483 Thread 0x000000001da94800 Uncommon trap: reason=range_check action=make_not_entrant pc=0x00000000038635f0 method=org.objectweb.asm.Type.getType([CI)Lorg/objectweb/asm/Type; @ 162

Classes redefined (0 events):
No events

Internal exceptions (10 events):
Event: 24.475 Thread 0x0000000019ba1800 Exception <a 'java/lang/NoSuchMethodError': <clinit>> (0x00000000e2b485b0) thrown at [D:\src\AOSP-openjdk-cygwin\jdk8u\hotspot\src\share\vm\prims\jni.cpp, line 1613]
Event: 25.074 Thread 0x000000001da9d800 Exception <a 'java/lang/NoSuchMethodError': java.lang.Object.lambda$negate$1(Ljava/lang/Object;)Z> (0x00000000e42b65f8) thrown at [D:\src\AOSP-openjdk-cygwin\jdk8u\hotspot\src\share\vm\interpreter\linkResolver.cpp, line 584]
Event: 28.918 Thread 0x000000001da96000 Exception <a 'java/lang/ClassNotFoundException': org/gradle/api/plugins/internal/DefaultJavaPluginConventionBeanInfo> (0x00000000e4a70da0) thrown at [D:\src\AOSP-openjdk-cygwin\jdk8u\hotspot\src\share\vm\classfile\systemDictionary.cpp, line 210]
Event: 28.920 Thread 0x000000001da96000 Exception <a 'java/lang/ClassNotFoundException': org/gradle/api/plugins/JavaPluginConventionBeanInfo> (0x00000000e4ab1840) thrown at [D:\src\AOSP-openjdk-cygwin\jdk8u\hotspot\src\share\vm\classfile\systemDictionary.cpp, line 210]
Event: 28.922 Thread 0x000000001da96000 Exception <a 'java/lang/ClassNotFoundException': org/gradle/api/plugins/JavaPluginConventionCustomizer> (0x00000000e4af34b8) thrown at [D:\src\AOSP-openjdk-cygwin\jdk8u\hotspot\src\share\vm\classfile\systemDictionary.cpp, line 210]
Event: 28.927 Thread 0x000000001da96000 Exception <a 'java/lang/ClassNotFoundException': org/gradle/api/plugins/internal/DefaultJavaPluginConventionCustomizer> (0x00000000e4b5eac0) thrown at [D:\src\AOSP-openjdk-cygwin\jdk8u\hotspot\src\share\vm\classfile\systemDictionary.cpp, line 210]
Event: 29.050 Thread 0x000000001da96000 Exception <a 'java/lang/NoSuchMethodError': java.lang.Object.newSystemTemporaryDirectory()Lcom/android/tools/build/apkzlib/bytestorage/TemporaryDirectory;> (0x00000000e4c0a6d0) thrown at [D:\src\AOSP-openjdk-cygwin\jdk8u\hotspot\src\share\vm\interpreter\l
Event: 31.372 Thread 0x000000001da98000 Exception <a 'java/lang/NoSuchMethodError': java.lang.Object.lambda$static$0(Ljava/lang/String;)Z> (0x00000000e89047b0) thrown at [D:\src\AOSP-openjdk-cygwin\jdk8u\hotspot\src\share\vm\interpreter\linkResolver.cpp, line 584]
Event: 35.427 Thread 0x0000000019bae000 Exception <a 'java/lang/NoSuchMethodError': java.lang.Object.lambda$asRunnable$0(Lcom/android/tools/build/apkzlib/utils/IOExceptionRunnable;)V> (0x00000000eb3476f0) thrown at [D:\src\AOSP-openjdk-cygwin\jdk8u\hotspot\src\share\vm\interpreter\linkResolver.
Event: 35.454 Thread 0x0000000019bae000 Exception <a 'java/lang/NoSuchMethodError': java.lang.Object.lambda$and$0(Ljava/util/function/Predicate;Ljava/lang/Object;)Z> (0x00000000eb387558) thrown at [D:\src\AOSP-openjdk-cygwin\jdk8u\hotspot\src\share\vm\interpreter\linkResolver.cpp, line 584]

Events (10 events):
Event: 44.549 Thread 0x00000000168fb000 flushing nmethod 0x0000000004513990
Event: 44.549 Thread 0x00000000168fb000 flushing nmethod 0x0000000004520650
Event: 44.549 Thread 0x00000000168fb000 flushing nmethod 0x00000000045815d0
Event: 44.549 Thread 0x00000000168fb000 flushing nmethod 0x00000000045a2b10
Event: 44.554 Thread 0x00000000168fb000 flushing nmethod 0x00000000048f2790
Event: 44.554 Thread 0x00000000168fb000 flushing nmethod 0x00000000048f4610
Event: 44.555 Thread 0x00000000168fb000 flushing nmethod 0x0000000004a459d0
Event: 44.576 Thread 0x00000000168fb000 flushing nmethod 0x0000000005060190
Event: 44.577 Thread 0x00000000168fb000 flushing nmethod 0x000000000507f310
Event: 44.577 Thread 0x00000000168fb000 flushing nmethod 0x0000000005090d90


Dynamic libraries:
0x00007ff714c10000 - 0x00007ff714c41000 	C:\Program Files\Android\Android Studio1\jre\bin\java.exe
0x00007ffbb9b20000 - 0x00007ffbb9d10000 	C:\WINDOWS\SYSTEM32\ntdll.dll
0x00007ffb9f130000 - 0x00007ffb9f144000 	C:\Program Files\AVG\Antivirus\aswhook.dll
0x00007ffbb96a0000 - 0x00007ffbb9752000 	C:\WINDOWS\System32\KERNEL32.DLL
0x00007ffbb6ef0000 - 0x00007ffbb7193000 	C:\WINDOWS\System32\KERNELBASE.dll
0x00007ffbb9a30000 - 0x00007ffbb9ad3000 	C:\WINDOWS\System32\ADVAPI32.dll
0x00007ffbb8890000 - 0x00007ffbb892e000 	C:\WINDOWS\System32\msvcrt.dll
0x00007ffbb8bc0000 - 0x00007ffbb8c57000 	C:\WINDOWS\System32\sechost.dll
0x00007ffbb84d0000 - 0x00007ffbb85f0000 	C:\WINDOWS\System32\RPCRT4.dll
0x00007ffbb8670000 - 0x00007ffbb8804000 	C:\WINDOWS\System32\USER32.dll
0x00007ffbb6ec0000 - 0x00007ffbb6ee1000 	C:\WINDOWS\System32\win32u.dll
0x00007ffbb9760000 - 0x00007ffbb9786000 	C:\WINDOWS\System32\GDI32.dll
0x00007ffbb6b50000 - 0x00007ffbb6ce4000 	C:\WINDOWS\System32\gdi32full.dll
0x00007ffbb6ab0000 - 0x00007ffbb6b4e000 	C:\WINDOWS\System32\msvcp_win.dll
0x00007ffbb6cf0000 - 0x00007ffbb6dea000 	C:\WINDOWS\System32\ucrtbase.dll
0x00007ffba40d0000 - 0x00007ffba4355000 	C:\WINDOWS\WinSxS\amd64_microsoft.windows.common-controls_6595b64144ccf1df_6.0.18362.418_none_e6c6b287130d565d\COMCTL32.dll
0x00007ffbb7bd0000 - 0x00007ffbb7f06000 	C:\WINDOWS\System32\combase.dll
0x00007ffbb7970000 - 0x00007ffbb79f0000 	C:\WINDOWS\System32\bcryptPrimitives.dll
0x00007ffbb8b10000 - 0x00007ffbb8b3e000 	C:\WINDOWS\System32\IMM32.DLL
0x00000000502f0000 - 0x00000000503c2000 	C:\Program Files\Android\Android Studio1\jre\jre\bin\msvcr100.dll
0x0000000076d20000 - 0x0000000077561000 	C:\Program Files\Android\Android Studio1\jre\jre\bin\server\jvm.dll
0x00007ffbb9790000 - 0x00007ffbb9798000 	C:\WINDOWS\System32\PSAPI.DLL
0x00007ffbad140000 - 0x00007ffbad149000 	C:\WINDOWS\SYSTEM32\WSOCK32.dll
0x00007ffbb97a0000 - 0x00007ffbb980f000 	C:\WINDOWS\System32\WS2_32.dll
0x00007ffbb0730000 - 0x00007ffbb0754000 	C:\WINDOWS\SYSTEM32\WINMM.dll
0x00007ffbb0d60000 - 0x00007ffbb0d6a000 	C:\WINDOWS\SYSTEM32\VERSION.dll
0x00007ffbac1c0000 - 0x00007ffbac1ed000 	C:\WINDOWS\SYSTEM32\WINMMBASE.dll
0x00007ffbb71a0000 - 0x00007ffbb71ea000 	C:\WINDOWS\System32\cfgmgr32.dll
0x00007ffbb3100000 - 0x00007ffbb310f000 	C:\Program Files\Android\Android Studio1\jre\jre\bin\verify.dll
0x00007ffbaf200000 - 0x00007ffbaf229000 	C:\Program Files\Android\Android Studio1\jre\jre\bin\java.dll
0x00007ffbb2230000 - 0x00007ffbb2246000 	C:\Program Files\Android\Android Studio1\jre\jre\bin\zip.dll
0x00007ffbb8cc0000 - 0x00007ffbb93a5000 	C:\WINDOWS\System32\SHELL32.dll
0x00007ffbb8930000 - 0x00007ffbb89d9000 	C:\WINDOWS\System32\shcore.dll
0x00007ffbb71f0000 - 0x00007ffbb796f000 	C:\WINDOWS\System32\windows.storage.dll
0x00007ffbb6a90000 - 0x00007ffbb6aaf000 	C:\WINDOWS\System32\profapi.dll
0x00007ffbb6a20000 - 0x00007ffbb6a6a000 	C:\WINDOWS\System32\powrprof.dll
0x00007ffbb69f0000 - 0x00007ffbb6a00000 	C:\WINDOWS\System32\UMPDC.dll
0x00007ffbb8c60000 - 0x00007ffbb8cb2000 	C:\WINDOWS\System32\shlwapi.dll
0x00007ffbb6a00000 - 0x00007ffbb6a11000 	C:\WINDOWS\System32\kernel.appcore.dll
0x00007ffbb6ea0000 - 0x00007ffbb6eb7000 	C:\WINDOWS\System32\cryptsp.dll
0x00007ffbad270000 - 0x00007ffbad28a000 	C:\Program Files\Android\Android Studio1\jre\jre\bin\net.dll
0x00007ffbb6200000 - 0x00007ffbb6267000 	C:\WINDOWS\system32\mswsock.dll
0x00007ffbaa040000 - 0x00007ffbaa051000 	C:\Program Files\Android\Android Studio1\jre\jre\bin\nio.dll
0x00007ffba5fa0000 - 0x00007ffba5fbe000 	C:\Users\Diackson Marques\.gradle\native\25\windows-amd64\native-platform.dll
0x00007ffbac980000 - 0x00007ffbac98d000 	C:\Program Files\Android\Android Studio1\jre\jre\bin\management.dll
0x00007ffbb5d70000 - 0x00007ffbb5da3000 	C:\WINDOWS\system32\rsaenh.dll
0x00007ffbb7b40000 - 0x00007ffbb7b66000 	C:\WINDOWS\System32\bcrypt.dll
0x00007ffbb68e0000 - 0x00007ffbb6905000 	C:\WINDOWS\SYSTEM32\USERENV.dll
0x00007ffbb63d0000 - 0x00007ffbb63dc000 	C:\WINDOWS\SYSTEM32\CRYPTBASE.dll
0x00007ffbb5f10000 - 0x00007ffbb5f4a000 	C:\WINDOWS\SYSTEM32\IPHLPAPI.DLL
0x00007ffbb9a20000 - 0x00007ffbb9a28000 	C:\WINDOWS\System32\NSI.dll
0x00007ffbb11e0000 - 0x00007ffbb11f6000 	C:\WINDOWS\SYSTEM32\dhcpcsvc6.DLL
0x00007ffbb22c0000 - 0x00007ffbb22dc000 	C:\WINDOWS\SYSTEM32\dhcpcsvc.DLL
0x00007ffbb5f50000 - 0x00007ffbb601a000 	C:\WINDOWS\SYSTEM32\DNSAPI.dll

VM Arguments:
jvm_args: -Xmx1536m -Dfile.encoding=windows-1252 -Duser.country=BR -Duser.language=pt -Duser.variant 
java_command: org.gradle.launcher.daemon.bootstrap.GradleDaemon 5.1.1
java_class_path (initial): C:\Users\Diackson Marques\.gradle\wrapper\dists\gradle-5.1.1-all\97z1ksx6lirer3kbvdnh7jtjg\gradle-5.1.1\lib\gradle-launcher-5.1.1.jar
Launcher Type: SUN_STANDARD

Environment Variables:
PATH=C:\Program Files (x86)\Common Files\Oracle\Java\javapath;C:\ProgramData\Oracle\Java\javapath;C:\Program Files (x86)\Intel\iCLS Client\;C:\Program Files\Intel\iCLS Client\;C:\WINDOWS\system32;C:\WINDOWS;C:\WINDOWS\System32\Wbem;C:\WINDOWS\System32\WindowsPowerShell\v1.0\;C:\Program Files (x86)\Intel\Intel(R) Management Engine Components\DAL;C:\Program Files\Intel\Intel(R) Management Engine Components\DAL;C:\Program Files (x86)\Intel\Intel(R) Management Engine Components\IPT;C:\Program Files\Intel\Intel(R) Management Engine Components\IPT;C:\WINDOWS\System32\OpenSSH\;C:\Program Files\Git\cmd;C:\Users\Diackson Marques\AppData\Local\Microsoft\WindowsApps;C:\Users\Diackson Marques\AppData\Local\Programs\MiKTeX 2.9\miktex\bin\x64\;
USERNAME=Diackson Marques
OS=Windows_NT
PROCESSOR_IDENTIFIER=Intel64 Family 6 Model 142 Stepping 9, GenuineIntel



---------------  S Y S T E M  ---------------

OS: Windows 10.0 , 64 bit Build 18362 (10.0.18362.329)

CPU:total 4 (initial active 4) (2 cores per cpu, 2 threads per core) family 6 model 142 stepping 9, cmov, cx8, fxsr, mmx, sse, sse2, sse3, ssse3, sse4.1, sse4.2, popcnt, avx, avx2, aes, clmul, erms, 3dnowpref, lzcnt, ht, tsc, tscinvbit, bmi1, bmi2, adx

Memory: 4k page, physical 4066916k(327768k free), swap 4271716k(6204k free)

vm_info: OpenJDK 64-Bit Server VM (25.152-b01) for windows-amd64 JRE (1.8.0_152-release-1343-b01), built by "builder" with MS VC++ 10.0 (VS2010)

time: Tue Nov 05 09:13:52 2019
elapsed time: 44 seconds (0d 0h 0m 44s)

