#
# There is insufficient memory for the Java Runtime Environment to continue.
# Native memory allocation (malloc) failed to allocate 963216 bytes for Chunk::new
# Possible reasons:
#   The system is out of physical RAM or swap space
#   In 32 bit mode, the process size limit was hit
# Possible solutions:
#   Reduce memory load on the system
#   Increase physical memory or swap space
#   Check if swap backing store is full
#   Use 64 bit Java on a 64 bit OS
#   Decrease Java heap size (-Xmx/-Xms)
#   Decrease number of Java threads
#   Decrease Java thread stack sizes (-Xss)
#   Set larger code cache with -XX:ReservedCodeCacheSize=
# This output file may be truncated or incomplete.
#
#  Out of Memory Error (allocation.cpp:390), pid=2684, tid=0x0000000000002068
#
# JRE version: OpenJDK Runtime Environment (8.0_152-b01) (build 1.8.0_152-release-1343-b01)
# Java VM: OpenJDK 64-Bit Server VM (25.152-b01 mixed mode windows-amd64 compressed oops)
# Failed to write core dump. Minidumps are not enabled by default on client versions of Windows
#

---------------  T H R E A D  ---------------

Current thread (0x00000000163a2000):  JavaThread "C2 CompilerThread1" daemon [_thread_in_native, id=8296, stack(0x0000000017b10000,0x0000000017c10000)]

Stack: [0x0000000017b10000,0x0000000017c10000]
[error occurred during error reporting (printing stack bounds), id 0xc0000005]

Native frames: (J=compiled Java code, j=interpreted, Vv=VM code, C=native code)


Current CompileTask:
C2:3453951 14305       4       com.sun.tools.javac.comp.Check::checkType (188 bytes)


---------------  P R O C E S S  ---------------

Java Threads: ( => current thread )
  0x00000000201f1000 JavaThread "Cache worker for Java compile cache (C:\Users\Diackson Marques\Desktop\BelezaOnline_2\.gradle\5.1.1\javaCompile)" [_thread_blocked, id=7872, stack(0x0000000025100000,0x0000000025200000)]
  0x00000000201ed000 JavaThread "Cache worker for Java compile cache (C:\Users\Diackson Marques\.gradle\caches\5.1.1\javaCompile)" [_thread_blocked, id=2424, stack(0x0000000024d00000,0x0000000024e00000)]
  0x00000000201ef800 JavaThread "stdout" daemon [_thread_in_native, id=9552, stack(0x0000000025000000,0x0000000025100000)]
  0x00000000201ec000 JavaThread "stderr" daemon [_thread_in_native, id=9172, stack(0x0000000024f00000,0x0000000025000000)]
  0x00000000201f3000 JavaThread "pool-6-thread-1" [_thread_blocked, id=7640, stack(0x0000000024e00000,0x0000000024f00000)]
  0x000000001f305800 JavaThread "Cache worker for execution history cache (C:\Users\Diackson Marques\Desktop\BelezaOnline_2\.gradle\5.1.1\executionHistory)" [_thread_blocked, id=3672, stack(0x0000000024a00000,0x0000000024b00000)]
  0x000000001f302800 JavaThread "Execution worker for ':' Thread 3" [_thread_in_native, id=6128, stack(0x0000000024900000,0x0000000024a00000)]
  0x000000001f305000 JavaThread "Execution worker for ':' Thread 2" [_thread_blocked, id=11172, stack(0x0000000024800000,0x0000000024900000)]
  0x000000001f303800 JavaThread "Execution worker for ':'" [_thread_blocked, id=1116, stack(0x0000000024700000,0x0000000024800000)]
  0x000000001f306800 JavaThread "Cache worker for file content cache (C:\Users\Diackson Marques\Desktop\BelezaOnline_2\.gradle\5.1.1\fileContent)" [_thread_blocked, id=4884, stack(0x0000000024600000,0x0000000024700000)]
  0x000000001f302000 JavaThread "Cache worker for file content cache (C:\Users\Diackson Marques\.gradle\caches\5.1.1\fileContent)" [_thread_blocked, id=2288, stack(0x0000000024500000,0x0000000024600000)]
  0x000000001f301000 JavaThread "Cache worker for Build Output Cleanup Cache (C:\Users\Diackson Marques\Desktop\BelezaOnline_2\.gradle\buildOutputCleanup)" [_thread_blocked, id=6752, stack(0x0000000023340000,0x0000000023440000)]
  0x000000001f2f9800 JavaThread "Build operations Thread 4" [_thread_blocked, id=3192, stack(0x00000000221f0000,0x00000000222f0000)]
  0x000000001f300800 JavaThread "Build operations Thread 3" [_thread_blocked, id=1500, stack(0x00000000220f0000,0x00000000221f0000)]
  0x000000001f2f9000 JavaThread "Build operations Thread 2" [_thread_blocked, id=4916, stack(0x00000000219f0000,0x0000000021af0000)]
  0x000000001f2ff800 JavaThread "Build operations" [_thread_blocked, id=8704, stack(0x0000000021650000,0x0000000021750000)]
  0x000000001f2f8000 JavaThread "Cache worker for cache directory md-rule (C:\Users\Diackson Marques\.gradle\caches\5.1.1\md-rule)" [_thread_blocked, id=8660, stack(0x0000000021550000,0x0000000021650000)]
  0x000000001f2fe000 JavaThread "Cache worker for cache directory md-supplier (C:\Users\Diackson Marques\.gradle\caches\5.1.1\md-supplier)" [_thread_blocked, id=10584, stack(0x0000000021450000,0x0000000021550000)]
  0x000000001f2ff000 JavaThread "Cache worker for file hash cache (C:\Users\Diackson Marques\Desktop\BelezaOnline_2\.gradle\5.1.1\fileHashes)" [_thread_blocked, id=8524, stack(0x000000001fb60000,0x000000001fc60000)]
  0x000000001f2fd800 JavaThread "Thread-49" [_thread_blocked, id=4604, stack(0x000000001fa60000,0x000000001fb60000)]
  0x000000001f2fb000 JavaThread "Stdin handler" [_thread_blocked, id=9556, stack(0x000000001d120000,0x000000001d220000)]
  0x000000001f2fc000 JavaThread "Asynchronous log dispatcher for DefaultDaemonConnection: socket connection from /127.0.0.1:54296 to /127.0.0.1:54364" [_thread_blocked, id=5432, stack(0x000000001ab80000,0x000000001ac80000)]
  0x000000001f2fa800 JavaThread "Daemon worker Thread 3" [_thread_blocked, id=7128, stack(0x000000001a880000,0x000000001a980000)]
  0x00000000197c0000 JavaThread "Cancel handler" [_thread_blocked, id=3836, stack(0x000000001a780000,0x000000001a880000)]
  0x00000000197bb800 JavaThread "Handler for socket connection from /127.0.0.1:54296 to /127.0.0.1:54364" [_thread_in_native, id=4212, stack(0x000000001a480000,0x000000001a580000)]
  0x00000000197be800 JavaThread "Daemon Thread 3" [_thread_blocked, id=1956, stack(0x000000001a380000,0x000000001a480000)]
  0x000000001f2f7800 JavaThread "Memory manager" [_thread_blocked, id=3588, stack(0x0000000023500000,0x0000000023600000)]
  0x00000000197bf800 JavaThread "Cache worker for execution history cache (C:\Users\Diackson Marques\.gradle\caches\5.1.1\executionHistory)" [_thread_blocked, id=6836, stack(0x0000000021140000,0x0000000021240000)]
  0x00000000197ba000 JavaThread "Cache worker for journal cache (C:\Users\Diackson Marques\.gradle\caches\journal-1)" [_thread_blocked, id=3284, stack(0x000000001ae80000,0x000000001af80000)]
  0x00000000197a7000 JavaThread "File lock request listener" [_thread_in_native, id=10648, stack(0x000000001ad80000,0x000000001ae80000)]
  0x000000001955c800 JavaThread "Cache worker for file hash cache (C:\Users\Diackson Marques\.gradle\caches\5.1.1\fileHashes)" [_thread_blocked, id=324, stack(0x000000001ac80000,0x000000001ad80000)]
  0x00000000193d7000 JavaThread "Daemon periodic checks" [_thread_blocked, id=3368, stack(0x000000001a280000,0x000000001a380000)]
  0x0000000018e6c000 JavaThread "Incoming local TCP Connector on port 54296" [_thread_in_native, id=7316, stack(0x000000001a020000,0x000000001a120000)]
  0x0000000017d28800 JavaThread "Service Thread" daemon [_thread_blocked, id=3336, stack(0x0000000018110000,0x0000000018210000)]
  0x00000000163ab800 JavaThread "C1 CompilerThread2" daemon [_thread_blocked, id=5136, stack(0x0000000017c10000,0x0000000017d10000)]
=>0x00000000163a2000 JavaThread "C2 CompilerThread1" daemon [_thread_in_native, id=8296, stack(0x0000000017b10000,0x0000000017c10000)]
  0x000000001639f000 JavaThread "C2 CompilerThread0" daemon [_thread_in_native, id=8292, stack(0x0000000017a10000,0x0000000017b10000)]
  0x000000001639e000 JavaThread "Attach Listener" daemon [_thread_blocked, id=7512, stack(0x0000000017910000,0x0000000017a10000)]
  0x000000001639a800 JavaThread "Signal Dispatcher" daemon [_thread_blocked, id=5444, stack(0x0000000017810000,0x0000000017910000)]
  0x0000000002a2b800 JavaThread "Finalizer" daemon [_thread_blocked, id=3780, stack(0x0000000017600000,0x0000000017700000)]
  0x0000000016368000 JavaThread "Reference Handler" daemon [_thread_blocked, id=3540, stack(0x0000000017500000,0x0000000017600000)]
  0x0000000000fde800 JavaThread "main" [_thread_blocked, id=4772, stack(0x00000000027e0000,0x00000000028e0000)]

Other Threads:
  0x0000000016366000 VMThread [stack: 0x0000000017400000,0x0000000017500000] [id=428]
  0x00000000163fe800 WatcherThread [stack: 0x0000000018210000,0x0000000018310000] [id=5592]

VM state:not at safepoint (normal execution)

VM Mutex/Monitor currently owned by a thread: None

Heap:
 PSYoungGen      total 175104K, used 53192K [0x00000000e0000000, 0x00000000ed800000, 0x0000000100000000)
  eden space 151552K, 19% used [0x00000000e0000000,0x00000000e1cf23b0,0x00000000e9400000)
  from space 23552K, 99% used [0x00000000eb000000,0x00000000ec6ffd98,0x00000000ec700000)
  to   space 17408K, 0% used [0x00000000ec700000,0x00000000ec700000,0x00000000ed800000)
 ParOldGen       total 91136K, used 74048K [0x00000000a0000000, 0x00000000a5900000, 0x00000000e0000000)
  object space 91136K, 81% used [0x00000000a0000000,0x00000000a4850028,0x00000000a5900000)
 Metaspace       used 84719K, capacity 87870K, committed 87960K, reserved 1126400K
  class space    used 10761K, capacity 11382K, committed 11416K, reserved 1048576K

Card table byte_map: [0x0000000011df0000,0x0000000012100000] byte_map_base: 0x00000000118f0000

Marking Bits: (ParMarkBitMap*) 0x0000000074c25aa0
 Begin Bits: [0x0000000012700000, 0x0000000013f00000)
 End Bits:   [0x0000000013f00000, 0x0000000015700000)

Polling page: 0x0000000000f40000

CodeCache: size=245760Kb used=42088Kb max_used=42088Kb free=203671Kb
 bounds [0x0000000002a30000, 0x0000000005380000, 0x0000000011a30000]
 total_blobs=13285 nmethods=12390 adapters=806
 compilation: enabled

Compilation events (10 events):
Event: 3453.909 Thread 0x00000000163ab800 nmethod 14518 0x000000000535fd90 code [0x0000000005360140, 0x0000000005361568]
Event: 3453.909 Thread 0x00000000163ab800 14517   !   2       com.sun.tools.javac.comp.Attr::visitMethodDef (1198 bytes)
Event: 3453.919 Thread 0x00000000163ab800 nmethod 14517 0x0000000005362e90 code [0x00000000053634c0, 0x0000000005365dd8]
Event: 3453.919 Thread 0x00000000163ab800 14525       2       com.sun.tools.javac.tree.TreeMaker::Select (28 bytes)
Event: 3453.919 Thread 0x00000000163ab800 nmethod 14525 0x000000000536ab50 code [0x000000000536aca0, 0x000000000536aeb0]
Event: 3453.919 Thread 0x00000000163ab800 14523       2       com.sun.tools.javac.comp.Check::isUnchecked (57 bytes)
Event: 3453.919 Thread 0x00000000163ab800 nmethod 14523 0x000000000536af90 code [0x000000000536b100, 0x000000000536b338]
Event: 3453.920 Thread 0x00000000163ab800 14524       2       com.sun.tools.javac.comp.TransTypes::visitBinary (71 bytes)
Event: 3453.920 Thread 0x00000000163ab800 nmethod 14524 0x000000000536b4d0 code [0x000000000536b680, 0x000000000536bb98]
Event: 3453.920 Thread 0x00000000163ab800 14522       2       com.sun.tools.javac.comp.Flow$AssignAnalyzer::isFinalUninitializedField (52 bytes)

GC Heap History (10 events):
Event: 24.171 GC heap before
{Heap before GC invocations=16 (full 3):
 PSYoungGen      total 191488K, used 176128K [0x00000000e0000000, 0x00000000ecc00000, 0x0000000100000000)
  eden space 176128K, 100% used [0x00000000e0000000,0x00000000eac00000,0x00000000eac00000)
  from space 15360K, 0% used [0x00000000ebc00000,0x00000000ebc00000,0x00000000ecb00000)
  to   space 16384K, 0% used [0x00000000eac00000,0x00000000eac00000,0x00000000ebc00000)
 ParOldGen       total 91136K, used 34950K [0x00000000a0000000, 0x00000000a5900000, 0x00000000e0000000)
  object space 91136K, 38% used [0x00000000a0000000,0x00000000a2221a90,0x00000000a5900000)
 Metaspace       used 63541K, capacity 65824K, committed 66072K, reserved 1105920K
  class space    used 8606K, capacity 9142K, committed 9240K, reserved 1048576K
Event: 24.190 GC heap after
Heap after GC invocations=16 (full 3):
 PSYoungGen      total 192512K, used 12638K [0x00000000e0000000, 0x00000000eee80000, 0x0000000100000000)
  eden space 176128K, 0% used [0x00000000e0000000,0x00000000e0000000,0x00000000eac00000)
  from space 16384K, 77% used [0x00000000eac00000,0x00000000eb857b10,0x00000000ebc00000)
  to   space 17408K, 0% used [0x00000000edd80000,0x00000000edd80000,0x00000000eee80000)
 ParOldGen       total 91136K, used 34958K [0x00000000a0000000, 0x00000000a5900000, 0x00000000e0000000)
  object space 91136K, 38% used [0x00000000a0000000,0x00000000a2223a90,0x00000000a5900000)
 Metaspace       used 63541K, capacity 65824K, committed 66072K, reserved 1105920K
  class space    used 8606K, capacity 9142K, committed 9240K, reserved 1048576K
}
Event: 1344.307 GC heap before
{Heap before GC invocations=17 (full 3):
 PSYoungGen      total 192512K, used 188766K [0x00000000e0000000, 0x00000000eee80000, 0x0000000100000000)
  eden space 176128K, 100% used [0x00000000e0000000,0x00000000eac00000,0x00000000eac00000)
  from space 16384K, 77% used [0x00000000eac00000,0x00000000eb857b10,0x00000000ebc00000)
  to   space 17408K, 0% used [0x00000000edd80000,0x00000000edd80000,0x00000000eee80000)
 ParOldGen       total 91136K, used 34958K [0x00000000a0000000, 0x00000000a5900000, 0x00000000e0000000)
  object space 91136K, 38% used [0x00000000a0000000,0x00000000a2223a90,0x00000000a5900000)
 Metaspace       used 71300K, capacity 74016K, committed 74136K, reserved 1114112K
  class space    used 9264K, capacity 9829K, committed 9880K, reserved 1048576K
Event: 1344.405 GC heap after
Heap after GC invocations=17 (full 3):
 PSYoungGen      total 186880K, used 17396K [0x00000000e0000000, 0x00000000eee80000, 0x0000000100000000)
  eden space 169472K, 0% used [0x00000000e0000000,0x00000000e0000000,0x00000000ea580000)
  from space 17408K, 99% used [0x00000000edd80000,0x00000000eee7d100,0x00000000eee80000)
  to   space 22016K, 0% used [0x00000000ec380000,0x00000000ec380000,0x00000000ed900000)
 ParOldGen       total 91136K, used 40618K [0x00000000a0000000, 0x00000000a5900000, 0x00000000e0000000)
  object space 91136K, 44% used [0x00000000a0000000,0x00000000a27aaab8,0x00000000a5900000)
 Metaspace       used 71300K, capacity 74016K, committed 74136K, reserved 1114112K
  class space    used 9264K, capacity 9829K, committed 9880K, reserved 1048576K
}
Event: 3416.935 GC heap before
{Heap before GC invocations=18 (full 3):
 PSYoungGen      total 186880K, used 186868K [0x00000000e0000000, 0x00000000eee80000, 0x0000000100000000)
  eden space 169472K, 100% used [0x00000000e0000000,0x00000000ea580000,0x00000000ea580000)
  from space 17408K, 99% used [0x00000000edd80000,0x00000000eee7d100,0x00000000eee80000)
  to   space 22016K, 0% used [0x00000000ec380000,0x00000000ec380000,0x00000000ed900000)
 ParOldGen       total 91136K, used 40618K [0x00000000a0000000, 0x00000000a5900000, 0x00000000e0000000)
  object space 91136K, 44% used [0x00000000a0000000,0x00000000a27aaab8,0x00000000a5900000)
 Metaspace       used 75463K, capacity 78480K, committed 78744K, reserved 1118208K
  class space    used 9755K, capacity 10383K, committed 10392K, reserved 1048576K
Event: 3417.045 GC heap after
Heap after GC invocations=18 (full 3):
 PSYoungGen      total 176640K, used 12801K [0x00000000e0000000, 0x00000000ede00000, 0x0000000100000000)
  eden space 163328K, 0% used [0x00000000e0000000,0x00000000e0000000,0x00000000e9f80000)
  from space 13312K, 96% used [0x00000000ec380000,0x00000000ed000640,0x00000000ed080000)
  to   space 13824K, 0% used [0x00000000ed080000,0x00000000ed080000,0x00000000ede00000)
 ParOldGen       total 91136K, used 49702K [0x00000000a0000000, 0x00000000a5900000, 0x00000000e0000000)
  object space 91136K, 54% used [0x00000000a0000000,0x00000000a3089bf8,0x00000000a5900000)
 Metaspace       used 75463K, capacity 78480K, committed 78744K, reserved 1118208K
  class space    used 9755K, capacity 10383K, committed 10392K, reserved 1048576K
}
Event: 3425.161 GC heap before
{Heap before GC invocations=19 (full 3):
 PSYoungGen      total 176640K, used 176129K [0x00000000e0000000, 0x00000000ede00000, 0x0000000100000000)
  eden space 163328K, 100% used [0x00000000e0000000,0x00000000e9f80000,0x00000000e9f80000)
  from space 13312K, 96% used [0x00000000ec380000,0x00000000ed000640,0x00000000ed080000)
  to   space 13824K, 0% used [0x00000000ed080000,0x00000000ed080000,0x00000000ede00000)
 ParOldGen       total 91136K, used 49702K [0x00000000a0000000, 0x00000000a5900000, 0x00000000e0000000)
  object space 91136K, 54% used [0x00000000a0000000,0x00000000a3089bf8,0x00000000a5900000)
 Metaspace       used 78050K, capacity 81060K, committed 81432K, reserved 1120256K
  class space    used 10065K, capacity 10673K, committed 10776K, reserved 1048576K
Event: 3425.207 GC heap after
Heap after GC invocations=19 (full 3):
 PSYoungGen      total 171008K, used 13820K [0x00000000e0000000, 0x00000000ede00000, 0x0000000100000000)
  eden space 157184K, 0% used [0x00000000e0000000,0x00000000e0000000,0x00000000e9980000)
  from space 13824K, 99% used [0x00000000ed080000,0x00000000eddff208,0x00000000ede00000)
  to   space 23552K, 0% used [0x00000000eb000000,0x00000000eb000000,0x00000000ec700000)
 ParOldGen       total 91136K, used 53455K [0x00000000a0000000, 0x00000000a5900000, 0x00000000e0000000)
  object space 91136K, 58% used [0x00000000a0000000,0x00000000a3433ea0,0x00000000a5900000)
 Metaspace       used 78050K, capacity 81060K, committed 81432K, reserved 1120256K
  class space    used 10065K, capacity 10673K, committed 10776K, reserved 1048576K
}
Event: 3452.858 GC heap before
{Heap before GC invocations=20 (full 3):
 PSYoungGen      total 171008K, used 171004K [0x00000000e0000000, 0x00000000ede00000, 0x0000000100000000)
  eden space 157184K, 100% used [0x00000000e0000000,0x00000000e9980000,0x00000000e9980000)
  from space 13824K, 99% used [0x00000000ed080000,0x00000000eddff208,0x00000000ede00000)
  to   space 23552K, 0% used [0x00000000eb000000,0x00000000eb000000,0x00000000ec700000)
 ParOldGen       total 91136K, used 53455K [0x00000000a0000000, 0x00000000a5900000, 0x00000000e0000000)
  object space 91136K, 58% used [0x00000000a0000000,0x00000000a3433ea0,0x00000000a5900000)
 Metaspace       used 84116K, capacity 87230K, committed 87448K, reserved 1126400K
  class space    used 10750K, capacity 11382K, committed 11416K, reserved 1048576K
Event: 3452.924 GC heap after
Heap after GC invocations=20 (full 3):
 PSYoungGen      total 175104K, used 23551K [0x00000000e0000000, 0x00000000ed800000, 0x0000000100000000)
  eden space 151552K, 0% used [0x00000000e0000000,0x00000000e0000000,0x00000000e9400000)
  from space 23552K, 99% used [0x00000000eb000000,0x00000000ec6ffd98,0x00000000ec700000)
  to   space 17408K, 0% used [0x00000000ec700000,0x00000000ec700000,0x00000000ed800000)
 ParOldGen       total 91136K, used 74048K [0x00000000a0000000, 0x00000000a5900000, 0x00000000e0000000)
  object space 91136K, 81% used [0x00000000a0000000,0x00000000a4850028,0x00000000a5900000)
 Metaspace       used 84116K, capacity 87230K, committed 87448K, reserved 1126400K
  class space    used 10750K, capacity 11382K, committed 11416K, reserved 1048576K
}

Deoptimization events (10 events):
Event: 3452.948 Thread 0x000000001f302800 Uncommon trap: reason=unstable_if action=reinterpret pc=0x0000000005121bec method=com.sun.tools.javac.code.Types$18.visitClassType(Lcom/sun/tools/javac/code/Type$ClassType;Ljava/lang/Void;)Lcom/sun/tools/javac/code/Type; @ 75
Event: 3452.948 Thread 0x000000001f302800 Uncommon trap: reason=unstable_if action=reinterpret pc=0x000000000514b9d0 method=com.sun.tools.javac.code.Types$19.visitClassType(Lcom/sun/tools/javac/code/Type$ClassType;Ljava/lang/Void;)Lcom/sun/tools/javac/util/List; @ 67
Event: 3452.950 Thread 0x000000001f302800 Uncommon trap: reason=unstable_if action=reinterpret pc=0x000000000512f3f0 method=com.sun.tools.javac.code.Types$18.visitClassType(Lcom/sun/tools/javac/code/Type$ClassType;Ljava/lang/Void;)Lcom/sun/tools/javac/code/Type; @ 75
Event: 3452.988 Thread 0x000000001f302800 Uncommon trap: reason=unstable_if action=reinterpret pc=0x0000000004ed7818 method=com.sun.tools.javac.util.ListBuffer.append(Ljava/lang/Object;)Lcom/sun/tools/javac/util/ListBuffer; @ 9
Event: 3453.039 Thread 0x000000001f302800 Uncommon trap: reason=unstable_if action=reinterpret pc=0x0000000004b2dbbc method=com.sun.tools.javac.code.Scope.lookup(Lcom/sun/tools/javac/util/Name;Lcom/sun/tools/javac/util/Filter;)Lcom/sun/tools/javac/code/Scope$Entry; @ 19
Event: 3453.399 Thread 0x000000001f302800 Uncommon trap: reason=unloaded action=reinterpret pc=0x000000000504d900 method=com.sun.tools.javac.jvm.ClassReader.readPool(I)Ljava/lang/Object; @ 436
Event: 3453.559 Thread 0x000000001f302800 Uncommon trap: reason=bimorphic action=maybe_recompile pc=0x0000000005293808 method=com.sun.tools.javac.code.Types.capture(Lcom/sun/tools/javac/code/Type;)Lcom/sun/tools/javac/code/Type; @ 13
Event: 3453.559 Thread 0x000000001f302800 Uncommon trap: reason=bimorphic action=maybe_recompile pc=0x0000000005293808 method=com.sun.tools.javac.code.Types.capture(Lcom/sun/tools/javac/code/Type;)Lcom/sun/tools/javac/code/Type; @ 13
Event: 3453.561 Thread 0x000000001f302800 Uncommon trap: reason=bimorphic action=maybe_recompile pc=0x0000000005293808 method=com.sun.tools.javac.code.Types.capture(Lcom/sun/tools/javac/code/Type;)Lcom/sun/tools/javac/code/Type; @ 13
Event: 3453.561 Thread 0x000000001f302800 Uncommon trap: reason=bimorphic action=maybe_recompile pc=0x0000000005293808 method=com.sun.tools.javac.code.Types.capture(Lcom/sun/tools/javac/code/Type;)Lcom/sun/tools/javac/code/Type; @ 13

Classes redefined (0 events):
No events

Internal exceptions (10 events):
Event: 3415.613 Thread 0x000000001f2fa800 Exception <a 'java/lang/NoSuchMethodError': <clinit>> (0x00000000e9119b40) thrown at [D:\src\AOSP-openjdk-cygwin\jdk8u\hotspot\src\share\vm\prims\jni.cpp, line 1613]
Event: 3415.614 Thread 0x000000001f2fa800 Exception <a 'java/lang/NoSuchMethodError': <clinit>> (0x00000000e911b648) thrown at [D:\src\AOSP-openjdk-cygwin\jdk8u\hotspot\src\share\vm\prims\jni.cpp, line 1613]
Event: 3415.614 Thread 0x000000001f2fa800 Exception <a 'java/lang/NoSuchMethodError': <clinit>> (0x00000000e911ce18) thrown at [D:\src\AOSP-openjdk-cygwin\jdk8u\hotspot\src\share\vm\prims\jni.cpp, line 1613]
Event: 3415.614 Thread 0x000000001f2fa800 Exception <a 'java/lang/NoSuchMethodError': <clinit>> (0x00000000e911e498) thrown at [D:\src\AOSP-openjdk-cygwin\jdk8u\hotspot\src\share\vm\prims\jni.cpp, line 1613]
Event: 3415.802 Thread 0x000000001f2fa800 Implicit null exception at 0x0000000004891b32 to 0x000000000489386d
Event: 3416.186 Thread 0x000000001f2fa800 Exception <a 'sun/nio/fs/WindowsException'> (0x00000000e9a32720) thrown at [D:\src\AOSP-openjdk-cygwin\jdk8u\hotspot\src\share\vm\prims\jni.cpp, line 709]
Event: 3422.325 Thread 0x000000001f302800 Implicit null exception at 0x00000000038c125e to 0x00000000038c13e1
Event: 3422.760 Thread 0x000000001f302800 Implicit null exception at 0x0000000004aeba3f to 0x0000000004aebc5d
Event: 3422.790 Thread 0x000000001f302800 Implicit null exception at 0x0000000004b0c7b5 to 0x0000000004b0c839
Event: 3452.944 Thread 0x000000001f302800 Implicit null exception at 0x0000000004e765b0 to 0x0000000004e76cb5

Events (10 events):
Event: 3453.559 Thread 0x000000001f302800 DEOPT PACKING pc=0x0000000005293808 sp=0x00000000249fa460
Event: 3453.559 Thread 0x000000001f302800 DEOPT UNPACKING pc=0x0000000002a7557b sp=0x00000000249fa3f8 mode 2
Event: 3453.561 Thread 0x000000001f302800 Uncommon trap: trap_request=0xffffffc6 fr.pc=0x0000000005293808
Event: 3453.561 Thread 0x000000001f302800 DEOPT PACKING pc=0x0000000005293808 sp=0x00000000249f9960
Event: 3453.561 Thread 0x000000001f302800 DEOPT UNPACKING pc=0x0000000002a7557b sp=0x00000000249f98f8 mode 2
Event: 3453.561 Thread 0x000000001f302800 Uncommon trap: trap_request=0xffffffc6 fr.pc=0x0000000005293808
Event: 3453.561 Thread 0x000000001f302800 DEOPT PACKING pc=0x0000000005293808 sp=0x00000000249f9290
Event: 3453.561 Thread 0x000000001f302800 DEOPT UNPACKING pc=0x0000000002a7557b sp=0x00000000249f9228 mode 2
Event: 3453.841 Executing VM operation: ForceSafepoint
Event: 3453.842 Executing VM operation: ForceSafepoint done


Dynamic libraries:
0x00007ff685440000 - 0x00007ff685471000 	C:\Program Files\Android\Android Studio1\jre\bin\java.exe
0x00007ffb2b2a0000 - 0x00007ffb2b490000 	C:\WINDOWS\SYSTEM32\ntdll.dll
0x00007ffb02570000 - 0x00007ffb02584000 	C:\Program Files\AVG\Antivirus\aswhook.dll
0x00007ffb2b1a0000 - 0x00007ffb2b252000 	C:\WINDOWS\System32\KERNEL32.DLL
0x00007ffb28ed0000 - 0x00007ffb29173000 	C:\WINDOWS\System32\KERNELBASE.dll
0x00007ffb294d0000 - 0x00007ffb29573000 	C:\WINDOWS\System32\ADVAPI32.dll
0x00007ffb299d0000 - 0x00007ffb29a6e000 	C:\WINDOWS\System32\msvcrt.dll
0x00007ffb29b40000 - 0x00007ffb29bd7000 	C:\WINDOWS\System32\sechost.dll
0x00007ffb29f40000 - 0x00007ffb2a060000 	C:\WINDOWS\System32\RPCRT4.dll
0x00007ffb2a060000 - 0x00007ffb2a1f4000 	C:\WINDOWS\System32\USER32.dll
0x00007ffb28b10000 - 0x00007ffb28b31000 	C:\WINDOWS\System32\win32u.dll
0x00007ffb29a70000 - 0x00007ffb29a96000 	C:\WINDOWS\System32\GDI32.dll
0x00007ffb28b40000 - 0x00007ffb28cd4000 	C:\WINDOWS\System32\gdi32full.dll
0x00007ffb28e30000 - 0x00007ffb28ece000 	C:\WINDOWS\System32\msvcp_win.dll
0x00007ffb291a0000 - 0x00007ffb2929a000 	C:\WINDOWS\System32\ucrtbase.dll
0x00007ffb10d10000 - 0x00007ffb10f95000 	C:\WINDOWS\WinSxS\amd64_microsoft.windows.common-controls_6595b64144ccf1df_6.0.18362.418_none_e6c6b287130d565d\COMCTL32.dll
0x00007ffb29690000 - 0x00007ffb299c6000 	C:\WINDOWS\System32\combase.dll
0x00007ffb28310000 - 0x00007ffb28390000 	C:\WINDOWS\System32\bcryptPrimitives.dll
0x00007ffb29aa0000 - 0x00007ffb29ace000 	C:\WINDOWS\System32\IMM32.DLL
0x00000000742a0000 - 0x0000000074372000 	C:\Program Files\Android\Android Studio1\jre\jre\bin\msvcr100.dll
0x0000000074460000 - 0x0000000074ca1000 	C:\Program Files\Android\Android Studio1\jre\jre\bin\server\jvm.dll
0x00007ffb29ce0000 - 0x00007ffb29ce8000 	C:\WINDOWS\System32\PSAPI.DLL
0x00007ffb1a7c0000 - 0x00007ffb1a7c9000 	C:\WINDOWS\SYSTEM32\WSOCK32.dll
0x00007ffb29ed0000 - 0x00007ffb29f3f000 	C:\WINDOWS\System32\WS2_32.dll
0x00007ffb23770000 - 0x00007ffb23794000 	C:\WINDOWS\SYSTEM32\WINMM.dll
0x00007ffb23bf0000 - 0x00007ffb23bfa000 	C:\WINDOWS\SYSTEM32\VERSION.dll
0x00007ffb23740000 - 0x00007ffb2376d000 	C:\WINDOWS\SYSTEM32\WINMMBASE.dll
0x00007ffb28230000 - 0x00007ffb2827a000 	C:\WINDOWS\System32\cfgmgr32.dll
0x00007ffb22c50000 - 0x00007ffb22c5f000 	C:\Program Files\Android\Android Studio1\jre\jre\bin\verify.dll
0x00007ffb10910000 - 0x00007ffb10939000 	C:\Program Files\Android\Android Studio1\jre\jre\bin\java.dll
0x00007ffb108f0000 - 0x00007ffb10906000 	C:\Program Files\Android\Android Studio1\jre\jre\bin\zip.dll
0x00007ffb2a7b0000 - 0x00007ffb2ae95000 	C:\WINDOWS\System32\SHELL32.dll
0x00007ffb29580000 - 0x00007ffb29629000 	C:\WINDOWS\System32\shcore.dll
0x00007ffb28390000 - 0x00007ffb28b0f000 	C:\WINDOWS\System32\windows.storage.dll
0x00007ffb281a0000 - 0x00007ffb281bf000 	C:\WINDOWS\System32\profapi.dll
0x00007ffb281e0000 - 0x00007ffb2822a000 	C:\WINDOWS\System32\powrprof.dll
0x00007ffb28170000 - 0x00007ffb28180000 	C:\WINDOWS\System32\UMPDC.dll
0x00007ffb29ae0000 - 0x00007ffb29b32000 	C:\WINDOWS\System32\shlwapi.dll
0x00007ffb281c0000 - 0x00007ffb281d1000 	C:\WINDOWS\System32\kernel.appcore.dll
0x00007ffb29180000 - 0x00007ffb29197000 	C:\WINDOWS\System32\cryptsp.dll
0x00007ffb10220000 - 0x00007ffb1023a000 	C:\Program Files\Android\Android Studio1\jre\jre\bin\net.dll
0x00007ffb27980000 - 0x00007ffb279e7000 	C:\WINDOWS\system32\mswsock.dll
0x00007ffb10200000 - 0x00007ffb10211000 	C:\Program Files\Android\Android Studio1\jre\jre\bin\nio.dll
0x00007ffb0bf10000 - 0x00007ffb0bf2e000 	C:\Users\Diackson Marques\.gradle\native\25\windows-amd64\native-platform.dll
0x00007ffb10960000 - 0x00007ffb1096d000 	C:\Program Files\Android\Android Studio1\jre\jre\bin\management.dll
0x00007ffb274f0000 - 0x00007ffb27523000 	C:\WINDOWS\system32\rsaenh.dll
0x00007ffb282e0000 - 0x00007ffb28306000 	C:\WINDOWS\System32\bcrypt.dll
0x00007ffb28090000 - 0x00007ffb280b5000 	C:\WINDOWS\SYSTEM32\USERENV.dll
0x00007ffb27b50000 - 0x00007ffb27b5c000 	C:\WINDOWS\SYSTEM32\CRYPTBASE.dll
0x00007ffb27690000 - 0x00007ffb276ca000 	C:\WINDOWS\SYSTEM32\IPHLPAPI.DLL
0x00007ffb29ad0000 - 0x00007ffb29ad8000 	C:\WINDOWS\System32\NSI.dll
0x00007ffb1faf0000 - 0x00007ffb1fb06000 	C:\WINDOWS\SYSTEM32\dhcpcsvc6.DLL
0x00007ffb1fbc0000 - 0x00007ffb1fbdc000 	C:\WINDOWS\SYSTEM32\dhcpcsvc.DLL
0x00007ffb276d0000 - 0x00007ffb2779a000 	C:\WINDOWS\SYSTEM32\DNSAPI.dll
0x00007ffb0d740000 - 0x00007ffb0d764000 	C:\Program Files\Android\Android Studio1\jre\jre\bin\sunec.dll
0x00007ffb1fd10000 - 0x00007ffb1fd1a000 	C:\Windows\System32\rasadhlp.dll
0x00007ffb1fa10000 - 0x00007ffb1fa87000 	C:\WINDOWS\System32\fwpuclnt.dll
0x00007ffb204a0000 - 0x00007ffb204ab000 	C:\Program Files\Android\Android Studio1\jre\jre\bin\sunmscapi.dll
0x00007ffb28ce0000 - 0x00007ffb28e29000 	C:\WINDOWS\System32\CRYPT32.dll
0x00007ffb28180000 - 0x00007ffb28192000 	C:\WINDOWS\System32\MSASN1.dll

VM Arguments:
jvm_args: -Xmx1536m -Dfile.encoding=windows-1252 -Duser.country=BR -Duser.language=pt -Duser.variant 
java_command: org.gradle.launcher.daemon.bootstrap.GradleDaemon 5.1.1
java_class_path (initial): C:\Users\Diackson Marques\.gradle\wrapper\dists\gradle-5.1.1-all\97z1ksx6lirer3kbvdnh7jtjg\gradle-5.1.1\lib\gradle-launcher-5.1.1.jar
Launcher Type: SUN_STANDARD

Environment Variables:
PATH=C:\Program Files (x86)\Common Files\Oracle\Java\javapath;C:\ProgramData\Oracle\Java\javapath;C:\Program Files (x86)\Intel\iCLS Client\;C:\Program Files\Intel\iCLS Client\;C:\WINDOWS\system32;C:\WINDOWS;C:\WINDOWS\System32\Wbem;C:\WINDOWS\System32\WindowsPowerShell\v1.0\;C:\Program Files (x86)\Intel\Intel(R) Management Engine Components\DAL;C:\Program Files\Intel\Intel(R) Management Engine Components\DAL;C:\Program Files (x86)\Intel\Intel(R) Management Engine Components\IPT;C:\Program Files\Intel\Intel(R) Management Engine Components\IPT;C:\WINDOWS\System32\OpenSSH\;C:\Program Files\Git\cmd;C:\Users\Diackson Marques\AppData\Local\Microsoft\WindowsApps;C:\Users\Diackson Marques\AppData\Local\Programs\MiKTeX 2.9\miktex\bin\x64\;
USERNAME=Diackson Marques
OS=Windows_NT
PROCESSOR_IDENTIFIER=Intel64 Family 6 Model 142 Stepping 9, GenuineIntel



---------------  S Y S T E M  ---------------

OS: Windows 10.0 , 64 bit Build 18362 (10.0.18362.329)

CPU:total 4 (initial active 4) (2 cores per cpu, 2 threads per core) family 6 model 142 stepping 9, cmov, cx8, fxsr, mmx, sse, sse2, sse3, ssse3, sse4.1, sse4.2, popcnt, avx, avx2, aes, clmul, erms, 3dnowpref, lzcnt, ht, tsc, tscinvbit, bmi1, bmi2, adx

Memory: 4k page, physical 4066916k(400744k free), swap 4271716k(6156k free)

vm_info: OpenJDK 64-Bit Server VM (25.152-b01) for windows-amd64 JRE (1.8.0_152-release-1343-b01), built by "builder" with MS VC++ 10.0 (VS2010)

time: Tue Oct 29 19:40:09 2019
elapsed time: 3453 seconds (0d 0h 57m 33s)

