#
# There is insufficient memory for the Java Runtime Environment to continue.
# Native memory allocation (malloc) failed to allocate 1432896 bytes for Chunk::new
# Possible reasons:
#   The system is out of physical RAM or swap space
#   In 32 bit mode, the process size limit was hit
# Possible solutions:
#   Reduce memory load on the system
#   Increase physical memory or swap space
#   Check if swap backing store is full
#   Use 64 bit Java on a 64 bit OS
#   Decrease Java heap size (-Xmx/-Xms)
#   Decrease number of Java threads
#   Decrease Java thread stack sizes (-Xss)
#   Set larger code cache with -XX:ReservedCodeCacheSize=
# This output file may be truncated or incomplete.
#
#  Out of Memory Error (allocation.cpp:390), pid=492, tid=0x0000000000000174
#
# JRE version: OpenJDK Runtime Environment (8.0_152-b01) (build 1.8.0_152-release-1343-b01)
# Java VM: OpenJDK 64-Bit Server VM (25.152-b01 mixed mode windows-amd64 compressed oops)
# Failed to write core dump. Minidumps are not enabled by default on client versions of Windows
#

---------------  T H R E A D  ---------------

Current thread (0x00000000168ad800):  JavaThread "C2 CompilerThread1" daemon [_thread_in_native, id=372, stack(0x0000000018000000,0x0000000018100000)]

Stack: [0x0000000018000000,0x0000000018100000]
[error occurred during error reporting (printing stack bounds), id 0xc0000005]

Native frames: (J=compiled Java code, j=interpreted, Vv=VM code, C=native code)


Current CompileTask:
C2:  90735 15638 %     4       com.android.tools.r8.ir.regalloc.LinearScanRegisterAllocator::performLinearScan @ 726 (922 bytes)


---------------  P R O C E S S  ---------------

Java Threads: ( => current thread )
  0x000000001e17b000 JavaThread "ForkJoinPool.commonPool-worker-2" daemon [_thread_in_native, id=9404, stack(0x00000000244a0000,0x00000000245a0000)]
  0x000000001e17b800 JavaThread "ForkJoinPool.commonPool-worker-1" daemon [_thread_in_Java, id=784, stack(0x000000001af70000,0x000000001b070000)]
  0x000000001e179800 JavaThread "ForkJoinPool.commonPool-worker-0" daemon [_thread_in_native, id=3900, stack(0x00000000250b0000,0x00000000251b0000)]
  0x000000001e17c800 JavaThread "stdout" daemon [_thread_in_native, id=7924, stack(0x0000000024cb0000,0x0000000024db0000)]
  0x000000001e178800 JavaThread "stderr" daemon [_thread_in_native, id=5600, stack(0x0000000024ab0000,0x0000000024bb0000)]
  0x000000001e176800 JavaThread "pool-2-thread-1" [_thread_blocked, id=8068, stack(0x00000000249b0000,0x0000000024ab0000)]
  0x000000001c6a8800 JavaThread "Cache worker for Java compile cache (C:\Users\Diackson Marques\Desktop\BelezaOnline_2\.gradle\5.1.1\javaCompile)" [_thread_blocked, id=9764, stack(0x00000000241a0000,0x00000000242a0000)]
  0x000000001c6ae800 JavaThread "Cache worker for Java compile cache (C:\Users\Diackson Marques\.gradle\caches\5.1.1\javaCompile)" [_thread_blocked, id=7268, stack(0x00000000240a0000,0x00000000241a0000)]
  0x000000001c6a7000 JavaThread "Cache worker for execution history cache (C:\Users\Diackson Marques\Desktop\BelezaOnline_2\.gradle\5.1.1\executionHistory)" [_thread_blocked, id=6720, stack(0x0000000023da0000,0x0000000023ea0000)]
  0x000000001c6a8000 JavaThread "Execution worker for ':' Thread 3" [_thread_blocked, id=284, stack(0x0000000023ca0000,0x0000000023da0000)]
  0x000000001c6ae000 JavaThread "Execution worker for ':' Thread 2" [_thread_blocked, id=5832, stack(0x0000000023ba0000,0x0000000023ca0000)]
  0x000000001c6ad000 JavaThread "Execution worker for ':'" [_thread_blocked, id=1056, stack(0x0000000023aa0000,0x0000000023ba0000)]
  0x000000001c6aa000 JavaThread "Cache worker for file content cache (C:\Users\Diackson Marques\Desktop\BelezaOnline_2\.gradle\5.1.1\fileContent)" [_thread_blocked, id=4108, stack(0x00000000239a0000,0x0000000023aa0000)]
  0x000000001c69f800 JavaThread "Cache worker for file content cache (C:\Users\Diackson Marques\.gradle\caches\5.1.1\fileContent)" [_thread_blocked, id=9064, stack(0x00000000238a0000,0x00000000239a0000)]
  0x000000001c6a6800 JavaThread "Memory manager" [_thread_blocked, id=3632, stack(0x0000000020f70000,0x0000000021070000)]
  0x000000001c6a5800 JavaThread "Cache worker for Build Output Cleanup Cache (C:\Users\Diackson Marques\Desktop\BelezaOnline_2\.gradle\buildOutputCleanup)" [_thread_blocked, id=3256, stack(0x0000000020800000,0x0000000020900000)]
  0x000000001c6a4000 JavaThread "Build operations Thread 4" [_thread_blocked, id=5924, stack(0x0000000020e70000,0x0000000020f70000)]
  0x000000001c6a0800 JavaThread "Build operations Thread 3" [_thread_blocked, id=10076, stack(0x0000000020d70000,0x0000000020e70000)]
  0x000000001c6a2000 JavaThread "Build operations Thread 2" [_thread_blocked, id=10196, stack(0x0000000020c70000,0x0000000020d70000)]
  0x000000001c6a3800 JavaThread "Build operations" [_thread_blocked, id=9968, stack(0x0000000020920000,0x0000000020a20000)]
  0x000000001c6a1000 JavaThread "Cache worker for execution history cache (C:\Users\Diackson Marques\.gradle\caches\5.1.1\executionHistory)" [_thread_blocked, id=2296, stack(0x0000000020500000,0x0000000020600000)]
  0x0000000019d43800 JavaThread "Cache worker for cache directory md-rule (C:\Users\Diackson Marques\.gradle\caches\5.1.1\md-rule)" [_thread_blocked, id=7588, stack(0x0000000020400000,0x0000000020500000)]
  0x0000000019d45000 JavaThread "Cache worker for cache directory md-supplier (C:\Users\Diackson Marques\.gradle\caches\5.1.1\md-supplier)" [_thread_blocked, id=5788, stack(0x0000000020300000,0x0000000020400000)]
  0x0000000019d40800 JavaThread "Cache worker for file hash cache (C:\Users\Diackson Marques\Desktop\BelezaOnline_2\.gradle\5.1.1\fileHashes)" [_thread_blocked, id=9072, stack(0x000000001d610000,0x000000001d710000)]
  0x0000000019d44800 JavaThread "Cache worker for journal cache (C:\Users\Diackson Marques\.gradle\caches\journal-1)" [_thread_blocked, id=6920, stack(0x000000001b370000,0x000000001b470000)]
  0x0000000019d41800 JavaThread "File lock request listener" [_thread_in_native, id=4032, stack(0x000000001b270000,0x000000001b370000)]
  0x0000000019d50800 JavaThread "Cache worker for file hash cache (C:\Users\Diackson Marques\.gradle\caches\5.1.1\fileHashes)" [_thread_blocked, id=9024, stack(0x000000001b170000,0x000000001b270000)]
  0x0000000019523800 JavaThread "Thread-8" [_thread_blocked, id=5780, stack(0x000000001b070000,0x000000001b170000)]
  0x0000000019514000 JavaThread "Asynchronous log dispatcher for DefaultDaemonConnection: socket connection from /127.0.0.1:50029 to /127.0.0.1:50030" [_thread_blocked, id=3968, stack(0x000000001ae70000,0x000000001af70000)]
  0x00000000193a0800 JavaThread "Daemon worker" [_thread_blocked, id=7952, stack(0x000000001ad70000,0x000000001ae70000)]
  0x0000000018a8b000 JavaThread "Cancel handler" [_thread_blocked, id=6192, stack(0x000000001ac70000,0x000000001ad70000)]
  0x00000000182f3800 JavaThread "Handler for socket connection from /127.0.0.1:50029 to /127.0.0.1:50030" [_thread_in_native, id=2412, stack(0x000000001a970000,0x000000001aa70000)]
  0x0000000018f0a000 JavaThread "Daemon" [_thread_blocked, id=5568, stack(0x000000001a870000,0x000000001a970000)]
  0x0000000019395000 JavaThread "Daemon periodic checks" [_thread_blocked, id=6612, stack(0x000000001a770000,0x000000001a870000)]
  0x0000000018fc3000 JavaThread "Incoming local TCP Connector on port 50029" [_thread_in_native, id=6724, stack(0x000000001a510000,0x000000001a610000)]
  0x00000000168fd000 JavaThread "Service Thread" daemon [_thread_blocked, id=1252, stack(0x0000000018600000,0x0000000018700000)]
  0x00000000168e5000 JavaThread "C1 CompilerThread2" daemon [_thread_blocked, id=9696, stack(0x0000000018100000,0x0000000018200000)]
=>0x00000000168ad800 JavaThread "C2 CompilerThread1" daemon [_thread_in_native, id=372, stack(0x0000000018000000,0x0000000018100000)]
  0x000000001689d800 JavaThread "C2 CompilerThread0" daemon [_thread_in_native, id=9368, stack(0x0000000017f00000,0x0000000018000000)]
  0x000000001689c000 JavaThread "Attach Listener" daemon [_thread_blocked, id=3548, stack(0x0000000017e00000,0x0000000017f00000)]
  0x000000001689b000 JavaThread "Signal Dispatcher" daemon [_thread_blocked, id=1260, stack(0x0000000017d00000,0x0000000017e00000)]
  0x0000000002f2b800 JavaThread "Finalizer" daemon [_thread_blocked, id=7552, stack(0x0000000017af0000,0x0000000017bf0000)]
  0x0000000016868000 JavaThread "Reference Handler" daemon [_thread_blocked, id=8660, stack(0x00000000179f0000,0x0000000017af0000)]
  0x000000000152e800 JavaThread "main" [_thread_blocked, id=8476, stack(0x0000000002d30000,0x0000000002e30000)]

Other Threads:
  0x0000000016866000 VMThread [stack: 0x00000000178f0000,0x00000000179f0000] [id=10084]
  0x00000000168fd800 WatcherThread [stack: 0x0000000018700000,0x0000000018800000] [id=9416]

VM state:not at safepoint (normal execution)

VM Mutex/Monitor currently owned by a thread: None

Heap:
 PSYoungGen      total 284672K, used 172686K [0x00000000e0000000, 0x00000000f2f00000, 0x0000000100000000)
  eden space 259072K, 61% used [0x00000000e0000000,0x00000000e9b15cd0,0x00000000efd00000)
  from space 25600K, 54% used [0x00000000efd00000,0x00000000f0a8dd58,0x00000000f1600000)
  to   space 22016K, 0% used [0x00000000f1980000,0x00000000f1980000,0x00000000f2f00000)
 ParOldGen       total 86528K, used 48729K [0x00000000a0000000, 0x00000000a5480000, 0x00000000e0000000)
  object space 86528K, 56% used [0x00000000a0000000,0x00000000a2f965e8,0x00000000a5480000)
 Metaspace       used 82108K, capacity 85320K, committed 85528K, reserved 1124352K
  class space    used 10568K, capacity 11224K, committed 11312K, reserved 1048576K

Card table byte_map: [0x00000000122f0000,0x0000000012600000] byte_map_base: 0x0000000011df0000

Marking Bits: (ParMarkBitMap*) 0x0000000076965aa0
 Begin Bits: [0x0000000012c00000, 0x0000000014400000)
 End Bits:   [0x0000000014400000, 0x0000000015c00000)

Polling page: 0x0000000001490000

CodeCache: size=245760Kb used=44424Kb max_used=44424Kb free=201335Kb
 bounds [0x0000000002f30000, 0x0000000005ac0000, 0x0000000011f30000]
 total_blobs=14230 nmethods=13369 adapters=771
 compilation: enabled

Compilation events (10 events):
Event: 90.606 Thread 0x00000000168e5000 nmethod 15902 0x0000000005ab4e90 code [0x0000000005ab5000, 0x0000000005ab5188]
Event: 90.606 Thread 0x00000000168e5000 15903       2       com.android.tools.r8.it.unimi.dsi.fastutil.ints.AbstractIntList::listIterator (6 bytes)
Event: 90.607 Thread 0x00000000168e5000 nmethod 15903 0x0000000005ab5250 code [0x0000000005ab53c0, 0x0000000005ab5548]
Event: 90.620 Thread 0x00000000168e5000 15905       2       com.android.tools.r8.ir.code.Switch::fallthroughBlock (20 bytes)
Event: 90.620 Thread 0x00000000168e5000 nmethod 15905 0x0000000005ab55d0 code [0x0000000005ab5760, 0x0000000005ab5b88]
Event: 90.626 Thread 0x00000000168e5000 15906       2       com.android.tools.r8.ir.analysis.type.ReferenceTypeLatticeElement::linkDualLattice (39 bytes)
Event: 90.626 Thread 0x00000000168e5000 nmethod 15906 0x0000000005ab5e50 code [0x0000000005ab5fa0, 0x0000000005ab6110]
Event: 90.632 Thread 0x00000000168e5000 15907       2       com.android.tools.r8.ir.regalloc.LiveIntervals::numberOfUsesWithConstraint (44 bytes)
Event: 90.633 Thread 0x00000000168e5000 nmethod 15907 0x0000000005ab61d0 code [0x0000000005ab6360, 0x0000000005ab6638]
Event: 90.649 Thread 0x00000000168e5000 15908       2       com.android.tools.r8.ir.optimize.CodeRewriter::collapseNonFallthroughSwitchTargets (143 bytes)

GC Heap History (10 events):
Event: 36.025 GC heap before
{Heap before GC invocations=16 (full 3):
 PSYoungGen      total 197632K, used 183296K [0x00000000e0000000, 0x00000000ed400000, 0x0000000100000000)
  eden space 183296K, 100% used [0x00000000e0000000,0x00000000eb300000,0x00000000eb300000)
  from space 14336K, 0% used [0x00000000ec600000,0x00000000ec600000,0x00000000ed400000)
  to   space 16896K, 0% used [0x00000000eb300000,0x00000000eb300000,0x00000000ec380000)
 ParOldGen       total 86528K, used 33747K [0x00000000a0000000, 0x00000000a5480000, 0x00000000e0000000)
  object space 86528K, 39% used [0x00000000a0000000,0x00000000a20f4d90,0x00000000a5480000)
 Metaspace       used 61721K, capacity 63652K, committed 63768K, reserved 1103872K
  class space    used 8331K, capacity 8743K, committed 8752K, reserved 1048576K
Event: 36.075 GC heap after
Heap after GC invocations=16 (full 3):
 PSYoungGen      total 200192K, used 15496K [0x00000000e0000000, 0x00000000f0300000, 0x0000000100000000)
  eden space 183296K, 0% used [0x00000000e0000000,0x00000000e0000000,0x00000000eb300000)
  from space 16896K, 91% used [0x00000000eb300000,0x00000000ec2220c0,0x00000000ec380000)
  to   space 18944K, 0% used [0x00000000ef080000,0x00000000ef080000,0x00000000f0300000)
 ParOldGen       total 86528K, used 33755K [0x00000000a0000000, 0x00000000a5480000, 0x00000000e0000000)
  object space 86528K, 39% used [0x00000000a0000000,0x00000000a20f6d90,0x00000000a5480000)
 Metaspace       used 61721K, capacity 63652K, committed 63768K, reserved 1103872K
  class space    used 8331K, capacity 8743K, committed 8752K, reserved 1048576K
}
Event: 53.402 GC heap before
{Heap before GC invocations=17 (full 3):
 PSYoungGen      total 200192K, used 198792K [0x00000000e0000000, 0x00000000f0300000, 0x0000000100000000)
  eden space 183296K, 100% used [0x00000000e0000000,0x00000000eb300000,0x00000000eb300000)
  from space 16896K, 91% used [0x00000000eb300000,0x00000000ec2220c0,0x00000000ec380000)
  to   space 18944K, 0% used [0x00000000ef080000,0x00000000ef080000,0x00000000f0300000)
 ParOldGen       total 86528K, used 33755K [0x00000000a0000000, 0x00000000a5480000, 0x00000000e0000000)
  object space 86528K, 39% used [0x00000000a0000000,0x00000000a20f6d90,0x00000000a5480000)
 Metaspace       used 68312K, capacity 70376K, committed 70680K, reserved 1110016K
  class space    used 8993K, capacity 9491K, committed 9520K, reserved 1048576K
Event: 53.445 GC heap after
Heap after GC invocations=17 (full 3):
 PSYoungGen      total 241152K, used 18920K [0x00000000e0000000, 0x00000000f0500000, 0x0000000100000000)
  eden space 222208K, 0% used [0x00000000e0000000,0x00000000e0000000,0x00000000ed900000)
  from space 18944K, 99% used [0x00000000ef080000,0x00000000f02fa0b0,0x00000000f0300000)
  to   space 22528K, 0% used [0x00000000ed900000,0x00000000ed900000,0x00000000eef00000)
 ParOldGen       total 86528K, used 36126K [0x00000000a0000000, 0x00000000a5480000, 0x00000000e0000000)
  object space 86528K, 41% used [0x00000000a0000000,0x00000000a2347aa8,0x00000000a5480000)
 Metaspace       used 68312K, capacity 70376K, committed 70680K, reserved 1110016K
  class space    used 8993K, capacity 9491K, committed 9520K, reserved 1048576K
}
Event: 68.715 GC heap before
{Heap before GC invocations=18 (full 3):
 PSYoungGen      total 241152K, used 241128K [0x00000000e0000000, 0x00000000f0500000, 0x0000000100000000)
  eden space 222208K, 100% used [0x00000000e0000000,0x00000000ed900000,0x00000000ed900000)
  from space 18944K, 99% used [0x00000000ef080000,0x00000000f02fa0b0,0x00000000f0300000)
  to   space 22528K, 0% used [0x00000000ed900000,0x00000000ed900000,0x00000000eef00000)
 ParOldGen       total 86528K, used 36126K [0x00000000a0000000, 0x00000000a5480000, 0x00000000e0000000)
  object space 86528K, 41% used [0x00000000a0000000,0x00000000a2347aa8,0x00000000a5480000)
 Metaspace       used 71529K, capacity 73880K, committed 74136K, reserved 1114112K
  class space    used 9329K, capacity 9870K, committed 9904K, reserved 1048576K
Event: 68.772 GC heap after
Heap after GC invocations=18 (full 3):
 PSYoungGen      total 244736K, used 15736K [0x00000000e0000000, 0x00000000f3080000, 0x0000000100000000)
  eden space 222208K, 0% used [0x00000000e0000000,0x00000000e0000000,0x00000000ed900000)
  from space 22528K, 69% used [0x00000000ed900000,0x00000000ee85e390,0x00000000eef00000)
  to   space 23552K, 0% used [0x00000000f1980000,0x00000000f1980000,0x00000000f3080000)
 ParOldGen       total 86528K, used 48713K [0x00000000a0000000, 0x00000000a5480000, 0x00000000e0000000)
  object space 86528K, 56% used [0x00000000a0000000,0x00000000a2f925e8,0x00000000a5480000)
 Metaspace       used 71529K, capacity 73880K, committed 74136K, reserved 1114112K
  class space    used 9329K, capacity 9870K, committed 9904K, reserved 1048576K
}
Event: 85.763 GC heap before
{Heap before GC invocations=19 (full 3):
 PSYoungGen      total 244736K, used 237944K [0x00000000e0000000, 0x00000000f3080000, 0x0000000100000000)
  eden space 222208K, 100% used [0x00000000e0000000,0x00000000ed900000,0x00000000ed900000)
  from space 22528K, 69% used [0x00000000ed900000,0x00000000ee85e390,0x00000000eef00000)
  to   space 23552K, 0% used [0x00000000f1980000,0x00000000f1980000,0x00000000f3080000)
 ParOldGen       total 86528K, used 48713K [0x00000000a0000000, 0x00000000a5480000, 0x00000000e0000000)
  object space 86528K, 56% used [0x00000000a0000000,0x00000000a2f925e8,0x00000000a5480000)
 Metaspace       used 81484K, capacity 84666K, committed 84888K, reserved 1122304K
  class space    used 10526K, capacity 11179K, committed 11184K, reserved 1048576K
Event: 85.801 GC heap after
Heap after GC invocations=19 (full 3):
 PSYoungGen      total 281088K, used 19276K [0x00000000e0000000, 0x00000000f2f00000, 0x0000000100000000)
  eden space 259072K, 0% used [0x00000000e0000000,0x00000000e0000000,0x00000000efd00000)
  from space 22016K, 87% used [0x00000000f1980000,0x00000000f2c531f0,0x00000000f2f00000)
  to   space 25600K, 0% used [0x00000000efd00000,0x00000000efd00000,0x00000000f1600000)
 ParOldGen       total 86528K, used 48721K [0x00000000a0000000, 0x00000000a5480000, 0x00000000e0000000)
  object space 86528K, 56% used [0x00000000a0000000,0x00000000a2f945e8,0x00000000a5480000)
 Metaspace       used 81484K, capacity 84666K, committed 84888K, reserved 1122304K
  class space    used 10526K, capacity 11179K, committed 11184K, reserved 1048576K
}
Event: 89.554 GC heap before
{Heap before GC invocations=20 (full 3):
 PSYoungGen      total 281088K, used 278348K [0x00000000e0000000, 0x00000000f2f00000, 0x0000000100000000)
  eden space 259072K, 100% used [0x00000000e0000000,0x00000000efd00000,0x00000000efd00000)
  from space 22016K, 87% used [0x00000000f1980000,0x00000000f2c531f0,0x00000000f2f00000)
  to   space 25600K, 0% used [0x00000000efd00000,0x00000000efd00000,0x00000000f1600000)
 ParOldGen       total 86528K, used 48721K [0x00000000a0000000, 0x00000000a5480000, 0x00000000e0000000)
  object space 86528K, 56% used [0x00000000a0000000,0x00000000a2f945e8,0x00000000a5480000)
 Metaspace       used 82063K, capacity 85304K, committed 85528K, reserved 1124352K
  class space    used 10568K, capacity 11224K, committed 11312K, reserved 1048576K
Event: 89.584 GC heap after
Heap after GC invocations=20 (full 3):
 PSYoungGen      total 284672K, used 13879K [0x00000000e0000000, 0x00000000f2f00000, 0x0000000100000000)
  eden space 259072K, 0% used [0x00000000e0000000,0x00000000e0000000,0x00000000efd00000)
  from space 25600K, 54% used [0x00000000efd00000,0x00000000f0a8dd58,0x00000000f1600000)
  to   space 22016K, 0% used [0x00000000f1980000,0x00000000f1980000,0x00000000f2f00000)
 ParOldGen       total 86528K, used 48729K [0x00000000a0000000, 0x00000000a5480000, 0x00000000e0000000)
  object space 86528K, 56% used [0x00000000a0000000,0x00000000a2f965e8,0x00000000a5480000)
 Metaspace       used 82063K, capacity 85304K, committed 85528K, reserved 1124352K
  class space    used 10568K, capacity 11224K, committed 11312K, reserved 1048576K
}

Deoptimization events (10 events):
Event: 88.547 Thread 0x000000001e17b800 Uncommon trap: reason=unstable_if action=reinterpret pc=0x00000000038d82b8 method=java.util.HashMap.putVal(ILjava/lang/Object;Ljava/lang/Object;ZZ)Ljava/lang/Object; @ 162
Event: 88.547 Thread 0x000000001e17b800 Uncommon trap: reason=unstable_if action=reinterpret pc=0x00000000039bd290 method=java.util.HashMap.getNode(ILjava/lang/Object;)Ljava/util/HashMap$Node; @ 84
Event: 88.547 Thread 0x000000001e17b800 Uncommon trap: reason=unstable_if action=reinterpret pc=0x00000000041696dc method=java.util.HashMap.putVal(ILjava/lang/Object;Ljava/lang/Object;ZZ)Ljava/lang/Object; @ 109
Event: 88.548 Thread 0x000000001e17b800 Uncommon trap: reason=unstable_if action=reinterpret pc=0x00000000030d12ac method=java.util.HashMap.getNode(ILjava/lang/Object;)Ljava/util/HashMap$Node; @ 84
Event: 88.623 Thread 0x000000001e17b000 Uncommon trap: reason=unstable_if action=reinterpret pc=0x00000000053e0bf4 method=com.android.tools.r8.org.objectweb.asm.ClassReader.readUTF(II[C)Ljava/lang/String; @ 41
Event: 88.624 Thread 0x000000001e17b000 Uncommon trap: reason=unstable_if action=reinterpret pc=0x00000000051c2ac4 method=com.android.tools.r8.org.objectweb.asm.ClassReader.readUTF(II[C)Ljava/lang/String; @ 41
Event: 88.651 Thread 0x000000001e17b000 Uncommon trap: reason=unstable_if action=reinterpret pc=0x00000000051b6ad0 method=com.android.tools.r8.graph.DexString.countBytes(Ljava/lang/String;)I @ 25
Event: 88.651 Thread 0x000000001e17b000 Uncommon trap: reason=unstable_if action=reinterpret pc=0x00000000051aeeec method=com.android.tools.r8.graph.DexString.countBytes(Ljava/lang/String;)I @ 25
Event: 88.652 Thread 0x000000001e17b000 Uncommon trap: reason=unstable_if action=reinterpret pc=0x000000000526ba38 method=com.android.tools.r8.graph.DexString.decode()Ljava/lang/String; @ 53
Event: 90.402 Thread 0x000000001e179800 Uncommon trap: reason=unstable_if action=reinterpret pc=0x000000000565c174 method=com.android.tools.r8.graph.DexString.decode()Ljava/lang/String; @ 53

Classes redefined (0 events):
No events

Internal exceptions (10 events):
Event: 90.221 Thread 0x000000001e17b000 Exception <a 'sun/nio/fs/WindowsException'> (0x00000000e3577be8) thrown at [D:\src\AOSP-openjdk-cygwin\jdk8u\hotspot\src\share\vm\prims\jni.cpp, line 709]
Event: 90.221 Thread 0x000000001e17b000 Exception <a 'sun/nio/fs/WindowsException'> (0x00000000e35783f8) thrown at [D:\src\AOSP-openjdk-cygwin\jdk8u\hotspot\src\share\vm\prims\jni.cpp, line 709]
Event: 90.222 Thread 0x000000001e17b000 Exception <a 'sun/nio/fs/WindowsException'> (0x00000000e3578ca8) thrown at [D:\src\AOSP-openjdk-cygwin\jdk8u\hotspot\src\share\vm\prims\jni.cpp, line 709]
Event: 90.222 Thread 0x000000001e17b000 Exception <a 'sun/nio/fs/WindowsException'> (0x00000000e3579490) thrown at [D:\src\AOSP-openjdk-cygwin\jdk8u\hotspot\src\share\vm\prims\jni.cpp, line 709]
Event: 90.222 Thread 0x000000001e17b000 Exception <a 'sun/nio/fs/WindowsException'> (0x00000000e3579d20) thrown at [D:\src\AOSP-openjdk-cygwin\jdk8u\hotspot\src\share\vm\prims\jni.cpp, line 709]
Event: 90.222 Thread 0x000000001e17b000 Exception <a 'sun/nio/fs/WindowsException'> (0x00000000e357a4b8) thrown at [D:\src\AOSP-openjdk-cygwin\jdk8u\hotspot\src\share\vm\prims\jni.cpp, line 709]
Event: 90.222 Thread 0x000000001e17b000 Exception <a 'sun/nio/fs/WindowsException'> (0x00000000e357ad28) thrown at [D:\src\AOSP-openjdk-cygwin\jdk8u\hotspot\src\share\vm\prims\jni.cpp, line 709]
Event: 90.301 Thread 0x000000001e179800 Exception <a 'sun/nio/fs/WindowsException'> (0x00000000e41c65a0) thrown at [D:\src\AOSP-openjdk-cygwin\jdk8u\hotspot\src\share\vm\prims\jni.cpp, line 709]
Event: 90.343 Thread 0x000000001e17b000 Exception <a 'sun/nio/fs/WindowsException'> (0x00000000e35c25c8) thrown at [D:\src\AOSP-openjdk-cygwin\jdk8u\hotspot\src\share\vm\prims\jni.cpp, line 709]
Event: 90.442 Thread 0x000000001e17b000 Exception <a 'sun/nio/fs/WindowsException'> (0x00000000e361c9a0) thrown at [D:\src\AOSP-openjdk-cygwin\jdk8u\hotspot\src\share\vm\prims\jni.cpp, line 709]

Events (10 events):
Event: 90.635 Thread 0x000000001e17b800 DEOPT PACKING pc=0x00000000056c0fc1 sp=0x000000001b06d870
Event: 90.635 Thread 0x000000001e17b800 DEOPT UNPACKING pc=0x0000000002f775d0 sp=0x000000001b06d598 mode 0
Event: 90.635 Thread 0x000000001e17b800 DEOPT PACKING pc=0x00000000056c0fc1 sp=0x000000001b06d870
Event: 90.635 Thread 0x000000001e17b800 DEOPT UNPACKING pc=0x0000000002f775d0 sp=0x000000001b06d598 mode 0
Event: 90.635 Thread 0x000000001e17b800 DEOPT PACKING pc=0x00000000056c0fc1 sp=0x000000001b06d960
Event: 90.635 Thread 0x000000001e17b800 DEOPT UNPACKING pc=0x0000000002f775d0 sp=0x000000001b06d688 mode 0
Event: 90.636 Thread 0x000000001e17b800 DEOPT PACKING pc=0x00000000056c0fc1 sp=0x000000001b06d870
Event: 90.636 Thread 0x000000001e17b800 DEOPT UNPACKING pc=0x0000000002f775d0 sp=0x000000001b06d598 mode 0
Event: 90.636 Thread 0x000000001e17b800 DEOPT PACKING pc=0x00000000056c0fc1 sp=0x000000001b06d960
Event: 90.636 Thread 0x000000001e17b800 DEOPT UNPACKING pc=0x0000000002f775d0 sp=0x000000001b06d688 mode 0


Dynamic libraries:
0x00007ff7fb6f0000 - 0x00007ff7fb721000 	C:\Program Files\Android\Android Studio1\jre\bin\java.exe
0x00007ffdbe5a0000 - 0x00007ffdbe790000 	C:\WINDOWS\SYSTEM32\ntdll.dll
0x00007ffdb9360000 - 0x00007ffdb9374000 	C:\Program Files\AVG\Antivirus\aswhook.dll
0x00007ffdbe0e0000 - 0x00007ffdbe192000 	C:\WINDOWS\System32\KERNEL32.DLL
0x00007ffdbbfd0000 - 0x00007ffdbc273000 	C:\WINDOWS\System32\KERNELBASE.dll
0x00007ffdbd020000 - 0x00007ffdbd0c3000 	C:\WINDOWS\System32\ADVAPI32.dll
0x00007ffdbcf80000 - 0x00007ffdbd01e000 	C:\WINDOWS\System32\msvcrt.dll
0x00007ffdbcca0000 - 0x00007ffdbcd37000 	C:\WINDOWS\System32\sechost.dll
0x00007ffdbc9f0000 - 0x00007ffdbcb10000 	C:\WINDOWS\System32\RPCRT4.dll
0x00007ffdbe380000 - 0x00007ffdbe514000 	C:\WINDOWS\System32\USER32.dll
0x00007ffdbc280000 - 0x00007ffdbc2a1000 	C:\WINDOWS\System32\win32u.dll
0x00007ffdbcd40000 - 0x00007ffdbcd66000 	C:\WINDOWS\System32\GDI32.dll
0x00007ffdbc400000 - 0x00007ffdbc594000 	C:\WINDOWS\System32\gdi32full.dll
0x00007ffdbc310000 - 0x00007ffdbc3ae000 	C:\WINDOWS\System32\msvcp_win.dll
0x00007ffdbb6d0000 - 0x00007ffdbb7ca000 	C:\WINDOWS\System32\ucrtbase.dll
0x00007ffdaf5b0000 - 0x00007ffdaf835000 	C:\WINDOWS\WinSxS\amd64_microsoft.windows.common-controls_6595b64144ccf1df_6.0.18362.418_none_e6c6b287130d565d\COMCTL32.dll
0x00007ffdbc6b0000 - 0x00007ffdbc9e6000 	C:\WINDOWS\System32\combase.dll
0x00007ffdbbf50000 - 0x00007ffdbbfd0000 	C:\WINDOWS\System32\bcryptPrimitives.dll
0x00007ffdbe530000 - 0x00007ffdbe55e000 	C:\WINDOWS\System32\IMM32.DLL
0x0000000075fe0000 - 0x00000000760b2000 	C:\Program Files\Android\Android Studio1\jre\jre\bin\msvcr100.dll
0x00000000761a0000 - 0x00000000769e1000 	C:\Program Files\Android\Android Studio1\jre\jre\bin\server\jvm.dll
0x00007ffdbe520000 - 0x00007ffdbe528000 	C:\WINDOWS\System32\PSAPI.DLL
0x00007ffdb0b30000 - 0x00007ffdb0b39000 	C:\WINDOWS\SYSTEM32\WSOCK32.dll
0x00007ffdbcc30000 - 0x00007ffdbcc9f000 	C:\WINDOWS\System32\WS2_32.dll
0x00007ffdb92e0000 - 0x00007ffdb9304000 	C:\WINDOWS\SYSTEM32\WINMM.dll
0x00007ffdb6fc0000 - 0x00007ffdb6fca000 	C:\WINDOWS\SYSTEM32\VERSION.dll
0x00007ffdb8f40000 - 0x00007ffdb8f6d000 	C:\WINDOWS\SYSTEM32\WINMMBASE.dll
0x00007ffdbc3b0000 - 0x00007ffdbc3fa000 	C:\WINDOWS\System32\cfgmgr32.dll
0x00007ffd93c20000 - 0x00007ffd93c2f000 	C:\Program Files\Android\Android Studio1\jre\jre\bin\verify.dll
0x00007ffd90760000 - 0x00007ffd90789000 	C:\Program Files\Android\Android Studio1\jre\jre\bin\java.dll
0x00007ffd91010000 - 0x00007ffd91026000 	C:\Program Files\Android\Android Studio1\jre\jre\bin\zip.dll
0x00007ffdbd7c0000 - 0x00007ffdbdea5000 	C:\WINDOWS\System32\SHELL32.dll
0x00007ffdbcd70000 - 0x00007ffdbce19000 	C:\WINDOWS\System32\shcore.dll
0x00007ffdbb7d0000 - 0x00007ffdbbf4f000 	C:\WINDOWS\System32\windows.storage.dll
0x00007ffdbb4c0000 - 0x00007ffdbb4df000 	C:\WINDOWS\System32\profapi.dll
0x00007ffdbb4e0000 - 0x00007ffdbb52a000 	C:\WINDOWS\System32\powrprof.dll
0x00007ffdbb470000 - 0x00007ffdbb480000 	C:\WINDOWS\System32\UMPDC.dll
0x00007ffdbdf30000 - 0x00007ffdbdf82000 	C:\WINDOWS\System32\shlwapi.dll
0x00007ffdbb4a0000 - 0x00007ffdbb4b1000 	C:\WINDOWS\System32\kernel.appcore.dll
0x00007ffdbb6b0000 - 0x00007ffdbb6c7000 	C:\WINDOWS\System32\cryptsp.dll
0x00007ffd90740000 - 0x00007ffd9075a000 	C:\Program Files\Android\Android Studio1\jre\jre\bin\net.dll
0x00007ffdbac80000 - 0x00007ffdbace7000 	C:\WINDOWS\system32\mswsock.dll
0x00007ffd90720000 - 0x00007ffd90731000 	C:\Program Files\Android\Android Studio1\jre\jre\bin\nio.dll
0x00007ffd93c30000 - 0x00007ffd93c4e000 	C:\Users\Diackson Marques\.gradle\native\25\windows-amd64\native-platform.dll
0x00007ffd93c00000 - 0x00007ffd93c0d000 	C:\Program Files\Android\Android Studio1\jre\jre\bin\management.dll
0x00007ffdba7f0000 - 0x00007ffdba823000 	C:\WINDOWS\system32\rsaenh.dll
0x00007ffdbb530000 - 0x00007ffdbb556000 	C:\WINDOWS\System32\bcrypt.dll
0x00007ffdbb360000 - 0x00007ffdbb385000 	C:\WINDOWS\SYSTEM32\USERENV.dll
0x00007ffdbae50000 - 0x00007ffdbae5c000 	C:\WINDOWS\SYSTEM32\CRYPTBASE.dll
0x00007ffdba990000 - 0x00007ffdba9ca000 	C:\WINDOWS\SYSTEM32\IPHLPAPI.DLL
0x00007ffdbe370000 - 0x00007ffdbe378000 	C:\WINDOWS\System32\NSI.dll
0x00007ffdb3910000 - 0x00007ffdb3926000 	C:\WINDOWS\SYSTEM32\dhcpcsvc6.DLL
0x00007ffdb39b0000 - 0x00007ffdb39cc000 	C:\WINDOWS\SYSTEM32\dhcpcsvc.DLL
0x00007ffdba9d0000 - 0x00007ffdbaa9a000 	C:\WINDOWS\SYSTEM32\DNSAPI.dll
0x00007ffdba4b0000 - 0x00007ffdba4e1000 	C:\WINDOWS\SYSTEM32\ntmarta.dll

VM Arguments:
jvm_args: -Xmx1536m -Dfile.encoding=windows-1252 -Duser.country=BR -Duser.language=pt -Duser.variant 
java_command: org.gradle.launcher.daemon.bootstrap.GradleDaemon 5.1.1
java_class_path (initial): C:\Users\Diackson Marques\.gradle\wrapper\dists\gradle-5.1.1-all\97z1ksx6lirer3kbvdnh7jtjg\gradle-5.1.1\lib\gradle-launcher-5.1.1.jar
Launcher Type: SUN_STANDARD

Environment Variables:
PATH=C:\Program Files (x86)\Common Files\Oracle\Java\javapath;C:\ProgramData\Oracle\Java\javapath;C:\Program Files (x86)\Intel\iCLS Client\;C:\Program Files\Intel\iCLS Client\;C:\WINDOWS\system32;C:\WINDOWS;C:\WINDOWS\System32\Wbem;C:\WINDOWS\System32\WindowsPowerShell\v1.0\;C:\Program Files (x86)\Intel\Intel(R) Management Engine Components\DAL;C:\Program Files\Intel\Intel(R) Management Engine Components\DAL;C:\Program Files (x86)\Intel\Intel(R) Management Engine Components\IPT;C:\Program Files\Intel\Intel(R) Management Engine Components\IPT;C:\WINDOWS\System32\OpenSSH\;C:\Program Files\Git\cmd;C:\Users\Diackson Marques\AppData\Local\Microsoft\WindowsApps;C:\Users\Diackson Marques\AppData\Local\Programs\MiKTeX 2.9\miktex\bin\x64\;
USERNAME=Diackson Marques
OS=Windows_NT
PROCESSOR_IDENTIFIER=Intel64 Family 6 Model 142 Stepping 9, GenuineIntel



---------------  S Y S T E M  ---------------

OS: Windows 10.0 , 64 bit Build 18362 (10.0.18362.329)

CPU:total 4 (initial active 4) (2 cores per cpu, 2 threads per core) family 6 model 142 stepping 9, cmov, cx8, fxsr, mmx, sse, sse2, sse3, ssse3, sse4.1, sse4.2, popcnt, avx, avx2, aes, clmul, erms, 3dnowpref, lzcnt, ht, tsc, tscinvbit, bmi1, bmi2, adx

Memory: 4k page, physical 4066916k(300452k free), swap 4271716k(5576k free)

vm_info: OpenJDK 64-Bit Server VM (25.152-b01) for windows-amd64 JRE (1.8.0_152-release-1343-b01), built by "builder" with MS VC++ 10.0 (VS2010)

time: Wed Oct 23 23:16:31 2019
elapsed time: 90 seconds (0d 0h 1m 30s)

