#
# There is insufficient memory for the Java Runtime Environment to continue.
# Native memory allocation (malloc) failed to allocate 1080816 bytes for Chunk::new
# Possible reasons:
#   The system is out of physical RAM or swap space
#   In 32 bit mode, the process size limit was hit
# Possible solutions:
#   Reduce memory load on the system
#   Increase physical memory or swap space
#   Check if swap backing store is full
#   Use 64 bit Java on a 64 bit OS
#   Decrease Java heap size (-Xmx/-Xms)
#   Decrease number of Java threads
#   Decrease Java thread stack sizes (-Xss)
#   Set larger code cache with -XX:ReservedCodeCacheSize=
# This output file may be truncated or incomplete.
#
#  Out of Memory Error (allocation.cpp:390), pid=1992, tid=0x0000000000001e8c
#
# JRE version: OpenJDK Runtime Environment (8.0_152-b01) (build 1.8.0_152-release-1343-b01)
# Java VM: OpenJDK 64-Bit Server VM (25.152-b01 mixed mode windows-amd64 compressed oops)
# Failed to write core dump. Minidumps are not enabled by default on client versions of Windows
#

---------------  T H R E A D  ---------------

Current thread (0x00000000160ee800):  JavaThread "C2 CompilerThread0" daemon [_thread_in_native, id=7820, stack(0x0000000017760000,0x0000000017860000)]

Stack: [0x0000000017760000,0x0000000017860000]
[error occurred during error reporting (printing stack bounds), id 0xc0000005]

Native frames: (J=compiled Java code, j=interpreted, Vv=VM code, C=native code)


Current CompileTask:
C2:  14531 7878       4       com.sun.tools.javac.parser.JavacParser::term3 (2502 bytes)


---------------  P R O C E S S  ---------------

Java Threads: ( => current thread )
  0x000000001af66800 JavaThread "Cache worker for Java compile cache (C:\Users\Diackson Marques\Desktop\BelezaOnline_2\.gradle\5.1.1\javaCompile)" [_thread_blocked, id=5172, stack(0x0000000023770000,0x0000000023870000)]
  0x000000001af63800 JavaThread "Cache worker for Java compile cache (C:\Users\Diackson Marques\.gradle\caches\5.1.1\javaCompile)" [_thread_blocked, id=3696, stack(0x0000000023670000,0x0000000023770000)]
  0x000000001af62000 JavaThread "Cache worker for execution history cache (C:\Users\Diackson Marques\Desktop\BelezaOnline_2\.gradle\5.1.1\executionHistory)" [_thread_blocked, id=5576, stack(0x0000000023370000,0x0000000023470000)]
  0x000000001af5a800 JavaThread "Execution worker for ':' Thread 3" [_thread_blocked, id=10424, stack(0x0000000023270000,0x0000000023370000)]
  0x000000001af61000 JavaThread "Execution worker for ':' Thread 2" [_thread_blocked, id=7660, stack(0x0000000023170000,0x0000000023270000)]
  0x000000001af5f000 JavaThread "Execution worker for ':'" [_thread_in_Java, id=11972, stack(0x0000000023070000,0x0000000023170000)]
  0x000000001af5e000 JavaThread "Cache worker for file content cache (C:\Users\Diackson Marques\Desktop\BelezaOnline_2\.gradle\5.1.1\fileContent)" [_thread_blocked, id=10516, stack(0x0000000022f70000,0x0000000023070000)]
  0x000000001af59800 JavaThread "Cache worker for file content cache (C:\Users\Diackson Marques\.gradle\caches\5.1.1\fileContent)" [_thread_blocked, id=9444, stack(0x0000000022e70000,0x0000000022f70000)]
  0x000000001af60800 JavaThread "Memory manager" [_thread_blocked, id=7408, stack(0x0000000022b70000,0x0000000022c70000)]
  0x000000001af58000 JavaThread "Cache worker for Build Output Cleanup Cache (C:\Users\Diackson Marques\Desktop\BelezaOnline_2\.gradle\buildOutputCleanup)" [_thread_blocked, id=5016, stack(0x0000000021260000,0x0000000021360000)]
  0x000000001af59000 JavaThread "Build operations Thread 4" [_thread_blocked, id=9512, stack(0x0000000021670000,0x0000000021770000)]
  0x000000001af5c000 JavaThread "Build operations Thread 3" [_thread_blocked, id=5432, stack(0x0000000021570000,0x0000000021670000)]
  0x000000001af5d800 JavaThread "Build operations Thread 2" [_thread_blocked, id=11948, stack(0x0000000021470000,0x0000000021570000)]
  0x0000000019511000 JavaThread "Build operations" [_thread_blocked, id=236, stack(0x0000000021370000,0x0000000021470000)]
  0x0000000019516800 JavaThread "Cache worker for execution history cache (C:\Users\Diackson Marques\.gradle\caches\5.1.1\executionHistory)" [_thread_blocked, id=5688, stack(0x000000001f960000,0x000000001fa60000)]
  0x0000000019515800 JavaThread "Cache worker for cache directory md-rule (C:\Users\Diackson Marques\.gradle\caches\5.1.1\md-rule)" [_thread_blocked, id=11088, stack(0x000000001f860000,0x000000001f960000)]
  0x0000000019514000 JavaThread "Cache worker for cache directory md-supplier (C:\Users\Diackson Marques\.gradle\caches\5.1.1\md-supplier)" [_thread_blocked, id=9544, stack(0x000000001f760000,0x000000001f860000)]
  0x0000000019512000 JavaThread "Cache worker for file hash cache (C:\Users\Diackson Marques\Desktop\BelezaOnline_2\.gradle\5.1.1\fileHashes)" [_thread_blocked, id=10064, stack(0x000000001ce70000,0x000000001cf70000)]
  0x000000001950f800 JavaThread "Cache worker for journal cache (C:\Users\Diackson Marques\.gradle\caches\journal-1)" [_thread_blocked, id=7136, stack(0x000000001abd0000,0x000000001acd0000)]
  0x00000000193f4800 JavaThread "File lock request listener" [_thread_in_native, id=6204, stack(0x000000001aad0000,0x000000001abd0000)]
  0x00000000193f0000 JavaThread "Cache worker for file hash cache (C:\Users\Diackson Marques\.gradle\caches\5.1.1\fileHashes)" [_thread_blocked, id=7076, stack(0x000000001a9d0000,0x000000001aad0000)]
  0x0000000018774800 JavaThread "Thread-8" [_thread_blocked, id=12068, stack(0x000000001a8d0000,0x000000001a9d0000)]
  0x0000000018774000 JavaThread "Stdin handler" [_thread_blocked, id=1924, stack(0x000000001a7d0000,0x000000001a8d0000)]
  0x0000000019192000 JavaThread "Asynchronous log dispatcher for DefaultDaemonConnection: socket connection from /127.0.0.1:55841 to /127.0.0.1:55842" [_thread_blocked, id=5092, stack(0x000000001a6d0000,0x000000001a7d0000)]
  0x00000000191e2800 JavaThread "Daemon worker" [_thread_blocked, id=10808, stack(0x000000001a5d0000,0x000000001a6d0000)]
  0x0000000018781000 JavaThread "Cancel handler" [_thread_blocked, id=6276, stack(0x000000001a4d0000,0x000000001a5d0000)]
  0x000000001876a800 JavaThread "Handler for socket connection from /127.0.0.1:55841 to /127.0.0.1:55842" [_thread_in_native, id=10332, stack(0x000000001a1d0000,0x000000001a2d0000)]
  0x00000000194e1800 JavaThread "Daemon" [_thread_blocked, id=4168, stack(0x000000001a0d0000,0x000000001a1d0000)]
  0x00000000190be000 JavaThread "Daemon periodic checks" [_thread_blocked, id=11488, stack(0x0000000019fd0000,0x000000001a0d0000)]
  0x0000000018e33000 JavaThread "Incoming local TCP Connector on port 55841" [_thread_in_native, id=8496, stack(0x0000000019d70000,0x0000000019e70000)]
  0x0000000017a88800 JavaThread "Service Thread" daemon [_thread_blocked, id=2192, stack(0x0000000017e60000,0x0000000017f60000)]
  0x00000000160f9800 JavaThread "C1 CompilerThread2" daemon [_thread_in_vm, id=3468, stack(0x0000000017960000,0x0000000017a60000)]
  0x00000000160f4800 JavaThread "C2 CompilerThread1" daemon [_thread_in_native, id=12096, stack(0x0000000017860000,0x0000000017960000)]
=>0x00000000160ee800 JavaThread "C2 CompilerThread0" daemon [_thread_in_native, id=7820, stack(0x0000000017760000,0x0000000017860000)]
  0x00000000160ed000 JavaThread "Attach Listener" daemon [_thread_blocked, id=6180, stack(0x0000000017660000,0x0000000017760000)]
  0x00000000160ec000 JavaThread "Signal Dispatcher" daemon [_thread_blocked, id=9344, stack(0x0000000017560000,0x0000000017660000)]
  0x000000000277c800 JavaThread "Finalizer" daemon [_thread_blocked, id=6936, stack(0x0000000017350000,0x0000000017450000)]
  0x0000000002773000 JavaThread "Reference Handler" daemon [_thread_blocked, id=2336, stack(0x0000000017250000,0x0000000017350000)]
  0x0000000000b6e800 JavaThread "main" [_thread_blocked, id=2844, stack(0x0000000002580000,0x0000000002680000)]

Other Threads:
  0x00000000160b6000 VMThread [stack: 0x0000000017150000,0x0000000017250000] [id=3752]
  0x000000001614d800 WatcherThread [stack: 0x0000000017f60000,0x0000000018060000] [id=11020]

VM state:not at safepoint (normal execution)

VM Mutex/Monitor currently owned by a thread: None

Heap:
 PSYoungGen      total 210432K, used 86406K [0x00000000e0000000, 0x00000000f0f00000, 0x0000000100000000)
  eden space 194048K, 36% used [0x00000000e0000000,0x00000000e4473538,0x00000000ebd80000)
  from space 16384K, 99% used [0x00000000ebd80000,0x00000000ecd6e3d8,0x00000000ecd80000)
  to   space 18944K, 0% used [0x00000000efc80000,0x00000000efc80000,0x00000000f0f00000)
 ParOldGen       total 83456K, used 33778K [0x00000000a0000000, 0x00000000a5180000, 0x00000000e0000000)
  object space 83456K, 40% used [0x00000000a0000000,0x00000000a20fca50,0x00000000a5180000)
 Metaspace       used 65998K, capacity 67942K, committed 68248K, reserved 1107968K
  class space    used 8834K, capacity 9268K, committed 9392K, reserved 1048576K

Card table byte_map: [0x0000000011b40000,0x0000000011e50000] byte_map_base: 0x0000000011640000

Marking Bits: (ParMarkBitMap*) 0x00000000774e5aa0
 Begin Bits: [0x0000000012450000, 0x0000000013c50000)
 End Bits:   [0x0000000013c50000, 0x0000000015450000)

Polling page: 0x0000000000b70000

CodeCache: size=245760Kb used=23164Kb max_used=23164Kb free=222595Kb
 bounds [0x0000000002780000, 0x0000000003e40000, 0x0000000011780000]
 total_blobs=8185 nmethods=7370 adapters=728
 compilation: enabled

Compilation events (10 events):
Event: 14.512 Thread 0x00000000160f9800 nmethod 8159 0x0000000003e23950 code [0x0000000003e23ac0, 0x0000000003e23c48]
Event: 14.513 Thread 0x00000000160f9800 8160       2       com.sun.tools.javac.code.Symbol$PackageSymbol::flags (16 bytes)
Event: 14.513 Thread 0x00000000160f9800 nmethod 8160 0x0000000003e23d10 code [0x0000000003e23e80, 0x0000000003e24048]
Event: 14.513 Thread 0x00000000160f9800 8161       2       com.sun.tools.javac.comp.Check$1::inferenceContext (11 bytes)
Event: 14.513 Thread 0x00000000160f9800 nmethod 8161 0x0000000003e24110 code [0x0000000003e24260, 0x0000000003e243b0]
Event: 14.513 Thread 0x00000000160f9800 8162       2       com.sun.tools.javac.comp.Infer$InferenceContext::free (9 bytes)
Event: 14.513 Thread 0x00000000160f9800 nmethod 8162 0x0000000003e24490 code [0x0000000003e24600, 0x0000000003e24788]
Event: 14.513 Thread 0x00000000160f9800 8164       2       com.sun.tools.javac.jvm.ClassReader::readClassOrType (120 bytes)
Event: 14.514 Thread 0x00000000160f9800 nmethod 8164 0x0000000003e24850 code [0x0000000003e24a20, 0x0000000003e24ef8]
Event: 14.514 Thread 0x00000000160f9800 8163       2       com.sun.tools.javac.jvm.ClassReader::adjustClassFlags (6 bytes)

GC Heap History (10 events):
Event: 6.791 GC heap before
{Heap before GC invocations=12 (full 2):
 PSYoungGen      total 158720K, used 5309K [0x00000000e0000000, 0x00000000ecc80000, 0x0000000100000000)
  eden space 145920K, 0% used [0x00000000e0000000,0x00000000e0000000,0x00000000e8e80000)
  from space 12800K, 41% used [0x00000000e9a80000,0x00000000e9faf758,0x00000000ea700000)
  to   space 12288K, 0% used [0x00000000e8e80000,0x00000000e8e80000,0x00000000e9a80000)
 ParOldGen       total 37376K, used 16300K [0x00000000a0000000, 0x00000000a2480000, 0x00000000e0000000)
  object space 37376K, 43% used [0x00000000a0000000,0x00000000a0feb248,0x00000000a2480000)
 Metaspace       used 34745K, capacity 35456K, committed 35496K, reserved 1079296K
  class space    used 4793K, capacity 5001K, committed 5040K, reserved 1048576K
Event: 6.882 GC heap after
Heap after GC invocations=12 (full 2):
 PSYoungGen      total 158720K, used 0K [0x00000000e0000000, 0x00000000ecc80000, 0x0000000100000000)
  eden space 145920K, 0% used [0x00000000e0000000,0x00000000e0000000,0x00000000e8e80000)
  from space 12800K, 0% used [0x00000000e9a80000,0x00000000e9a80000,0x00000000ea700000)
  to   space 12288K, 0% used [0x00000000e8e80000,0x00000000e8e80000,0x00000000e9a80000)
 ParOldGen       total 51200K, used 15532K [0x00000000a0000000, 0x00000000a3200000, 0x00000000e0000000)
  object space 51200K, 30% used [0x00000000a0000000,0x00000000a0f2b080,0x00000000a3200000)
 Metaspace       used 34736K, capacity 35426K, committed 35496K, reserved 1079296K
  class space    used 4790K, capacity 4996K, committed 5040K, reserved 1048576K
}
Event: 8.985 GC heap before
{Heap before GC invocations=13 (full 2):
 PSYoungGen      total 158720K, used 145920K [0x00000000e0000000, 0x00000000ecc80000, 0x0000000100000000)
  eden space 145920K, 100% used [0x00000000e0000000,0x00000000e8e80000,0x00000000e8e80000)
  from space 12800K, 0% used [0x00000000e9a80000,0x00000000e9a80000,0x00000000ea700000)
  to   space 12288K, 0% used [0x00000000e8e80000,0x00000000e8e80000,0x00000000e9a80000)
 ParOldGen       total 51200K, used 15532K [0x00000000a0000000, 0x00000000a3200000, 0x00000000e0000000)
  object space 51200K, 30% used [0x00000000a0000000,0x00000000a0f2b080,0x00000000a3200000)
 Metaspace       used 50021K, capacity 51070K, committed 51368K, reserved 1093632K
  class space    used 6728K, capacity 7010K, committed 7088K, reserved 1048576K
Event: 9.016 GC heap after
Heap after GC invocations=13 (full 2):
 PSYoungGen      total 158208K, used 12263K [0x00000000e0000000, 0x00000000ee000000, 0x0000000100000000)
  eden space 145920K, 0% used [0x00000000e0000000,0x00000000e0000000,0x00000000e8e80000)
  from space 12288K, 99% used [0x00000000e8e80000,0x00000000e9a79fe8,0x00000000e9a80000)
  to   space 15872K, 0% used [0x00000000ed080000,0x00000000ed080000,0x00000000ee000000)
 ParOldGen       total 51200K, used 20996K [0x00000000a0000000, 0x00000000a3200000, 0x00000000e0000000)
  object space 51200K, 41% used [0x00000000a0000000,0x00000000a14813d8,0x00000000a3200000)
 Metaspace       used 50021K, capacity 51070K, committed 51368K, reserved 1093632K
  class space    used 6728K, capacity 7010K, committed 7088K, reserved 1048576K
}
Event: 10.414 GC heap before
{Heap before GC invocations=14 (full 2):
 PSYoungGen      total 158208K, used 128047K [0x00000000e0000000, 0x00000000ee000000, 0x0000000100000000)
  eden space 145920K, 79% used [0x00000000e0000000,0x00000000e7111e20,0x00000000e8e80000)
  from space 12288K, 99% used [0x00000000e8e80000,0x00000000e9a79fe8,0x00000000e9a80000)
  to   space 15872K, 0% used [0x00000000ed080000,0x00000000ed080000,0x00000000ee000000)
 ParOldGen       total 51200K, used 20996K [0x00000000a0000000, 0x00000000a3200000, 0x00000000e0000000)
  object space 51200K, 41% used [0x00000000a0000000,0x00000000a14813d8,0x00000000a3200000)
 Metaspace       used 57503K, capacity 59020K, committed 59160K, reserved 1099776K
  class space    used 7756K, capacity 8125K, committed 8240K, reserved 1048576K
Event: 10.432 GC heap after
Heap after GC invocations=14 (full 2):
 PSYoungGen      total 207360K, used 11474K [0x00000000e0000000, 0x00000000edd80000, 0x0000000100000000)
  eden space 194048K, 0% used [0x00000000e0000000,0x00000000e0000000,0x00000000ebd80000)
  from space 13312K, 86% used [0x00000000ed080000,0x00000000edbb4840,0x00000000edd80000)
  to   space 16384K, 0% used [0x00000000ebd80000,0x00000000ebd80000,0x00000000ecd80000)
 ParOldGen       total 51200K, used 29448K [0x00000000a0000000, 0x00000000a3200000, 0x00000000e0000000)
  object space 51200K, 57% used [0x00000000a0000000,0x00000000a1cc21b8,0x00000000a3200000)
 Metaspace       used 57503K, capacity 59020K, committed 59160K, reserved 1099776K
  class space    used 7756K, capacity 8125K, committed 8240K, reserved 1048576K
}
Event: 10.433 GC heap before
{Heap before GC invocations=15 (full 3):
 PSYoungGen      total 207360K, used 11474K [0x00000000e0000000, 0x00000000edd80000, 0x0000000100000000)
  eden space 194048K, 0% used [0x00000000e0000000,0x00000000e0000000,0x00000000ebd80000)
  from space 13312K, 86% used [0x00000000ed080000,0x00000000edbb4840,0x00000000edd80000)
  to   space 16384K, 0% used [0x00000000ebd80000,0x00000000ebd80000,0x00000000ecd80000)
 ParOldGen       total 51200K, used 29448K [0x00000000a0000000, 0x00000000a3200000, 0x00000000e0000000)
  object space 51200K, 57% used [0x00000000a0000000,0x00000000a1cc21b8,0x00000000a3200000)
 Metaspace       used 57503K, capacity 59020K, committed 59160K, reserved 1099776K
  class space    used 7756K, capacity 8125K, committed 8240K, reserved 1048576K
Event: 10.669 GC heap after
Heap after GC invocations=15 (full 3):
 PSYoungGen      total 207360K, used 0K [0x00000000e0000000, 0x00000000edd80000, 0x0000000100000000)
  eden space 194048K, 0% used [0x00000000e0000000,0x00000000e0000000,0x00000000ebd80000)
  from space 13312K, 0% used [0x00000000ed080000,0x00000000ed080000,0x00000000edd80000)
  to   space 16384K, 0% used [0x00000000ebd80000,0x00000000ebd80000,0x00000000ecd80000)
 ParOldGen       total 83456K, used 33770K [0x00000000a0000000, 0x00000000a5180000, 0x00000000e0000000)
  object space 83456K, 40% used [0x00000000a0000000,0x00000000a20faa50,0x00000000a5180000)
 Metaspace       used 57503K, capacity 59020K, committed 59160K, reserved 1099776K
  class space    used 7756K, capacity 8125K, committed 8240K, reserved 1048576K
}
Event: 13.680 GC heap before
{Heap before GC invocations=16 (full 3):
 PSYoungGen      total 207360K, used 194048K [0x00000000e0000000, 0x00000000edd80000, 0x0000000100000000)
  eden space 194048K, 100% used [0x00000000e0000000,0x00000000ebd80000,0x00000000ebd80000)
  from space 13312K, 0% used [0x00000000ed080000,0x00000000ed080000,0x00000000edd80000)
  to   space 16384K, 0% used [0x00000000ebd80000,0x00000000ebd80000,0x00000000ecd80000)
 ParOldGen       total 83456K, used 33770K [0x00000000a0000000, 0x00000000a5180000, 0x00000000e0000000)
  object space 83456K, 40% used [0x00000000a0000000,0x00000000a20faa50,0x00000000a5180000)
 Metaspace       used 62996K, capacity 64934K, committed 65048K, reserved 1105920K
  class space    used 8509K, capacity 8948K, committed 9008K, reserved 1048576K
Event: 13.704 GC heap after
Heap after GC invocations=16 (full 3):
 PSYoungGen      total 210432K, used 16312K [0x00000000e0000000, 0x00000000f0f00000, 0x0000000100000000)
  eden space 194048K, 0% used [0x00000000e0000000,0x00000000e0000000,0x00000000ebd80000)
  from space 16384K, 99% used [0x00000000ebd80000,0x00000000ecd6e3d8,0x00000000ecd80000)
  to   space 18944K, 0% used [0x00000000efc80000,0x00000000efc80000,0x00000000f0f00000)
 ParOldGen       total 83456K, used 33778K [0x00000000a0000000, 0x00000000a5180000, 0x00000000e0000000)
  object space 83456K, 40% used [0x00000000a0000000,0x00000000a20fca50,0x00000000a5180000)
 Metaspace       used 62996K, capacity 64934K, committed 65048K, reserved 1105920K
  class space    used 8509K, capacity 8948K, committed 9008K, reserved 1048576K
}

Deoptimization events (10 events):
Event: 13.652 Thread 0x000000001af5f000 Uncommon trap: reason=class_check action=maybe_recompile pc=0x00000000034505dc method=java.util.regex.Matcher.search(I)Z @ 86
Event: 13.960 Thread 0x000000001af5f000 Uncommon trap: reason=unstable_if action=reinterpret pc=0x00000000032c45b0 method=java.lang.StringCoding$StringDecoder.decode([BII)[C @ 20
Event: 13.995 Thread 0x000000001af5f000 Uncommon trap: reason=unstable_if action=reinterpret pc=0x0000000002d961dc method=sun.nio.cs.UTF_8$Decoder.decodeArrayLoop(Ljava/nio/ByteBuffer;Ljava/nio/CharBuffer;)Ljava/nio/charset/CoderResult; @ 84
Event: 14.011 Thread 0x000000001af5f000 Uncommon trap: reason=unstable_if action=reinterpret pc=0x0000000002960e08 method=com.sun.tools.javac.parser.UnicodeReader.scanChar()V @ 37
Event: 14.104 Thread 0x000000001af5f000 Uncommon trap: reason=unstable_if action=reinterpret pc=0x0000000002f2e254 method=com.sun.tools.javac.parser.UnicodeReader.scanChar()V @ 37
Event: 14.209 Thread 0x000000001af5f000 Uncommon trap: reason=unstable_if action=reinterpret pc=0x0000000003d56c8c method=sun.nio.cs.UTF_8$Decoder.decodeArrayLoop(Ljava/nio/ByteBuffer;Ljava/nio/CharBuffer;)Ljava/nio/charset/CoderResult; @ 167
Event: 14.209 Thread 0x000000001af5f000 Uncommon trap: reason=unstable_if action=reinterpret pc=0x0000000003cf023c method=sun.nio.cs.UTF_8$Decoder.decodeArrayLoop(Ljava/nio/ByteBuffer;Ljava/nio/CharBuffer;)Ljava/nio/charset/CoderResult; @ 167
Event: 14.242 Thread 0x000000001af5f000 Uncommon trap: reason=unstable_if action=reinterpret pc=0x000000000314d4e4 method=com.sun.tools.javac.parser.JavaTokenizer.scanIdent()V @ 617
Event: 14.242 Thread 0x000000001af5f000 Uncommon trap: reason=unstable_if action=reinterpret pc=0x0000000003332e5c method=com.sun.tools.javac.util.Convert.chars2utf([CI[BII)I @ 35
Event: 14.388 Thread 0x000000001af5f000 Uncommon trap: reason=predicate action=maybe_recompile pc=0x0000000003a34148 method=java.util.Collections.indexedBinarySearch(Ljava/util/List;Ljava/lang/Object;)I @ 16

Classes redefined (0 events):
No events

Internal exceptions (10 events):
Event: 10.725 Thread 0x00000000191e2800 Exception <a 'java/lang/NoSuchMethodError': java.lang.Object.lambda$static$2(Ljava/util/Set;Ljava/util/Set;)Z> (0x00000000e052ea58) thrown at [D:\src\AOSP-openjdk-cygwin\jdk8u\hotspot\src\share\vm\interpreter\linkResolver.cpp, line 584]
Event: 10.725 Thread 0x00000000191e2800 Exception <a 'java/lang/NoSuchMethodError': java.lang.Object.lambda$static$3(Ljava/util/Set;Ljava/util/Set;)Z> (0x00000000e05313b0) thrown at [D:\src\AOSP-openjdk-cygwin\jdk8u\hotspot\src\share\vm\interpreter\linkResolver.cpp, line 584]
Event: 11.359 Thread 0x0000000018774800 Exception <a 'java/lang/NoSuchMethodError': <clinit>> (0x00000000e29d3790) thrown at [D:\src\AOSP-openjdk-cygwin\jdk8u\hotspot\src\share\vm\prims\jni.cpp, line 1613]
Event: 11.360 Thread 0x0000000018774800 Exception <a 'java/lang/NoSuchMethodError': <clinit>> (0x00000000e29df408) thrown at [D:\src\AOSP-openjdk-cygwin\jdk8u\hotspot\src\share\vm\prims\jni.cpp, line 1613]
Event: 11.361 Thread 0x0000000018774800 Exception <a 'java/lang/NoSuchMethodError': <clinit>> (0x00000000e29eb8f0) thrown at [D:\src\AOSP-openjdk-cygwin\jdk8u\hotspot\src\share\vm\prims\jni.cpp, line 1613]
Event: 11.420 Thread 0x0000000018774800 Exception <a 'java/lang/NoSuchMethodError': <clinit>> (0x00000000e30ca370) thrown at [D:\src\AOSP-openjdk-cygwin\jdk8u\hotspot\src\share\vm\prims\jni.cpp, line 1613]
Event: 11.421 Thread 0x0000000018774800 Exception <a 'java/lang/NoSuchMethodError': <clinit>> (0x00000000e30db3a0) thrown at [D:\src\AOSP-openjdk-cygwin\jdk8u\hotspot\src\share\vm\prims\jni.cpp, line 1613]
Event: 11.421 Thread 0x0000000018774800 Exception <a 'java/lang/NoSuchMethodError': <clinit>> (0x00000000e30dceb8) thrown at [D:\src\AOSP-openjdk-cygwin\jdk8u\hotspot\src\share\vm\prims\jni.cpp, line 1613]
Event: 12.568 Thread 0x0000000018774800 Exception <a 'java/lang/NoSuchMethodError': <clinit>> (0x00000000e7759f18) thrown at [D:\src\AOSP-openjdk-cygwin\jdk8u\hotspot\src\share\vm\prims\jni.cpp, line 1613]
Event: 12.917 Thread 0x000000001af5f000 Exception <a 'java/lang/NoSuchMethodError': <clinit>> (0x00000000e8d7f418) thrown at [D:\src\AOSP-openjdk-cygwin\jdk8u\hotspot\src\share\vm\prims\jni.cpp, line 1613]

Events (10 events):
Event: 14.505 loading class com/sun/tools/javac/comp/Check$CycleChecker
Event: 14.505 loading class com/sun/tools/javac/comp/Check$CycleChecker done
Event: 14.507 loading class com/sun/tools/javac/code/SymbolMetadata
Event: 14.507 loading class com/sun/tools/javac/code/SymbolMetadata done
Event: 14.508 loading class com/sun/tools/javac/comp/MemberEnter$5
Event: 14.508 loading class com/sun/tools/javac/comp/MemberEnter$5 done
Event: 14.508 loading class com/sun/tools/javac/comp/MemberEnter$6
Event: 14.508 loading class com/sun/tools/javac/comp/MemberEnter$6 done
Event: 14.511 Executing VM operation: ForceSafepoint
Event: 14.511 Executing VM operation: ForceSafepoint done


Dynamic libraries:
0x00007ff7db830000 - 0x00007ff7db861000 	C:\Program Files\Android\Android Studio1\jre\bin\java.exe
0x00007ffbb9b20000 - 0x00007ffbb9d10000 	C:\WINDOWS\SYSTEM32\ntdll.dll
0x00007ffb9f130000 - 0x00007ffb9f144000 	C:\Program Files\AVG\Antivirus\aswhook.dll
0x00007ffbb96a0000 - 0x00007ffbb9752000 	C:\WINDOWS\System32\KERNEL32.DLL
0x00007ffbb6ef0000 - 0x00007ffbb7193000 	C:\WINDOWS\System32\KERNELBASE.dll
0x00007ffbb9a30000 - 0x00007ffbb9ad3000 	C:\WINDOWS\System32\ADVAPI32.dll
0x00007ffbb8890000 - 0x00007ffbb892e000 	C:\WINDOWS\System32\msvcrt.dll
0x00007ffbb8bc0000 - 0x00007ffbb8c57000 	C:\WINDOWS\System32\sechost.dll
0x00007ffbb84d0000 - 0x00007ffbb85f0000 	C:\WINDOWS\System32\RPCRT4.dll
0x00007ffbb8670000 - 0x00007ffbb8804000 	C:\WINDOWS\System32\USER32.dll
0x00007ffbb6ec0000 - 0x00007ffbb6ee1000 	C:\WINDOWS\System32\win32u.dll
0x00007ffbb9760000 - 0x00007ffbb9786000 	C:\WINDOWS\System32\GDI32.dll
0x00007ffbb6b50000 - 0x00007ffbb6ce4000 	C:\WINDOWS\System32\gdi32full.dll
0x00007ffbb6ab0000 - 0x00007ffbb6b4e000 	C:\WINDOWS\System32\msvcp_win.dll
0x00007ffbb6cf0000 - 0x00007ffbb6dea000 	C:\WINDOWS\System32\ucrtbase.dll
0x00007ffba40d0000 - 0x00007ffba4355000 	C:\WINDOWS\WinSxS\amd64_microsoft.windows.common-controls_6595b64144ccf1df_6.0.18362.418_none_e6c6b287130d565d\COMCTL32.dll
0x00007ffbb7bd0000 - 0x00007ffbb7f06000 	C:\WINDOWS\System32\combase.dll
0x00007ffbb7970000 - 0x00007ffbb79f0000 	C:\WINDOWS\System32\bcryptPrimitives.dll
0x00007ffbb8b10000 - 0x00007ffbb8b3e000 	C:\WINDOWS\System32\IMM32.DLL
0x00000000503c0000 - 0x0000000050492000 	C:\Program Files\Android\Android Studio1\jre\jre\bin\msvcr100.dll
0x0000000076d20000 - 0x0000000077561000 	C:\Program Files\Android\Android Studio1\jre\jre\bin\server\jvm.dll
0x00007ffbb9790000 - 0x00007ffbb9798000 	C:\WINDOWS\System32\PSAPI.DLL
0x00007ffbad140000 - 0x00007ffbad149000 	C:\WINDOWS\SYSTEM32\WSOCK32.dll
0x00007ffbb97a0000 - 0x00007ffbb980f000 	C:\WINDOWS\System32\WS2_32.dll
0x00007ffbb0730000 - 0x00007ffbb0754000 	C:\WINDOWS\SYSTEM32\WINMM.dll
0x00007ffbb0d60000 - 0x00007ffbb0d6a000 	C:\WINDOWS\SYSTEM32\VERSION.dll
0x00007ffbac1c0000 - 0x00007ffbac1ed000 	C:\WINDOWS\SYSTEM32\WINMMBASE.dll
0x00007ffbb71a0000 - 0x00007ffbb71ea000 	C:\WINDOWS\System32\cfgmgr32.dll
0x00007ffbb0d70000 - 0x00007ffbb0d7f000 	C:\Program Files\Android\Android Studio1\jre\jre\bin\verify.dll
0x00007ffbaa090000 - 0x00007ffbaa0b9000 	C:\Program Files\Android\Android Studio1\jre\jre\bin\java.dll
0x00007ffbac870000 - 0x00007ffbac886000 	C:\Program Files\Android\Android Studio1\jre\jre\bin\zip.dll
0x00007ffbb8cc0000 - 0x00007ffbb93a5000 	C:\WINDOWS\System32\SHELL32.dll
0x00007ffbb8930000 - 0x00007ffbb89d9000 	C:\WINDOWS\System32\shcore.dll
0x00007ffbb71f0000 - 0x00007ffbb796f000 	C:\WINDOWS\System32\windows.storage.dll
0x00007ffbb6a90000 - 0x00007ffbb6aaf000 	C:\WINDOWS\System32\profapi.dll
0x00007ffbb6a20000 - 0x00007ffbb6a6a000 	C:\WINDOWS\System32\powrprof.dll
0x00007ffbb69f0000 - 0x00007ffbb6a00000 	C:\WINDOWS\System32\UMPDC.dll
0x00007ffbb8c60000 - 0x00007ffbb8cb2000 	C:\WINDOWS\System32\shlwapi.dll
0x00007ffbb6a00000 - 0x00007ffbb6a11000 	C:\WINDOWS\System32\kernel.appcore.dll
0x00007ffbb6ea0000 - 0x00007ffbb6eb7000 	C:\WINDOWS\System32\cryptsp.dll
0x00007ffbaa310000 - 0x00007ffbaa32a000 	C:\Program Files\Android\Android Studio1\jre\jre\bin\net.dll
0x00007ffbb6200000 - 0x00007ffbb6267000 	C:\WINDOWS\system32\mswsock.dll
0x00007ffba95b0000 - 0x00007ffba95c1000 	C:\Program Files\Android\Android Studio1\jre\jre\bin\nio.dll
0x00007ffba9200000 - 0x00007ffba921e000 	C:\Users\Diackson Marques\.gradle\native\25\windows-amd64\native-platform.dll
0x00007ffbafdb0000 - 0x00007ffbafdbd000 	C:\Program Files\Android\Android Studio1\jre\jre\bin\management.dll
0x00007ffbb5d70000 - 0x00007ffbb5da3000 	C:\WINDOWS\system32\rsaenh.dll
0x00007ffbb7b40000 - 0x00007ffbb7b66000 	C:\WINDOWS\System32\bcrypt.dll
0x00007ffbb68e0000 - 0x00007ffbb6905000 	C:\WINDOWS\SYSTEM32\USERENV.dll
0x00007ffbb63d0000 - 0x00007ffbb63dc000 	C:\WINDOWS\SYSTEM32\CRYPTBASE.dll
0x00007ffbb5f10000 - 0x00007ffbb5f4a000 	C:\WINDOWS\SYSTEM32\IPHLPAPI.DLL
0x00007ffbb9a20000 - 0x00007ffbb9a28000 	C:\WINDOWS\System32\NSI.dll
0x00007ffbb11e0000 - 0x00007ffbb11f6000 	C:\WINDOWS\SYSTEM32\dhcpcsvc6.DLL
0x00007ffbb22c0000 - 0x00007ffbb22dc000 	C:\WINDOWS\SYSTEM32\dhcpcsvc.DLL
0x00007ffbb5f50000 - 0x00007ffbb601a000 	C:\WINDOWS\SYSTEM32\DNSAPI.dll

VM Arguments:
jvm_args: -Xmx1536m -Dfile.encoding=windows-1252 -Duser.country=BR -Duser.language=pt -Duser.variant 
java_command: org.gradle.launcher.daemon.bootstrap.GradleDaemon 5.1.1
java_class_path (initial): C:\Users\Diackson Marques\.gradle\wrapper\dists\gradle-5.1.1-all\97z1ksx6lirer3kbvdnh7jtjg\gradle-5.1.1\lib\gradle-launcher-5.1.1.jar
Launcher Type: SUN_STANDARD

Environment Variables:
PATH=C:\Program Files (x86)\Common Files\Oracle\Java\javapath;C:\ProgramData\Oracle\Java\javapath;C:\Program Files (x86)\Intel\iCLS Client\;C:\Program Files\Intel\iCLS Client\;C:\WINDOWS\system32;C:\WINDOWS;C:\WINDOWS\System32\Wbem;C:\WINDOWS\System32\WindowsPowerShell\v1.0\;C:\Program Files (x86)\Intel\Intel(R) Management Engine Components\DAL;C:\Program Files\Intel\Intel(R) Management Engine Components\DAL;C:\Program Files (x86)\Intel\Intel(R) Management Engine Components\IPT;C:\Program Files\Intel\Intel(R) Management Engine Components\IPT;C:\WINDOWS\System32\OpenSSH\;C:\Program Files\Git\cmd;C:\Users\Diackson Marques\AppData\Local\Microsoft\WindowsApps;C:\Users\Diackson Marques\AppData\Local\Programs\MiKTeX 2.9\miktex\bin\x64\;
USERNAME=Diackson Marques
OS=Windows_NT
PROCESSOR_IDENTIFIER=Intel64 Family 6 Model 142 Stepping 9, GenuineIntel



---------------  S Y S T E M  ---------------

OS: Windows 10.0 , 64 bit Build 18362 (10.0.18362.329)

CPU:total 4 (initial active 4) (2 cores per cpu, 2 threads per core) family 6 model 142 stepping 9, cmov, cx8, fxsr, mmx, sse, sse2, sse3, ssse3, sse4.1, sse4.2, popcnt, avx, avx2, aes, clmul, erms, 3dnowpref, lzcnt, ht, tsc, tscinvbit, bmi1, bmi2, adx

Memory: 4k page, physical 4066916k(426476k free), swap 4271716k(4664k free)

vm_info: OpenJDK 64-Bit Server VM (25.152-b01) for windows-amd64 JRE (1.8.0_152-release-1343-b01), built by "builder" with MS VC++ 10.0 (VS2010)

time: Mon Nov 04 17:32:56 2019
elapsed time: 14 seconds (0d 0h 0m 14s)

