#
# There is insufficient memory for the Java Runtime Environment to continue.
# Native memory allocation (malloc) failed to allocate 1173776 bytes for Chunk::new
# Possible reasons:
#   The system is out of physical RAM or swap space
#   In 32 bit mode, the process size limit was hit
# Possible solutions:
#   Reduce memory load on the system
#   Increase physical memory or swap space
#   Check if swap backing store is full
#   Use 64 bit Java on a 64 bit OS
#   Decrease Java heap size (-Xmx/-Xms)
#   Decrease number of Java threads
#   Decrease Java thread stack sizes (-Xss)
#   Set larger code cache with -XX:ReservedCodeCacheSize=
# This output file may be truncated or incomplete.
#
#  Out of Memory Error (allocation.cpp:390), pid=2456, tid=0x0000000000000544
#
# JRE version: OpenJDK Runtime Environment (8.0_152-b01) (build 1.8.0_152-release-1343-b01)
# Java VM: OpenJDK 64-Bit Server VM (25.152-b01 mixed mode windows-amd64 compressed oops)
# Failed to write core dump. Minidumps are not enabled by default on client versions of Windows
#

---------------  T H R E A D  ---------------

Current thread (0x00000000166d3000):  JavaThread "C2 CompilerThread1" daemon [_thread_in_native, id=1348, stack(0x0000000017e40000,0x0000000017f40000)]

Stack: [0x0000000017e40000,0x0000000017f40000]
[error occurred during error reporting (printing stack bounds), id 0xc0000005]

Native frames: (J=compiled Java code, j=interpreted, Vv=VM code, C=native code)


Current CompileTask:
C2:  56098 13562       4       com.android.tools.r8.ir.regalloc.LinearScanRegisterAllocator::allocateSingleInterval (841 bytes)


---------------  P R O C E S S  ---------------

Java Threads: ( => current thread )
  0x000000001eef6000 JavaThread "ForkJoinPool.commonPool-worker-0" daemon [_thread_in_native, id=10040, stack(0x00000000250d0000,0x00000000251d0000)]
  0x000000001eef5000 JavaThread "ForkJoinPool.commonPool-worker-3" daemon [_thread_in_Java, id=11108, stack(0x0000000024fd0000,0x00000000250d0000)]
  0x000000001eef3800 JavaThread "ForkJoinPool.commonPool-worker-2" daemon [_thread_in_native, id=6764, stack(0x0000000024cd0000,0x0000000024dd0000)]
  0x000000001eef8000 JavaThread "Cache worker for Java compile cache (C:\Users\Diackson Marques\Desktop\BelezaOnline_2\.gradle\5.1.1\javaCompile)" [_thread_blocked, id=7300, stack(0x00000000244d0000,0x00000000245d0000)]
  0x000000001eeef000 JavaThread "Cache worker for Java compile cache (C:\Users\Diackson Marques\.gradle\caches\5.1.1\javaCompile)" [_thread_blocked, id=4992, stack(0x00000000243d0000,0x00000000244d0000)]
  0x000000001eef0800 JavaThread "stdout" daemon [_thread_in_native, id=10712, stack(0x00000000241d0000,0x00000000242d0000)]
  0x000000001eeed800 JavaThread "stderr" daemon [_thread_in_native, id=1772, stack(0x00000000240d0000,0x00000000241d0000)]
  0x000000001eeee800 JavaThread "pool-2-thread-1" [_thread_blocked, id=8948, stack(0x0000000023fd0000,0x00000000240d0000)]
  0x000000001eef3000 JavaThread "Cache worker for execution history cache (C:\Users\Diackson Marques\Desktop\BelezaOnline_2\.gradle\5.1.1\executionHistory)" [_thread_blocked, id=4208, stack(0x00000000239d0000,0x0000000023ad0000)]
  0x000000001b6a4800 JavaThread "Execution worker for ':' Thread 3" [_thread_blocked, id=4032, stack(0x00000000238d0000,0x00000000239d0000)]
  0x000000001b69d000 JavaThread "Execution worker for ':' Thread 2" [_thread_blocked, id=5768, stack(0x00000000237d0000,0x00000000238d0000)]
  0x000000001b6a3000 JavaThread "Execution worker for ':'" [_thread_blocked, id=168, stack(0x00000000236d0000,0x00000000237d0000)]
  0x000000001b6a3800 JavaThread "Cache worker for file content cache (C:\Users\Diackson Marques\Desktop\BelezaOnline_2\.gradle\5.1.1\fileContent)" [_thread_blocked, id=10536, stack(0x00000000235d0000,0x00000000236d0000)]
  0x000000001b6a0800 JavaThread "Cache worker for file content cache (C:\Users\Diackson Marques\.gradle\caches\5.1.1\fileContent)" [_thread_blocked, id=9504, stack(0x00000000234d0000,0x00000000235d0000)]
  0x000000001b69b800 JavaThread "Memory manager" [_thread_blocked, id=2136, stack(0x00000000231d0000,0x00000000232d0000)]
  0x000000001b6a2000 JavaThread "Cache worker for Build Output Cleanup Cache (C:\Users\Diackson Marques\Desktop\BelezaOnline_2\.gradle\buildOutputCleanup)" [_thread_blocked, id=9692, stack(0x00000000220d0000,0x00000000221d0000)]
  0x000000001b6a1800 JavaThread "Build operations Thread 4" [_thread_blocked, id=3144, stack(0x0000000020da0000,0x0000000020ea0000)]
  0x000000001b699000 JavaThread "Build operations Thread 3" [_thread_blocked, id=7260, stack(0x0000000020ca0000,0x0000000020da0000)]
  0x000000001b69a800 JavaThread "Build operations Thread 2" [_thread_blocked, id=6620, stack(0x0000000020ba0000,0x0000000020ca0000)]
  0x000000001b69c000 JavaThread "Build operations" [_thread_blocked, id=3104, stack(0x0000000020aa0000,0x0000000020ba0000)]
  0x000000001b695800 JavaThread "Cache worker for execution history cache (C:\Users\Diackson Marques\.gradle\caches\5.1.1\executionHistory)" [_thread_blocked, id=4036, stack(0x0000000020340000,0x0000000020440000)]
  0x000000001b69a000 JavaThread "Cache worker for cache directory md-rule (C:\Users\Diackson Marques\.gradle\caches\5.1.1\md-rule)" [_thread_blocked, id=1960, stack(0x0000000020240000,0x0000000020340000)]
  0x000000001b697000 JavaThread "Cache worker for cache directory md-supplier (C:\Users\Diackson Marques\.gradle\caches\5.1.1\md-supplier)" [_thread_blocked, id=2668, stack(0x0000000020140000,0x0000000020240000)]
  0x0000000019a12000 JavaThread "Cache worker for file hash cache (C:\Users\Diackson Marques\Desktop\BelezaOnline_2\.gradle\5.1.1\fileHashes)" [_thread_blocked, id=2572, stack(0x000000001d450000,0x000000001d550000)]
  0x0000000019a10800 JavaThread "Cache worker for journal cache (C:\Users\Diackson Marques\.gradle\caches\journal-1)" [_thread_blocked, id=11028, stack(0x000000001b1b0000,0x000000001b2b0000)]
  0x0000000019a13800 JavaThread "File lock request listener" [_thread_in_native, id=8680, stack(0x000000001b0b0000,0x000000001b1b0000)]
  0x0000000019ccc800 JavaThread "Cache worker for file hash cache (C:\Users\Diackson Marques\.gradle\caches\5.1.1\fileHashes)" [_thread_blocked, id=1136, stack(0x000000001afb0000,0x000000001b0b0000)]
  0x0000000019273800 JavaThread "Thread-8" [_thread_blocked, id=9700, stack(0x000000001aeb0000,0x000000001afb0000)]
  0x0000000019268800 JavaThread "Stdin handler" [_thread_blocked, id=2008, stack(0x000000001adb0000,0x000000001aeb0000)]
  0x0000000019268000 JavaThread "Asynchronous log dispatcher for DefaultDaemonConnection: socket connection from /127.0.0.1:53251 to /127.0.0.1:53252" [_thread_blocked, id=6172, stack(0x000000001acb0000,0x000000001adb0000)]
  0x0000000019263000 JavaThread "Daemon worker" [_thread_blocked, id=8296, stack(0x000000001abb0000,0x000000001acb0000)]
  0x0000000019a24800 JavaThread "Cancel handler" [_thread_blocked, id=8204, stack(0x000000001aab0000,0x000000001abb0000)]
  0x0000000019793800 JavaThread "Handler for socket connection from /127.0.0.1:53251 to /127.0.0.1:53252" [_thread_in_native, id=9196, stack(0x000000001a7b0000,0x000000001a8b0000)]
  0x0000000018ef4800 JavaThread "Daemon" [_thread_blocked, id=9732, stack(0x000000001a6b0000,0x000000001a7b0000)]
  0x00000000194aa000 JavaThread "Daemon periodic checks" [_thread_blocked, id=2412, stack(0x000000001a5b0000,0x000000001a6b0000)]
  0x0000000019776000 JavaThread "Incoming local TCP Connector on port 53251" [_thread_in_native, id=9944, stack(0x000000001a350000,0x000000001a450000)]
  0x0000000018068800 JavaThread "Service Thread" daemon [_thread_blocked, id=676, stack(0x0000000018440000,0x0000000018540000)]
  0x00000000166dc800 JavaThread "C1 CompilerThread2" daemon [_thread_blocked, id=10000, stack(0x0000000017f40000,0x0000000018040000)]
=>0x00000000166d3000 JavaThread "C2 CompilerThread1" daemon [_thread_in_native, id=1348, stack(0x0000000017e40000,0x0000000017f40000)]
  0x00000000166d0000 JavaThread "C2 CompilerThread0" daemon [_thread_in_native, id=5160, stack(0x0000000017d40000,0x0000000017e40000)]
  0x00000000166cf000 JavaThread "Attach Listener" daemon [_thread_blocked, id=5652, stack(0x0000000017c40000,0x0000000017d40000)]
  0x00000000166cc000 JavaThread "Signal Dispatcher" daemon [_thread_blocked, id=4280, stack(0x0000000017b40000,0x0000000017c40000)]
  0x0000000002d5c000 JavaThread "Finalizer" daemon [_thread_blocked, id=2684, stack(0x0000000017930000,0x0000000017a30000)]
  0x0000000016698000 JavaThread "Reference Handler" daemon [_thread_blocked, id=9920, stack(0x0000000017830000,0x0000000017930000)]
  0x0000000002b5e800 JavaThread "main" [_thread_blocked, id=3812, stack(0x0000000002b60000,0x0000000002c60000)]

Other Threads:
  0x0000000016696000 VMThread [stack: 0x0000000017730000,0x0000000017830000] [id=3396]
  0x0000000018069000 WatcherThread [stack: 0x0000000018540000,0x0000000018640000] [id=8112]

VM state:not at safepoint (normal execution)

VM Mutex/Monitor currently owned by a thread: None

Heap:
 PSYoungGen      total 213504K, used 54859K [0x00000000e0000000, 0x00000000efc00000, 0x0000000100000000)
  eden space 187392K, 15% used [0x00000000e0000000,0x00000000e1c18d18,0x00000000eb700000)
  from space 26112K, 99% used [0x00000000ee280000,0x00000000efbfa018,0x00000000efc00000)
  to   space 25088K, 0% used [0x00000000eb700000,0x00000000eb700000,0x00000000ecf80000)
 ParOldGen       total 86528K, used 61661K [0x00000000a0000000, 0x00000000a5480000, 0x00000000e0000000)
  object space 86528K, 71% used [0x00000000a0000000,0x00000000a3c37548,0x00000000a5480000)
 Metaspace       used 81802K, capacity 85372K, committed 85656K, reserved 1124352K
  class space    used 10689K, capacity 11382K, committed 11440K, reserved 1048576K

Card table byte_map: [0x0000000012120000,0x0000000012430000] byte_map_base: 0x0000000011c20000

Marking Bits: (ParMarkBitMap*) 0x00000000771b5aa0
 Begin Bits: [0x0000000012a30000, 0x0000000014230000)
 End Bits:   [0x0000000014230000, 0x0000000015a30000)

Polling page: 0x0000000001090000

CodeCache: size=245760Kb used=38588Kb max_used=38588Kb free=207171Kb
 bounds [0x0000000002d60000, 0x0000000005340000, 0x0000000011d60000]
 total_blobs=12779 nmethods=11916 adapters=775
 compilation: enabled

Compilation events (10 events):
Event: 55.795 Thread 0x00000000166dc800 14007       3       com.android.tools.r8.ir.optimize.CodeRewriter::rewriteMoveResult (444 bytes)
Event: 55.798 Thread 0x00000000166dc800 nmethod 14007 0x00000000052df8d0 code [0x00000000052dfe40, 0x00000000052e3688]
Event: 55.814 Thread 0x00000000166dc800 14008       1       com.android.tools.r8.ir.code.InvokeSuper::getType (4 bytes)
Event: 55.815 Thread 0x00000000166dc800 nmethod 14008 0x00000000052e5550 code [0x00000000052e56a0, 0x00000000052e57b0]
Event: 55.837 Thread 0x00000000166dc800 14009       2       com.android.tools.r8.ir.regalloc.LiveIntervals::link (33 bytes)
Event: 55.837 Thread 0x00000000166dc800 nmethod 14009 0x00000000052e5810 code [0x00000000052e5960, 0x00000000052e5ad0]
Event: 55.848 Thread 0x00000000166dc800 14010       2       java.util.AbstractQueue::addAll (67 bytes)
Event: 55.849 Thread 0x00000000166dc800 nmethod 14010 0x00000000052e5b90 code [0x00000000052e5d40, 0x00000000052e60f8]
Event: 55.882 Thread 0x00000000166dc800 14011       2       com.android.tools.r8.ir.regalloc.LinearScanRegisterAllocator::excludeRegistersForInterval (109 bytes)
Event: 55.882 Thread 0x00000000166dc800 nmethod 14011 0x00000000052e6310 code [0x00000000052e64c0, 0x00000000052e6968]

GC Heap History (10 events):
Event: 15.631 GC heap after
Heap after GC invocations=16 (full 2):
 PSYoungGen      total 175616K, used 12778K [0x00000000e0000000, 0x00000000ec300000, 0x0000000100000000)
  eden space 162816K, 0% used [0x00000000e0000000,0x00000000e0000000,0x00000000e9f00000)
  from space 12800K, 99% used [0x00000000eb000000,0x00000000ebc7a968,0x00000000ebc80000)
  to   space 17408K, 0% used [0x00000000e9f00000,0x00000000e9f00000,0x00000000eb000000)
 ParOldGen       total 51200K, used 31395K [0x00000000a0000000, 0x00000000a3200000, 0x00000000e0000000)
  object space 51200K, 61% used [0x00000000a0000000,0x00000000a1ea8fc0,0x00000000a3200000)
 Metaspace       used 57489K, capacity 59014K, committed 59160K, reserved 1099776K
  class space    used 7751K, capacity 8122K, committed 8240K, reserved 1048576K
}
Event: 15.631 GC heap before
{Heap before GC invocations=17 (full 3):
 PSYoungGen      total 175616K, used 12778K [0x00000000e0000000, 0x00000000ec300000, 0x0000000100000000)
  eden space 162816K, 0% used [0x00000000e0000000,0x00000000e0000000,0x00000000e9f00000)
  from space 12800K, 99% used [0x00000000eb000000,0x00000000ebc7a968,0x00000000ebc80000)
  to   space 17408K, 0% used [0x00000000e9f00000,0x00000000e9f00000,0x00000000eb000000)
 ParOldGen       total 51200K, used 31395K [0x00000000a0000000, 0x00000000a3200000, 0x00000000e0000000)
  object space 51200K, 61% used [0x00000000a0000000,0x00000000a1ea8fc0,0x00000000a3200000)
 Metaspace       used 57489K, capacity 59014K, committed 59160K, reserved 1099776K
  class space    used 7751K, capacity 8122K, committed 8240K, reserved 1048576K
Event: 15.874 GC heap after
Heap after GC invocations=17 (full 3):
 PSYoungGen      total 175616K, used 0K [0x00000000e0000000, 0x00000000ec300000, 0x0000000100000000)
  eden space 162816K, 0% used [0x00000000e0000000,0x00000000e0000000,0x00000000e9f00000)
  from space 12800K, 0% used [0x00000000eb000000,0x00000000eb000000,0x00000000ebc80000)
  to   space 17408K, 0% used [0x00000000e9f00000,0x00000000e9f00000,0x00000000eb000000)
 ParOldGen       total 86528K, used 34543K [0x00000000a0000000, 0x00000000a5480000, 0x00000000e0000000)
  object space 86528K, 39% used [0x00000000a0000000,0x00000000a21bbc88,0x00000000a5480000)
 Metaspace       used 57489K, capacity 59014K, committed 59160K, reserved 1099776K
  class space    used 7751K, capacity 8122K, committed 8240K, reserved 1048576K
}
Event: 19.897 GC heap before
{Heap before GC invocations=18 (full 3):
 PSYoungGen      total 175616K, used 162816K [0x00000000e0000000, 0x00000000ec300000, 0x0000000100000000)
  eden space 162816K, 100% used [0x00000000e0000000,0x00000000e9f00000,0x00000000e9f00000)
  from space 12800K, 0% used [0x00000000eb000000,0x00000000eb000000,0x00000000ebc80000)
  to   space 17408K, 0% used [0x00000000e9f00000,0x00000000e9f00000,0x00000000eb000000)
 ParOldGen       total 86528K, used 34543K [0x00000000a0000000, 0x00000000a5480000, 0x00000000e0000000)
  object space 86528K, 39% used [0x00000000a0000000,0x00000000a21bbc88,0x00000000a5480000)
 Metaspace       used 61589K, capacity 63556K, committed 63768K, reserved 1103872K
  class space    used 8320K, capacity 8747K, committed 8752K, reserved 1048576K
Event: 19.914 GC heap after
Heap after GC invocations=18 (full 3):
 PSYoungGen      total 180224K, used 14311K [0x00000000e0000000, 0x00000000ee200000, 0x0000000100000000)
  eden space 162816K, 0% used [0x00000000e0000000,0x00000000e0000000,0x00000000e9f00000)
  from space 17408K, 82% used [0x00000000e9f00000,0x00000000eacf9c98,0x00000000eb000000)
  to   space 18944K, 0% used [0x00000000ecf80000,0x00000000ecf80000,0x00000000ee200000)
 ParOldGen       total 86528K, used 34551K [0x00000000a0000000, 0x00000000a5480000, 0x00000000e0000000)
  object space 86528K, 39% used [0x00000000a0000000,0x00000000a21bdc88,0x00000000a5480000)
 Metaspace       used 61589K, capacity 63556K, committed 63768K, reserved 1103872K
  class space    used 8320K, capacity 8747K, committed 8752K, reserved 1048576K
}
Event: 42.272 GC heap before
{Heap before GC invocations=19 (full 3):
 PSYoungGen      total 180224K, used 177127K [0x00000000e0000000, 0x00000000ee200000, 0x0000000100000000)
  eden space 162816K, 100% used [0x00000000e0000000,0x00000000e9f00000,0x00000000e9f00000)
  from space 17408K, 82% used [0x00000000e9f00000,0x00000000eacf9c98,0x00000000eb000000)
  to   space 18944K, 0% used [0x00000000ecf80000,0x00000000ecf80000,0x00000000ee200000)
 ParOldGen       total 86528K, used 34551K [0x00000000a0000000, 0x00000000a5480000, 0x00000000e0000000)
  object space 86528K, 39% used [0x00000000a0000000,0x00000000a21bdc88,0x00000000a5480000)
 Metaspace       used 68005K, capacity 70052K, committed 70296K, reserved 1110016K
  class space    used 9086K, capacity 9541K, committed 9648K, reserved 1048576K
Event: 42.302 GC heap after
Heap after GC invocations=19 (full 3):
 PSYoungGen      total 206336K, used 18943K [0x00000000e0000000, 0x00000000ee900000, 0x0000000100000000)
  eden space 187392K, 0% used [0x00000000e0000000,0x00000000e0000000,0x00000000eb700000)
  from space 18944K, 99% used [0x00000000ecf80000,0x00000000ee1fff30,0x00000000ee200000)
  to   space 25088K, 0% used [0x00000000eb700000,0x00000000eb700000,0x00000000ecf80000)
 ParOldGen       total 86528K, used 42412K [0x00000000a0000000, 0x00000000a5480000, 0x00000000e0000000)
  object space 86528K, 49% used [0x00000000a0000000,0x00000000a296b1d0,0x00000000a5480000)
 Metaspace       used 68005K, capacity 70052K, committed 70296K, reserved 1110016K
  class space    used 9086K, capacity 9541K, committed 9648K, reserved 1048576K
}
Event: 50.163 GC heap before
{Heap before GC invocations=20 (full 3):
 PSYoungGen      total 206336K, used 206335K [0x00000000e0000000, 0x00000000ee900000, 0x0000000100000000)
  eden space 187392K, 100% used [0x00000000e0000000,0x00000000eb700000,0x00000000eb700000)
  from space 18944K, 99% used [0x00000000ecf80000,0x00000000ee1fff30,0x00000000ee200000)
  to   space 25088K, 0% used [0x00000000eb700000,0x00000000eb700000,0x00000000ecf80000)
 ParOldGen       total 86528K, used 42412K [0x00000000a0000000, 0x00000000a5480000, 0x00000000e0000000)
  object space 86528K, 49% used [0x00000000a0000000,0x00000000a296b1d0,0x00000000a5480000)
 Metaspace       used 72358K, capacity 74614K, committed 74776K, reserved 1114112K
  class space    used 9478K, capacity 9994K, committed 10032K, reserved 1048576K
Event: 50.204 GC heap after
Heap after GC invocations=20 (full 3):
 PSYoungGen      total 212480K, used 17178K [0x00000000e0000000, 0x00000000efc00000, 0x0000000100000000)
  eden space 187392K, 0% used [0x00000000e0000000,0x00000000e0000000,0x00000000eb700000)
  from space 25088K, 68% used [0x00000000eb700000,0x00000000ec7c6b00,0x00000000ecf80000)
  to   space 26112K, 0% used [0x00000000ee280000,0x00000000ee280000,0x00000000efc00000)
 ParOldGen       total 86528K, used 57747K [0x00000000a0000000, 0x00000000a5480000, 0x00000000e0000000)
  object space 86528K, 66% used [0x00000000a0000000,0x00000000a3864f78,0x00000000a5480000)
 Metaspace       used 72358K, capacity 74614K, committed 74776K, reserved 1114112K
  class space    used 9478K, capacity 9994K, committed 10032K, reserved 1048576K
}
Event: 55.890 GC heap before
{Heap before GC invocations=21 (full 3):
 PSYoungGen      total 212480K, used 204570K [0x00000000e0000000, 0x00000000efc00000, 0x0000000100000000)
  eden space 187392K, 100% used [0x00000000e0000000,0x00000000eb700000,0x00000000eb700000)
  from space 25088K, 68% used [0x00000000eb700000,0x00000000ec7c6b00,0x00000000ecf80000)
  to   space 26112K, 0% used [0x00000000ee280000,0x00000000ee280000,0x00000000efc00000)
 ParOldGen       total 86528K, used 57747K [0x00000000a0000000, 0x00000000a5480000, 0x00000000e0000000)
  object space 86528K, 66% used [0x00000000a0000000,0x00000000a3864f78,0x00000000a5480000)
 Metaspace       used 81743K, capacity 85238K, committed 85400K, reserved 1124352K
  class space    used 10688K, capacity 11381K, committed 11440K, reserved 1048576K

Deoptimization events (10 events):
Event: 54.958 Thread 0x000000001eef6000 Uncommon trap: reason=array_check action=maybe_recompile pc=0x0000000004ef0500 method=java.util.TimSort.reverseRange([Ljava/lang/Object;II)V @ 20
Event: 54.958 Thread 0x000000001eef6000 Uncommon trap: reason=array_check action=maybe_recompile pc=0x0000000004ef0500 method=java.util.TimSort.reverseRange([Ljava/lang/Object;II)V @ 20
Event: 54.958 Thread 0x000000001eef6000 Uncommon trap: reason=array_check action=maybe_recompile pc=0x0000000004ef0500 method=java.util.TimSort.reverseRange([Ljava/lang/Object;II)V @ 20
Event: 54.958 Thread 0x000000001eef6000 Uncommon trap: reason=predicate action=maybe_recompile pc=0x0000000004eeefb8 method=java.util.TimSort.binarySort([Ljava/lang/Object;IIILjava/util/Comparator;)V @ 37
Event: 54.958 Thread 0x000000001eef6000 Uncommon trap: reason=predicate action=maybe_recompile pc=0x00000000044b9508 method=java.util.TimSort.binarySort([Ljava/lang/Object;IIILjava/util/Comparator;)V @ 37
Event: 55.548 Thread 0x000000001eef6000 Uncommon trap: reason=array_check action=maybe_recompile pc=0x00000000050ab5d4 method=java.util.TimSort.binarySort([Ljava/lang/Object;IIILjava/util/Comparator;)V @ 183
Event: 55.597 Thread 0x000000001eef3800 Uncommon trap: reason=array_check action=maybe_recompile pc=0x00000000050ab50c method=java.util.TimSort.binarySort([Ljava/lang/Object;IIILjava/util/Comparator;)V @ 193
Event: 55.597 Thread 0x000000001eef3800 Uncommon trap: reason=array_check action=maybe_recompile pc=0x00000000050ab448 method=java.util.TimSort.binarySort([Ljava/lang/Object;IIILjava/util/Comparator;)V @ 215
Event: 55.597 Thread 0x000000001eef3800 Uncommon trap: reason=array_check action=maybe_recompile pc=0x00000000050ab448 method=java.util.TimSort.binarySort([Ljava/lang/Object;IIILjava/util/Comparator;)V @ 215
Event: 55.693 Thread 0x000000001eef6000 Uncommon trap: reason=unstable_if action=reinterpret pc=0x00000000051fd394 method=com.android.tools.r8.com.google.common.collect.ImmutableSet.construct(I[Ljava/lang/Object;)Lcom/android/tools/r8/com/google/common/collect/ImmutableSet; @ 215

Classes redefined (0 events):
No events

Internal exceptions (10 events):
Event: 54.586 Thread 0x000000001eef6000 Exception <a 'sun/nio/fs/WindowsException'> (0x00000000e5fe6560) thrown at [D:\src\AOSP-openjdk-cygwin\jdk8u\hotspot\src\share\vm\prims\jni.cpp, line 709]
Event: 54.631 Thread 0x000000001eef3800 Exception <a 'sun/nio/fs/WindowsException'> (0x00000000e6406948) thrown at [D:\src\AOSP-openjdk-cygwin\jdk8u\hotspot\src\share\vm\prims\jni.cpp, line 709]
Event: 54.964 Thread 0x000000001eef6000 Exception <a 'sun/nio/fs/WindowsException'> (0x00000000e7368958) thrown at [D:\src\AOSP-openjdk-cygwin\jdk8u\hotspot\src\share\vm\prims\jni.cpp, line 709]
Event: 55.454 Thread 0x000000001eef6000 Exception <a 'sun/nio/fs/WindowsException'> (0x00000000e736e038) thrown at [D:\src\AOSP-openjdk-cygwin\jdk8u\hotspot\src\share\vm\prims\jni.cpp, line 709]
Event: 55.466 Thread 0x000000001eef6000 Exception <a 'sun/nio/fs/WindowsException'> (0x00000000e9917b78) thrown at [D:\src\AOSP-openjdk-cygwin\jdk8u\hotspot\src\share\vm\prims\jni.cpp, line 709]
Event: 55.557 Thread 0x000000001eef6000 Exception <a 'sun/nio/fs/WindowsException'> (0x00000000e9923968) thrown at [D:\src\AOSP-openjdk-cygwin\jdk8u\hotspot\src\share\vm\prims\jni.cpp, line 709]
Event: 55.669 Thread 0x000000001eef3800 Exception <a 'sun/nio/fs/WindowsException'> (0x00000000ea122868) thrown at [D:\src\AOSP-openjdk-cygwin\jdk8u\hotspot\src\share\vm\prims\jni.cpp, line 709]
Event: 55.690 Thread 0x000000001eef6000 Exception <a 'sun/nio/fs/WindowsException'> (0x00000000ea59aec8) thrown at [D:\src\AOSP-openjdk-cygwin\jdk8u\hotspot\src\share\vm\prims\jni.cpp, line 709]
Event: 55.709 Thread 0x000000001eef3800 Exception <a 'sun/nio/fs/WindowsException'> (0x00000000ea127b08) thrown at [D:\src\AOSP-openjdk-cygwin\jdk8u\hotspot\src\share\vm\prims\jni.cpp, line 709]
Event: 55.748 Thread 0x000000001eef3800 Exception <a 'sun/nio/fs/WindowsException'> (0x00000000ea12d128) thrown at [D:\src\AOSP-openjdk-cygwin\jdk8u\hotspot\src\share\vm\prims\jni.cpp, line 709]

Events (10 events):
Event: 55.693 Thread 0x000000001eef6000 Uncommon trap: trap_request=0xffffff65 fr.pc=0x00000000051fd394
Event: 55.693 Thread 0x000000001eef6000 DEOPT PACKING pc=0x00000000051fd394 sp=0x00000000251cea00
Event: 55.693 Thread 0x000000001eef6000 DEOPT UNPACKING pc=0x0000000002da557b sp=0x00000000251ce988 mode 2
Event: 55.753 Thread 0x000000001eef5000 DEOPT PACKING pc=0x000000000515e60d sp=0x00000000250ce340
Event: 55.753 Thread 0x000000001eef5000 DEOPT UNPACKING pc=0x0000000002da75d0 sp=0x00000000250ce150 mode 0
Event: 55.795 Thread 0x000000001eef6000 DEOPT PACKING pc=0x000000000516639e sp=0x00000000251ce3d0
Event: 55.795 Thread 0x000000001eef6000 DEOPT UNPACKING pc=0x0000000002da75d0 sp=0x00000000251ce190 mode 0
Event: 55.886 Thread 0x000000001eef5000 DEOPT PACKING pc=0x00000000051fc5c1 sp=0x00000000250ce110
Event: 55.886 Thread 0x000000001eef5000 DEOPT UNPACKING pc=0x0000000002da75d0 sp=0x00000000250cde38 mode 0
Event: 55.887 Executing VM operation: ParallelGCFailedAllocation


Dynamic libraries:
0x00007ff682cc0000 - 0x00007ff682cf1000 	C:\Program Files\Android\Android Studio1\jre\bin\java.exe
0x00007ff913c20000 - 0x00007ff913e10000 	C:\WINDOWS\SYSTEM32\ntdll.dll
0x00007ff90b9b0000 - 0x00007ff90b9c4000 	C:\Program Files\AVG\Antivirus\aswhook.dll
0x00007ff913830000 - 0x00007ff9138e2000 	C:\WINDOWS\System32\KERNEL32.DLL
0x00007ff911720000 - 0x00007ff9119c3000 	C:\WINDOWS\System32\KERNELBASE.dll
0x00007ff9134f0000 - 0x00007ff913593000 	C:\WINDOWS\System32\ADVAPI32.dll
0x00007ff912b60000 - 0x00007ff912bfe000 	C:\WINDOWS\System32\msvcrt.dll
0x00007ff911e60000 - 0x00007ff911ef7000 	C:\WINDOWS\System32\sechost.dll
0x00007ff9136a0000 - 0x00007ff9137c0000 	C:\WINDOWS\System32\RPCRT4.dll
0x00007ff913280000 - 0x00007ff913414000 	C:\WINDOWS\System32\USER32.dll
0x00007ff911b70000 - 0x00007ff911b91000 	C:\WINDOWS\System32\win32u.dll
0x00007ff9125f0000 - 0x00007ff912616000 	C:\WINDOWS\System32\GDI32.dll
0x00007ff9119d0000 - 0x00007ff911b64000 	C:\WINDOWS\System32\gdi32full.dll
0x00007ff910ed0000 - 0x00007ff910f6e000 	C:\WINDOWS\System32\msvcp_win.dll
0x00007ff910c80000 - 0x00007ff910d7a000 	C:\WINDOWS\System32\ucrtbase.dll
0x00007ff90f230000 - 0x00007ff90f4b5000 	C:\WINDOWS\WinSxS\amd64_microsoft.windows.common-controls_6595b64144ccf1df_6.0.18362.418_none_e6c6b287130d565d\COMCTL32.dll
0x00007ff912620000 - 0x00007ff912956000 	C:\WINDOWS\System32\combase.dll
0x00007ff910c00000 - 0x00007ff910c80000 	C:\WINDOWS\System32\bcryptPrimitives.dll
0x00007ff913bb0000 - 0x00007ff913bde000 	C:\WINDOWS\System32\IMM32.DLL
0x00000000777e0000 - 0x00000000778b2000 	C:\Program Files\Android\Android Studio1\jre\jre\bin\msvcr100.dll
0x00000000769f0000 - 0x0000000077231000 	C:\Program Files\Android\Android Studio1\jre\jre\bin\server\jvm.dll
0x00007ff913820000 - 0x00007ff913828000 	C:\WINDOWS\System32\PSAPI.DLL
0x00007ff900d50000 - 0x00007ff900d59000 	C:\WINDOWS\SYSTEM32\WSOCK32.dll
0x00007ff913630000 - 0x00007ff91369f000 	C:\WINDOWS\System32\WS2_32.dll
0x00007ff90e170000 - 0x00007ff90e194000 	C:\WINDOWS\SYSTEM32\WINMM.dll
0x00007ff90a460000 - 0x00007ff90a46a000 	C:\WINDOWS\SYSTEM32\VERSION.dll
0x00007ff90e140000 - 0x00007ff90e16d000 	C:\WINDOWS\SYSTEM32\WINMMBASE.dll
0x00007ff910bb0000 - 0x00007ff910bfa000 	C:\WINDOWS\System32\cfgmgr32.dll
0x00007ff90bab0000 - 0x00007ff90babf000 	C:\Program Files\Android\Android Studio1\jre\jre\bin\verify.dll
0x00007ff8fb4c0000 - 0x00007ff8fb4e9000 	C:\Program Files\Android\Android Studio1\jre\jre\bin\java.dll
0x00007ff8fb870000 - 0x00007ff8fb886000 	C:\Program Files\Android\Android Studio1\jre\jre\bin\zip.dll
0x00007ff911f00000 - 0x00007ff9125e5000 	C:\WINDOWS\System32\SHELL32.dll
0x00007ff9129d0000 - 0x00007ff912a79000 	C:\WINDOWS\System32\shcore.dll
0x00007ff910f70000 - 0x00007ff9116ef000 	C:\WINDOWS\System32\windows.storage.dll
0x00007ff910b90000 - 0x00007ff910baf000 	C:\WINDOWS\System32\profapi.dll
0x00007ff910b00000 - 0x00007ff910b4a000 	C:\WINDOWS\System32\powrprof.dll
0x00007ff910af0000 - 0x00007ff910b00000 	C:\WINDOWS\System32\UMPDC.dll
0x00007ff9137c0000 - 0x00007ff913812000 	C:\WINDOWS\System32\shlwapi.dll
0x00007ff910b70000 - 0x00007ff910b81000 	C:\WINDOWS\System32\kernel.appcore.dll
0x00007ff911cb0000 - 0x00007ff911cc7000 	C:\WINDOWS\System32\cryptsp.dll
0x00007ff8fb660000 - 0x00007ff8fb67a000 	C:\Program Files\Android\Android Studio1\jre\jre\bin\net.dll
0x00007ff90ffe0000 - 0x00007ff910047000 	C:\WINDOWS\system32\mswsock.dll
0x00007ff8fb370000 - 0x00007ff8fb381000 	C:\Program Files\Android\Android Studio1\jre\jre\bin\nio.dll
0x00007ff8fb0e0000 - 0x00007ff8fb0fe000 	C:\Users\Diackson Marques\.gradle\native\25\windows-amd64\native-platform.dll
0x00007ff907990000 - 0x00007ff90799d000 	C:\Program Files\Android\Android Studio1\jre\jre\bin\management.dll
0x00007ff90faa0000 - 0x00007ff90fad3000 	C:\WINDOWS\system32\rsaenh.dll
0x00007ff9116f0000 - 0x00007ff911716000 	C:\WINDOWS\System32\bcrypt.dll
0x00007ff910a10000 - 0x00007ff910a35000 	C:\WINDOWS\SYSTEM32\USERENV.dll
0x00007ff9103b0000 - 0x00007ff9103bc000 	C:\WINDOWS\SYSTEM32\CRYPTBASE.dll
0x00007ff90fc70000 - 0x00007ff90fcaa000 	C:\WINDOWS\SYSTEM32\IPHLPAPI.DLL
0x00007ff913620000 - 0x00007ff913628000 	C:\WINDOWS\System32\NSI.dll
0x00007ff908340000 - 0x00007ff908356000 	C:\WINDOWS\SYSTEM32\dhcpcsvc6.DLL
0x00007ff908360000 - 0x00007ff90837c000 	C:\WINDOWS\SYSTEM32\dhcpcsvc.DLL
0x00007ff90fcb0000 - 0x00007ff90fd7a000 	C:\WINDOWS\SYSTEM32\DNSAPI.dll

VM Arguments:
jvm_args: -Xmx1536m -Dfile.encoding=windows-1252 -Duser.country=BR -Duser.language=pt -Duser.variant 
java_command: org.gradle.launcher.daemon.bootstrap.GradleDaemon 5.1.1
java_class_path (initial): C:\Users\Diackson Marques\.gradle\wrapper\dists\gradle-5.1.1-all\97z1ksx6lirer3kbvdnh7jtjg\gradle-5.1.1\lib\gradle-launcher-5.1.1.jar
Launcher Type: SUN_STANDARD

Environment Variables:
PATH=C:\Program Files (x86)\Common Files\Oracle\Java\javapath;C:\ProgramData\Oracle\Java\javapath;C:\Program Files (x86)\Intel\iCLS Client\;C:\Program Files\Intel\iCLS Client\;C:\WINDOWS\system32;C:\WINDOWS;C:\WINDOWS\System32\Wbem;C:\WINDOWS\System32\WindowsPowerShell\v1.0\;C:\Program Files (x86)\Intel\Intel(R) Management Engine Components\DAL;C:\Program Files\Intel\Intel(R) Management Engine Components\DAL;C:\Program Files (x86)\Intel\Intel(R) Management Engine Components\IPT;C:\Program Files\Intel\Intel(R) Management Engine Components\IPT;C:\WINDOWS\System32\OpenSSH\;C:\Program Files\Git\cmd;C:\Users\Diackson Marques\AppData\Local\Microsoft\WindowsApps;C:\Users\Diackson Marques\AppData\Local\Programs\MiKTeX 2.9\miktex\bin\x64\;
USERNAME=Diackson Marques
OS=Windows_NT
PROCESSOR_IDENTIFIER=Intel64 Family 6 Model 142 Stepping 9, GenuineIntel



---------------  S Y S T E M  ---------------

OS: Windows 10.0 , 64 bit Build 18362 (10.0.18362.329)

CPU:total 4 (initial active 4) (2 cores per cpu, 2 threads per core) family 6 model 142 stepping 9, cmov, cx8, fxsr, mmx, sse, sse2, sse3, ssse3, sse4.1, sse4.2, popcnt, avx, avx2, aes, clmul, erms, 3dnowpref, lzcnt, ht, tsc, tscinvbit, bmi1, bmi2, adx

Memory: 4k page, physical 4066916k(324832k free), swap 4271716k(5060k free)

vm_info: OpenJDK 64-Bit Server VM (25.152-b01) for windows-amd64 JRE (1.8.0_152-release-1343-b01), built by "builder" with MS VC++ 10.0 (VS2010)

time: Fri Oct 18 00:38:45 2019
elapsed time: 56 seconds (0d 0h 0m 56s)

