#
# There is insufficient memory for the Java Runtime Environment to continue.
# Native memory allocation (malloc) failed to allocate 262160 bytes for Chunk::new
# Possible reasons:
#   The system is out of physical RAM or swap space
#   In 32 bit mode, the process size limit was hit
# Possible solutions:
#   Reduce memory load on the system
#   Increase physical memory or swap space
#   Check if swap backing store is full
#   Use 64 bit Java on a 64 bit OS
#   Decrease Java heap size (-Xmx/-Xms)
#   Decrease number of Java threads
#   Decrease Java thread stack sizes (-Xss)
#   Set larger code cache with -XX:ReservedCodeCacheSize=
# This output file may be truncated or incomplete.
#
#  Out of Memory Error (allocation.cpp:390), pid=4744, tid=0x0000000000002a0c
#
# JRE version: OpenJDK Runtime Environment (8.0_152-b01) (build 1.8.0_152-release-1343-b01)
# Java VM: OpenJDK 64-Bit Server VM (25.152-b01 mixed mode windows-amd64 compressed oops)
# Failed to write core dump. Minidumps are not enabled by default on client versions of Windows
#

---------------  T H R E A D  ---------------

Current thread (0x0000000016a3d000):  JavaThread "C2 CompilerThread0" daemon [_thread_in_native, id=10764, stack(0x00000000180d0000,0x00000000181d0000)]

Stack: [0x00000000180d0000,0x00000000181d0000]
[error occurred during error reporting (printing stack bounds), id 0xc0000005]

Native frames: (J=compiled Java code, j=interpreted, Vv=VM code, C=native code)


Current CompileTask:
C2:  13282 6956       4       java.io.ObjectOutputStream::writeClassDesc (60 bytes)


---------------  P R O C E S S  ---------------

Java Threads: ( => current thread )
  0x000000001e0dc800 JavaThread "Cache worker for execution history cache (C:\Users\Diackson Marques\Desktop\BelezaOnline_2\.gradle\5.1.1\executionHistory)" [_thread_blocked, id=11660, stack(0x0000000024190000,0x0000000024290000)]
  0x000000001e0d4000 JavaThread "Execution worker for ':' Thread 3" [_thread_in_native, id=3676, stack(0x0000000024090000,0x0000000024190000)]
  0x000000001e0d8800 JavaThread "Execution worker for ':' Thread 2" [_thread_blocked, id=5592, stack(0x0000000023f90000,0x0000000024090000)]
  0x000000001e0d1000 JavaThread "Execution worker for ':'" [_thread_blocked, id=10168, stack(0x0000000023e90000,0x0000000023f90000)]
  0x000000001e0d8000 JavaThread "Cache worker for file content cache (C:\Users\Diackson Marques\Desktop\BelezaOnline_2\.gradle\5.1.1\fileContent)" [_thread_blocked, id=5468, stack(0x0000000023d90000,0x0000000023e90000)]
  0x000000001e0d0800 JavaThread "Cache worker for file content cache (C:\Users\Diackson Marques\.gradle\caches\5.1.1\fileContent)" [_thread_blocked, id=11340, stack(0x0000000023c90000,0x0000000023d90000)]
  0x000000001e0d7000 JavaThread "Memory manager" [_thread_blocked, id=1992, stack(0x0000000023990000,0x0000000023a90000)]
  0x000000001e0d5800 JavaThread "Cache worker for Build Output Cleanup Cache (C:\Users\Diackson Marques\Desktop\BelezaOnline_2\.gradle\buildOutputCleanup)" [_thread_blocked, id=10976, stack(0x0000000022a90000,0x0000000022b90000)]
  0x000000001e0d3800 JavaThread "Build operations Thread 4" [_thread_blocked, id=8908, stack(0x00000000221c0000,0x00000000222c0000)]
  0x000000001e0d2000 JavaThread "Build operations Thread 3" [_thread_blocked, id=2556, stack(0x00000000220c0000,0x00000000221c0000)]
  0x000000001e0d5000 JavaThread "Build operations Thread 2" [_thread_blocked, id=7992, stack(0x0000000021fc0000,0x00000000220c0000)]
  0x00000000191a3000 JavaThread "Build operations" [_thread_blocked, id=5880, stack(0x0000000021ec0000,0x0000000021fc0000)]
  0x00000000191a2800 JavaThread "Cache worker for execution history cache (C:\Users\Diackson Marques\.gradle\caches\5.1.1\executionHistory)" [_thread_blocked, id=1828, stack(0x0000000021790000,0x0000000021890000)]
  0x00000000191a1000 JavaThread "Cache worker for cache directory md-rule (C:\Users\Diackson Marques\.gradle\caches\5.1.1\md-rule)" [_thread_blocked, id=11060, stack(0x0000000021690000,0x0000000021790000)]
  0x00000000191a4000 JavaThread "Cache worker for cache directory md-supplier (C:\Users\Diackson Marques\.gradle\caches\5.1.1\md-supplier)" [_thread_blocked, id=8524, stack(0x0000000020320000,0x0000000020420000)]
  0x000000001919e000 JavaThread "Cache worker for file hash cache (C:\Users\Diackson Marques\Desktop\BelezaOnline_2\.gradle\5.1.1\fileHashes)" [_thread_blocked, id=7732, stack(0x000000001ca50000,0x000000001cb50000)]
  0x000000001919d000 JavaThread "Cache worker for journal cache (C:\Users\Diackson Marques\.gradle\caches\journal-1)" [_thread_blocked, id=8616, stack(0x000000001b530000,0x000000001b630000)]
  0x000000001919e800 JavaThread "File lock request listener" [_thread_in_native, id=11016, stack(0x000000001b430000,0x000000001b530000)]
  0x0000000019bf4000 JavaThread "Cache worker for file hash cache (C:\Users\Diackson Marques\.gradle\caches\5.1.1\fileHashes)" [_thread_in_Java, id=11344, stack(0x000000001b330000,0x000000001b430000)]
  0x0000000018f8a000 JavaThread "Thread-8" [_thread_blocked, id=9064, stack(0x000000001b230000,0x000000001b330000)]
  0x0000000018f89800 JavaThread "Stdin handler" [_thread_blocked, id=1852, stack(0x000000001b130000,0x000000001b230000)]
  0x00000000197ce800 JavaThread "Asynchronous log dispatcher for DefaultDaemonConnection: socket connection from /127.0.0.1:64576 to /127.0.0.1:64577" [_thread_blocked, id=7860, stack(0x000000001b030000,0x000000001b130000)]
  0x00000000197c8800 JavaThread "Daemon worker" [_thread_blocked, id=10000, stack(0x000000001af30000,0x000000001b030000)]
  0x0000000019b7c000 JavaThread "Cancel handler" [_thread_blocked, id=2148, stack(0x000000001ae30000,0x000000001af30000)]
  0x0000000019b79000 JavaThread "Handler for socket connection from /127.0.0.1:64576 to /127.0.0.1:64577" [_thread_in_native, id=7360, stack(0x000000001ab30000,0x000000001ac30000)]
  0x0000000019e3e000 JavaThread "Daemon" [_thread_blocked, id=1796, stack(0x000000001aa30000,0x000000001ab30000)]
  0x0000000019c16800 JavaThread "Daemon periodic checks" [_thread_blocked, id=4176, stack(0x000000001a930000,0x000000001aa30000)]
  0x0000000019c15800 JavaThread "Incoming local TCP Connector on port 64576" [_thread_in_native, id=4684, stack(0x000000001a6e0000,0x000000001a7e0000)]
  0x00000000183fa800 JavaThread "Service Thread" daemon [_thread_blocked, id=9912, stack(0x00000000187d0000,0x00000000188d0000)]
  0x0000000016a49800 JavaThread "C1 CompilerThread2" daemon [_thread_blocked, id=10392, stack(0x00000000182d0000,0x00000000183d0000)]
  0x0000000016a40000 JavaThread "C2 CompilerThread1" daemon [_thread_in_native, id=5828, stack(0x00000000181d0000,0x00000000182d0000)]
=>0x0000000016a3d000 JavaThread "C2 CompilerThread0" daemon [_thread_in_native, id=10764, stack(0x00000000180d0000,0x00000000181d0000)]
  0x0000000016a3c000 JavaThread "Attach Listener" daemon [_thread_blocked, id=11260, stack(0x0000000017fd0000,0x00000000180d0000)]
  0x0000000016a3b000 JavaThread "Signal Dispatcher" daemon [_thread_blocked, id=4640, stack(0x0000000017ed0000,0x0000000017fd0000)]
  0x00000000030cc800 JavaThread "Finalizer" daemon [_thread_blocked, id=10016, stack(0x0000000017cc0000,0x0000000017dc0000)]
  0x00000000030c3000 JavaThread "Reference Handler" daemon [_thread_blocked, id=11652, stack(0x0000000017bc0000,0x0000000017cc0000)]
  0x0000000002ece800 JavaThread "main" [_thread_blocked, id=7900, stack(0x0000000002ed0000,0x0000000002fd0000)]

Other Threads:
  0x0000000016a05800 VMThread [stack: 0x0000000017ac0000,0x0000000017bc0000] [id=6744]
  0x00000000183fb000 WatcherThread [stack: 0x00000000188d0000,0x00000000189d0000] [id=10968]

VM state:not at safepoint (normal execution)

VM Mutex/Monitor currently owned by a thread: None

Heap:
 PSYoungGen      total 199680K, used 115162K [0x00000000e0000000, 0x00000000ed400000, 0x0000000100000000)
  eden space 186368K, 61% used [0x00000000e0000000,0x00000000e7076820,0x00000000eb600000)
  from space 13312K, 0% used [0x00000000ec400000,0x00000000ec400000,0x00000000ed100000)
  to   space 14336K, 0% used [0x00000000eb600000,0x00000000eb600000,0x00000000ec400000)
 ParOldGen       total 80896K, used 33049K [0x00000000a0000000, 0x00000000a4f00000, 0x00000000e0000000)
  object space 80896K, 40% used [0x00000000a0000000,0x00000000a2046760,0x00000000a4f00000)
 Metaspace       used 61076K, capacity 63012K, committed 63256K, reserved 1105920K
  class space    used 8264K, capacity 8661K, committed 8736K, reserved 1048576K

Card table byte_map: [0x0000000012490000,0x00000000127a0000] byte_map_base: 0x0000000011f90000

Marking Bits: (ParMarkBitMap*) 0x000000005d005aa0
 Begin Bits: [0x0000000012da0000, 0x00000000145a0000)
 End Bits:   [0x00000000145a0000, 0x0000000015da0000)

Polling page: 0x0000000001470000

CodeCache: size=245760Kb used=19348Kb max_used=19576Kb free=226412Kb
 bounds [0x00000000030d0000, 0x0000000004400000, 0x00000000120d0000]
 total_blobs=7070 nmethods=6270 adapters=713
 compilation: enabled

Compilation events (10 events):
Event: 13.277 Thread 0x0000000016a49800 6976   !   3       org.gradle.api.internal.artifacts.ivyservice.resolveengine.artifact.ArtifactBackedResolvedVariant$DownloadArtifactFile::run (50 bytes)
Event: 13.278 Thread 0x0000000016a49800 nmethod 6976 0x0000000003e20450 code [0x0000000003e205e0, 0x0000000003e20a58]
Event: 13.278 Thread 0x0000000016a49800 6980       3       org.gradle.api.internal.artifacts.ivyservice.resolveengine.artifact.ArtifactBackedResolvedVariant$SingleArtifactSet::visit (39 bytes)
Event: 13.278 Thread 0x0000000016a49800 nmethod 6980 0x0000000003a164d0 code [0x0000000003a16660, 0x0000000003a16998]
Event: 13.278 Thread 0x0000000016a49800 6970       3       org.gradle.api.internal.artifacts.transform.TransformationSubject$InitialArtifactTransformationSubject::<init> (11 bytes)
Event: 13.278 Thread 0x0000000016a49800 nmethod 6970 0x0000000003e1ff10 code [0x0000000003e20080, 0x0000000003e20310]
Event: 13.278 Thread 0x0000000016a49800 6971       3       org.gradle.api.internal.artifacts.transform.TransformationSubject$AbstractInitialTransformationSubject::<init> (10 bytes)
Event: 13.278 Thread 0x0000000016a49800 nmethod 6971 0x0000000003e1fa90 code [0x0000000003e1fc00, 0x0000000003e1fe30]
Event: 13.278 Thread 0x0000000016a49800 6972       3       org.gradle.api.internal.artifacts.transform.TransformationSubject$AbstractInitialTransformationSubject::getFiles (8 bytes)
Event: 13.279 Thread 0x0000000016a49800 nmethod 6972 0x0000000003e1e9d0 code [0x0000000003e1ebc0, 0x0000000003e1f468]

GC Heap History (10 events):
Event: 8.325 GC heap before
{Heap before GC invocations=13 (full 1):
 PSYoungGen      total 110592K, used 28148K [0x00000000e0000000, 0x00000000e9d80000, 0x0000000100000000)
  eden space 102400K, 19% used [0x00000000e0000000,0x00000000e13da7b0,0x00000000e6400000)
  from space 8192K, 95% used [0x00000000e6400000,0x00000000e6ba2c00,0x00000000e6c00000)
  to   space 9216K, 0% used [0x00000000e9480000,0x00000000e9480000,0x00000000e9d80000)
 ParOldGen       total 30208K, used 12210K [0x00000000a0000000, 0x00000000a1d80000, 0x00000000e0000000)
  object space 30208K, 40% used [0x00000000a0000000,0x00000000a0bec9b8,0x00000000a1d80000)
 Metaspace       used 34739K, capacity 35416K, committed 35496K, reserved 1079296K
  class space    used 4790K, capacity 4995K, committed 5040K, reserved 1048576K
Event: 8.333 GC heap after
Heap after GC invocations=13 (full 1):
 PSYoungGen      total 152064K, used 2405K [0x00000000e0000000, 0x00000000ea580000, 0x0000000100000000)
  eden space 142848K, 0% used [0x00000000e0000000,0x00000000e0000000,0x00000000e8b80000)
  from space 9216K, 26% used [0x00000000e9480000,0x00000000e96d9658,0x00000000e9d80000)
  to   space 9216K, 0% used [0x00000000e8b80000,0x00000000e8b80000,0x00000000e9480000)
 ParOldGen       total 30208K, used 15337K [0x00000000a0000000, 0x00000000a1d80000, 0x00000000e0000000)
  object space 30208K, 50% used [0x00000000a0000000,0x00000000a0efa530,0x00000000a1d80000)
 Metaspace       used 34739K, capacity 35416K, committed 35496K, reserved 1079296K
  class space    used 4790K, capacity 4995K, committed 5040K, reserved 1048576K
}
Event: 8.333 GC heap before
{Heap before GC invocations=14 (full 2):
 PSYoungGen      total 152064K, used 2405K [0x00000000e0000000, 0x00000000ea580000, 0x0000000100000000)
  eden space 142848K, 0% used [0x00000000e0000000,0x00000000e0000000,0x00000000e8b80000)
  from space 9216K, 26% used [0x00000000e9480000,0x00000000e96d9658,0x00000000e9d80000)
  to   space 9216K, 0% used [0x00000000e8b80000,0x00000000e8b80000,0x00000000e9480000)
 ParOldGen       total 30208K, used 15337K [0x00000000a0000000, 0x00000000a1d80000, 0x00000000e0000000)
  object space 30208K, 50% used [0x00000000a0000000,0x00000000a0efa530,0x00000000a1d80000)
 Metaspace       used 34739K, capacity 35416K, committed 35496K, reserved 1079296K
  class space    used 4790K, capacity 4995K, committed 5040K, reserved 1048576K
Event: 8.410 GC heap after
Heap after GC invocations=14 (full 2):
 PSYoungGen      total 152064K, used 0K [0x00000000e0000000, 0x00000000ea580000, 0x0000000100000000)
  eden space 142848K, 0% used [0x00000000e0000000,0x00000000e0000000,0x00000000e8b80000)
  from space 9216K, 0% used [0x00000000e9480000,0x00000000e9480000,0x00000000e9d80000)
  to   space 9216K, 0% used [0x00000000e8b80000,0x00000000e8b80000,0x00000000e9480000)
 ParOldGen       total 48128K, used 15749K [0x00000000a0000000, 0x00000000a2f00000, 0x00000000e0000000)
  object space 48128K, 32% used [0x00000000a0000000,0x00000000a0f61728,0x00000000a2f00000)
 Metaspace       used 34736K, capacity 35404K, committed 35496K, reserved 1079296K
  class space    used 4789K, capacity 4993K, committed 5040K, reserved 1048576K
}
Event: 10.248 GC heap before
{Heap before GC invocations=15 (full 2):
 PSYoungGen      total 152064K, used 142848K [0x00000000e0000000, 0x00000000ea580000, 0x0000000100000000)
  eden space 142848K, 100% used [0x00000000e0000000,0x00000000e8b80000,0x00000000e8b80000)
  from space 9216K, 0% used [0x00000000e9480000,0x00000000e9480000,0x00000000e9d80000)
  to   space 9216K, 0% used [0x00000000e8b80000,0x00000000e8b80000,0x00000000e9480000)
 ParOldGen       total 48128K, used 15749K [0x00000000a0000000, 0x00000000a2f00000, 0x00000000e0000000)
  object space 48128K, 32% used [0x00000000a0000000,0x00000000a0f61728,0x00000000a2f00000)
 Metaspace       used 49886K, capacity 50998K, committed 51112K, reserved 1093632K
  class space    used 6717K, capacity 7010K, committed 7088K, reserved 1048576K
Event: 10.269 GC heap after
Heap after GC invocations=15 (full 2):
 PSYoungGen      total 152064K, used 9201K [0x00000000e0000000, 0x00000000ed100000, 0x0000000100000000)
  eden space 142848K, 0% used [0x00000000e0000000,0x00000000e0000000,0x00000000e8b80000)
  from space 9216K, 99% used [0x00000000e8b80000,0x00000000e947c728,0x00000000e9480000)
  to   space 13312K, 0% used [0x00000000ec400000,0x00000000ec400000,0x00000000ed100000)
 ParOldGen       total 48128K, used 24152K [0x00000000a0000000, 0x00000000a2f00000, 0x00000000e0000000)
  object space 48128K, 50% used [0x00000000a0000000,0x00000000a17963d0,0x00000000a2f00000)
 Metaspace       used 49886K, capacity 50998K, committed 51112K, reserved 1093632K
  class space    used 6717K, capacity 7010K, committed 7088K, reserved 1048576K
}
Event: 11.413 GC heap before
{Heap before GC invocations=16 (full 2):
 PSYoungGen      total 152064K, used 108958K [0x00000000e0000000, 0x00000000ed100000, 0x0000000100000000)
  eden space 142848K, 69% used [0x00000000e0000000,0x00000000e616b390,0x00000000e8b80000)
  from space 9216K, 99% used [0x00000000e8b80000,0x00000000e947c728,0x00000000e9480000)
  to   space 13312K, 0% used [0x00000000ec400000,0x00000000ec400000,0x00000000ed100000)
 ParOldGen       total 48128K, used 24152K [0x00000000a0000000, 0x00000000a2f00000, 0x00000000e0000000)
  object space 48128K, 50% used [0x00000000a0000000,0x00000000a17963d0,0x00000000a2f00000)
 Metaspace       used 57463K, capacity 59034K, committed 59160K, reserved 1099776K
  class space    used 7766K, capacity 8140K, committed 8224K, reserved 1048576K
Event: 11.442 GC heap after
Heap after GC invocations=16 (full 2):
 PSYoungGen      total 199680K, used 10910K [0x00000000e0000000, 0x00000000ed400000, 0x0000000100000000)
  eden space 186368K, 0% used [0x00000000e0000000,0x00000000e0000000,0x00000000eb600000)
  from space 13312K, 81% used [0x00000000ec400000,0x00000000ecea7a18,0x00000000ed100000)
  to   space 14336K, 0% used [0x00000000eb600000,0x00000000eb600000,0x00000000ec400000)
 ParOldGen       total 48128K, used 32538K [0x00000000a0000000, 0x00000000a2f00000, 0x00000000e0000000)
  object space 48128K, 67% used [0x00000000a0000000,0x00000000a1fc6a28,0x00000000a2f00000)
 Metaspace       used 57463K, capacity 59034K, committed 59160K, reserved 1099776K
  class space    used 7766K, capacity 8140K, committed 8224K, reserved 1048576K
}
Event: 11.442 GC heap before
{Heap before GC invocations=17 (full 3):
 PSYoungGen      total 199680K, used 10910K [0x00000000e0000000, 0x00000000ed400000, 0x0000000100000000)
  eden space 186368K, 0% used [0x00000000e0000000,0x00000000e0000000,0x00000000eb600000)
  from space 13312K, 81% used [0x00000000ec400000,0x00000000ecea7a18,0x00000000ed100000)
  to   space 14336K, 0% used [0x00000000eb600000,0x00000000eb600000,0x00000000ec400000)
 ParOldGen       total 48128K, used 32538K [0x00000000a0000000, 0x00000000a2f00000, 0x00000000e0000000)
  object space 48128K, 67% used [0x00000000a0000000,0x00000000a1fc6a28,0x00000000a2f00000)
 Metaspace       used 57463K, capacity 59034K, committed 59160K, reserved 1099776K
  class space    used 7766K, capacity 8140K, committed 8224K, reserved 1048576K
Event: 11.696 GC heap after
Heap after GC invocations=17 (full 3):
 PSYoungGen      total 199680K, used 0K [0x00000000e0000000, 0x00000000ed400000, 0x0000000100000000)
  eden space 186368K, 0% used [0x00000000e0000000,0x00000000e0000000,0x00000000eb600000)
  from space 13312K, 0% used [0x00000000ec400000,0x00000000ec400000,0x00000000ed100000)
  to   space 14336K, 0% used [0x00000000eb600000,0x00000000eb600000,0x00000000ec400000)
 ParOldGen       total 80896K, used 33049K [0x00000000a0000000, 0x00000000a4f00000, 0x00000000e0000000)
  object space 80896K, 40% used [0x00000000a0000000,0x00000000a2046760,0x00000000a4f00000)
 Metaspace       used 57463K, capacity 59034K, committed 59160K, reserved 1099776K
  class space    used 7766K, capacity 8140K, committed 8224K, reserved 1048576K
}

Deoptimization events (10 events):
Event: 12.358 Thread 0x00000000191a2800 Uncommon trap: reason=unstable_if action=reinterpret pc=0x000000000394dee0 method=com.esotericsoftware.kryo.io.Input.readUtf8(I)V @ 79
Event: 12.466 Thread 0x00000000191a2800 Uncommon trap: reason=bimorphic action=maybe_recompile pc=0x000000000365872c method=java.io.BufferedInputStream.read1([BII)I @ 39
Event: 12.569 Thread 0x00000000191a2800 Uncommon trap: reason=bimorphic action=maybe_recompile pc=0x000000000365872c method=java.io.BufferedInputStream.read1([BII)I @ 39
Event: 12.635 Thread 0x00000000191a2800 Uncommon trap: reason=bimorphic action=maybe_recompile pc=0x000000000365872c method=java.io.BufferedInputStream.read1([BII)I @ 39
Event: 12.643 Thread 0x00000000191a2800 Uncommon trap: reason=bimorphic action=maybe_recompile pc=0x000000000365872c method=java.io.BufferedInputStream.read1([BII)I @ 39
Event: 13.147 Thread 0x00000000197c8800 Uncommon trap: reason=bimorphic action=maybe_recompile pc=0x0000000003b7a700 method=org.gradle.internal.snapshot.RegularFileSnapshot.accept(Lorg/gradle/internal/snapshot/FileSystemSnapshotVisitor;)V @ 2
Event: 13.147 Thread 0x00000000197c8800 Uncommon trap: reason=bimorphic action=maybe_recompile pc=0x0000000003b7a700 method=org.gradle.internal.snapshot.RegularFileSnapshot.accept(Lorg/gradle/internal/snapshot/FileSystemSnapshotVisitor;)V @ 2
Event: 13.147 Thread 0x00000000197c8800 Uncommon trap: reason=bimorphic action=maybe_recompile pc=0x0000000003b7a700 method=org.gradle.internal.snapshot.RegularFileSnapshot.accept(Lorg/gradle/internal/snapshot/FileSystemSnapshotVisitor;)V @ 2
Event: 13.147 Thread 0x00000000197c8800 Uncommon trap: reason=bimorphic action=maybe_recompile pc=0x0000000003b7a700 method=org.gradle.internal.snapshot.RegularFileSnapshot.accept(Lorg/gradle/internal/snapshot/FileSystemSnapshotVisitor;)V @ 2
Event: 13.260 Thread 0x000000001e0d4000 Uncommon trap: reason=unstable_if action=reinterpret pc=0x0000000003e367e8 method=java.util.regex.Pattern$GroupTail.match(Ljava/util/regex/Matcher;ILjava/lang/CharSequence;)Z @ 73

Classes redefined (0 events):
No events

Internal exceptions (10 events):
Event: 11.730 Thread 0x00000000197c8800 Exception <a 'java/lang/NoSuchMethodError': java.lang.Object.lambda$static$1(Ljava/util/Set;Ljava/util/Set;)Z> (0x00000000e02d4938) thrown at [D:\src\AOSP-openjdk-cygwin\jdk8u\hotspot\src\share\vm\interpreter\linkResolver.cpp, line 584]
Event: 11.731 Thread 0x00000000197c8800 Exception <a 'java/lang/NoSuchMethodError': java.lang.Object.lambda$static$2(Ljava/util/Set;Ljava/util/Set;)Z> (0x00000000e02d7290) thrown at [D:\src\AOSP-openjdk-cygwin\jdk8u\hotspot\src\share\vm\interpreter\linkResolver.cpp, line 584]
Event: 11.731 Thread 0x00000000197c8800 Exception <a 'java/lang/NoSuchMethodError': java.lang.Object.lambda$static$3(Ljava/util/Set;Ljava/util/Set;)Z> (0x00000000e02d9be8) thrown at [D:\src\AOSP-openjdk-cygwin\jdk8u\hotspot\src\share\vm\interpreter\linkResolver.cpp, line 584]
Event: 12.240 Thread 0x0000000018f8a000 Exception <a 'java/lang/NoSuchMethodError': <clinit>> (0x00000000e2403640) thrown at [D:\src\AOSP-openjdk-cygwin\jdk8u\hotspot\src\share\vm\prims\jni.cpp, line 1613]
Event: 12.240 Thread 0x0000000018f8a000 Exception <a 'java/lang/NoSuchMethodError': <clinit>> (0x00000000e240f2b8) thrown at [D:\src\AOSP-openjdk-cygwin\jdk8u\hotspot\src\share\vm\prims\jni.cpp, line 1613]
Event: 12.241 Thread 0x0000000018f8a000 Exception <a 'java/lang/NoSuchMethodError': <clinit>> (0x00000000e241b7a0) thrown at [D:\src\AOSP-openjdk-cygwin\jdk8u\hotspot\src\share\vm\prims\jni.cpp, line 1613]
Event: 12.278 Thread 0x0000000018f8a000 Exception <a 'java/lang/NoSuchMethodError': <clinit>> (0x00000000e2ed2258) thrown at [D:\src\AOSP-openjdk-cygwin\jdk8u\hotspot\src\share\vm\prims\jni.cpp, line 1613]
Event: 12.280 Thread 0x0000000018f8a000 Exception <a 'java/lang/NoSuchMethodError': <clinit>> (0x00000000e2ee3288) thrown at [D:\src\AOSP-openjdk-cygwin\jdk8u\hotspot\src\share\vm\prims\jni.cpp, line 1613]
Event: 12.280 Thread 0x0000000018f8a000 Exception <a 'java/lang/NoSuchMethodError': <clinit>> (0x00000000e2ee4da0) thrown at [D:\src\AOSP-openjdk-cygwin\jdk8u\hotspot\src\share\vm\prims\jni.cpp, line 1613]
Event: 13.195 Thread 0x0000000018f8a000 Exception <a 'java/lang/NoSuchMethodError': <clinit>> (0x00000000e69651d8) thrown at [D:\src\AOSP-openjdk-cygwin\jdk8u\hotspot\src\share\vm\prims\jni.cpp, line 1613]

Events (10 events):
Event: 13.260 Thread 0x000000001e0d4000 DEOPT PACKING pc=0x0000000003e367e8 sp=0x000000002418cc30
Event: 13.260 Thread 0x000000001e0d4000 DEOPT UNPACKING pc=0x000000000311557b sp=0x000000002418cbc0 mode 2
Event: 13.261 loading class org/gradle/internal/fingerprint/impl/IgnoredPathFingerprintingStrategy$1
Event: 13.261 loading class org/gradle/internal/fingerprint/impl/IgnoredPathFingerprintingStrategy$1 done
Event: 13.268 loading class org/gradle/internal/snapshot/MissingFileSnapshot
Event: 13.268 loading class org/gradle/internal/snapshot/MissingFileSnapshot done
Event: 13.275 Executing VM operation: RevokeBias
Event: 13.275 Executing VM operation: RevokeBias done
Event: 13.275 Executing VM operation: RevokeBias
Event: 13.275 Executing VM operation: RevokeBias done


Dynamic libraries:
0x00007ff7ee8d0000 - 0x00007ff7ee901000 	C:\Program Files\Android\Android Studio1\jre\bin\java.exe
0x00007ffc9a100000 - 0x00007ffc9a2e1000 	C:\WINDOWS\SYSTEM32\ntdll.dll
0x00007ffc78080000 - 0x00007ffc78092000 	C:\Program Files\AVG\Antivirus\aswhook.dll
0x00007ffc9a000000 - 0x00007ffc9a0b1000 	C:\WINDOWS\System32\KERNEL32.DLL
0x00007ffc96a60000 - 0x00007ffc96cd3000 	C:\WINDOWS\System32\KERNELBASE.dll
0x00007ffc98e10000 - 0x00007ffc98eb1000 	C:\WINDOWS\System32\ADVAPI32.dll
0x00007ffc99980000 - 0x00007ffc99a1e000 	C:\WINDOWS\System32\msvcrt.dll
0x00007ffc99fa0000 - 0x00007ffc99ffb000 	C:\WINDOWS\System32\sechost.dll
0x00007ffc97890000 - 0x00007ffc979b4000 	C:\WINDOWS\System32\RPCRT4.dll
0x00007ffc97700000 - 0x00007ffc97890000 	C:\WINDOWS\System32\USER32.dll
0x00007ffc964d0000 - 0x00007ffc964f0000 	C:\WINDOWS\System32\win32u.dll
0x00007ffc994b0000 - 0x00007ffc994d8000 	C:\WINDOWS\System32\GDI32.dll
0x00007ffc96540000 - 0x00007ffc966d1000 	C:\WINDOWS\System32\gdi32full.dll
0x00007ffc96ce0000 - 0x00007ffc96d7f000 	C:\WINDOWS\System32\msvcp_win.dll
0x00007ffc96d80000 - 0x00007ffc96e78000 	C:\WINDOWS\System32\ucrtbase.dll
0x00007ffc8fdc0000 - 0x00007ffc90029000 	C:\WINDOWS\WinSxS\amd64_microsoft.windows.common-controls_6595b64144ccf1df_6.0.17134.885_none_fb42a3473065565f\COMCTL32.dll
0x00007ffc994e0000 - 0x00007ffc99802000 	C:\WINDOWS\System32\combase.dll
0x00007ffc96980000 - 0x00007ffc969f9000 	C:\WINDOWS\System32\bcryptPrimitives.dll
0x00007ffc99060000 - 0x00007ffc9908d000 	C:\WINDOWS\System32\IMM32.DLL
0x000000005c680000 - 0x000000005c752000 	C:\Program Files\Android\Android Studio1\jre\jre\bin\msvcr100.dll
0x000000005c840000 - 0x000000005d081000 	C:\Program Files\Android\Android Studio1\jre\jre\bin\server\jvm.dll
0x00007ffc98e00000 - 0x00007ffc98e08000 	C:\WINDOWS\System32\PSAPI.DLL
0x00007ffc85e50000 - 0x00007ffc85e59000 	C:\WINDOWS\SYSTEM32\WSOCK32.dll
0x00007ffc99440000 - 0x00007ffc994ac000 	C:\WINDOWS\System32\WS2_32.dll
0x00007ffc94630000 - 0x00007ffc94653000 	C:\WINDOWS\SYSTEM32\WINMM.dll
0x00007ffc85500000 - 0x00007ffc8550a000 	C:\WINDOWS\SYSTEM32\VERSION.dll
0x00007ffc94600000 - 0x00007ffc9462a000 	C:\WINDOWS\SYSTEM32\WINMMBASE.dll
0x00007ffc964f0000 - 0x00007ffc96539000 	C:\WINDOWS\System32\cfgmgr32.dll
0x00007ffc92160000 - 0x00007ffc9216f000 	C:\Program Files\Android\Android Studio1\jre\jre\bin\verify.dll
0x00007ffc91dc0000 - 0x00007ffc91de9000 	C:\Program Files\Android\Android Studio1\jre\jre\bin\java.dll
0x00007ffc91e20000 - 0x00007ffc91e36000 	C:\Program Files\Android\Android Studio1\jre\jre\bin\zip.dll
0x00007ffc979c0000 - 0x00007ffc98e00000 	C:\WINDOWS\System32\SHELL32.dll
0x00007ffc975b0000 - 0x00007ffc97659000 	C:\WINDOWS\System32\shcore.dll
0x00007ffc96e80000 - 0x00007ffc9758d000 	C:\WINDOWS\System32\windows.storage.dll
0x00007ffc993e0000 - 0x00007ffc99431000 	C:\WINDOWS\System32\shlwapi.dll
0x00007ffc964b0000 - 0x00007ffc964c1000 	C:\WINDOWS\System32\kernel.appcore.dll
0x00007ffc96490000 - 0x00007ffc964af000 	C:\WINDOWS\System32\profapi.dll
0x00007ffc96410000 - 0x00007ffc9645c000 	C:\WINDOWS\System32\powrprof.dll
0x00007ffc96460000 - 0x00007ffc9646a000 	C:\WINDOWS\System32\FLTLIB.DLL
0x00007ffc912b0000 - 0x00007ffc912ca000 	C:\Program Files\Android\Android Studio1\jre\jre\bin\net.dll
0x00007ffc95c30000 - 0x00007ffc95c96000 	C:\WINDOWS\system32\mswsock.dll
0x00007ffc8d8a0000 - 0x00007ffc8d8b1000 	C:\Program Files\Android\Android Studio1\jre\jre\bin\nio.dll
0x00007ffc8d8c0000 - 0x00007ffc8d8de000 	C:\Users\Diackson Marques\.gradle\native\25\windows-amd64\native-platform.dll
0x00007ffc91ff0000 - 0x00007ffc91ffd000 	C:\Program Files\Android\Android Studio1\jre\jre\bin\management.dll
0x00007ffc95df0000 - 0x00007ffc95e07000 	C:\WINDOWS\SYSTEM32\CRYPTSP.dll
0x00007ffc95820000 - 0x00007ffc95853000 	C:\WINDOWS\system32\rsaenh.dll
0x00007ffc95f10000 - 0x00007ffc95f35000 	C:\WINDOWS\SYSTEM32\bcrypt.dll
0x00007ffc96340000 - 0x00007ffc96368000 	C:\WINDOWS\SYSTEM32\USERENV.dll
0x00007ffc95de0000 - 0x00007ffc95deb000 	C:\WINDOWS\SYSTEM32\CRYPTBASE.dll
0x00007ffc959c0000 - 0x00007ffc959f8000 	C:\WINDOWS\SYSTEM32\IPHLPAPI.DLL
0x00007ffc9a0c0000 - 0x00007ffc9a0c8000 	C:\WINDOWS\System32\NSI.dll
0x00007ffc8d150000 - 0x00007ffc8d166000 	C:\WINDOWS\SYSTEM32\dhcpcsvc6.DLL
0x00007ffc8e560000 - 0x00007ffc8e57a000 	C:\WINDOWS\SYSTEM32\dhcpcsvc.DLL

VM Arguments:
jvm_args: -Xmx1536m -Dfile.encoding=windows-1252 -Duser.country=BR -Duser.language=pt -Duser.variant 
java_command: org.gradle.launcher.daemon.bootstrap.GradleDaemon 5.1.1
java_class_path (initial): C:\Users\Diackson Marques\.gradle\wrapper\dists\gradle-5.1.1-all\97z1ksx6lirer3kbvdnh7jtjg\gradle-5.1.1\lib\gradle-launcher-5.1.1.jar
Launcher Type: SUN_STANDARD

Environment Variables:
PATH=C:\Program Files (x86)\Common Files\Oracle\Java\javapath;C:\ProgramData\Oracle\Java\javapath;C:\Program Files (x86)\Intel\iCLS Client\;C:\Program Files\Intel\iCLS Client\;C:\WINDOWS\system32;C:\WINDOWS;C:\WINDOWS\System32\Wbem;C:\WINDOWS\System32\WindowsPowerShell\v1.0\;C:\Program Files (x86)\Intel\Intel(R) Management Engine Components\DAL;C:\Program Files\Intel\Intel(R) Management Engine Components\DAL;C:\Program Files (x86)\Intel\Intel(R) Management Engine Components\IPT;C:\Program Files\Intel\Intel(R) Management Engine Components\IPT;C:\WINDOWS\System32\OpenSSH\;C:\Users\Diackson Marques\AppData\Local\Microsoft\WindowsApps;C:\Users\Diackson Marques\AppData\Local\Programs\MiKTeX 2.9\miktex\bin\x64\
USERNAME=Diackson Marques
OS=Windows_NT
PROCESSOR_IDENTIFIER=Intel64 Family 6 Model 142 Stepping 9, GenuineIntel



---------------  S Y S T E M  ---------------

OS: Windows 10.0 , 64 bit Build 17134 (10.0.17134.753)

CPU:total 4 (initial active 4) (2 cores per cpu, 2 threads per core) family 6 model 142 stepping 9, cmov, cx8, fxsr, mmx, sse, sse2, sse3, ssse3, sse4.1, sse4.2, popcnt, avx, avx2, aes, clmul, erms, 3dnowpref, lzcnt, ht, tsc, tscinvbit, bmi1, bmi2, adx

Memory: 4k page, physical 4066916k(243768k free), swap 4271716k(4504k free)

vm_info: OpenJDK 64-Bit Server VM (25.152-b01) for windows-amd64 JRE (1.8.0_152-release-1343-b01), built by "builder" with MS VC++ 10.0 (VS2010)

time: Tue Aug 20 21:39:01 2019
elapsed time: 13 seconds (0d 0h 0m 13s)

